0:0:0:0:0:0:0:1 - - [07/Apr/2017:10:58:34 +0800] "GET / HTTP/1.1" 200 989
0:0:0:0:0:0:0:1 - - [07/Apr/2017:10:58:34 +0800] "GET /css/login.css HTTP/1.1" 304 -
0:0:0:0:0:0:0:1 - - [07/Apr/2017:10:58:34 +0800] "GET /img/login.jpg HTTP/1.1" 304 -
0:0:0:0:0:0:0:1 - - [07/Apr/2017:10:58:36 +0800] "GET /index? HTTP/1.1" 200 22223
0:0:0:0:0:0:0:1 - - [07/Apr/2017:10:58:36 +0800] "GET /css/index.css HTTP/1.1" 304 -
0:0:0:0:0:0:0:1 - - [07/Apr/2017:10:58:36 +0800] "GET /css/style.css HTTP/1.1" 304 -
0:0:0:0:0:0:0:1 - - [07/Apr/2017:10:58:36 +0800] "GET /js/index.js HTTP/1.1" 200 72
0:0:0:0:0:0:0:1 - - [07/Apr/2017:10:58:36 +0800] "GET /img/logo.png HTTP/1.1" 304 -
0:0:0:0:0:0:0:1 - - [07/Apr/2017:10:58:36 +0800] "GET /img/room_icon.jpg HTTP/1.1" 304 -
0:0:0:0:0:0:0:1 - - [07/Apr/2017:10:58:36 +0800] "GET /img//wolf.jpg HTTP/1.1" 304 -
0:0:0:0:0:0:0:1 - - [07/Apr/2017:10:58:36 +0800] "GET /img/head.jpg HTTP/1.1" 304 -
0:0:0:0:0:0:0:1 - - [07/Apr/2017:10:58:36 +0800] "GET /img/wolf.jpg HTTP/1.1" 304 -
0:0:0:0:0:0:0:1 - - [07/Apr/2017:10:58:36 +0800] "GET /img/background.jpg HTTP/1.1" 304 -
0:0:0:0:0:0:0:1 - - [07/Apr/2017:11:45:01 +0800] "GET / HTTP/1.1" 200 989
0:0:0:0:0:0:0:1 - - [07/Apr/2017:11:45:03 +0800] "GET /index? HTTP/1.1" 200 22223
0:0:0:0:0:0:0:1 - - [07/Apr/2017:11:50:02 +0800] "GET / HTTP/1.1" 200 989
0:0:0:0:0:0:0:1 - - [07/Apr/2017:11:50:06 +0800] "GET /index? HTTP/1.1" 200 22223
0:0:0:0:0:0:0:1 - - [07/Apr/2017:11:54:05 +0800] "GET / HTTP/1.1" 200 989
0:0:0:0:0:0:0:1 - - [07/Apr/2017:11:54:08 +0800] "GET /index? HTTP/1.1" 200 22249
0:0:0:0:0:0:0:1 - - [07/Apr/2017:11:56:26 +0800] "GET / HTTP/1.1" 200 989
0:0:0:0:0:0:0:1 - - [07/Apr/2017:11:56:28 +0800] "GET /index? HTTP/1.1" 200 22251
0:0:0:0:0:0:0:1 - - [07/Apr/2017:12:00:54 +0800] "GET / HTTP/1.1" 200 989
0:0:0:0:0:0:0:1 - - [07/Apr/2017:12:01:00 +0800] "GET /index? HTTP/1.1" 200 22254
0:0:0:0:0:0:0:1 - - [07/Apr/2017:12:02:32 +0800] "GET / HTTP/1.1" 200 989
0:0:0:0:0:0:0:1 - - [07/Apr/2017:12:02:39 +0800] "GET /index? HTTP/1.1" 200 22226
0:0:0:0:0:0:0:1 - - [07/Apr/2017:12:04:16 +0800] "GET / HTTP/1.1" 200 989
0:0:0:0:0:0:0:1 - - [07/Apr/2017:12:04:17 +0800] "GET /index? HTTP/1.1" 200 22251
0:0:0:0:0:0:0:1 - - [07/Apr/2017:12:05:06 +0800] "GET / HTTP/1.1" 200 989
0:0:0:0:0:0:0:1 - - [07/Apr/2017:12:05:09 +0800] "GET /index? HTTP/1.1" 200 22251
0:0:0:0:0:0:0:1 - - [07/Apr/2017:12:06:30 +0800] "GET / HTTP/1.1" 200 989
0:0:0:0:0:0:0:1 - - [07/Apr/2017:12:06:30 +0800] "GET /css/login.css HTTP/1.1" 200 831
0:0:0:0:0:0:0:1 - - [07/Apr/2017:12:06:30 +0800] "GET /img/login.jpg HTTP/1.1" 200 433313
0:0:0:0:0:0:0:1 - - [07/Apr/2017:12:06:33 +0800] "GET /index? HTTP/1.1" 200 22251
0:0:0:0:0:0:0:1 - - [07/Apr/2017:12:06:33 +0800] "GET /css/style.css HTTP/1.1" 200 1207
0:0:0:0:0:0:0:1 - - [07/Apr/2017:12:06:33 +0800] "GET /css/index.css HTTP/1.1" 200 1630
0:0:0:0:0:0:0:1 - - [07/Apr/2017:12:06:33 +0800] "GET /js/index.js HTTP/1.1" 200 708
0:0:0:0:0:0:0:1 - - [07/Apr/2017:12:06:33 +0800] "GET /img//wolf.jpg HTTP/1.1" 200 11874
0:0:0:0:0:0:0:1 - - [07/Apr/2017:12:06:33 +0800] "GET /img/room_icon.jpg HTTP/1.1" 200 57849
0:0:0:0:0:0:0:1 - - [07/Apr/2017:12:06:33 +0800] "GET /img/wolf.jpg HTTP/1.1" 200 11874
0:0:0:0:0:0:0:1 - - [07/Apr/2017:12:06:33 +0800] "GET /img/logo.png HTTP/1.1" 200 5016
0:0:0:0:0:0:0:1 - - [07/Apr/2017:12:06:33 +0800] "GET /img/background.jpg HTTP/1.1" 200 117097
0:0:0:0:0:0:0:1 - - [07/Apr/2017:12:06:33 +0800] "GET /img/head.jpg HTTP/1.1" 200 17506
0:0:0:0:0:0:0:1 - - [07/Apr/2017:12:06:44 +0800] "GET /socketController HTTP/1.1" 404 131
0:0:0:0:0:0:0:1 - - [07/Apr/2017:12:11:51 +0800] "GET / HTTP/1.1" 200 989
0:0:0:0:0:0:0:1 - - [07/Apr/2017:12:11:55 +0800] "GET /index? HTTP/1.1" 200 22251
0:0:0:0:0:0:0:1 - - [07/Apr/2017:12:12:14 +0800] "GET / HTTP/1.1" 200 989
0:0:0:0:0:0:0:1 - - [07/Apr/2017:12:12:14 +0800] "GET /css/login.css HTTP/1.1" 200 831
0:0:0:0:0:0:0:1 - - [07/Apr/2017:12:12:14 +0800] "GET /img/login.jpg HTTP/1.1" 200 433313
0:0:0:0:0:0:0:1 - - [07/Apr/2017:12:12:16 +0800] "GET /index? HTTP/1.1" 200 22251
0:0:0:0:0:0:0:1 - - [07/Apr/2017:12:12:16 +0800] "GET /css/style.css HTTP/1.1" 200 1207
0:0:0:0:0:0:0:1 - - [07/Apr/2017:12:12:16 +0800] "GET /css/index.css HTTP/1.1" 200 1630
0:0:0:0:0:0:0:1 - - [07/Apr/2017:12:12:16 +0800] "GET /js/index.js HTTP/1.1" 200 697
0:0:0:0:0:0:0:1 - - [07/Apr/2017:12:12:16 +0800] "GET /img/logo.png HTTP/1.1" 200 5016
0:0:0:0:0:0:0:1 - - [07/Apr/2017:12:12:16 +0800] "GET /img/wolf.jpg HTTP/1.1" 200 11874
0:0:0:0:0:0:0:1 - - [07/Apr/2017:12:12:16 +0800] "GET /img/room_icon.jpg HTTP/1.1" 200 57849
0:0:0:0:0:0:0:1 - - [07/Apr/2017:12:12:16 +0800] "GET /img//wolf.jpg HTTP/1.1" 200 11874
0:0:0:0:0:0:0:1 - - [07/Apr/2017:12:12:16 +0800] "GET /img/head.jpg HTTP/1.1" 200 17506
0:0:0:0:0:0:0:1 - - [07/Apr/2017:12:12:17 +0800] "GET /img/background.jpg HTTP/1.1" 200 117097
0:0:0:0:0:0:0:1 - - [07/Apr/2017:12:12:17 +0800] "GET /socketController HTTP/1.1" 404 131
0:0:0:0:0:0:0:1 - - [07/Apr/2017:12:21:24 +0800] "GET / HTTP/1.1" 200 989
0:0:0:0:0:0:0:1 - - [07/Apr/2017:12:21:24 +0800] "GET /css/login.css HTTP/1.1" 200 831
0:0:0:0:0:0:0:1 - - [07/Apr/2017:12:21:24 +0800] "GET /img/login.jpg HTTP/1.1" 200 433313
0:0:0:0:0:0:0:1 - - [07/Apr/2017:12:21:27 +0800] "GET /index? HTTP/1.1" 200 22251
0:0:0:0:0:0:0:1 - - [07/Apr/2017:12:21:27 +0800] "GET /css/style.css HTTP/1.1" 200 1207
0:0:0:0:0:0:0:1 - - [07/Apr/2017:12:21:27 +0800] "GET /css/index.css HTTP/1.1" 200 1630
0:0:0:0:0:0:0:1 - - [07/Apr/2017:12:21:27 +0800] "GET /img/wolf.jpg HTTP/1.1" 200 11874
0:0:0:0:0:0:0:1 - - [07/Apr/2017:12:21:27 +0800] "GET /img/head.jpg HTTP/1.1" 200 17506
0:0:0:0:0:0:0:1 - - [07/Apr/2017:12:21:27 +0800] "GET /img/logo.png HTTP/1.1" 200 5016
0:0:0:0:0:0:0:1 - - [07/Apr/2017:12:21:27 +0800] "GET /js/index.js HTTP/1.1" 200 764
0:0:0:0:0:0:0:1 - - [07/Apr/2017:12:21:27 +0800] "GET /img/room_icon.jpg HTTP/1.1" 200 57849
0:0:0:0:0:0:0:1 - - [07/Apr/2017:12:21:27 +0800] "GET /img//wolf.jpg HTTP/1.1" 200 11874
0:0:0:0:0:0:0:1 - - [07/Apr/2017:12:21:27 +0800] "GET /img/background.jpg HTTP/1.1" 200 117097
0:0:0:0:0:0:0:1 - - [07/Apr/2017:12:21:27 +0800] "GET /socketController HTTP/1.1" 101 -
0:0:0:0:0:0:0:1 - - [07/Apr/2017:12:21:27 +0800] "GET /wesocket/websocketTest HTTP/1.1" 404 137
127.0.0.1 - - [07/Apr/2017:12:22:24 +0800] "GET / HTTP/1.1" 200 989
127.0.0.1 - - [07/Apr/2017:12:22:24 +0800] "GET /css/login.css HTTP/1.1" 304 -
127.0.0.1 - - [07/Apr/2017:12:22:24 +0800] "GET /img/login.jpg HTTP/1.1" 304 -
127.0.0.1 - - [07/Apr/2017:12:22:29 +0800] "GET /index? HTTP/1.1" 200 22251
127.0.0.1 - - [07/Apr/2017:12:22:29 +0800] "GET /css/style.css HTTP/1.1" 304 -
0:0:0:0:0:0:0:1 - - [07/Apr/2017:12:22:29 +0800] "GET /css/index.css HTTP/1.1" 304 -
127.0.0.1 - - [07/Apr/2017:12:22:29 +0800] "GET /img/logo.png HTTP/1.1" 304 -
0:0:0:0:0:0:0:1 - - [07/Apr/2017:12:22:29 +0800] "GET /img/wolf.jpg HTTP/1.1" 304 -
0:0:0:0:0:0:0:1 - - [07/Apr/2017:12:22:29 +0800] "GET /img/head.jpg HTTP/1.1" 304 -
0:0:0:0:0:0:0:1 - - [07/Apr/2017:12:22:29 +0800] "GET /img/room_icon.jpg HTTP/1.1" 304 -
0:0:0:0:0:0:0:1 - - [07/Apr/2017:12:22:29 +0800] "GET /img//wolf.jpg HTTP/1.1" 304 -
0:0:0:0:0:0:0:1 - - [07/Apr/2017:12:22:29 +0800] "GET /js/index.js HTTP/1.1" 200 689
0:0:0:0:0:0:0:1 - - [07/Apr/2017:12:22:29 +0800] "GET /img/background.jpg HTTP/1.1" 304 -
0:0:0:0:0:0:0:1 - - [07/Apr/2017:12:22:30 +0800] "GET /socketController HTTP/1.1" 101 -
0:0:0:0:0:0:0:1 - - [07/Apr/2017:22:39:16 +0800] "GET / HTTP/1.1" 200 989
0:0:0:0:0:0:0:1 - - [07/Apr/2017:22:39:16 +0800] "GET /css/login.css HTTP/1.1" 200 831
0:0:0:0:0:0:0:1 - - [07/Apr/2017:22:39:17 +0800] "GET /img/login.jpg HTTP/1.1" 200 433313
0:0:0:0:0:0:0:1 - - [07/Apr/2017:22:39:24 +0800] "GET /video HTTP/1.1" 500 371
0:0:0:0:0:0:0:1 - - [07/Apr/2017:22:40:14 +0800] "GET /video HTTP/1.1" 200 990
0:0:0:0:0:0:0:1 - - [07/Apr/2017:22:40:46 +0800] "GET /video HTTP/1.1" 200 990
0:0:0:0:0:0:0:1 - - [07/Apr/2017:22:41:19 +0800] "GET / HTTP/1.1" 200 989
0:0:0:0:0:0:0:1 - - [07/Apr/2017:22:41:21 +0800] "GET /index? HTTP/1.1" 200 22251
0:0:0:0:0:0:0:1 - - [07/Apr/2017:22:41:21 +0800] "GET /css/style.css HTTP/1.1" 200 1207
0:0:0:0:0:0:0:1 - - [07/Apr/2017:22:41:21 +0800] "GET /css/index.css HTTP/1.1" 200 1630
0:0:0:0:0:0:0:1 - - [07/Apr/2017:22:41:21 +0800] "GET /js/index.js HTTP/1.1" 200 689
0:0:0:0:0:0:0:1 - - [07/Apr/2017:22:41:21 +0800] "GET /img/head.jpg HTTP/1.1" 200 17506
0:0:0:0:0:0:0:1 - - [07/Apr/2017:22:41:21 +0800] "GET /img/logo.png HTTP/1.1" 200 5016
0:0:0:0:0:0:0:1 - - [07/Apr/2017:22:41:21 +0800] "GET /img/wolf.jpg HTTP/1.1" 200 11874
0:0:0:0:0:0:0:1 - - [07/Apr/2017:22:41:21 +0800] "GET /img//wolf.jpg HTTP/1.1" 200 11874
0:0:0:0:0:0:0:1 - - [07/Apr/2017:22:41:21 +0800] "GET /img/room_icon.jpg HTTP/1.1" 200 57849
0:0:0:0:0:0:0:1 - - [07/Apr/2017:22:41:21 +0800] "GET /img/background.jpg HTTP/1.1" 200 117097
0:0:0:0:0:0:0:1 - - [07/Apr/2017:22:41:21 +0800] "GET /socketController HTTP/1.1" 101 -
0:0:0:0:0:0:0:1 - - [07/Apr/2017:22:41:24 +0800] "GET /room HTTP/1.1" 200 5636
0:0:0:0:0:0:0:1 - - [07/Apr/2017:22:41:24 +0800] "GET /css/room.css HTTP/1.1" 200 2527
0:0:0:0:0:0:0:1 - - [07/Apr/2017:22:41:24 +0800] "GET /img/player.jpg HTTP/1.1" 200 64439
0:0:0:0:0:0:0:1 - - [07/Apr/2017:22:41:28 +0800] "GET /socketController HTTP/1.1" 101 -
0:0:0:0:0:0:0:1 - - [07/Apr/2017:22:41:32 +0800] "GET /index HTTP/1.1" 200 22251
0:0:0:0:0:0:0:1 - - [07/Apr/2017:22:41:32 +0800] "GET /socketController HTTP/1.1" 101 -
0:0:0:0:0:0:0:1 - - [07/Apr/2017:22:45:34 +0800] "GET /video HTTP/1.1" 200 2447
0:0:0:0:0:0:0:1 - - [07/Apr/2017:22:45:52 +0800] "GET / HTTP/1.1" 200 989
0:0:0:0:0:0:0:1 - - [07/Apr/2017:22:45:55 +0800] "GET /index? HTTP/1.1" 200 22251
0:0:0:0:0:0:0:1 - - [07/Apr/2017:22:45:55 +0800] "GET /socketController HTTP/1.1" 101 -
0:0:0:0:0:0:0:1 - - [07/Apr/2017:22:46:27 +0800] "GET /video HTTP/1.1" 200 2447
0:0:0:0:0:0:0:1 - - [07/Apr/2017:22:47:43 +0800] "GET /video HTTP/1.1" 200 2447
0:0:0:0:0:0:0:1 - - [07/Apr/2017:23:00:50 +0800] "GET /video HTTP/1.1" 200 1755
0:0:0:0:0:0:0:1 - - [07/Apr/2017:23:01:31 +0800] "GET /video HTTP/1.1" 200 1755
0:0:0:0:0:0:0:1 - - [07/Apr/2017:23:03:45 +0800] "GET /video HTTP/1.1" 500 373
0:0:0:0:0:0:0:1 - - [07/Apr/2017:23:05:01 +0800] "GET /video HTTP/1.1" 200 1771
0:0:0:0:0:0:0:1 - - [07/Apr/2017:23:05:49 +0800] "GET / HTTP/1.1" 200 989
0:0:0:0:0:0:0:1 - - [07/Apr/2017:23:05:49 +0800] "GET /css/login.css HTTP/1.1" 304 -
0:0:0:0:0:0:0:1 - - [07/Apr/2017:23:05:49 +0800] "GET /img/login.jpg HTTP/1.1" 304 -
0:0:0:0:0:0:0:1 - - [07/Apr/2017:23:05:52 +0800] "GET /video HTTP/1.1" 200 1770
0:0:0:0:0:0:0:1 - - [07/Apr/2017:23:07:00 +0800] "GET /video HTTP/1.1" 200 1771
0:0:0:0:0:0:0:1 - - [07/Apr/2017:23:36:21 +0800] "GET /video HTTP/1.1" 200 7961
0:0:0:0:0:0:0:1 - - [07/Apr/2017:23:36:21 +0800] "GET /css/main.css HTTP/1.1" 404 127
0:0:0:0:0:0:0:1 - - [07/Apr/2017:23:36:21 +0800] "GET /images/webrtc-icon-192x192.png HTTP/1.1" 404 145
0:0:0:0:0:0:0:1 - - [07/Apr/2017:23:40:29 +0800] "GET / HTTP/1.1" 200 989
0:0:0:0:0:0:0:1 - - [07/Apr/2017:23:40:33 +0800] "GET /video HTTP/1.1" 500 372
0:0:0:0:0:0:0:1 - - [07/Apr/2017:23:41:53 +0800] "GET /video HTTP/1.1" 200 2514
0:0:0:0:0:0:0:1 - - [07/Apr/2017:23:41:54 +0800] "GET /js/main.js HTTP/1.1" 200 5617
0:0:0:0:0:0:0:1 - - [07/Apr/2017:23:41:54 +0800] "GET /css/main.css HTTP/1.1" 200 692
0:0:0:0:0:0:0:1 - - [07/Apr/2017:23:41:54 +0800] "GET /js/lib/ga.js HTTP/1.1" 404 127
0:0:0:0:0:0:0:1 - - [07/Apr/2017:23:41:54 +0800] "GET /js/common.js HTTP/1.1" 404 127
0:0:0:0:0:0:0:1 - - [07/Apr/2017:23:42:00 +0800] "GET /js/common.js HTTP/1.1" 404 127
0:0:0:0:0:0:0:1 - - [07/Apr/2017:23:42:00 +0800] "GET /js/lib/ga.js HTTP/1.1" 404 127
0:0:0:0:0:0:0:1 - - [07/Apr/2017:23:42:29 +0800] "GET /js/common.js HTTP/1.1" 404 306
0:0:0:0:0:0:0:1 - - [07/Apr/2017:23:45:06 +0800] "GET /video HTTP/1.1" 200 2452
0:0:0:0:0:0:0:1 - - [07/Apr/2017:23:45:06 +0800] "GET /css/main.css HTTP/1.1" 200 4423
0:0:0:0:0:0:0:1 - - [07/Apr/2017:23:45:06 +0800] "GET /js/common.js HTTP/1.1" 200 173
0:0:0:0:0:0:0:1 - - [07/Apr/2017:23:45:06 +0800] "GET /js/ga.js HTTP/1.1" 200 388
0:0:0:0:0:0:0:1 - - [07/Apr/2017:23:45:06 +0800] "GET /js/main.js HTTP/1.1" 304 -
0:0:0:0:0:0:0:1 - - [07/Apr/2017:23:46:43 +0800] "GET /video HTTP/1.1" 200 2452
0:0:0:0:0:0:0:1 - - [07/Apr/2017:23:46:43 +0800] "GET /css/main.css HTTP/1.1" 200 4423
0:0:0:0:0:0:0:1 - - [07/Apr/2017:23:46:43 +0800] "GET /js/main.js HTTP/1.1" 200 5649
0:0:0:0:0:0:0:1 - - [07/Apr/2017:23:46:43 +0800] "GET /js/ga.js HTTP/1.1" 200 388
0:0:0:0:0:0:0:1 - - [07/Apr/2017:23:46:43 +0800] "GET /js/common.js HTTP/1.1" 200 173
0:0:0:0:0:0:0:1 - - [07/Apr/2017:23:48:16 +0800] "GET /video HTTP/1.1" 200 2452
0:0:0:0:0:0:0:1 - - [07/Apr/2017:23:48:16 +0800] "GET /js/ga.js HTTP/1.1" 304 -
0:0:0:0:0:0:0:1 - - [07/Apr/2017:23:48:16 +0800] "GET /css/main.css HTTP/1.1" 304 -
0:0:0:0:0:0:0:1 - - [07/Apr/2017:23:48:16 +0800] "GET /js/common.js HTTP/1.1" 304 -
0:0:0:0:0:0:0:1 - - [07/Apr/2017:23:48:16 +0800] "GET /js/main.js HTTP/1.1" 304 -
0:0:0:0:0:0:0:1 - - [07/Apr/2017:23:50:19 +0800] "GET / HTTP/1.1" 200 989
0:0:0:0:0:0:0:1 - - [07/Apr/2017:23:50:19 +0800] "GET /css/login.css HTTP/1.1" 200 831
0:0:0:0:0:0:0:1 - - [07/Apr/2017:23:50:20 +0800] "GET /img/login.jpg HTTP/1.1" 200 433313
0:0:0:0:0:0:0:1 - - [07/Apr/2017:23:50:23 +0800] "GET /video HTTP/1.1" 200 2452
0:0:0:0:0:0:0:1 - - [07/Apr/2017:23:50:23 +0800] "GET /js/ga.js HTTP/1.1" 200 388
0:0:0:0:0:0:0:1 - - [07/Apr/2017:23:50:23 +0800] "GET /js/main.js HTTP/1.1" 200 5649
0:0:0:0:0:0:0:1 - - [07/Apr/2017:23:50:23 +0800] "GET /css/main.css HTTP/1.1" 200 4423
0:0:0:0:0:0:0:1 - - [07/Apr/2017:23:50:23 +0800] "GET /js/common.js HTTP/1.1" 200 173
0:0:0:0:0:0:0:1 - - [07/Apr/2017:23:51:57 +0800] "GET / HTTP/1.1" 200 989
0:0:0:0:0:0:0:1 - - [07/Apr/2017:23:51:57 +0800] "GET /css/login.css HTTP/1.1" 200 831
0:0:0:0:0:0:0:1 - - [07/Apr/2017:23:51:57 +0800] "GET /img/login.jpg HTTP/1.1" 200 433313
0:0:0:0:0:0:0:1 - - [07/Apr/2017:23:51:59 +0800] "GET /video HTTP/1.1" 200 2452
0:0:0:0:0:0:0:1 - - [07/Apr/2017:23:51:59 +0800] "GET /js/main.js HTTP/1.1" 200 5654
0:0:0:0:0:0:0:1 - - [07/Apr/2017:23:51:59 +0800] "GET /js/common.js HTTP/1.1" 200 173
0:0:0:0:0:0:0:1 - - [07/Apr/2017:23:51:59 +0800] "GET /js/ga.js HTTP/1.1" 200 388
0:0:0:0:0:0:0:1 - - [07/Apr/2017:23:51:59 +0800] "GET /css/main.css HTTP/1.1" 200 4423
