0:0:0:0:0:0:0:1 - - [09/May/2017:11:34:21 +0800] "POST /login HTTP/1.1" 200 64
0:0:0:0:0:0:0:1 - - [09/May/2017:11:34:28 +0800] "POST /login HTTP/1.1" 200 244
0:0:0:0:0:0:0:1 - - [09/May/2017:11:34:28 +0800] "GET /users/1 HTTP/1.1" 200 250
0:0:0:0:0:0:0:1 - - [09/May/2017:11:34:28 +0800] "GET /rooms HTTP/1.1" 200 2357
0:0:0:0:0:0:0:1 - - [09/May/2017:11:34:28 +0800] "GET /wk/info HTTP/1.1" 200 78
0:0:0:0:0:0:0:1 - - [09/May/2017:11:34:28 +0800] "GET /wk/766/aqgvmn6h/websocket HTTP/1.1" 101 -
0:0:0:0:0:0:0:1 - - [09/May/2017:11:34:43 +0800] "GET /rooms/type/?type=%E6%A0%87%E5%87%86%E6%88%BF HTTP/1.1" 200 699
0:0:0:0:0:0:0:1 - - [09/May/2017:11:34:45 +0800] "GET /rooms/type/?type=%E5%A8%B1%E4%B9%90%E6%88%BF HTTP/1.1" 200 690
0:0:0:0:0:0:0:1 - - [09/May/2017:11:34:48 +0800] "GET /rooms/type/?type=%E8%B5%9B%E4%BA%8B%E6%88%BF HTTP/1.1" 200 1100
0:0:0:0:0:0:0:1 - - [09/May/2017:11:34:50 +0800] "GET /rooms/type/?type=%E6%A0%87%E5%87%86%E6%88%BF HTTP/1.1" 200 699
0:0:0:0:0:0:0:1 - - [09/May/2017:11:34:52 +0800] "GET /users/1 HTTP/1.1" 200 250
0:0:0:0:0:0:0:1 - - [09/May/2017:11:34:52 +0800] "GET /wk/info HTTP/1.1" 200 77
0:0:0:0:0:0:0:1 - - [09/May/2017:11:34:52 +0800] "GET /rooms HTTP/1.1" 200 2357
0:0:0:0:0:0:0:1 - - [09/May/2017:11:34:52 +0800] "GET /wk/437/01d4dv3a/websocket HTTP/1.1" 101 -
94.102.49.174 - - [09/May/2017:11:34:55 +0800] "GET /cache/global/img/gs.gif HTTP/1.1" 404 138
0:0:0:0:0:0:0:1 - - [09/May/2017:11:35:06 +0800] "GET /rooms/search/%E8%B5%9B%E4%BA%8B%E5%B1%803 HTTP/1.1" 500 366
0:0:0:0:0:0:0:1 - - [09/May/2017:11:35:08 +0800] "GET /rooms/search/%E8%B5%9B%E4%BA%8B%E5%B1%803 HTTP/1.1" 500 366
0:0:0:0:0:0:0:1 - - [09/May/2017:11:35:11 +0800] "GET /rooms/search/%E8%B5%9B%E4%BA%8B%E5%B1%803 HTTP/1.1" 500 366
0:0:0:0:0:0:0:1 - - [09/May/2017:11:35:11 +0800] "GET /rooms/search/%E8%B5%9B%E4%BA%8B%E5%B1%803 HTTP/1.1" 500 366
0:0:0:0:0:0:0:1 - - [09/May/2017:11:35:12 +0800] "GET /rooms/search/%E8%B5%9B%E4%BA%8B%E5%B1%803 HTTP/1.1" 500 366
0:0:0:0:0:0:0:1 - - [09/May/2017:11:35:12 +0800] "GET /rooms/search/%E8%B5%9B%E4%BA%8B%E5%B1%803 HTTP/1.1" 500 366
0:0:0:0:0:0:0:1 - - [09/May/2017:11:35:12 +0800] "GET /rooms/search/%E8%B5%9B%E4%BA%8B%E5%B1%803 HTTP/1.1" 500 366
0:0:0:0:0:0:0:1 - - [09/May/2017:11:35:12 +0800] "GET /rooms/search/%E8%B5%9B%E4%BA%8B%E5%B1%803 HTTP/1.1" 500 366
0:0:0:0:0:0:0:1 - - [09/May/2017:11:35:12 +0800] "GET /rooms/search/%E8%B5%9B%E4%BA%8B%E5%B1%803 HTTP/1.1" 500 366
0:0:0:0:0:0:0:1 - - [09/May/2017:11:35:12 +0800] "GET /rooms/search/%E8%B5%9B%E4%BA%8B%E5%B1%803 HTTP/1.1" 500 366
0:0:0:0:0:0:0:1 - - [09/May/2017:11:35:13 +0800] "GET /rooms/search/%E8%B5%9B%E4%BA%8B%E5%B1%803 HTTP/1.1" 500 366
0:0:0:0:0:0:0:1 - - [09/May/2017:11:35:13 +0800] "GET /rooms/search/%E8%B5%9B%E4%BA%8B%E5%B1%803 HTTP/1.1" 500 366
0:0:0:0:0:0:0:1 - - [09/May/2017:11:35:16 +0800] "POST /rooms/1010 HTTP/1.1" 200 274
0:0:0:0:0:0:0:1 - - [09/May/2017:11:35:21 +0800] "GET /rooms/search/%E8%B5%9B%E4%BA%8B%E5%B1%803 HTTP/1.1" 500 366
0:0:0:0:0:0:0:1 - - [09/May/2017:11:35:24 +0800] "GET /rooms/search/%E8%B5%9B%E4%BA%8B%E5%B1%803 HTTP/1.1" 500 366
0:0:0:0:0:0:0:1 - - [09/May/2017:11:35:24 +0800] "GET /rooms/search/%E8%B5%9B%E4%BA%8B%E5%B1%803 HTTP/1.1" 500 366
0:0:0:0:0:0:0:1 - - [09/May/2017:11:35:25 +0800] "GET /rooms/search/%E8%B5%9B%E4%BA%8B%E5%B1%803 HTTP/1.1" 500 366
0:0:0:0:0:0:0:1 - - [09/May/2017:11:35:25 +0800] "GET /rooms/search/%E8%B5%9B%E4%BA%8B%E5%B1%803 HTTP/1.1" 500 366
0:0:0:0:0:0:0:1 - - [09/May/2017:11:35:25 +0800] "GET /rooms/search/%E8%B5%9B%E4%BA%8B%E5%B1%803 HTTP/1.1" 500 366
0:0:0:0:0:0:0:1 - - [09/May/2017:11:35:25 +0800] "GET /rooms/search/%E8%B5%9B%E4%BA%8B%E5%B1%803 HTTP/1.1" 500 366
0:0:0:0:0:0:0:1 - - [09/May/2017:11:35:25 +0800] "GET /rooms/search/%E8%B5%9B%E4%BA%8B%E5%B1%803 HTTP/1.1" 500 366
0:0:0:0:0:0:0:1 - - [09/May/2017:11:35:25 +0800] "GET /rooms/search/%E8%B5%9B%E4%BA%8B%E5%B1%803 HTTP/1.1" 500 366
0:0:0:0:0:0:0:1 - - [09/May/2017:11:35:25 +0800] "GET /rooms/search/%E8%B5%9B%E4%BA%8B%E5%B1%803 HTTP/1.1" 500 366
0:0:0:0:0:0:0:1 - - [09/May/2017:11:35:26 +0800] "GET /rooms/search/%E8%B5%9B%E4%BA%8B%E5%B1%803 HTTP/1.1" 500 366
0:0:0:0:0:0:0:1 - - [09/May/2017:11:35:26 +0800] "GET /rooms/search/%E8%B5%9B%E4%BA%8B%E5%B1%803 HTTP/1.1" 500 366
0:0:0:0:0:0:0:1 - - [09/May/2017:11:35:26 +0800] "GET /rooms/search/%E8%B5%9B%E4%BA%8B%E5%B1%803 HTTP/1.1" 500 366
0:0:0:0:0:0:0:1 - - [09/May/2017:11:35:26 +0800] "GET /rooms/search/%E8%B5%9B%E4%BA%8B%E5%B1%803 HTTP/1.1" 500 366
0:0:0:0:0:0:0:1 - - [09/May/2017:11:35:26 +0800] "GET /rooms/search/%E8%B5%9B%E4%BA%8B%E5%B1%803 HTTP/1.1" 500 366
0:0:0:0:0:0:0:1 - - [09/May/2017:11:35:30 +0800] "GET /users/1 HTTP/1.1" 200 250
0:0:0:0:0:0:0:1 - - [09/May/2017:11:35:30 +0800] "GET /wk/info HTTP/1.1" 200 78
0:0:0:0:0:0:0:1 - - [09/May/2017:11:35:30 +0800] "GET /rooms HTTP/1.1" 200 2357
0:0:0:0:0:0:0:1 - - [09/May/2017:11:35:30 +0800] "GET /wk/900/hk8u836f/websocket HTTP/1.1" 101 -
0:0:0:0:0:0:0:1 - - [09/May/2017:11:35:34 +0800] "GET /rooms/search/%E8%B5%9B%E4%BA%8B%E5%B1%804 HTTP/1.1" 200 274
0:0:0:0:0:0:0:1 - - [09/May/2017:11:35:37 +0800] "GET /rooms/search/%E8%B5%9B%E4%BA%8B%E5%B1%803 HTTP/1.1" 500 366
0:0:0:0:0:0:0:1 - - [09/May/2017:11:35:39 +0800] "GET /rooms/search/%E8%B5%9B%E4%BA%8B%E5%B1%802 HTTP/1.1" 200 275
0:0:0:0:0:0:0:1 - - [09/May/2017:11:35:41 +0800] "GET /rooms/search/%E8%B5%9B%E4%BA%8B%E5%B1%803 HTTP/1.1" 500 366
0:0:0:0:0:0:0:1 - - [09/May/2017:11:35:44 +0800] "GET /rooms/search/%E8%B5%9B%E4%BA%8B%E5%B1%804 HTTP/1.1" 200 274
0:0:0:0:0:0:0:1 - - [09/May/2017:11:35:45 +0800] "GET /users/1 HTTP/1.1" 200 250
0:0:0:0:0:0:0:1 - - [09/May/2017:11:35:45 +0800] "GET /rooms HTTP/1.1" 200 2357
0:0:0:0:0:0:0:1 - - [09/May/2017:11:35:45 +0800] "GET /wk/info HTTP/1.1" 200 79
0:0:0:0:0:0:0:1 - - [09/May/2017:11:35:46 +0800] "GET /wk/367/8kcwix41/websocket HTTP/1.1" 101 -
0:0:0:0:0:0:0:1 - - [09/May/2017:11:36:39 +0800] "POST /rooms HTTP/1.1" 200 274
0:0:0:0:0:0:0:1 - - [09/May/2017:11:36:39 +0800] "GET /rooms HTTP/1.1" 200 2572
0:0:0:0:0:0:0:1 - - [09/May/2017:11:36:51 +0800] "GET /rooms/1010/join?userId=1 HTTP/1.1" 200 64
0:0:0:0:0:0:0:1 - - [09/May/2017:11:36:51 +0800] "GET /users/1 HTTP/1.1" 200 250
0:0:0:0:0:0:0:1 - - [09/May/2017:11:36:51 +0800] "POST /rooms/1010 HTTP/1.1" 200 274
0:0:0:0:0:0:0:1 - - [09/May/2017:11:36:51 +0800] "GET /rooms/1010/players HTTP/1.1" 200 252
0:0:0:0:0:0:0:1 - - [09/May/2017:11:36:52 +0800] "GET /wk/info HTTP/1.1" 200 79
0:0:0:0:0:0:0:1 - - [09/May/2017:11:36:52 +0800] "GET /wk/460/7njx7i9u/websocket HTTP/1.1" 101 -
0:0:0:0:0:0:0:1 - - [09/May/2017:11:37:07 +0800] "GET /rooms/1010/leave?userId=1 HTTP/1.1" 200 65
0:0:0:0:0:0:0:1 - - [09/May/2017:11:37:07 +0800] "GET /rooms/1010/unready?userId=1 HTTP/1.1" 200 62
0:0:0:0:0:0:0:1 - - [09/May/2017:11:37:07 +0800] "GET /wk/info HTTP/1.1" 200 78
0:0:0:0:0:0:0:1 - - [09/May/2017:11:37:07 +0800] "GET /wk/640/zsx_f9gh/websocket HTTP/1.1" 101 -
0:0:0:0:0:0:0:1 - - [09/May/2017:11:43:56 +0800] "POST /login HTTP/1.1" 200 64
0:0:0:0:0:0:0:1 - - [09/May/2017:11:44:04 +0800] "POST /login HTTP/1.1" 200 244
0:0:0:0:0:0:0:1 - - [09/May/2017:11:44:04 +0800] "GET /users/1 HTTP/1.1" 200 250
0:0:0:0:0:0:0:1 - - [09/May/2017:11:44:04 +0800] "GET /rooms HTTP/1.1" 200 2357
0:0:0:0:0:0:0:1 - - [09/May/2017:11:44:05 +0800] "GET /wk/info HTTP/1.1" 200 79
0:0:0:0:0:0:0:1 - - [09/May/2017:11:44:05 +0800] "GET /wk/852/cbwif85q/websocket HTTP/1.1" 101 -
0:0:0:0:0:0:0:1 - - [09/May/2017:11:44:13 +0800] "GET /rooms/type/?type=%E6%A0%87%E5%87%86%E6%88%BF HTTP/1.1" 200 699
0:0:0:0:0:0:0:1 - - [09/May/2017:11:44:14 +0800] "GET /rooms/type/?type=%E5%A8%B1%E4%B9%90%E6%88%BF HTTP/1.1" 200 690
0:0:0:0:0:0:0:1 - - [09/May/2017:11:44:16 +0800] "GET /rooms/type/?type=%E8%B5%9B%E4%BA%8B%E6%88%BF HTTP/1.1" 200 1100
0:0:0:0:0:0:0:1 - - [09/May/2017:11:44:19 +0800] "GET /users/1 HTTP/1.1" 200 250
0:0:0:0:0:0:0:1 - - [09/May/2017:11:44:19 +0800] "GET /rooms HTTP/1.1" 200 2357
0:0:0:0:0:0:0:1 - - [09/May/2017:11:44:19 +0800] "GET /wk/info HTTP/1.1" 200 77
0:0:0:0:0:0:0:1 - - [09/May/2017:11:44:19 +0800] "GET /wk/424/umoijbjc/websocket HTTP/1.1" 101 -
0:0:0:0:0:0:0:1 - - [09/May/2017:11:44:35 +0800] "GET /rooms/search/%E8%B5%9B%E4%BA%8B%E6%88%BF4 HTTP/1.1" 200 69
0:0:0:0:0:0:0:1 - - [09/May/2017:11:44:45 +0800] "GET /rooms/search/%E8%B5%9B%E4%BA%8B%E5%B1%804 HTTP/1.1" 200 275
0:0:0:0:0:0:0:1 - - [09/May/2017:11:44:48 +0800] "GET /users/1 HTTP/1.1" 200 250
0:0:0:0:0:0:0:1 - - [09/May/2017:11:44:48 +0800] "GET /wk/info HTTP/1.1" 200 77
0:0:0:0:0:0:0:1 - - [09/May/2017:11:44:48 +0800] "GET /rooms HTTP/1.1" 200 2357
0:0:0:0:0:0:0:1 - - [09/May/2017:11:44:48 +0800] "GET /wk/564/uxcckie6/websocket HTTP/1.1" 101 -
0:0:0:0:0:0:0:1 - - [09/May/2017:11:44:53 +0800] "POST /rooms/1009 HTTP/1.1" 200 275
0:0:0:0:0:0:0:1 - - [09/May/2017:11:44:55 +0800] "GET /users/1 HTTP/1.1" 200 250
0:0:0:0:0:0:0:1 - - [09/May/2017:11:44:55 +0800] "GET /rooms HTTP/1.1" 200 2357
0:0:0:0:0:0:0:1 - - [09/May/2017:11:44:55 +0800] "GET /wk/info HTTP/1.1" 200 78
0:0:0:0:0:0:0:1 - - [09/May/2017:11:44:55 +0800] "GET /wk/471/tr68f1fw/websocket HTTP/1.1" 101 -
0:0:0:0:0:0:0:1 - - [09/May/2017:11:44:59 +0800] "GET /rooms/type/?type=%E5%A8%B1%E4%B9%90%E6%88%BF HTTP/1.1" 200 690
0:0:0:0:0:0:0:1 - - [09/May/2017:11:45:00 +0800] "GET /rooms/type/?type=%E6%A0%87%E5%87%86%E6%88%BF HTTP/1.1" 200 699
0:0:0:0:0:0:0:1 - - [09/May/2017:11:45:01 +0800] "GET /rooms/type/?type=%E8%B5%9B%E4%BA%8B%E6%88%BF HTTP/1.1" 200 1100
0:0:0:0:0:0:0:1 - - [09/May/2017:11:45:02 +0800] "GET /users/1 HTTP/1.1" 200 250
0:0:0:0:0:0:0:1 - - [09/May/2017:11:45:02 +0800] "GET /rooms HTTP/1.1" 200 2357
0:0:0:0:0:0:0:1 - - [09/May/2017:11:45:02 +0800] "GET /wk/info HTTP/1.1" 200 79
0:0:0:0:0:0:0:1 - - [09/May/2017:11:45:02 +0800] "GET /wk/190/ozzxzaqj/websocket HTTP/1.1" 101 -
0:0:0:0:0:0:0:1 - - [09/May/2017:11:45:29 +0800] "POST /rooms HTTP/1.1" 200 262
0:0:0:0:0:0:0:1 - - [09/May/2017:11:45:29 +0800] "GET /rooms HTTP/1.1" 200 2561
223.105.4.250 - - [09/May/2017:13:03:36 +0800] "GET /index.php HTTP/1.1" 404 124
