0:0:0:0:0:0:0:1 - - [22/Apr/2017:13:58:17 +0800] "POST /login HTTP/1.1" 200 577
0:0:0:0:0:0:0:1 - - [22/Apr/2017:13:58:17 +0800] "GET /getUser HTTP/1.1" 200 580
0:0:0:0:0:0:0:1 - - [22/Apr/2017:13:58:17 +0800] "GET /wk/info HTTP/1.1" 200 78
0:0:0:0:0:0:0:1 - - [22/Apr/2017:13:58:17 +0800] "GET /rooms HTTP/1.1" 200 2358
0:0:0:0:0:0:0:1 - - [22/Apr/2017:13:58:17 +0800] "GET /wk/493/ja7ltk4i/websocket HTTP/1.1" 101 -
0:0:0:0:0:0:0:1 - - [22/Apr/2017:13:58:20 +0800] "GET /rooms/1010/join?userId=1 HTTP/1.1" 200 64
0:0:0:0:0:0:0:1 - - [22/Apr/2017:13:58:20 +0800] "GET /rooms/1010 HTTP/1.1" 200 6558
0:0:0:0:0:0:0:1 - - [22/Apr/2017:13:58:20 +0800] "GET /css/style.css HTTP/1.1" 200 930
0:0:0:0:0:0:0:1 - - [22/Apr/2017:13:58:20 +0800] "GET /css/styles_chat.css HTTP/1.1" 200 1808
0:0:0:0:0:0:0:1 - - [22/Apr/2017:13:58:20 +0800] "GET /css/global_chat.css HTTP/1.1" 200 3611
0:0:0:0:0:0:0:1 - - [22/Apr/2017:13:58:20 +0800] "GET /js/lib/stomp.min.js HTTP/1.1" 200 7850
0:0:0:0:0:0:0:1 - - [22/Apr/2017:13:58:20 +0800] "GET /js/common.js HTTP/1.1" 200 278
0:0:0:0:0:0:0:1 - - [22/Apr/2017:13:58:20 +0800] "GET /css/room.css HTTP/1.1" 200 2702
0:0:0:0:0:0:0:1 - - [22/Apr/2017:13:58:20 +0800] "GET /js/chat.js HTTP/1.1" 200 1995
0:0:0:0:0:0:0:1 - - [22/Apr/2017:13:58:20 +0800] "GET /js/socket.js HTTP/1.1" 200 5199
0:0:0:0:0:0:0:1 - - [22/Apr/2017:13:58:20 +0800] "GET /js/lib/jquery-3.2.0.min.js HTTP/1.1" 200 86596
0:0:0:0:0:0:0:1 - - [22/Apr/2017:13:58:20 +0800] "GET /js/lib/sockjs.min.js HTTP/1.1" 200 33887
0:0:0:0:0:0:0:1 - - [22/Apr/2017:13:58:20 +0800] "GET /js/room.js HTTP/1.1" 200 4268
0:0:0:0:0:0:0:1 - - [22/Apr/2017:13:58:21 +0800] "GET /img/background.jpg HTTP/1.1" 200 117097
0:0:0:0:0:0:0:1 - - [22/Apr/2017:13:58:21 +0800] "GET /getUser HTTP/1.1" 200 580
0:0:0:0:0:0:0:1 - - [22/Apr/2017:13:58:21 +0800] "POST /rooms/1010 HTTP/1.1" 200 274
0:0:0:0:0:0:0:1 - - [22/Apr/2017:13:58:21 +0800] "GET /rooms/1010/players HTTP/1.1" 200 585
0:0:0:0:0:0:0:1 - - [22/Apr/2017:13:58:21 +0800] "GET /wk/info HTTP/1.1" 200 77
0:0:0:0:0:0:0:1 - - [22/Apr/2017:13:58:21 +0800] "GET /wk/281/he1tas9s/websocket HTTP/1.1" 101 -
0:0:0:0:0:0:0:1 - - [22/Apr/2017:13:58:21 +0800] "GET /img/curry.jpg HTTP/1.1" 200 103170
0:0:0:0:0:0:0:1 - - [22/Apr/2017:13:58:21 +0800] "GET /favicon.ico HTTP/1.1" 200 946
0:0:0:0:0:0:0:1 - - [22/Apr/2017:13:58:34 +0800] "GET /rooms/1010/leave?userId=1 HTTP/1.1" 200 65
0:0:0:0:0:0:0:1 - - [22/Apr/2017:13:59:24 +0800] "POST /login HTTP/1.1" 200 577
0:0:0:0:0:0:0:1 - - [22/Apr/2017:13:59:25 +0800] "GET /getUser HTTP/1.1" 200 580
0:0:0:0:0:0:0:1 - - [22/Apr/2017:13:59:25 +0800] "GET /wk/info HTTP/1.1" 200 79
0:0:0:0:0:0:0:1 - - [22/Apr/2017:13:59:25 +0800] "GET /rooms HTTP/1.1" 200 2357
0:0:0:0:0:0:0:1 - - [22/Apr/2017:13:59:25 +0800] "GET /wk/145/u275_fct/websocket HTTP/1.1" 101 -
0:0:0:0:0:0:0:1 - - [22/Apr/2017:13:59:26 +0800] "GET /rooms/1010/join?userId=1 HTTP/1.1" 200 64
0:0:0:0:0:0:0:1 - - [22/Apr/2017:13:59:26 +0800] "GET /rooms/1010 HTTP/1.1" 200 6558
0:0:0:0:0:0:0:1 - - [22/Apr/2017:13:59:26 +0800] "GET /css/style.css HTTP/1.1" 200 930
0:0:0:0:0:0:0:1 - - [22/Apr/2017:13:59:26 +0800] "GET /css/styles_chat.css HTTP/1.1" 200 1808
0:0:0:0:0:0:0:1 - - [22/Apr/2017:13:59:26 +0800] "GET /css/global_chat.css HTTP/1.1" 200 3611
0:0:0:0:0:0:0:1 - - [22/Apr/2017:13:59:26 +0800] "GET /css/room.css HTTP/1.1" 200 2702
0:0:0:0:0:0:0:1 - - [22/Apr/2017:13:59:26 +0800] "GET /js/lib/sockjs.min.js HTTP/1.1" 200 33887
0:0:0:0:0:0:0:1 - - [22/Apr/2017:13:59:26 +0800] "GET /js/chat.js HTTP/1.1" 200 1995
0:0:0:0:0:0:0:1 - - [22/Apr/2017:13:59:26 +0800] "GET /js/lib/stomp.min.js HTTP/1.1" 200 7850
0:0:0:0:0:0:0:1 - - [22/Apr/2017:13:59:26 +0800] "GET /js/lib/jquery-3.2.0.min.js HTTP/1.1" 200 86596
0:0:0:0:0:0:0:1 - - [22/Apr/2017:13:59:26 +0800] "GET /js/room.js HTTP/1.1" 200 4268
0:0:0:0:0:0:0:1 - - [22/Apr/2017:13:59:26 +0800] "GET /js/common.js HTTP/1.1" 200 278
0:0:0:0:0:0:0:1 - - [22/Apr/2017:13:59:26 +0800] "GET /js/socket.js HTTP/1.1" 200 5199
0:0:0:0:0:0:0:1 - - [22/Apr/2017:13:59:26 +0800] "GET /img/background.jpg HTTP/1.1" 200 117097
0:0:0:0:0:0:0:1 - - [22/Apr/2017:13:59:26 +0800] "GET /getUser HTTP/1.1" 200 580
0:0:0:0:0:0:0:1 - - [22/Apr/2017:13:59:26 +0800] "POST /rooms/1010 HTTP/1.1" 200 274
0:0:0:0:0:0:0:1 - - [22/Apr/2017:13:59:26 +0800] "GET /rooms/1010/players HTTP/1.1" 200 585
0:0:0:0:0:0:0:1 - - [22/Apr/2017:13:59:26 +0800] "GET /img/curry.jpg HTTP/1.1" 200 103170
0:0:0:0:0:0:0:1 - - [22/Apr/2017:13:59:26 +0800] "GET /wk/info HTTP/1.1" 200 79
0:0:0:0:0:0:0:1 - - [22/Apr/2017:13:59:26 +0800] "GET /wk/762/w3e90fah/websocket HTTP/1.1" 101 -
0:0:0:0:0:0:0:1 - - [22/Apr/2017:13:59:51 +0800] "GET /rooms/1010/leave?userId=1 HTTP/1.1" 200 65
0:0:0:0:0:0:0:1 - - [22/Apr/2017:13:59:51 +0800] "GET /getUser HTTP/1.1" 200 580
0:0:0:0:0:0:0:1 - - [22/Apr/2017:13:59:51 +0800] "GET /wk/info HTTP/1.1" 200 77
0:0:0:0:0:0:0:1 - - [22/Apr/2017:13:59:51 +0800] "GET /rooms HTTP/1.1" 200 2357
0:0:0:0:0:0:0:1 - - [22/Apr/2017:13:59:52 +0800] "GET /wk/137/j1hd_koe/websocket HTTP/1.1" 101 -
0:0:0:0:0:0:0:1 - - [22/Apr/2017:13:59:56 +0800] "GET /logout HTTP/1.1" 200 61
123.59.69.128 - - [22/Apr/2017:14:04:32 +0800] "GET /favicon.ico HTTP/1.1" 200 946
0:0:0:0:0:0:0:1 - - [22/Apr/2017:14:05:37 +0800] "POST /login HTTP/1.1" 200 577
0:0:0:0:0:0:0:1 - - [22/Apr/2017:14:05:37 +0800] "GET /getUser HTTP/1.1" 200 580
0:0:0:0:0:0:0:1 - - [22/Apr/2017:14:05:37 +0800] "GET /wk/info HTTP/1.1" 200 78
0:0:0:0:0:0:0:1 - - [22/Apr/2017:14:05:37 +0800] "GET /rooms HTTP/1.1" 200 2357
0:0:0:0:0:0:0:1 - - [22/Apr/2017:14:05:37 +0800] "GET /wk/689/tjjcjn12/websocket HTTP/1.1" 101 -
0:0:0:0:0:0:0:1 - - [22/Apr/2017:14:05:38 +0800] "GET /rooms/1010/join?userId=1 HTTP/1.1" 200 64
0:0:0:0:0:0:0:1 - - [22/Apr/2017:14:05:39 +0800] "GET /getUser HTTP/1.1" 200 580
0:0:0:0:0:0:0:1 - - [22/Apr/2017:14:05:39 +0800] "POST /rooms/1010 HTTP/1.1" 200 274
0:0:0:0:0:0:0:1 - - [22/Apr/2017:14:05:39 +0800] "GET /wk/info HTTP/1.1" 200 78
0:0:0:0:0:0:0:1 - - [22/Apr/2017:14:05:39 +0800] "GET /rooms/1010/players HTTP/1.1" 200 585
0:0:0:0:0:0:0:1 - - [22/Apr/2017:14:05:39 +0800] "GET /wk/616/xd5u793h/websocket HTTP/1.1" 101 -
0:0:0:0:0:0:0:1 - - [22/Apr/2017:14:06:25 +0800] "GET /rooms/1010/leave?userId=1 HTTP/1.1" 200 65
0:0:0:0:0:0:0:1 - - [22/Apr/2017:14:06:25 +0800] "GET /getUser HTTP/1.1" 200 580
0:0:0:0:0:0:0:1 - - [22/Apr/2017:14:06:25 +0800] "GET /rooms HTTP/1.1" 200 2357
0:0:0:0:0:0:0:1 - - [22/Apr/2017:14:06:25 +0800] "GET /wk/info HTTP/1.1" 200 79
0:0:0:0:0:0:0:1 - - [22/Apr/2017:14:06:25 +0800] "GET /wk/539/mnohky61/websocket HTTP/1.1" 101 -
0:0:0:0:0:0:0:1 - - [22/Apr/2017:14:06:29 +0800] "GET /logout HTTP/1.1" 200 61
0:0:0:0:0:0:0:1 - - [22/Apr/2017:14:07:07 +0800] "POST /login HTTP/1.1" 200 577
0:0:0:0:0:0:0:1 - - [22/Apr/2017:14:07:07 +0800] "GET /getUser HTTP/1.1" 200 580
0:0:0:0:0:0:0:1 - - [22/Apr/2017:14:07:07 +0800] "GET /rooms HTTP/1.1" 200 2357
0:0:0:0:0:0:0:1 - - [22/Apr/2017:14:07:07 +0800] "GET /wk/info HTTP/1.1" 200 79
0:0:0:0:0:0:0:1 - - [22/Apr/2017:14:07:07 +0800] "GET /wk/061/12dc5tjn/websocket HTTP/1.1" 101 -
0:0:0:0:0:0:0:1 - - [22/Apr/2017:14:07:17 +0800] "GET /rooms/1010/join?userId=1 HTTP/1.1" 200 64
0:0:0:0:0:0:0:1 - - [22/Apr/2017:14:07:17 +0800] "GET /getUser HTTP/1.1" 200 580
0:0:0:0:0:0:0:1 - - [22/Apr/2017:14:07:17 +0800] "POST /rooms/1010 HTTP/1.1" 200 274
0:0:0:0:0:0:0:1 - - [22/Apr/2017:14:07:17 +0800] "GET /rooms/1010/players HTTP/1.1" 200 585
0:0:0:0:0:0:0:1 - - [22/Apr/2017:14:07:17 +0800] "GET /wk/info HTTP/1.1" 200 78
0:0:0:0:0:0:0:1 - - [22/Apr/2017:14:07:17 +0800] "GET /wk/641/2mr3xsxk/websocket HTTP/1.1" 101 -
0:0:0:0:0:0:0:1 - - [22/Apr/2017:14:08:17 +0800] "GET /rooms/1010/leave?userId=1 HTTP/1.1" 200 65
0:0:0:0:0:0:0:1 - - [22/Apr/2017:14:08:21 +0800] "POST /login HTTP/1.1" 200 577
0:0:0:0:0:0:0:1 - - [22/Apr/2017:14:08:21 +0800] "GET /rooms HTTP/1.1" 200 2357
0:0:0:0:0:0:0:1 - - [22/Apr/2017:14:08:21 +0800] "GET /getUser HTTP/1.1" 200 580
0:0:0:0:0:0:0:1 - - [22/Apr/2017:14:08:21 +0800] "GET /wk/info HTTP/1.1" 200 79
0:0:0:0:0:0:0:1 - - [22/Apr/2017:14:08:21 +0800] "GET /wk/738/21l0n462/websocket HTTP/1.1" 101 -
0:0:0:0:0:0:0:1 - - [22/Apr/2017:14:08:23 +0800] "GET /rooms/1010/join?userId=1 HTTP/1.1" 200 64
0:0:0:0:0:0:0:1 - - [22/Apr/2017:14:08:23 +0800] "GET /getUser HTTP/1.1" 200 580
0:0:0:0:0:0:0:1 - - [22/Apr/2017:14:08:23 +0800] "POST /rooms/1010 HTTP/1.1" 200 274
0:0:0:0:0:0:0:1 - - [22/Apr/2017:14:08:23 +0800] "GET /rooms/1010/players HTTP/1.1" 200 585
0:0:0:0:0:0:0:1 - - [22/Apr/2017:14:08:23 +0800] "GET /wk/info HTTP/1.1" 200 76
0:0:0:0:0:0:0:1 - - [22/Apr/2017:14:08:23 +0800] "GET /wk/708/8q660u4m/websocket HTTP/1.1" 101 -
0:0:0:0:0:0:0:1 - - [22/Apr/2017:14:08:39 +0800] "POST /login HTTP/1.1" 200 574
0:0:0:0:0:0:0:1 - - [22/Apr/2017:14:08:39 +0800] "GET /wk/info HTTP/1.1" 200 78
0:0:0:0:0:0:0:1 - - [22/Apr/2017:14:08:39 +0800] "GET /getUser HTTP/1.1" 200 577
0:0:0:0:0:0:0:1 - - [22/Apr/2017:14:08:39 +0800] "GET /rooms HTTP/1.1" 200 2357
0:0:0:0:0:0:0:1 - - [22/Apr/2017:14:08:39 +0800] "GET /wk/035/f8eeb2ji/websocket HTTP/1.1" 101 -
0:0:0:0:0:0:0:1 - - [22/Apr/2017:14:08:40 +0800] "GET /rooms/1010/join?userId=2 HTTP/1.1" 200 64
0:0:0:0:0:0:0:1 - - [22/Apr/2017:14:08:40 +0800] "POST /rooms/1010 HTTP/1.1" 200 274
0:0:0:0:0:0:0:1 - - [22/Apr/2017:14:08:40 +0800] "GET /rooms/1010/players HTTP/1.1" 200 1103
0:0:0:0:0:0:0:1 - - [22/Apr/2017:14:08:40 +0800] "GET /getUser HTTP/1.1" 200 577
0:0:0:0:0:0:0:1 - - [22/Apr/2017:14:08:40 +0800] "POST /rooms/1010 HTTP/1.1" 200 274
0:0:0:0:0:0:0:1 - - [22/Apr/2017:14:08:40 +0800] "GET /rooms/1010/players HTTP/1.1" 200 1103
0:0:0:0:0:0:0:1 - - [22/Apr/2017:14:08:40 +0800] "GET /wk/info HTTP/1.1" 200 78
0:0:0:0:0:0:0:1 - - [22/Apr/2017:14:08:40 +0800] "GET /wk/059/fmx0qeru/websocket HTTP/1.1" 101 -
0:0:0:0:0:0:0:1 - - [22/Apr/2017:14:08:50 +0800] "GET /rooms/1010/players HTTP/1.1" 200 1103
0:0:0:0:0:0:0:1 - - [22/Apr/2017:14:08:54 +0800] "GET /rooms/1010/players HTTP/1.1" 200 1103
0:0:0:0:0:0:0:1 - - [22/Apr/2017:14:09:09 +0800] "GET /rooms/1010/leave?userId=1 HTTP/1.1" 200 65
0:0:0:0:0:0:0:1 - - [22/Apr/2017:14:09:09 +0800] "POST /rooms/1010 HTTP/1.1" 200 274
0:0:0:0:0:0:0:1 - - [22/Apr/2017:14:09:09 +0800] "GET /rooms/1010/players HTTP/1.1" 200 582
0:0:0:0:0:0:0:1 - - [22/Apr/2017:14:09:09 +0800] "GET /getUser HTTP/1.1" 200 577
0:0:0:0:0:0:0:1 - - [22/Apr/2017:14:09:09 +0800] "GET /wk/info HTTP/1.1" 200 76
0:0:0:0:0:0:0:1 - - [22/Apr/2017:14:09:09 +0800] "GET /rooms HTTP/1.1" 200 2357
0:0:0:0:0:0:0:1 - - [22/Apr/2017:14:09:09 +0800] "GET /wk/534/x36z38vt/websocket HTTP/1.1" 101 -
0:0:0:0:0:0:0:1 - - [22/Apr/2017:14:09:16 +0800] "GET /rooms/1010/leave?userId=2 HTTP/1.1" 200 65
0:0:0:0:0:0:0:1 - - [22/Apr/2017:14:09:16 +0800] "GET /wk/info HTTP/1.1" 200 78
0:0:0:0:0:0:0:1 - - [22/Apr/2017:14:09:16 +0800] "GET /wk/668/u55s4tp6/websocket HTTP/1.1" 101 -
0:0:0:0:0:0:0:1 - - [22/Apr/2017:15:32:53 +0800] "POST /login HTTP/1.1" 200 577
0:0:0:0:0:0:0:1 - - [22/Apr/2017:15:32:53 +0800] "GET /getUser HTTP/1.1" 200 580
0:0:0:0:0:0:0:1 - - [22/Apr/2017:15:32:53 +0800] "GET /rooms HTTP/1.1" 200 2357
0:0:0:0:0:0:0:1 - - [22/Apr/2017:15:32:53 +0800] "GET /wk/info HTTP/1.1" 200 78
0:0:0:0:0:0:0:1 - - [22/Apr/2017:15:32:53 +0800] "GET /wk/398/m0hoddqu/websocket HTTP/1.1" 101 -
0:0:0:0:0:0:0:1 - - [22/Apr/2017:15:32:54 +0800] "GET /rooms/1010/join?userId=1 HTTP/1.1" 200 64
0:0:0:0:0:0:0:1 - - [22/Apr/2017:15:32:55 +0800] "GET /getUser HTTP/1.1" 200 580
0:0:0:0:0:0:0:1 - - [22/Apr/2017:15:32:55 +0800] "POST /rooms/1010 HTTP/1.1" 200 274
0:0:0:0:0:0:0:1 - - [22/Apr/2017:15:32:55 +0800] "GET /rooms/1010/players HTTP/1.1" 200 585
0:0:0:0:0:0:0:1 - - [22/Apr/2017:15:32:55 +0800] "GET /wk/info HTTP/1.1" 200 77
0:0:0:0:0:0:0:1 - - [22/Apr/2017:15:32:55 +0800] "GET /wk/290/yhh2lryw/websocket HTTP/1.1" 101 -
0:0:0:0:0:0:0:1 - - [22/Apr/2017:15:33:04 +0800] "POST /login HTTP/1.1" 200 574
0:0:0:0:0:0:0:1 - - [22/Apr/2017:15:33:04 +0800] "GET /getUser HTTP/1.1" 200 577
0:0:0:0:0:0:0:1 - - [22/Apr/2017:15:33:04 +0800] "GET /wk/info HTTP/1.1" 200 77
0:0:0:0:0:0:0:1 - - [22/Apr/2017:15:33:04 +0800] "GET /rooms HTTP/1.1" 200 2357
0:0:0:0:0:0:0:1 - - [22/Apr/2017:15:33:04 +0800] "GET /wk/873/tc576plb/websocket HTTP/1.1" 101 -
0:0:0:0:0:0:0:1 - - [22/Apr/2017:15:33:06 +0800] "GET /rooms/1010/join?userId=2 HTTP/1.1" 200 64
0:0:0:0:0:0:0:1 - - [22/Apr/2017:15:33:06 +0800] "POST /rooms/1010 HTTP/1.1" 200 274
0:0:0:0:0:0:0:1 - - [22/Apr/2017:15:33:06 +0800] "GET /rooms/1010/players HTTP/1.1" 200 1103
0:0:0:0:0:0:0:1 - - [22/Apr/2017:15:33:06 +0800] "GET /getUser HTTP/1.1" 200 577
0:0:0:0:0:0:0:1 - - [22/Apr/2017:15:33:06 +0800] "POST /rooms/1010 HTTP/1.1" 200 274
0:0:0:0:0:0:0:1 - - [22/Apr/2017:15:33:06 +0800] "GET /rooms/1010/players HTTP/1.1" 200 1103
0:0:0:0:0:0:0:1 - - [22/Apr/2017:15:33:06 +0800] "GET /wk/info HTTP/1.1" 200 79
0:0:0:0:0:0:0:1 - - [22/Apr/2017:15:33:06 +0800] "GET /wk/965/age0kpbu/websocket HTTP/1.1" 101 -
0:0:0:0:0:0:0:1 - - [22/Apr/2017:15:33:19 +0800] "POST /login HTTP/1.1" 200 574
0:0:0:0:0:0:0:1 - - [22/Apr/2017:15:33:19 +0800] "GET /getUser HTTP/1.1" 200 577
0:0:0:0:0:0:0:1 - - [22/Apr/2017:15:33:19 +0800] "GET /rooms HTTP/1.1" 200 2357
0:0:0:0:0:0:0:1 - - [22/Apr/2017:15:33:19 +0800] "GET /wk/info HTTP/1.1" 200 77
0:0:0:0:0:0:0:1 - - [22/Apr/2017:15:33:19 +0800] "GET /wk/357/9_3kuj57/websocket HTTP/1.1" 101 -
0:0:0:0:0:0:0:1 - - [22/Apr/2017:15:33:20 +0800] "GET /rooms/1010/join?userId=7 HTTP/1.1" 200 64
0:0:0:0:0:0:0:1 - - [22/Apr/2017:15:33:20 +0800] "POST /rooms/1010 HTTP/1.1" 200 274
0:0:0:0:0:0:0:1 - - [22/Apr/2017:15:33:20 +0800] "POST /rooms/1010 HTTP/1.1" 200 274
0:0:0:0:0:0:0:1 - - [22/Apr/2017:15:33:20 +0800] "GET /rooms/1010/players HTTP/1.1" 200 1621
0:0:0:0:0:0:0:1 - - [22/Apr/2017:15:33:20 +0800] "GET /rooms/1010/players HTTP/1.1" 200 1621
0:0:0:0:0:0:0:1 - - [22/Apr/2017:15:33:20 +0800] "GET /getUser HTTP/1.1" 200 577
0:0:0:0:0:0:0:1 - - [22/Apr/2017:15:33:20 +0800] "POST /rooms/1010 HTTP/1.1" 200 274
0:0:0:0:0:0:0:1 - - [22/Apr/2017:15:33:20 +0800] "GET /rooms/1010/players HTTP/1.1" 200 1621
0:0:0:0:0:0:0:1 - - [22/Apr/2017:15:33:20 +0800] "GET /wk/info HTTP/1.1" 200 78
0:0:0:0:0:0:0:1 - - [22/Apr/2017:15:33:20 +0800] "GET /wk/945/_sww2dg1/websocket HTTP/1.1" 101 -
0:0:0:0:0:0:0:1 - - [22/Apr/2017:15:33:24 +0800] "GET /rooms/1010/ready?userId=1 HTTP/1.1" 200 60
0:0:0:0:0:0:0:1 - - [22/Apr/2017:15:33:26 +0800] "GET /rooms/1010/ready?userId=2 HTTP/1.1" 200 60
0:0:0:0:0:0:0:1 - - [22/Apr/2017:15:33:45 +0800] "GET /rooms/1010/ready?userId=7 HTTP/1.1" 200 56
223.105.4.250 - - [22/Apr/2017:15:34:15 +0800] "GET /index.php HTTP/1.1" 200 9764
0:0:0:0:0:0:0:1 - - [22/Apr/2017:15:35:05 +0800] "GET /rooms/1010/leave?userId=7 HTTP/1.1" 200 65
0:0:0:0:0:0:0:1 - - [22/Apr/2017:15:35:05 +0800] "POST /rooms/1010 HTTP/1.1" 200 274
0:0:0:0:0:0:0:1 - - [22/Apr/2017:15:35:05 +0800] "POST /rooms/1010 HTTP/1.1" 200 274
0:0:0:0:0:0:0:1 - - [22/Apr/2017:15:35:05 +0800] "GET /rooms/1010/players HTTP/1.1" 200 1103
0:0:0:0:0:0:0:1 - - [22/Apr/2017:15:35:05 +0800] "GET /rooms/1010/players HTTP/1.1" 200 1103
0:0:0:0:0:0:0:1 - - [22/Apr/2017:15:35:05 +0800] "GET /rooms HTTP/1.1" 200 2357
0:0:0:0:0:0:0:1 - - [22/Apr/2017:15:35:05 +0800] "GET /getUser HTTP/1.1" 200 577
0:0:0:0:0:0:0:1 - - [22/Apr/2017:15:35:05 +0800] "GET /wk/info HTTP/1.1" 200 78
0:0:0:0:0:0:0:1 - - [22/Apr/2017:15:35:05 +0800] "GET /wk/378/9fk5cwdn/websocket HTTP/1.1" 101 -
0:0:0:0:0:0:0:1 - - [22/Apr/2017:15:35:08 +0800] "GET /rooms/1010/leave?userId=2 HTTP/1.1" 200 65
0:0:0:0:0:0:0:1 - - [22/Apr/2017:15:35:08 +0800] "POST /rooms/1010 HTTP/1.1" 200 274
0:0:0:0:0:0:0:1 - - [22/Apr/2017:15:35:08 +0800] "GET /rooms/1010/players HTTP/1.1" 200 585
0:0:0:0:0:0:0:1 - - [22/Apr/2017:15:35:09 +0800] "GET /getUser HTTP/1.1" 200 577
0:0:0:0:0:0:0:1 - - [22/Apr/2017:15:35:09 +0800] "GET /rooms HTTP/1.1" 200 2357
0:0:0:0:0:0:0:1 - - [22/Apr/2017:15:35:09 +0800] "GET /wk/info HTTP/1.1" 200 78
0:0:0:0:0:0:0:1 - - [22/Apr/2017:15:35:09 +0800] "GET /wk/076/yneaqpua/websocket HTTP/1.1" 101 -
0:0:0:0:0:0:0:1 - - [22/Apr/2017:15:35:11 +0800] "GET /rooms/1010/leave?userId=1 HTTP/1.1" 200 65
0:0:0:0:0:0:0:1 - - [22/Apr/2017:15:35:11 +0800] "GET /getUser HTTP/1.1" 200 577
0:0:0:0:0:0:0:1 - - [22/Apr/2017:15:35:11 +0800] "GET /rooms HTTP/1.1" 200 2357
0:0:0:0:0:0:0:1 - - [22/Apr/2017:15:35:11 +0800] "GET /wk/info HTTP/1.1" 200 79
0:0:0:0:0:0:0:1 - - [22/Apr/2017:15:35:11 +0800] "GET /wk/929/f3rccwxt/websocket HTTP/1.1" 101 -
0:0:0:0:0:0:0:1 - - [22/Apr/2017:15:37:34 +0800] "POST /login HTTP/1.1" 200 577
0:0:0:0:0:0:0:1 - - [22/Apr/2017:15:37:34 +0800] "GET /getUser HTTP/1.1" 200 580
0:0:0:0:0:0:0:1 - - [22/Apr/2017:15:37:34 +0800] "GET /wk/info HTTP/1.1" 200 78
0:0:0:0:0:0:0:1 - - [22/Apr/2017:15:37:34 +0800] "GET /rooms HTTP/1.1" 200 2357
0:0:0:0:0:0:0:1 - - [22/Apr/2017:15:37:34 +0800] "GET /wk/638/yhr9vuk4/websocket HTTP/1.1" 101 -
0:0:0:0:0:0:0:1 - - [22/Apr/2017:15:37:36 +0800] "GET /rooms/1010/join?userId=1 HTTP/1.1" 200 64
0:0:0:0:0:0:0:1 - - [22/Apr/2017:15:37:36 +0800] "GET /getUser HTTP/1.1" 200 580
0:0:0:0:0:0:0:1 - - [22/Apr/2017:15:37:36 +0800] "POST /rooms/1010 HTTP/1.1" 200 274
0:0:0:0:0:0:0:1 - - [22/Apr/2017:15:37:36 +0800] "GET /rooms/1010/players HTTP/1.1" 200 585
0:0:0:0:0:0:0:1 - - [22/Apr/2017:15:37:36 +0800] "GET /wk/info HTTP/1.1" 200 79
0:0:0:0:0:0:0:1 - - [22/Apr/2017:15:37:36 +0800] "GET /wk/826/qk93z5m7/websocket HTTP/1.1" 101 -
0:0:0:0:0:0:0:1 - - [22/Apr/2017:15:37:42 +0800] "POST /login HTTP/1.1" 200 574
0:0:0:0:0:0:0:1 - - [22/Apr/2017:15:37:42 +0800] "GET /getUser HTTP/1.1" 200 577
0:0:0:0:0:0:0:1 - - [22/Apr/2017:15:37:42 +0800] "GET /rooms HTTP/1.1" 200 2357
0:0:0:0:0:0:0:1 - - [22/Apr/2017:15:37:42 +0800] "GET /wk/info HTTP/1.1" 200 78
0:0:0:0:0:0:0:1 - - [22/Apr/2017:15:37:42 +0800] "GET /wk/898/kwbr_8h1/websocket HTTP/1.1" 101 -
0:0:0:0:0:0:0:1 - - [22/Apr/2017:15:37:43 +0800] "GET /rooms/1010/join?userId=2 HTTP/1.1" 200 64
0:0:0:0:0:0:0:1 - - [22/Apr/2017:15:37:43 +0800] "POST /rooms/1010 HTTP/1.1" 200 274
0:0:0:0:0:0:0:1 - - [22/Apr/2017:15:37:43 +0800] "GET /rooms/1010/players HTTP/1.1" 200 1103
0:0:0:0:0:0:0:1 - - [22/Apr/2017:15:37:43 +0800] "GET /getUser HTTP/1.1" 200 577
0:0:0:0:0:0:0:1 - - [22/Apr/2017:15:37:43 +0800] "POST /rooms/1010 HTTP/1.1" 200 274
0:0:0:0:0:0:0:1 - - [22/Apr/2017:15:37:43 +0800] "GET /rooms/1010/players HTTP/1.1" 200 1103
0:0:0:0:0:0:0:1 - - [22/Apr/2017:15:37:43 +0800] "GET /wk/info HTTP/1.1" 200 79
0:0:0:0:0:0:0:1 - - [22/Apr/2017:15:37:43 +0800] "GET /wk/893/8wca9kdr/websocket HTTP/1.1" 101 -
0:0:0:0:0:0:0:1 - - [22/Apr/2017:15:37:50 +0800] "POST /login HTTP/1.1" 200 574
0:0:0:0:0:0:0:1 - - [22/Apr/2017:15:37:51 +0800] "GET /getUser HTTP/1.1" 200 577
0:0:0:0:0:0:0:1 - - [22/Apr/2017:15:37:51 +0800] "GET /rooms HTTP/1.1" 200 2357
0:0:0:0:0:0:0:1 - - [22/Apr/2017:15:37:51 +0800] "GET /wk/info HTTP/1.1" 200 79
0:0:0:0:0:0:0:1 - - [22/Apr/2017:15:37:51 +0800] "GET /wk/983/b9wctoi9/websocket HTTP/1.1" 101 -
0:0:0:0:0:0:0:1 - - [22/Apr/2017:15:37:51 +0800] "GET /rooms/1010/join?userId=7 HTTP/1.1" 200 64
0:0:0:0:0:0:0:1 - - [22/Apr/2017:15:37:52 +0800] "POST /rooms/1010 HTTP/1.1" 200 274
0:0:0:0:0:0:0:1 - - [22/Apr/2017:15:37:52 +0800] "POST /rooms/1010 HTTP/1.1" 200 274
0:0:0:0:0:0:0:1 - - [22/Apr/2017:15:37:52 +0800] "GET /rooms/1010/players HTTP/1.1" 200 1621
0:0:0:0:0:0:0:1 - - [22/Apr/2017:15:37:52 +0800] "GET /rooms/1010/players HTTP/1.1" 200 1621
0:0:0:0:0:0:0:1 - - [22/Apr/2017:15:37:52 +0800] "GET /getUser HTTP/1.1" 200 577
0:0:0:0:0:0:0:1 - - [22/Apr/2017:15:37:52 +0800] "POST /rooms/1010 HTTP/1.1" 200 274
0:0:0:0:0:0:0:1 - - [22/Apr/2017:15:37:52 +0800] "GET /rooms/1010/players HTTP/1.1" 200 1621
0:0:0:0:0:0:0:1 - - [22/Apr/2017:15:37:52 +0800] "GET /wk/info HTTP/1.1" 200 79
0:0:0:0:0:0:0:1 - - [22/Apr/2017:15:37:52 +0800] "GET /wk/959/si1t54l7/websocket HTTP/1.1" 101 -
0:0:0:0:0:0:0:1 - - [22/Apr/2017:15:37:56 +0800] "GET /rooms/1010/ready?userId=1 HTTP/1.1" 200 60
0:0:0:0:0:0:0:1 - - [22/Apr/2017:15:37:58 +0800] "GET /rooms/1010/ready?userId=2 HTTP/1.1" 200 60
0:0:0:0:0:0:0:1 - - [22/Apr/2017:15:38:10 +0800] "GET /rooms/1010/ready?userId=7 HTTP/1.1" 200 56
0:0:0:0:0:0:0:1 - - [22/Apr/2017:15:47:19 +0800] "POST /login HTTP/1.1" 200 577
0:0:0:0:0:0:0:1 - - [22/Apr/2017:15:47:20 +0800] "GET /getUser HTTP/1.1" 200 580
0:0:0:0:0:0:0:1 - - [22/Apr/2017:15:47:20 +0800] "GET /wk/info HTTP/1.1" 200 78
0:0:0:0:0:0:0:1 - - [22/Apr/2017:15:47:20 +0800] "GET /rooms HTTP/1.1" 200 2357
0:0:0:0:0:0:0:1 - - [22/Apr/2017:15:47:20 +0800] "GET /wk/632/_ajupf5f/websocket HTTP/1.1" 101 -
0:0:0:0:0:0:0:1 - - [22/Apr/2017:15:47:22 +0800] "GET /rooms/1010/join?userId=1 HTTP/1.1" 200 64
0:0:0:0:0:0:0:1 - - [22/Apr/2017:15:47:22 +0800] "GET /getUser HTTP/1.1" 200 580
0:0:0:0:0:0:0:1 - - [22/Apr/2017:15:47:22 +0800] "GET /rooms/1010/players HTTP/1.1" 200 585
0:0:0:0:0:0:0:1 - - [22/Apr/2017:15:47:22 +0800] "POST /rooms/1010 HTTP/1.1" 200 274
0:0:0:0:0:0:0:1 - - [22/Apr/2017:15:47:22 +0800] "GET /wk/info HTTP/1.1" 200 77
0:0:0:0:0:0:0:1 - - [22/Apr/2017:15:47:22 +0800] "GET /wk/266/ddw9n3k6/websocket HTTP/1.1" 101 -
0:0:0:0:0:0:0:1 - - [22/Apr/2017:15:47:29 +0800] "POST /login HTTP/1.1" 200 574
0:0:0:0:0:0:0:1 - - [22/Apr/2017:15:47:29 +0800] "GET /getUser HTTP/1.1" 200 577
0:0:0:0:0:0:0:1 - - [22/Apr/2017:15:47:29 +0800] "GET /wk/info HTTP/1.1" 200 79
0:0:0:0:0:0:0:1 - - [22/Apr/2017:15:47:29 +0800] "GET /rooms HTTP/1.1" 200 2357
0:0:0:0:0:0:0:1 - - [22/Apr/2017:15:47:29 +0800] "GET /wk/223/6ykx0ukn/websocket HTTP/1.1" 101 -
0:0:0:0:0:0:0:1 - - [22/Apr/2017:15:47:30 +0800] "GET /rooms/1010/join?userId=2 HTTP/1.1" 200 64
0:0:0:0:0:0:0:1 - - [22/Apr/2017:15:47:30 +0800] "POST /rooms/1010 HTTP/1.1" 200 274
0:0:0:0:0:0:0:1 - - [22/Apr/2017:15:47:30 +0800] "GET /rooms/1010/players HTTP/1.1" 200 1103
0:0:0:0:0:0:0:1 - - [22/Apr/2017:15:47:30 +0800] "GET /getUser HTTP/1.1" 200 577
0:0:0:0:0:0:0:1 - - [22/Apr/2017:15:47:30 +0800] "POST /rooms/1010 HTTP/1.1" 200 274
0:0:0:0:0:0:0:1 - - [22/Apr/2017:15:47:30 +0800] "GET /rooms/1010/players HTTP/1.1" 200 1103
0:0:0:0:0:0:0:1 - - [22/Apr/2017:15:47:30 +0800] "GET /wk/info HTTP/1.1" 200 79
0:0:0:0:0:0:0:1 - - [22/Apr/2017:15:47:30 +0800] "GET /wk/419/74cn6btv/websocket HTTP/1.1" 101 -
0:0:0:0:0:0:0:1 - - [22/Apr/2017:15:47:35 +0800] "POST /login HTTP/1.1" 200 574
0:0:0:0:0:0:0:1 - - [22/Apr/2017:15:47:36 +0800] "GET /getUser HTTP/1.1" 200 577
0:0:0:0:0:0:0:1 - - [22/Apr/2017:15:47:36 +0800] "GET /rooms HTTP/1.1" 200 2357
0:0:0:0:0:0:0:1 - - [22/Apr/2017:15:47:36 +0800] "GET /wk/info HTTP/1.1" 200 77
0:0:0:0:0:0:0:1 - - [22/Apr/2017:15:47:36 +0800] "GET /wk/138/ma0y6nd4/websocket HTTP/1.1" 101 -
0:0:0:0:0:0:0:1 - - [22/Apr/2017:15:47:36 +0800] "GET /rooms/1010/join?userId=7 HTTP/1.1" 200 64
0:0:0:0:0:0:0:1 - - [22/Apr/2017:15:47:36 +0800] "POST /rooms/1010 HTTP/1.1" 200 274
0:0:0:0:0:0:0:1 - - [22/Apr/2017:15:47:36 +0800] "POST /rooms/1010 HTTP/1.1" 200 274
0:0:0:0:0:0:0:1 - - [22/Apr/2017:15:47:36 +0800] "GET /rooms/1010/players HTTP/1.1" 200 1621
0:0:0:0:0:0:0:1 - - [22/Apr/2017:15:47:36 +0800] "GET /rooms/1010/players HTTP/1.1" 200 1621
0:0:0:0:0:0:0:1 - - [22/Apr/2017:15:47:36 +0800] "GET /getUser HTTP/1.1" 200 577
0:0:0:0:0:0:0:1 - - [22/Apr/2017:15:47:36 +0800] "POST /rooms/1010 HTTP/1.1" 200 274
0:0:0:0:0:0:0:1 - - [22/Apr/2017:15:47:36 +0800] "GET /rooms/1010/players HTTP/1.1" 200 1621
0:0:0:0:0:0:0:1 - - [22/Apr/2017:15:47:37 +0800] "GET /wk/info HTTP/1.1" 200 77
0:0:0:0:0:0:0:1 - - [22/Apr/2017:15:47:37 +0800] "GET /wk/725/1zrxdnqf/websocket HTTP/1.1" 101 -
0:0:0:0:0:0:0:1 - - [22/Apr/2017:15:47:41 +0800] "GET /rooms/1010/ready?userId=1 HTTP/1.1" 200 60
0:0:0:0:0:0:0:1 - - [22/Apr/2017:15:47:42 +0800] "GET /rooms/1010/ready?userId=2 HTTP/1.1" 200 60
0:0:0:0:0:0:0:1 - - [22/Apr/2017:15:47:43 +0800] "GET /rooms/1010/unready?userId=2 HTTP/1.1" 200 62
0:0:0:0:0:0:0:1 - - [22/Apr/2017:15:47:43 +0800] "GET /rooms/1010/ready?userId=2 HTTP/1.1" 200 60
0:0:0:0:0:0:0:1 - - [22/Apr/2017:15:47:58 +0800] "GET /rooms/1010/ready?userId=7 HTTP/1.1" 200 56
0:0:0:0:0:0:0:1 - - [22/Apr/2017:15:50:05 +0800] "GET /rooms/1010/unready?userId=2 HTTP/1.1" 200 62
0:0:0:0:0:0:0:1 - - [22/Apr/2017:15:50:10 +0800] "GET /rooms/1010/unready?userId=7 HTTP/1.1" 200 62
0:0:0:0:0:0:0:1 - - [22/Apr/2017:15:50:12 +0800] "GET /rooms/1010/unready?userId=1 HTTP/1.1" 200 62
0:0:0:0:0:0:0:1 - - [22/Apr/2017:15:50:15 +0800] "GET /rooms/1010/leave?userId=1 HTTP/1.1" 200 65
0:0:0:0:0:0:0:1 - - [22/Apr/2017:15:50:15 +0800] "POST /rooms/1010 HTTP/1.1" 200 274
0:0:0:0:0:0:0:1 - - [22/Apr/2017:15:50:15 +0800] "POST /rooms/1010 HTTP/1.1" 200 274
0:0:0:0:0:0:0:1 - - [22/Apr/2017:15:50:15 +0800] "GET /rooms/1010/players HTTP/1.1" 200 1100
0:0:0:0:0:0:0:1 - - [22/Apr/2017:15:50:15 +0800] "GET /rooms/1010/players HTTP/1.1" 200 1100
0:0:0:0:0:0:0:1 - - [22/Apr/2017:15:50:16 +0800] "GET /rooms HTTP/1.1" 200 2357
0:0:0:0:0:0:0:1 - - [22/Apr/2017:15:50:16 +0800] "GET /getUser HTTP/1.1" 200 577
0:0:0:0:0:0:0:1 - - [22/Apr/2017:15:50:16 +0800] "GET /wk/info HTTP/1.1" 200 78
0:0:0:0:0:0:0:1 - - [22/Apr/2017:15:50:16 +0800] "GET /wk/838/p8n1lgg6/websocket HTTP/1.1" 101 -
0:0:0:0:0:0:0:1 - - [22/Apr/2017:15:50:20 +0800] "GET /rooms/1010/leave?userId=2 HTTP/1.1" 200 65
0:0:0:0:0:0:0:1 - - [22/Apr/2017:15:50:20 +0800] "POST /rooms/1010 HTTP/1.1" 200 274
0:0:0:0:0:0:0:1 - - [22/Apr/2017:15:50:20 +0800] "GET /rooms/1010/players HTTP/1.1" 200 582
0:0:0:0:0:0:0:1 - - [22/Apr/2017:15:50:20 +0800] "GET /getUser HTTP/1.1" 200 577
0:0:0:0:0:0:0:1 - - [22/Apr/2017:15:50:20 +0800] "GET /rooms HTTP/1.1" 200 2357
0:0:0:0:0:0:0:1 - - [22/Apr/2017:15:50:20 +0800] "GET /wk/info HTTP/1.1" 200 77
0:0:0:0:0:0:0:1 - - [22/Apr/2017:15:50:20 +0800] "GET /wk/144/hubj47ul/websocket HTTP/1.1" 101 -
0:0:0:0:0:0:0:1 - - [22/Apr/2017:15:50:25 +0800] "GET /rooms/1010/leave?userId=7 HTTP/1.1" 200 65
0:0:0:0:0:0:0:1 - - [22/Apr/2017:15:50:25 +0800] "GET /getUser HTTP/1.1" 200 577
0:0:0:0:0:0:0:1 - - [22/Apr/2017:15:50:25 +0800] "GET /wk/info HTTP/1.1" 200 79
0:0:0:0:0:0:0:1 - - [22/Apr/2017:15:50:25 +0800] "GET /rooms HTTP/1.1" 200 2357
0:0:0:0:0:0:0:1 - - [22/Apr/2017:15:50:25 +0800] "GET /wk/173/x733ya_o/websocket HTTP/1.1" 101 -
0:0:0:0:0:0:0:1 - - [22/Apr/2017:15:57:02 +0800] "POST /login HTTP/1.1" 200 577
0:0:0:0:0:0:0:1 - - [22/Apr/2017:15:57:02 +0800] "GET /getUser HTTP/1.1" 200 580
0:0:0:0:0:0:0:1 - - [22/Apr/2017:15:57:02 +0800] "GET /wk/info HTTP/1.1" 200 79
0:0:0:0:0:0:0:1 - - [22/Apr/2017:15:57:02 +0800] "GET /rooms HTTP/1.1" 200 2357
0:0:0:0:0:0:0:1 - - [22/Apr/2017:15:57:02 +0800] "GET /wk/922/9kvy2y73/websocket HTTP/1.1" 101 -
0:0:0:0:0:0:0:1 - - [22/Apr/2017:15:57:03 +0800] "GET /rooms/1010/join?userId=1 HTTP/1.1" 200 64
0:0:0:0:0:0:0:1 - - [22/Apr/2017:15:57:03 +0800] "GET /getUser HTTP/1.1" 200 580
0:0:0:0:0:0:0:1 - - [22/Apr/2017:15:57:03 +0800] "POST /rooms/1010 HTTP/1.1" 200 274
0:0:0:0:0:0:0:1 - - [22/Apr/2017:15:57:03 +0800] "GET /rooms/1010/players HTTP/1.1" 200 585
0:0:0:0:0:0:0:1 - - [22/Apr/2017:15:57:03 +0800] "GET /wk/info HTTP/1.1" 200 78
0:0:0:0:0:0:0:1 - - [22/Apr/2017:15:57:03 +0800] "GET /wk/755/q_dlho3z/websocket HTTP/1.1" 101 -
0:0:0:0:0:0:0:1 - - [22/Apr/2017:15:57:12 +0800] "POST /login HTTP/1.1" 200 574
0:0:0:0:0:0:0:1 - - [22/Apr/2017:15:57:12 +0800] "GET /getUser HTTP/1.1" 200 577
0:0:0:0:0:0:0:1 - - [22/Apr/2017:15:57:12 +0800] "GET /wk/info HTTP/1.1" 200 77
0:0:0:0:0:0:0:1 - - [22/Apr/2017:15:57:12 +0800] "GET /rooms HTTP/1.1" 200 2357
0:0:0:0:0:0:0:1 - - [22/Apr/2017:15:57:12 +0800] "GET /wk/130/c1b1spvb/websocket HTTP/1.1" 101 -
0:0:0:0:0:0:0:1 - - [22/Apr/2017:15:57:13 +0800] "GET /rooms/1010/join?userId=2 HTTP/1.1" 200 64
0:0:0:0:0:0:0:1 - - [22/Apr/2017:15:57:13 +0800] "POST /rooms/1010 HTTP/1.1" 200 274
0:0:0:0:0:0:0:1 - - [22/Apr/2017:15:57:13 +0800] "GET /rooms/1010/players HTTP/1.1" 200 1103
0:0:0:0:0:0:0:1 - - [22/Apr/2017:15:57:13 +0800] "GET /getUser HTTP/1.1" 200 577
0:0:0:0:0:0:0:1 - - [22/Apr/2017:15:57:13 +0800] "POST /rooms/1010 HTTP/1.1" 200 274
0:0:0:0:0:0:0:1 - - [22/Apr/2017:15:57:13 +0800] "GET /rooms/1010/players HTTP/1.1" 200 1103
0:0:0:0:0:0:0:1 - - [22/Apr/2017:15:57:13 +0800] "GET /wk/info HTTP/1.1" 200 77
0:0:0:0:0:0:0:1 - - [22/Apr/2017:15:57:13 +0800] "GET /wk/922/2ff9wnvu/websocket HTTP/1.1" 101 -
0:0:0:0:0:0:0:1 - - [22/Apr/2017:15:57:21 +0800] "POST /login HTTP/1.1" 200 574
0:0:0:0:0:0:0:1 - - [22/Apr/2017:15:57:21 +0800] "GET /getUser HTTP/1.1" 200 577
0:0:0:0:0:0:0:1 - - [22/Apr/2017:15:57:21 +0800] "GET /rooms HTTP/1.1" 200 2357
0:0:0:0:0:0:0:1 - - [22/Apr/2017:15:57:21 +0800] "GET /wk/info HTTP/1.1" 200 77
0:0:0:0:0:0:0:1 - - [22/Apr/2017:15:57:21 +0800] "GET /wk/882/ektfyooj/websocket HTTP/1.1" 101 -
0:0:0:0:0:0:0:1 - - [22/Apr/2017:15:57:22 +0800] "GET /rooms/1010/join?userId=7 HTTP/1.1" 200 64
0:0:0:0:0:0:0:1 - - [22/Apr/2017:15:57:22 +0800] "POST /rooms/1010 HTTP/1.1" 200 274
0:0:0:0:0:0:0:1 - - [22/Apr/2017:15:57:22 +0800] "POST /rooms/1010 HTTP/1.1" 200 274
0:0:0:0:0:0:0:1 - - [22/Apr/2017:15:57:22 +0800] "GET /rooms/1010/players HTTP/1.1" 200 1621
0:0:0:0:0:0:0:1 - - [22/Apr/2017:15:57:22 +0800] "GET /rooms/1010/players HTTP/1.1" 200 1621
0:0:0:0:0:0:0:1 - - [22/Apr/2017:15:57:22 +0800] "GET /getUser HTTP/1.1" 200 577
0:0:0:0:0:0:0:1 - - [22/Apr/2017:15:57:22 +0800] "POST /rooms/1010 HTTP/1.1" 200 274
0:0:0:0:0:0:0:1 - - [22/Apr/2017:15:57:22 +0800] "GET /rooms/1010/players HTTP/1.1" 200 1621
0:0:0:0:0:0:0:1 - - [22/Apr/2017:15:57:22 +0800] "GET /wk/info HTTP/1.1" 200 79
0:0:0:0:0:0:0:1 - - [22/Apr/2017:15:57:22 +0800] "GET /wk/863/97ado76n/websocket HTTP/1.1" 101 -
0:0:0:0:0:0:0:1 - - [22/Apr/2017:15:57:24 +0800] "GET /rooms/1010/ready?userId=1 HTTP/1.1" 200 60
0:0:0:0:0:0:0:1 - - [22/Apr/2017:15:57:26 +0800] "GET /rooms/1010/ready?userId=2 HTTP/1.1" 200 60
0:0:0:0:0:0:0:1 - - [22/Apr/2017:15:57:27 +0800] "GET /rooms/1010/ready?userId=7 HTTP/1.1" 200 56
0:0:0:0:0:0:0:1 - - [22/Apr/2017:15:57:59 +0800] "GET /rooms/1010/unready?userId=2 HTTP/1.1" 200 62
0:0:0:0:0:0:0:1 - - [22/Apr/2017:15:58:02 +0800] "GET /rooms/1010/unready?userId=7 HTTP/1.1" 200 62
0:0:0:0:0:0:0:1 - - [22/Apr/2017:15:58:04 +0800] "GET /rooms/1010/unready?userId=1 HTTP/1.1" 200 62
0:0:0:0:0:0:0:1 - - [22/Apr/2017:15:58:07 +0800] "GET /rooms/1010/leave?userId=7 HTTP/1.1" 200 65
0:0:0:0:0:0:0:1 - - [22/Apr/2017:15:58:07 +0800] "POST /rooms/1010 HTTP/1.1" 200 274
0:0:0:0:0:0:0:1 - - [22/Apr/2017:15:58:07 +0800] "POST /rooms/1010 HTTP/1.1" 200 274
0:0:0:0:0:0:0:1 - - [22/Apr/2017:15:58:07 +0800] "GET /rooms/1010/players HTTP/1.1" 200 1103
0:0:0:0:0:0:0:1 - - [22/Apr/2017:15:58:07 +0800] "GET /rooms/1010/players HTTP/1.1" 200 1103
0:0:0:0:0:0:0:1 - - [22/Apr/2017:15:58:07 +0800] "GET /getUser HTTP/1.1" 200 577
0:0:0:0:0:0:0:1 - - [22/Apr/2017:15:58:07 +0800] "GET /rooms HTTP/1.1" 200 2357
0:0:0:0:0:0:0:1 - - [22/Apr/2017:15:58:07 +0800] "GET /wk/info HTTP/1.1" 200 77
0:0:0:0:0:0:0:1 - - [22/Apr/2017:15:58:07 +0800] "GET /wk/483/ppsv_7o1/websocket HTTP/1.1" 101 -
0:0:0:0:0:0:0:1 - - [22/Apr/2017:15:58:10 +0800] "GET /rooms/1010/leave?userId=2 HTTP/1.1" 200 65
0:0:0:0:0:0:0:1 - - [22/Apr/2017:15:58:10 +0800] "POST /rooms/1010 HTTP/1.1" 200 274
0:0:0:0:0:0:0:1 - - [22/Apr/2017:15:58:10 +0800] "GET /rooms/1010/players HTTP/1.1" 200 585
0:0:0:0:0:0:0:1 - - [22/Apr/2017:15:58:10 +0800] "GET /getUser HTTP/1.1" 200 577
0:0:0:0:0:0:0:1 - - [22/Apr/2017:15:58:10 +0800] "GET /rooms HTTP/1.1" 200 2357
0:0:0:0:0:0:0:1 - - [22/Apr/2017:15:58:10 +0800] "GET /wk/info HTTP/1.1" 200 79
0:0:0:0:0:0:0:1 - - [22/Apr/2017:15:58:11 +0800] "GET /wk/277/wb6fa_59/websocket HTTP/1.1" 101 -
0:0:0:0:0:0:0:1 - - [22/Apr/2017:15:58:13 +0800] "GET /rooms/1010/leave?userId=1 HTTP/1.1" 200 65
0:0:0:0:0:0:0:1 - - [22/Apr/2017:15:58:13 +0800] "GET /getUser HTTP/1.1" 200 577
0:0:0:0:0:0:0:1 - - [22/Apr/2017:15:58:13 +0800] "GET /wk/info HTTP/1.1" 200 79
0:0:0:0:0:0:0:1 - - [22/Apr/2017:15:58:13 +0800] "GET /rooms HTTP/1.1" 200 2357
0:0:0:0:0:0:0:1 - - [22/Apr/2017:15:58:13 +0800] "GET /wk/409/qrdtkr4n/websocket HTTP/1.1" 101 -
0:0:0:0:0:0:0:1 - - [22/Apr/2017:15:58:57 +0800] "POST /login HTTP/1.1" 200 577
0:0:0:0:0:0:0:1 - - [22/Apr/2017:15:58:58 +0800] "GET /getUser HTTP/1.1" 200 580
0:0:0:0:0:0:0:1 - - [22/Apr/2017:15:58:58 +0800] "GET /rooms HTTP/1.1" 200 2357
0:0:0:0:0:0:0:1 - - [22/Apr/2017:15:58:58 +0800] "GET /wk/info HTTP/1.1" 200 78
0:0:0:0:0:0:0:1 - - [22/Apr/2017:15:58:58 +0800] "GET /wk/588/ptjpadne/websocket HTTP/1.1" 101 -
0:0:0:0:0:0:0:1 - - [22/Apr/2017:15:58:59 +0800] "GET /rooms/1010/join?userId=1 HTTP/1.1" 200 64
0:0:0:0:0:0:0:1 - - [22/Apr/2017:15:58:59 +0800] "GET /getUser HTTP/1.1" 200 580
0:0:0:0:0:0:0:1 - - [22/Apr/2017:15:58:59 +0800] "POST /rooms/1010 HTTP/1.1" 200 274
0:0:0:0:0:0:0:1 - - [22/Apr/2017:15:58:59 +0800] "GET /rooms/1010/players HTTP/1.1" 200 585
0:0:0:0:0:0:0:1 - - [22/Apr/2017:15:58:59 +0800] "GET /wk/info HTTP/1.1" 200 79
0:0:0:0:0:0:0:1 - - [22/Apr/2017:15:58:59 +0800] "GET /wk/948/xi8a_qfj/websocket HTTP/1.1" 101 -
0:0:0:0:0:0:0:1 - - [22/Apr/2017:15:59:06 +0800] "POST /login HTTP/1.1" 200 574
0:0:0:0:0:0:0:1 - - [22/Apr/2017:15:59:06 +0800] "GET /getUser HTTP/1.1" 200 577
0:0:0:0:0:0:0:1 - - [22/Apr/2017:15:59:06 +0800] "GET /rooms HTTP/1.1" 200 2357
0:0:0:0:0:0:0:1 - - [22/Apr/2017:15:59:06 +0800] "GET /wk/info HTTP/1.1" 200 79
0:0:0:0:0:0:0:1 - - [22/Apr/2017:15:59:06 +0800] "GET /wk/572/xeyqk3ow/websocket HTTP/1.1" 101 -
0:0:0:0:0:0:0:1 - - [22/Apr/2017:15:59:07 +0800] "GET /rooms/1010/join?userId=7 HTTP/1.1" 200 64
0:0:0:0:0:0:0:1 - - [22/Apr/2017:15:59:07 +0800] "POST /rooms/1010 HTTP/1.1" 200 274
0:0:0:0:0:0:0:1 - - [22/Apr/2017:15:59:07 +0800] "GET /rooms/1010/players HTTP/1.1" 200 1103
0:0:0:0:0:0:0:1 - - [22/Apr/2017:15:59:07 +0800] "GET /getUser HTTP/1.1" 200 577
0:0:0:0:0:0:0:1 - - [22/Apr/2017:15:59:07 +0800] "POST /rooms/1010 HTTP/1.1" 200 274
0:0:0:0:0:0:0:1 - - [22/Apr/2017:15:59:07 +0800] "GET /rooms/1010/players HTTP/1.1" 200 1103
0:0:0:0:0:0:0:1 - - [22/Apr/2017:15:59:07 +0800] "GET /wk/info HTTP/1.1" 200 77
0:0:0:0:0:0:0:1 - - [22/Apr/2017:15:59:07 +0800] "GET /wk/613/0xu5mtuu/websocket HTTP/1.1" 101 -
0:0:0:0:0:0:0:1 - - [22/Apr/2017:15:59:14 +0800] "POST /login HTTP/1.1" 200 574
0:0:0:0:0:0:0:1 - - [22/Apr/2017:15:59:14 +0800] "GET /getUser HTTP/1.1" 200 577
0:0:0:0:0:0:0:1 - - [22/Apr/2017:15:59:14 +0800] "GET /wk/info HTTP/1.1" 200 79
0:0:0:0:0:0:0:1 - - [22/Apr/2017:15:59:14 +0800] "GET /rooms HTTP/1.1" 200 2357
0:0:0:0:0:0:0:1 - - [22/Apr/2017:15:59:14 +0800] "GET /wk/927/9ww9iwa0/websocket HTTP/1.1" 101 -
0:0:0:0:0:0:0:1 - - [22/Apr/2017:15:59:15 +0800] "GET /rooms/1010/join?userId=2 HTTP/1.1" 200 64
0:0:0:0:0:0:0:1 - - [22/Apr/2017:15:59:15 +0800] "POST /rooms/1010 HTTP/1.1" 200 274
0:0:0:0:0:0:0:1 - - [22/Apr/2017:15:59:15 +0800] "POST /rooms/1010 HTTP/1.1" 200 274
0:0:0:0:0:0:0:1 - - [22/Apr/2017:15:59:15 +0800] "GET /rooms/1010/players HTTP/1.1" 200 1621
0:0:0:0:0:0:0:1 - - [22/Apr/2017:15:59:15 +0800] "GET /rooms/1010/players HTTP/1.1" 200 1621
0:0:0:0:0:0:0:1 - - [22/Apr/2017:15:59:15 +0800] "GET /getUser HTTP/1.1" 200 577
0:0:0:0:0:0:0:1 - - [22/Apr/2017:15:59:15 +0800] "POST /rooms/1010 HTTP/1.1" 200 274
0:0:0:0:0:0:0:1 - - [22/Apr/2017:15:59:15 +0800] "GET /rooms/1010/players HTTP/1.1" 200 1621
0:0:0:0:0:0:0:1 - - [22/Apr/2017:15:59:15 +0800] "GET /wk/info HTTP/1.1" 200 78
0:0:0:0:0:0:0:1 - - [22/Apr/2017:15:59:15 +0800] "GET /wk/110/cc2ro19t/websocket HTTP/1.1" 101 -
0:0:0:0:0:0:0:1 - - [22/Apr/2017:15:59:17 +0800] "GET /rooms/1010/ready?userId=1 HTTP/1.1" 200 60
0:0:0:0:0:0:0:1 - - [22/Apr/2017:15:59:19 +0800] "GET /rooms/1010/ready?userId=7 HTTP/1.1" 200 60
0:0:0:0:0:0:0:1 - - [22/Apr/2017:15:59:20 +0800] "GET /rooms/1010/ready?userId=2 HTTP/1.1" 200 56
0:0:0:0:0:0:0:1 - - [22/Apr/2017:15:59:39 +0800] "GET /rooms/1010/unready?userId=2 HTTP/1.1" 200 62
0:0:0:0:0:0:0:1 - - [22/Apr/2017:15:59:40 +0800] "GET /rooms/1010/leave?userId=2 HTTP/1.1" 200 65
0:0:0:0:0:0:0:1 - - [22/Apr/2017:15:59:40 +0800] "POST /rooms/1010 HTTP/1.1" 200 274
0:0:0:0:0:0:0:1 - - [22/Apr/2017:15:59:40 +0800] "POST /rooms/1010 HTTP/1.1" 200 274
0:0:0:0:0:0:0:1 - - [22/Apr/2017:15:59:40 +0800] "GET /rooms/1010/players HTTP/1.1" 200 1103
0:0:0:0:0:0:0:1 - - [22/Apr/2017:15:59:40 +0800] "GET /rooms/1010/players HTTP/1.1" 200 1103
0:0:0:0:0:0:0:1 - - [22/Apr/2017:15:59:41 +0800] "GET /getUser HTTP/1.1" 200 577
0:0:0:0:0:0:0:1 - - [22/Apr/2017:15:59:41 +0800] "GET /rooms HTTP/1.1" 200 2357
0:0:0:0:0:0:0:1 - - [22/Apr/2017:15:59:41 +0800] "GET /wk/info HTTP/1.1" 200 77
0:0:0:0:0:0:0:1 - - [22/Apr/2017:15:59:41 +0800] "GET /wk/190/3sz9_abo/websocket HTTP/1.1" 101 -
0:0:0:0:0:0:0:1 - - [22/Apr/2017:15:59:42 +0800] "GET /rooms/1010/unready?userId=7 HTTP/1.1" 200 62
0:0:0:0:0:0:0:1 - - [22/Apr/2017:15:59:44 +0800] "GET /rooms/1010/leave?userId=7 HTTP/1.1" 200 65
0:0:0:0:0:0:0:1 - - [22/Apr/2017:15:59:44 +0800] "POST /rooms/1010 HTTP/1.1" 200 274
0:0:0:0:0:0:0:1 - - [22/Apr/2017:15:59:44 +0800] "GET /rooms/1010/players HTTP/1.1" 200 585
0:0:0:0:0:0:0:1 - - [22/Apr/2017:15:59:44 +0800] "GET /getUser HTTP/1.1" 200 577
0:0:0:0:0:0:0:1 - - [22/Apr/2017:15:59:44 +0800] "GET /wk/info HTTP/1.1" 200 79
0:0:0:0:0:0:0:1 - - [22/Apr/2017:15:59:44 +0800] "GET /rooms HTTP/1.1" 200 2357
0:0:0:0:0:0:0:1 - - [22/Apr/2017:15:59:44 +0800] "GET /wk/183/dpk7tuq3/websocket HTTP/1.1" 101 -
0:0:0:0:0:0:0:1 - - [22/Apr/2017:15:59:45 +0800] "GET /rooms/1010/unready?userId=1 HTTP/1.1" 200 62
0:0:0:0:0:0:0:1 - - [22/Apr/2017:15:59:47 +0800] "GET /rooms/1010/leave?userId=1 HTTP/1.1" 200 65
0:0:0:0:0:0:0:1 - - [22/Apr/2017:15:59:47 +0800] "GET /getUser HTTP/1.1" 200 577
0:0:0:0:0:0:0:1 - - [22/Apr/2017:15:59:47 +0800] "GET /wk/info HTTP/1.1" 200 78
0:0:0:0:0:0:0:1 - - [22/Apr/2017:15:59:47 +0800] "GET /rooms HTTP/1.1" 200 2357
0:0:0:0:0:0:0:1 - - [22/Apr/2017:15:59:47 +0800] "GET /wk/934/q2bfnfgr/websocket HTTP/1.1" 101 -
0:0:0:0:0:0:0:1 - - [22/Apr/2017:16:00:06 +0800] "POST /login HTTP/1.1" 200 577
0:0:0:0:0:0:0:1 - - [22/Apr/2017:16:00:06 +0800] "GET /rooms HTTP/1.1" 200 2357
0:0:0:0:0:0:0:1 - - [22/Apr/2017:16:00:06 +0800] "GET /getUser HTTP/1.1" 200 580
0:0:0:0:0:0:0:1 - - [22/Apr/2017:16:00:06 +0800] "GET /wk/info HTTP/1.1" 200 79
0:0:0:0:0:0:0:1 - - [22/Apr/2017:16:00:06 +0800] "GET /wk/439/gsgsmqh2/websocket HTTP/1.1" 101 -
0:0:0:0:0:0:0:1 - - [22/Apr/2017:16:00:07 +0800] "GET /rooms/1010/join?userId=1 HTTP/1.1" 200 64
0:0:0:0:0:0:0:1 - - [22/Apr/2017:16:00:07 +0800] "GET /getUser HTTP/1.1" 200 580
0:0:0:0:0:0:0:1 - - [22/Apr/2017:16:00:07 +0800] "POST /rooms/1010 HTTP/1.1" 200 274
0:0:0:0:0:0:0:1 - - [22/Apr/2017:16:00:07 +0800] "GET /rooms/1010/players HTTP/1.1" 200 585
0:0:0:0:0:0:0:1 - - [22/Apr/2017:16:00:07 +0800] "GET /wk/info HTTP/1.1" 200 78
0:0:0:0:0:0:0:1 - - [22/Apr/2017:16:00:07 +0800] "GET /wk/582/vd8pbdsg/websocket HTTP/1.1" 101 -
0:0:0:0:0:0:0:1 - - [22/Apr/2017:16:00:12 +0800] "POST /login HTTP/1.1" 200 574
0:0:0:0:0:0:0:1 - - [22/Apr/2017:16:00:13 +0800] "GET /getUser HTTP/1.1" 200 577
0:0:0:0:0:0:0:1 - - [22/Apr/2017:16:00:13 +0800] "GET /rooms HTTP/1.1" 200 2357
0:0:0:0:0:0:0:1 - - [22/Apr/2017:16:00:13 +0800] "GET /wk/info HTTP/1.1" 200 78
0:0:0:0:0:0:0:1 - - [22/Apr/2017:16:00:13 +0800] "GET /wk/696/9jd33_9x/websocket HTTP/1.1" 101 -
0:0:0:0:0:0:0:1 - - [22/Apr/2017:16:00:14 +0800] "GET /rooms/1010/join?userId=2 HTTP/1.1" 200 64
0:0:0:0:0:0:0:1 - - [22/Apr/2017:16:00:14 +0800] "POST /rooms/1010 HTTP/1.1" 200 274
0:0:0:0:0:0:0:1 - - [22/Apr/2017:16:00:14 +0800] "GET /rooms/1010/players HTTP/1.1" 200 1103
0:0:0:0:0:0:0:1 - - [22/Apr/2017:16:00:14 +0800] "GET /getUser HTTP/1.1" 200 577
0:0:0:0:0:0:0:1 - - [22/Apr/2017:16:00:14 +0800] "POST /rooms/1010 HTTP/1.1" 200 274
0:0:0:0:0:0:0:1 - - [22/Apr/2017:16:00:14 +0800] "GET /rooms/1010/players HTTP/1.1" 200 1103
0:0:0:0:0:0:0:1 - - [22/Apr/2017:16:00:14 +0800] "GET /wk/info HTTP/1.1" 200 78
0:0:0:0:0:0:0:1 - - [22/Apr/2017:16:00:14 +0800] "GET /wk/776/mkmt0ysa/websocket HTTP/1.1" 101 -
0:0:0:0:0:0:0:1 - - [22/Apr/2017:16:00:21 +0800] "POST /login HTTP/1.1" 200 574
0:0:0:0:0:0:0:1 - - [22/Apr/2017:16:00:21 +0800] "GET /getUser HTTP/1.1" 200 577
0:0:0:0:0:0:0:1 - - [22/Apr/2017:16:00:21 +0800] "GET /rooms HTTP/1.1" 200 2357
0:0:0:0:0:0:0:1 - - [22/Apr/2017:16:00:21 +0800] "GET /wk/info HTTP/1.1" 200 77
0:0:0:0:0:0:0:1 - - [22/Apr/2017:16:00:21 +0800] "GET /wk/616/j2_vk_ko/websocket HTTP/1.1" 101 -
0:0:0:0:0:0:0:1 - - [22/Apr/2017:16:00:22 +0800] "GET /rooms/1010/join?userId=7 HTTP/1.1" 200 64
0:0:0:0:0:0:0:1 - - [22/Apr/2017:16:00:22 +0800] "POST /rooms/1010 HTTP/1.1" 200 274
0:0:0:0:0:0:0:1 - - [22/Apr/2017:16:00:22 +0800] "POST /rooms/1010 HTTP/1.1" 200 274
0:0:0:0:0:0:0:1 - - [22/Apr/2017:16:00:22 +0800] "GET /rooms/1010/players HTTP/1.1" 200 1621
0:0:0:0:0:0:0:1 - - [22/Apr/2017:16:00:22 +0800] "GET /rooms/1010/players HTTP/1.1" 200 1621
0:0:0:0:0:0:0:1 - - [22/Apr/2017:16:00:22 +0800] "GET /getUser HTTP/1.1" 200 577
0:0:0:0:0:0:0:1 - - [22/Apr/2017:16:00:22 +0800] "POST /rooms/1010 HTTP/1.1" 200 274
0:0:0:0:0:0:0:1 - - [22/Apr/2017:16:00:22 +0800] "GET /rooms/1010/players HTTP/1.1" 200 1621
0:0:0:0:0:0:0:1 - - [22/Apr/2017:16:00:22 +0800] "GET /wk/info HTTP/1.1" 200 78
0:0:0:0:0:0:0:1 - - [22/Apr/2017:16:00:22 +0800] "GET /wk/266/qnjjplqw/websocket HTTP/1.1" 101 -
0:0:0:0:0:0:0:1 - - [22/Apr/2017:16:00:24 +0800] "GET /rooms/1010/ready?userId=1 HTTP/1.1" 200 60
0:0:0:0:0:0:0:1 - - [22/Apr/2017:16:00:25 +0800] "GET /rooms/1010/ready?userId=2 HTTP/1.1" 200 60
0:0:0:0:0:0:0:1 - - [22/Apr/2017:16:00:27 +0800] "GET /rooms/1010/ready?userId=7 HTTP/1.1" 200 56
0:0:0:0:0:0:0:1 - - [22/Apr/2017:16:00:55 +0800] "GET /rooms/1010/unready?userId=7 HTTP/1.1" 200 62
0:0:0:0:0:0:0:1 - - [22/Apr/2017:16:00:58 +0800] "GET /rooms/1010/leave?userId=7 HTTP/1.1" 200 65
0:0:0:0:0:0:0:1 - - [22/Apr/2017:16:00:59 +0800] "POST /rooms/1010 HTTP/1.1" 200 274
0:0:0:0:0:0:0:1 - - [22/Apr/2017:16:00:59 +0800] "POST /rooms/1010 HTTP/1.1" 200 274
0:0:0:0:0:0:0:1 - - [22/Apr/2017:16:00:59 +0800] "GET /rooms/1010/players HTTP/1.1" 200 1103
0:0:0:0:0:0:0:1 - - [22/Apr/2017:16:00:59 +0800] "GET /rooms/1010/players HTTP/1.1" 200 1103
0:0:0:0:0:0:0:1 - - [22/Apr/2017:16:00:59 +0800] "GET /getUser HTTP/1.1" 200 577
0:0:0:0:0:0:0:1 - - [22/Apr/2017:16:00:59 +0800] "GET /rooms HTTP/1.1" 200 2357
0:0:0:0:0:0:0:1 - - [22/Apr/2017:16:00:59 +0800] "GET /wk/info HTTP/1.1" 200 77
0:0:0:0:0:0:0:1 - - [22/Apr/2017:16:00:59 +0800] "GET /wk/847/9r9eq5ev/websocket HTTP/1.1" 101 -
0:0:0:0:0:0:0:1 - - [22/Apr/2017:16:01:01 +0800] "GET /rooms/1010/unready?userId=2 HTTP/1.1" 200 62
0:0:0:0:0:0:0:1 - - [22/Apr/2017:16:01:02 +0800] "GET /rooms/1010/leave?userId=2 HTTP/1.1" 200 65
0:0:0:0:0:0:0:1 - - [22/Apr/2017:16:01:02 +0800] "POST /rooms/1010 HTTP/1.1" 200 274
0:0:0:0:0:0:0:1 - - [22/Apr/2017:16:01:02 +0800] "GET /rooms/1010/players HTTP/1.1" 200 585
0:0:0:0:0:0:0:1 - - [22/Apr/2017:16:01:02 +0800] "GET /getUser HTTP/1.1" 200 577
0:0:0:0:0:0:0:1 - - [22/Apr/2017:16:01:02 +0800] "GET /rooms HTTP/1.1" 200 2357
0:0:0:0:0:0:0:1 - - [22/Apr/2017:16:01:02 +0800] "GET /wk/info HTTP/1.1" 200 78
0:0:0:0:0:0:0:1 - - [22/Apr/2017:16:01:02 +0800] "GET /wk/437/oigg5dvc/websocket HTTP/1.1" 101 -
0:0:0:0:0:0:0:1 - - [22/Apr/2017:16:01:04 +0800] "GET /rooms/1010/unready?userId=1 HTTP/1.1" 200 62
0:0:0:0:0:0:0:1 - - [22/Apr/2017:16:01:05 +0800] "GET /rooms/1010/leave?userId=1 HTTP/1.1" 200 65
0:0:0:0:0:0:0:1 - - [22/Apr/2017:16:01:05 +0800] "GET /getUser HTTP/1.1" 200 577
0:0:0:0:0:0:0:1 - - [22/Apr/2017:16:01:05 +0800] "GET /rooms HTTP/1.1" 200 2357
0:0:0:0:0:0:0:1 - - [22/Apr/2017:16:01:05 +0800] "GET /wk/info HTTP/1.1" 200 79
0:0:0:0:0:0:0:1 - - [22/Apr/2017:16:01:05 +0800] "GET /wk/327/fdrshlyd/websocket HTTP/1.1" 101 -
196.52.43.55 - - [22/Apr/2017:16:16:37 +0800] "GET / HTTP/1.0" 200 3120
0:0:0:0:0:0:0:1 - - [22/Apr/2017:16:19:05 +0800] "POST /login HTTP/1.1" 200 577
0:0:0:0:0:0:0:1 - - [22/Apr/2017:16:19:05 +0800] "GET /getUser HTTP/1.1" 200 580
0:0:0:0:0:0:0:1 - - [22/Apr/2017:16:19:05 +0800] "GET /wk/info HTTP/1.1" 200 78
0:0:0:0:0:0:0:1 - - [22/Apr/2017:16:19:05 +0800] "GET /rooms HTTP/1.1" 200 2357
0:0:0:0:0:0:0:1 - - [22/Apr/2017:16:19:05 +0800] "GET /wk/623/qpwbdklk/websocket HTTP/1.1" 101 -
0:0:0:0:0:0:0:1 - - [22/Apr/2017:16:19:07 +0800] "GET /rooms/1010/join?userId=1 HTTP/1.1" 200 64
0:0:0:0:0:0:0:1 - - [22/Apr/2017:16:19:07 +0800] "GET /getUser HTTP/1.1" 200 580
0:0:0:0:0:0:0:1 - - [22/Apr/2017:16:19:07 +0800] "POST /rooms/1010 HTTP/1.1" 200 274
0:0:0:0:0:0:0:1 - - [22/Apr/2017:16:19:07 +0800] "GET /rooms/1010/players HTTP/1.1" 200 585
0:0:0:0:0:0:0:1 - - [22/Apr/2017:16:19:07 +0800] "GET /wk/info HTTP/1.1" 200 78
0:0:0:0:0:0:0:1 - - [22/Apr/2017:16:19:07 +0800] "GET /wk/903/p40vaqs9/websocket HTTP/1.1" 101 -
94.102.49.174 - - [22/Apr/2017:16:19:15 +0800] "GET /cache/global/img/gs.gif HTTP/1.1" 404 138
0:0:0:0:0:0:0:1 - - [22/Apr/2017:16:22:01 +0800] "GET /rooms/1010/leave?userId=1 HTTP/1.1" 200 65
0:0:0:0:0:0:0:1 - - [22/Apr/2017:16:22:01 +0800] "GET /getUser HTTP/1.1" 200 580
0:0:0:0:0:0:0:1 - - [22/Apr/2017:16:22:01 +0800] "GET /wk/info HTTP/1.1" 200 78
0:0:0:0:0:0:0:1 - - [22/Apr/2017:16:22:01 +0800] "GET /rooms HTTP/1.1" 200 2357
0:0:0:0:0:0:0:1 - - [22/Apr/2017:16:22:01 +0800] "GET /wk/476/c_ze7lau/websocket HTTP/1.1" 101 -
0:0:0:0:0:0:0:1 - - [22/Apr/2017:16:22:14 +0800] "POST /login HTTP/1.1" 200 577
0:0:0:0:0:0:0:1 - - [22/Apr/2017:16:22:14 +0800] "GET /getUser HTTP/1.1" 200 580
0:0:0:0:0:0:0:1 - - [22/Apr/2017:16:22:14 +0800] "GET /rooms HTTP/1.1" 200 2357
0:0:0:0:0:0:0:1 - - [22/Apr/2017:16:22:14 +0800] "GET /wk/info HTTP/1.1" 200 78
0:0:0:0:0:0:0:1 - - [22/Apr/2017:16:22:14 +0800] "GET /wk/160/pruvy6da/websocket HTTP/1.1" 101 -
0:0:0:0:0:0:0:1 - - [22/Apr/2017:16:22:15 +0800] "GET /rooms/1010/join?userId=1 HTTP/1.1" 200 64
0:0:0:0:0:0:0:1 - - [22/Apr/2017:16:22:15 +0800] "GET /getUser HTTP/1.1" 200 580
0:0:0:0:0:0:0:1 - - [22/Apr/2017:16:22:15 +0800] "POST /rooms/1010 HTTP/1.1" 200 274
0:0:0:0:0:0:0:1 - - [22/Apr/2017:16:22:15 +0800] "GET /rooms/1010/players HTTP/1.1" 200 585
0:0:0:0:0:0:0:1 - - [22/Apr/2017:16:22:15 +0800] "GET /wk/info HTTP/1.1" 200 77
0:0:0:0:0:0:0:1 - - [22/Apr/2017:16:22:15 +0800] "GET /wk/076/am2741hi/websocket HTTP/1.1" 101 -
0:0:0:0:0:0:0:1 - - [22/Apr/2017:16:24:45 +0800] "GET /rooms/1010/leave?userId=1 HTTP/1.1" 200 65
0:0:0:0:0:0:0:1 - - [22/Apr/2017:16:24:45 +0800] "GET /rooms HTTP/1.1" 200 2357
0:0:0:0:0:0:0:1 - - [22/Apr/2017:16:24:45 +0800] "GET /wk/info HTTP/1.1" 200 77
0:0:0:0:0:0:0:1 - - [22/Apr/2017:16:24:45 +0800] "GET /getUser HTTP/1.1" 200 580
0:0:0:0:0:0:0:1 - - [22/Apr/2017:16:24:45 +0800] "GET /wk/545/y006j9xy/websocket HTTP/1.1" 101 -
0:0:0:0:0:0:0:1 - - [22/Apr/2017:16:24:57 +0800] "POST /login HTTP/1.1" 200 577
0:0:0:0:0:0:0:1 - - [22/Apr/2017:16:24:57 +0800] "GET /getUser HTTP/1.1" 200 580
0:0:0:0:0:0:0:1 - - [22/Apr/2017:16:24:57 +0800] "GET /wk/info HTTP/1.1" 200 77
0:0:0:0:0:0:0:1 - - [22/Apr/2017:16:24:57 +0800] "GET /rooms HTTP/1.1" 200 2357
0:0:0:0:0:0:0:1 - - [22/Apr/2017:16:24:57 +0800] "GET /wk/740/4jdbjr94/websocket HTTP/1.1" 101 -
0:0:0:0:0:0:0:1 - - [22/Apr/2017:16:24:58 +0800] "GET /rooms/1010/join?userId=1 HTTP/1.1" 200 64
0:0:0:0:0:0:0:1 - - [22/Apr/2017:16:24:58 +0800] "GET /getUser HTTP/1.1" 200 580
0:0:0:0:0:0:0:1 - - [22/Apr/2017:16:24:58 +0800] "POST /rooms/1010 HTTP/1.1" 200 274
0:0:0:0:0:0:0:1 - - [22/Apr/2017:16:24:58 +0800] "GET /rooms/1010/players HTTP/1.1" 200 585
0:0:0:0:0:0:0:1 - - [22/Apr/2017:16:24:58 +0800] "GET /wk/info HTTP/1.1" 200 79
0:0:0:0:0:0:0:1 - - [22/Apr/2017:16:24:58 +0800] "GET /wk/372/25kcc27w/websocket HTTP/1.1" 101 -
0:0:0:0:0:0:0:1 - - [22/Apr/2017:16:27:08 +0800] "GET /rooms/1010/leave?userId=1 HTTP/1.1" 200 65
0:0:0:0:0:0:0:1 - - [22/Apr/2017:16:27:08 +0800] "GET /rooms HTTP/1.1" 200 2357
0:0:0:0:0:0:0:1 - - [22/Apr/2017:16:27:08 +0800] "GET /getUser HTTP/1.1" 200 580
0:0:0:0:0:0:0:1 - - [22/Apr/2017:16:27:08 +0800] "GET /wk/info HTTP/1.1" 200 77
0:0:0:0:0:0:0:1 - - [22/Apr/2017:16:27:08 +0800] "GET /wk/157/bwlb7hqf/websocket HTTP/1.1" 101 -
0:0:0:0:0:0:0:1 - - [22/Apr/2017:16:27:09 +0800] "GET /rooms/1010/join?userId=1 HTTP/1.1" 200 64
0:0:0:0:0:0:0:1 - - [22/Apr/2017:16:27:09 +0800] "GET /getUser HTTP/1.1" 200 580
0:0:0:0:0:0:0:1 - - [22/Apr/2017:16:27:09 +0800] "GET /rooms/1010/players HTTP/1.1" 200 585
0:0:0:0:0:0:0:1 - - [22/Apr/2017:16:27:09 +0800] "POST /rooms/1010 HTTP/1.1" 200 274
0:0:0:0:0:0:0:1 - - [22/Apr/2017:16:27:09 +0800] "GET /wk/info HTTP/1.1" 200 79
0:0:0:0:0:0:0:1 - - [22/Apr/2017:16:27:09 +0800] "GET /wk/545/cq_ityaz/websocket HTTP/1.1" 101 -
0:0:0:0:0:0:0:1 - - [22/Apr/2017:16:28:28 +0800] "GET /rooms/1010/leave?userId=1 HTTP/1.1" 200 65
0:0:0:0:0:0:0:1 - - [22/Apr/2017:16:28:28 +0800] "GET /getUser HTTP/1.1" 200 580
0:0:0:0:0:0:0:1 - - [22/Apr/2017:16:28:28 +0800] "GET /rooms HTTP/1.1" 200 2357
0:0:0:0:0:0:0:1 - - [22/Apr/2017:16:28:28 +0800] "GET /wk/info HTTP/1.1" 200 78
0:0:0:0:0:0:0:1 - - [22/Apr/2017:16:28:28 +0800] "GET /wk/716/yh5avyxh/websocket HTTP/1.1" 101 -
0:0:0:0:0:0:0:1 - - [22/Apr/2017:16:28:29 +0800] "GET /rooms/1010/join?userId=1 HTTP/1.1" 200 64
0:0:0:0:0:0:0:1 - - [22/Apr/2017:16:28:29 +0800] "GET /getUser HTTP/1.1" 200 580
0:0:0:0:0:0:0:1 - - [22/Apr/2017:16:28:29 +0800] "GET /wk/info HTTP/1.1" 200 79
0:0:0:0:0:0:0:1 - - [22/Apr/2017:16:28:29 +0800] "POST /rooms/1010 HTTP/1.1" 200 274
0:0:0:0:0:0:0:1 - - [22/Apr/2017:16:28:29 +0800] "GET /rooms/1010/players HTTP/1.1" 200 585
0:0:0:0:0:0:0:1 - - [22/Apr/2017:16:28:29 +0800] "GET /wk/990/0fe6aclc/websocket HTTP/1.1" 101 -
0:0:0:0:0:0:0:1 - - [22/Apr/2017:16:29:37 +0800] "GET /rooms/1010/leave?userId=1 HTTP/1.1" 200 65
0:0:0:0:0:0:0:1 - - [22/Apr/2017:16:29:37 +0800] "GET /getUser HTTP/1.1" 200 580
0:0:0:0:0:0:0:1 - - [22/Apr/2017:16:29:37 +0800] "GET /rooms HTTP/1.1" 200 2357
0:0:0:0:0:0:0:1 - - [22/Apr/2017:16:29:37 +0800] "GET /wk/info HTTP/1.1" 200 78
0:0:0:0:0:0:0:1 - - [22/Apr/2017:16:29:37 +0800] "GET /wk/489/ak4leyuc/websocket HTTP/1.1" 101 -
0:0:0:0:0:0:0:1 - - [22/Apr/2017:16:29:38 +0800] "GET /rooms/1010/join?userId=1 HTTP/1.1" 200 64
0:0:0:0:0:0:0:1 - - [22/Apr/2017:16:29:38 +0800] "GET /getUser HTTP/1.1" 200 580
0:0:0:0:0:0:0:1 - - [22/Apr/2017:16:29:38 +0800] "POST /rooms/1010 HTTP/1.1" 200 274
0:0:0:0:0:0:0:1 - - [22/Apr/2017:16:29:38 +0800] "GET /wk/info HTTP/1.1" 200 78
0:0:0:0:0:0:0:1 - - [22/Apr/2017:16:29:38 +0800] "GET /rooms/1010/players HTTP/1.1" 200 585
0:0:0:0:0:0:0:1 - - [22/Apr/2017:16:29:38 +0800] "GET /wk/489/hsdsaq_r/websocket HTTP/1.1" 101 -
0:0:0:0:0:0:0:1 - - [22/Apr/2017:16:32:17 +0800] "GET /rooms/1010/leave?userId=1 HTTP/1.1" 200 65
0:0:0:0:0:0:0:1 - - [22/Apr/2017:16:32:17 +0800] "GET /rooms HTTP/1.1" 200 2357
0:0:0:0:0:0:0:1 - - [22/Apr/2017:16:32:17 +0800] "GET /getUser HTTP/1.1" 200 580
0:0:0:0:0:0:0:1 - - [22/Apr/2017:16:32:17 +0800] "GET /wk/info HTTP/1.1" 200 77
0:0:0:0:0:0:0:1 - - [22/Apr/2017:16:32:17 +0800] "GET /wk/998/nnnbcyhd/websocket HTTP/1.1" 101 -
0:0:0:0:0:0:0:1 - - [22/Apr/2017:16:32:18 +0800] "GET /rooms/1010/join?userId=1 HTTP/1.1" 200 64
0:0:0:0:0:0:0:1 - - [22/Apr/2017:16:32:18 +0800] "GET /getUser HTTP/1.1" 200 580
0:0:0:0:0:0:0:1 - - [22/Apr/2017:16:32:18 +0800] "POST /rooms/1010 HTTP/1.1" 200 274
0:0:0:0:0:0:0:1 - - [22/Apr/2017:16:32:18 +0800] "GET /rooms/1010/players HTTP/1.1" 200 585
0:0:0:0:0:0:0:1 - - [22/Apr/2017:16:32:18 +0800] "GET /wk/info HTTP/1.1" 200 78
0:0:0:0:0:0:0:1 - - [22/Apr/2017:16:32:18 +0800] "GET /wk/875/mibx8sqi/websocket HTTP/1.1" 101 -
0:0:0:0:0:0:0:1 - - [22/Apr/2017:16:32:58 +0800] "GET /rooms/1010/leave?userId=1 HTTP/1.1" 200 65
0:0:0:0:0:0:0:1 - - [22/Apr/2017:16:32:58 +0800] "GET /getUser HTTP/1.1" 200 580
0:0:0:0:0:0:0:1 - - [22/Apr/2017:16:32:58 +0800] "GET /wk/info HTTP/1.1" 200 78
0:0:0:0:0:0:0:1 - - [22/Apr/2017:16:32:58 +0800] "GET /rooms HTTP/1.1" 200 2357
0:0:0:0:0:0:0:1 - - [22/Apr/2017:16:32:58 +0800] "GET /wk/572/kutuymtm/websocket HTTP/1.1" 101 -
0:0:0:0:0:0:0:1 - - [22/Apr/2017:16:32:59 +0800] "GET /rooms/1010/join?userId=1 HTTP/1.1" 200 64
0:0:0:0:0:0:0:1 - - [22/Apr/2017:16:32:59 +0800] "GET /getUser HTTP/1.1" 200 580
0:0:0:0:0:0:0:1 - - [22/Apr/2017:16:32:59 +0800] "POST /rooms/1010 HTTP/1.1" 200 274
0:0:0:0:0:0:0:1 - - [22/Apr/2017:16:32:59 +0800] "GET /rooms/1010/players HTTP/1.1" 200 585
0:0:0:0:0:0:0:1 - - [22/Apr/2017:16:32:59 +0800] "GET /wk/info HTTP/1.1" 200 78
0:0:0:0:0:0:0:1 - - [22/Apr/2017:16:32:59 +0800] "GET /wk/648/ao_qezub/websocket HTTP/1.1" 101 -
0:0:0:0:0:0:0:1 - - [22/Apr/2017:16:33:23 +0800] "GET /rooms/1010/leave?userId=1 HTTP/1.1" 200 65
0:0:0:0:0:0:0:1 - - [22/Apr/2017:16:33:23 +0800] "GET /getUser HTTP/1.1" 200 580
0:0:0:0:0:0:0:1 - - [22/Apr/2017:16:33:23 +0800] "GET /wk/info HTTP/1.1" 200 78
0:0:0:0:0:0:0:1 - - [22/Apr/2017:16:33:23 +0800] "GET /rooms HTTP/1.1" 200 2357
0:0:0:0:0:0:0:1 - - [22/Apr/2017:16:33:23 +0800] "GET /wk/391/xew0qv5k/websocket HTTP/1.1" 101 -
0:0:0:0:0:0:0:1 - - [22/Apr/2017:16:33:24 +0800] "GET /rooms/1010/join?userId=1 HTTP/1.1" 200 64
0:0:0:0:0:0:0:1 - - [22/Apr/2017:16:33:24 +0800] "GET /getUser HTTP/1.1" 200 580
0:0:0:0:0:0:0:1 - - [22/Apr/2017:16:33:24 +0800] "POST /rooms/1010 HTTP/1.1" 200 274
0:0:0:0:0:0:0:1 - - [22/Apr/2017:16:33:24 +0800] "GET /wk/info HTTP/1.1" 200 77
0:0:0:0:0:0:0:1 - - [22/Apr/2017:16:33:24 +0800] "GET /rooms/1010/players HTTP/1.1" 200 585
0:0:0:0:0:0:0:1 - - [22/Apr/2017:16:33:24 +0800] "GET /wk/111/d6ldumcy/websocket HTTP/1.1" 101 -
0:0:0:0:0:0:0:1 - - [22/Apr/2017:16:35:53 +0800] "GET /rooms/1010/leave?userId=1 HTTP/1.1" 200 65
0:0:0:0:0:0:0:1 - - [22/Apr/2017:16:35:53 +0800] "GET /getUser HTTP/1.1" 200 580
0:0:0:0:0:0:0:1 - - [22/Apr/2017:16:35:53 +0800] "GET /rooms HTTP/1.1" 200 2357
0:0:0:0:0:0:0:1 - - [22/Apr/2017:16:35:53 +0800] "GET /wk/info HTTP/1.1" 200 79
0:0:0:0:0:0:0:1 - - [22/Apr/2017:16:35:53 +0800] "GET /wk/426/dg6dxfru/websocket HTTP/1.1" 101 -
0:0:0:0:0:0:0:1 - - [22/Apr/2017:16:35:54 +0800] "GET /rooms/1010/join?userId=1 HTTP/1.1" 200 64
0:0:0:0:0:0:0:1 - - [22/Apr/2017:16:35:55 +0800] "GET /getUser HTTP/1.1" 200 580
0:0:0:0:0:0:0:1 - - [22/Apr/2017:16:35:55 +0800] "POST /rooms/1010 HTTP/1.1" 200 274
0:0:0:0:0:0:0:1 - - [22/Apr/2017:16:35:55 +0800] "GET /wk/info HTTP/1.1" 200 77
0:0:0:0:0:0:0:1 - - [22/Apr/2017:16:35:55 +0800] "GET /rooms/1010/players HTTP/1.1" 200 585
0:0:0:0:0:0:0:1 - - [22/Apr/2017:16:35:55 +0800] "GET /wk/998/mkz42hbi/websocket HTTP/1.1" 101 -
0:0:0:0:0:0:0:1 - - [22/Apr/2017:16:36:39 +0800] "GET /rooms/1010/leave?userId=1 HTTP/1.1" 200 65
0:0:0:0:0:0:0:1 - - [22/Apr/2017:16:36:39 +0800] "GET /getUser HTTP/1.1" 200 580
0:0:0:0:0:0:0:1 - - [22/Apr/2017:16:36:39 +0800] "GET /wk/info HTTP/1.1" 200 78
0:0:0:0:0:0:0:1 - - [22/Apr/2017:16:36:39 +0800] "GET /rooms HTTP/1.1" 200 2357
0:0:0:0:0:0:0:1 - - [22/Apr/2017:16:36:39 +0800] "GET /wk/029/zc1nns5v/websocket HTTP/1.1" 101 -
0:0:0:0:0:0:0:1 - - [22/Apr/2017:16:36:40 +0800] "GET /rooms/1010/join?userId=1 HTTP/1.1" 200 64
0:0:0:0:0:0:0:1 - - [22/Apr/2017:16:36:40 +0800] "GET /getUser HTTP/1.1" 200 580
0:0:0:0:0:0:0:1 - - [22/Apr/2017:16:36:40 +0800] "POST /rooms/1010 HTTP/1.1" 200 274
0:0:0:0:0:0:0:1 - - [22/Apr/2017:16:36:40 +0800] "GET /wk/info HTTP/1.1" 200 78
0:0:0:0:0:0:0:1 - - [22/Apr/2017:16:36:40 +0800] "GET /rooms/1010/players HTTP/1.1" 200 585
0:0:0:0:0:0:0:1 - - [22/Apr/2017:16:36:40 +0800] "GET /wk/948/a5c0frnu/websocket HTTP/1.1" 101 -
0:0:0:0:0:0:0:1 - - [22/Apr/2017:16:36:58 +0800] "GET /rooms/1010/leave?userId=1 HTTP/1.1" 200 65
0:0:0:0:0:0:0:1 - - [22/Apr/2017:16:36:58 +0800] "GET /getUser HTTP/1.1" 200 580
0:0:0:0:0:0:0:1 - - [22/Apr/2017:16:36:58 +0800] "GET /wk/info HTTP/1.1" 200 79
0:0:0:0:0:0:0:1 - - [22/Apr/2017:16:36:58 +0800] "GET /rooms HTTP/1.1" 200 2357
0:0:0:0:0:0:0:1 - - [22/Apr/2017:16:36:58 +0800] "GET /wk/207/1c9q30wj/websocket HTTP/1.1" 101 -
0:0:0:0:0:0:0:1 - - [22/Apr/2017:16:36:59 +0800] "GET /rooms/1010/join?userId=1 HTTP/1.1" 200 64
0:0:0:0:0:0:0:1 - - [22/Apr/2017:16:36:59 +0800] "GET /getUser HTTP/1.1" 200 580
0:0:0:0:0:0:0:1 - - [22/Apr/2017:16:36:59 +0800] "GET /rooms/1010/players HTTP/1.1" 200 585
0:0:0:0:0:0:0:1 - - [22/Apr/2017:16:36:59 +0800] "POST /rooms/1010 HTTP/1.1" 200 274
0:0:0:0:0:0:0:1 - - [22/Apr/2017:16:36:59 +0800] "GET /wk/info HTTP/1.1" 200 79
0:0:0:0:0:0:0:1 - - [22/Apr/2017:16:36:59 +0800] "GET /wk/600/lz6qmfs2/websocket HTTP/1.1" 101 -
0:0:0:0:0:0:0:1 - - [22/Apr/2017:16:37:29 +0800] "GET /rooms/1010/leave?userId=1 HTTP/1.1" 200 65
0:0:0:0:0:0:0:1 - - [22/Apr/2017:16:37:29 +0800] "GET /getUser HTTP/1.1" 200 580
0:0:0:0:0:0:0:1 - - [22/Apr/2017:16:37:29 +0800] "GET /wk/info HTTP/1.1" 200 78
0:0:0:0:0:0:0:1 - - [22/Apr/2017:16:37:29 +0800] "GET /rooms HTTP/1.1" 200 2357
0:0:0:0:0:0:0:1 - - [22/Apr/2017:16:37:29 +0800] "GET /wk/998/544ovppb/websocket HTTP/1.1" 101 -
0:0:0:0:0:0:0:1 - - [22/Apr/2017:16:37:30 +0800] "GET /rooms/1010/join?userId=1 HTTP/1.1" 200 64
0:0:0:0:0:0:0:1 - - [22/Apr/2017:16:37:30 +0800] "GET /getUser HTTP/1.1" 200 580
0:0:0:0:0:0:0:1 - - [22/Apr/2017:16:37:30 +0800] "GET /rooms/1010/players HTTP/1.1" 200 585
0:0:0:0:0:0:0:1 - - [22/Apr/2017:16:37:30 +0800] "POST /rooms/1010 HTTP/1.1" 200 274
0:0:0:0:0:0:0:1 - - [22/Apr/2017:16:37:30 +0800] "GET /wk/info HTTP/1.1" 200 78
0:0:0:0:0:0:0:1 - - [22/Apr/2017:16:37:30 +0800] "GET /wk/613/_wwy16es/websocket HTTP/1.1" 101 -
0:0:0:0:0:0:0:1 - - [22/Apr/2017:16:52:18 +0800] "GET /rooms/1010/leave?userId=1 HTTP/1.1" 200 65
0:0:0:0:0:0:0:1 - - [22/Apr/2017:16:52:18 +0800] "GET /getUser HTTP/1.1" 200 580
0:0:0:0:0:0:0:1 - - [22/Apr/2017:16:52:18 +0800] "GET /rooms HTTP/1.1" 200 2357
0:0:0:0:0:0:0:1 - - [22/Apr/2017:16:52:18 +0800] "GET /wk/info HTTP/1.1" 200 78
0:0:0:0:0:0:0:1 - - [22/Apr/2017:16:52:18 +0800] "GET /wk/305/55cowjsd/websocket HTTP/1.1" 101 -
0:0:0:0:0:0:0:1 - - [22/Apr/2017:16:52:19 +0800] "GET /rooms/1010/join?userId=1 HTTP/1.1" 200 64
0:0:0:0:0:0:0:1 - - [22/Apr/2017:16:52:19 +0800] "GET /getUser HTTP/1.1" 200 580
0:0:0:0:0:0:0:1 - - [22/Apr/2017:16:52:19 +0800] "POST /rooms/1010 HTTP/1.1" 200 274
0:0:0:0:0:0:0:1 - - [22/Apr/2017:16:52:19 +0800] "GET /wk/info HTTP/1.1" 200 78
0:0:0:0:0:0:0:1 - - [22/Apr/2017:16:52:19 +0800] "GET /rooms/1010/players HTTP/1.1" 200 585
0:0:0:0:0:0:0:1 - - [22/Apr/2017:16:52:19 +0800] "GET /wk/344/gqs43mdw/websocket HTTP/1.1" 101 -
0:0:0:0:0:0:0:1 - - [22/Apr/2017:17:55:48 +0800] "POST /login HTTP/1.1" 200 577
0:0:0:0:0:0:0:1 - - [22/Apr/2017:17:55:48 +0800] "GET /getUser HTTP/1.1" 200 580
0:0:0:0:0:0:0:1 - - [22/Apr/2017:17:55:48 +0800] "GET /wk/info HTTP/1.1" 200 79
0:0:0:0:0:0:0:1 - - [22/Apr/2017:17:55:48 +0800] "GET /rooms HTTP/1.1" 200 2357
0:0:0:0:0:0:0:1 - - [22/Apr/2017:17:55:48 +0800] "GET /wk/849/z5numr7o/websocket HTTP/1.1" 101 -
0:0:0:0:0:0:0:1 - - [22/Apr/2017:17:55:50 +0800] "GET /rooms/1010/join?userId=1 HTTP/1.1" 200 64
0:0:0:0:0:0:0:1 - - [22/Apr/2017:17:55:50 +0800] "GET /getUser HTTP/1.1" 200 580
0:0:0:0:0:0:0:1 - - [22/Apr/2017:17:55:50 +0800] "GET /rooms/1010/players HTTP/1.1" 200 585
0:0:0:0:0:0:0:1 - - [22/Apr/2017:17:55:50 +0800] "POST /rooms/1010 HTTP/1.1" 200 274
0:0:0:0:0:0:0:1 - - [22/Apr/2017:17:55:50 +0800] "GET /wk/info HTTP/1.1" 200 78
0:0:0:0:0:0:0:1 - - [22/Apr/2017:17:55:50 +0800] "GET /wk/734/n__jxkcl/websocket HTTP/1.1" 101 -
0:0:0:0:0:0:0:1 - - [22/Apr/2017:17:56:07 +0800] "GET /rooms/1010/leave?userId=1 HTTP/1.1" 200 65
0:0:0:0:0:0:0:1 - - [22/Apr/2017:17:56:07 +0800] "GET /getUser HTTP/1.1" 200 580
0:0:0:0:0:0:0:1 - - [22/Apr/2017:17:56:07 +0800] "GET /wk/info HTTP/1.1" 200 78
0:0:0:0:0:0:0:1 - - [22/Apr/2017:17:56:07 +0800] "GET /rooms HTTP/1.1" 200 2357
0:0:0:0:0:0:0:1 - - [22/Apr/2017:17:56:07 +0800] "GET /wk/227/dj933xr5/websocket HTTP/1.1" 101 -
0:0:0:0:0:0:0:1 - - [22/Apr/2017:17:56:39 +0800] "GET /rooms/1010/join?userId=1 HTTP/1.1" 200 64
0:0:0:0:0:0:0:1 - - [22/Apr/2017:17:56:39 +0800] "GET /getUser HTTP/1.1" 200 580
0:0:0:0:0:0:0:1 - - [22/Apr/2017:17:56:39 +0800] "POST /rooms/1010 HTTP/1.1" 200 274
0:0:0:0:0:0:0:1 - - [22/Apr/2017:17:56:39 +0800] "GET /rooms/1010/players HTTP/1.1" 200 585
0:0:0:0:0:0:0:1 - - [22/Apr/2017:17:56:39 +0800] "GET /wk/info HTTP/1.1" 200 78
0:0:0:0:0:0:0:1 - - [22/Apr/2017:17:56:39 +0800] "GET /wk/983/bkjuvzv_/websocket HTTP/1.1" 101 -
0:0:0:0:0:0:0:1 - - [22/Apr/2017:17:58:20 +0800] "GET /rooms/1010/leave?userId=1 HTTP/1.1" 200 65
0:0:0:0:0:0:0:1 - - [22/Apr/2017:17:58:20 +0800] "GET /getUser HTTP/1.1" 200 580
0:0:0:0:0:0:0:1 - - [22/Apr/2017:17:58:20 +0800] "GET /rooms HTTP/1.1" 200 2357
0:0:0:0:0:0:0:1 - - [22/Apr/2017:17:58:20 +0800] "GET /wk/info HTTP/1.1" 200 78
0:0:0:0:0:0:0:1 - - [22/Apr/2017:17:58:20 +0800] "GET /wk/569/p4uq0ddl/websocket HTTP/1.1" 101 -
0:0:0:0:0:0:0:1 - - [22/Apr/2017:17:58:21 +0800] "GET /rooms/1010/join?userId=1 HTTP/1.1" 200 64
0:0:0:0:0:0:0:1 - - [22/Apr/2017:17:58:21 +0800] "GET /getUser HTTP/1.1" 200 580
0:0:0:0:0:0:0:1 - - [22/Apr/2017:17:58:21 +0800] "POST /rooms/1010 HTTP/1.1" 200 274
0:0:0:0:0:0:0:1 - - [22/Apr/2017:17:58:21 +0800] "GET /rooms/1010/players HTTP/1.1" 200 585
0:0:0:0:0:0:0:1 - - [22/Apr/2017:17:58:21 +0800] "GET /wk/info HTTP/1.1" 200 78
0:0:0:0:0:0:0:1 - - [22/Apr/2017:17:58:21 +0800] "GET /wk/556/ob_1z0rs/websocket HTTP/1.1" 101 -
0:0:0:0:0:0:0:1 - - [22/Apr/2017:17:59:16 +0800] "GET /rooms/1010/leave?userId=1 HTTP/1.1" 200 65
0:0:0:0:0:0:0:1 - - [22/Apr/2017:17:59:16 +0800] "GET /getUser HTTP/1.1" 200 580
0:0:0:0:0:0:0:1 - - [22/Apr/2017:17:59:16 +0800] "GET /wk/info HTTP/1.1" 200 78
0:0:0:0:0:0:0:1 - - [22/Apr/2017:17:59:16 +0800] "GET /rooms HTTP/1.1" 200 2357
0:0:0:0:0:0:0:1 - - [22/Apr/2017:17:59:16 +0800] "GET /wk/993/lwe9b_5s/websocket HTTP/1.1" 101 -
0:0:0:0:0:0:0:1 - - [22/Apr/2017:17:59:17 +0800] "GET /rooms/1010/join?userId=1 HTTP/1.1" 200 64
0:0:0:0:0:0:0:1 - - [22/Apr/2017:17:59:17 +0800] "GET /getUser HTTP/1.1" 200 580
0:0:0:0:0:0:0:1 - - [22/Apr/2017:17:59:17 +0800] "POST /rooms/1010 HTTP/1.1" 200 274
0:0:0:0:0:0:0:1 - - [22/Apr/2017:17:59:17 +0800] "GET /rooms/1010/players HTTP/1.1" 200 585
0:0:0:0:0:0:0:1 - - [22/Apr/2017:17:59:17 +0800] "GET /wk/info HTTP/1.1" 200 78
0:0:0:0:0:0:0:1 - - [22/Apr/2017:17:59:17 +0800] "GET /wk/673/eodbmy05/websocket HTTP/1.1" 101 -
0:0:0:0:0:0:0:1 - - [22/Apr/2017:17:59:43 +0800] "GET /rooms/1010/leave?userId=1 HTTP/1.1" 200 65
0:0:0:0:0:0:0:1 - - [22/Apr/2017:17:59:43 +0800] "GET /getUser HTTP/1.1" 200 580
0:0:0:0:0:0:0:1 - - [22/Apr/2017:17:59:43 +0800] "GET /wk/info HTTP/1.1" 200 78
0:0:0:0:0:0:0:1 - - [22/Apr/2017:17:59:43 +0800] "GET /rooms HTTP/1.1" 200 2357
0:0:0:0:0:0:0:1 - - [22/Apr/2017:17:59:43 +0800] "GET /wk/742/x7j5e7lr/websocket HTTP/1.1" 101 -
0:0:0:0:0:0:0:1 - - [22/Apr/2017:17:59:44 +0800] "GET /rooms/1010/join?userId=1 HTTP/1.1" 200 64
0:0:0:0:0:0:0:1 - - [22/Apr/2017:17:59:44 +0800] "GET /getUser HTTP/1.1" 200 580
0:0:0:0:0:0:0:1 - - [22/Apr/2017:17:59:44 +0800] "POST /rooms/1010 HTTP/1.1" 200 274
0:0:0:0:0:0:0:1 - - [22/Apr/2017:17:59:44 +0800] "GET /rooms/1010/players HTTP/1.1" 200 585
0:0:0:0:0:0:0:1 - - [22/Apr/2017:17:59:44 +0800] "GET /wk/info HTTP/1.1" 200 78
0:0:0:0:0:0:0:1 - - [22/Apr/2017:17:59:44 +0800] "GET /wk/521/bum7lqsv/websocket HTTP/1.1" 101 -
0:0:0:0:0:0:0:1 - - [22/Apr/2017:18:00:48 +0800] "GET /rooms/1010/leave?userId=1 HTTP/1.1" 200 65
0:0:0:0:0:0:0:1 - - [22/Apr/2017:18:00:48 +0800] "GET /rooms HTTP/1.1" 200 2357
0:0:0:0:0:0:0:1 - - [22/Apr/2017:18:00:48 +0800] "GET /getUser HTTP/1.1" 200 580
0:0:0:0:0:0:0:1 - - [22/Apr/2017:18:00:48 +0800] "GET /wk/info HTTP/1.1" 200 78
0:0:0:0:0:0:0:1 - - [22/Apr/2017:18:00:48 +0800] "GET /wk/142/w_6796hl/websocket HTTP/1.1" 101 -
0:0:0:0:0:0:0:1 - - [22/Apr/2017:18:00:49 +0800] "GET /rooms/1010/join?userId=1 HTTP/1.1" 200 64
0:0:0:0:0:0:0:1 - - [22/Apr/2017:18:00:49 +0800] "GET /getUser HTTP/1.1" 200 580
0:0:0:0:0:0:0:1 - - [22/Apr/2017:18:00:49 +0800] "POST /rooms/1010 HTTP/1.1" 200 274
0:0:0:0:0:0:0:1 - - [22/Apr/2017:18:00:49 +0800] "GET /rooms/1010/players HTTP/1.1" 200 585
0:0:0:0:0:0:0:1 - - [22/Apr/2017:18:00:49 +0800] "GET /wk/info HTTP/1.1" 200 79
0:0:0:0:0:0:0:1 - - [22/Apr/2017:18:00:49 +0800] "GET /wk/098/w72nl2qt/websocket HTTP/1.1" 101 -
0:0:0:0:0:0:0:1 - - [22/Apr/2017:18:07:38 +0800] "GET /rooms/1010/leave?userId=1 HTTP/1.1" 200 65
0:0:0:0:0:0:0:1 - - [22/Apr/2017:18:07:38 +0800] "GET /getUser HTTP/1.1" 200 580
0:0:0:0:0:0:0:1 - - [22/Apr/2017:18:07:38 +0800] "GET /rooms HTTP/1.1" 200 2357
0:0:0:0:0:0:0:1 - - [22/Apr/2017:18:07:38 +0800] "GET /wk/info HTTP/1.1" 200 78
0:0:0:0:0:0:0:1 - - [22/Apr/2017:18:07:38 +0800] "GET /wk/576/2ird3bqh/websocket HTTP/1.1" 101 -
0:0:0:0:0:0:0:1 - - [22/Apr/2017:18:07:39 +0800] "GET /rooms/1010/join?userId=1 HTTP/1.1" 200 64
0:0:0:0:0:0:0:1 - - [22/Apr/2017:18:07:39 +0800] "GET /getUser HTTP/1.1" 200 580
0:0:0:0:0:0:0:1 - - [22/Apr/2017:18:07:39 +0800] "POST /rooms/1010 HTTP/1.1" 200 274
0:0:0:0:0:0:0:1 - - [22/Apr/2017:18:07:39 +0800] "GET /rooms/1010/players HTTP/1.1" 200 585
0:0:0:0:0:0:0:1 - - [22/Apr/2017:18:07:39 +0800] "GET /wk/info HTTP/1.1" 200 78
0:0:0:0:0:0:0:1 - - [22/Apr/2017:18:07:39 +0800] "GET /wk/262/01ln19w6/websocket HTTP/1.1" 101 -
0:0:0:0:0:0:0:1 - - [22/Apr/2017:18:09:12 +0800] "GET /rooms/1010/leave?userId=1 HTTP/1.1" 200 65
0:0:0:0:0:0:0:1 - - [22/Apr/2017:18:09:12 +0800] "GET /rooms HTTP/1.1" 200 2357
0:0:0:0:0:0:0:1 - - [22/Apr/2017:18:09:12 +0800] "GET /getUser HTTP/1.1" 200 580
0:0:0:0:0:0:0:1 - - [22/Apr/2017:18:09:12 +0800] "GET /wk/info HTTP/1.1" 200 78
0:0:0:0:0:0:0:1 - - [22/Apr/2017:18:09:12 +0800] "GET /wk/241/yturjm68/websocket HTTP/1.1" 101 -
0:0:0:0:0:0:0:1 - - [22/Apr/2017:18:09:13 +0800] "GET /rooms/1010/join?userId=1 HTTP/1.1" 200 64
0:0:0:0:0:0:0:1 - - [22/Apr/2017:18:09:13 +0800] "GET /getUser HTTP/1.1" 200 580
0:0:0:0:0:0:0:1 - - [22/Apr/2017:18:09:13 +0800] "POST /rooms/1010 HTTP/1.1" 200 274
0:0:0:0:0:0:0:1 - - [22/Apr/2017:18:09:13 +0800] "GET /rooms/1010/players HTTP/1.1" 200 585
0:0:0:0:0:0:0:1 - - [22/Apr/2017:18:09:13 +0800] "GET /wk/info HTTP/1.1" 200 78
0:0:0:0:0:0:0:1 - - [22/Apr/2017:18:09:13 +0800] "GET /wk/270/1gso21bb/websocket HTTP/1.1" 101 -
0:0:0:0:0:0:0:1 - - [22/Apr/2017:18:09:54 +0800] "GET /rooms/1010/leave?userId=1 HTTP/1.1" 200 65
0:0:0:0:0:0:0:1 - - [22/Apr/2017:18:09:54 +0800] "GET /getUser HTTP/1.1" 200 580
0:0:0:0:0:0:0:1 - - [22/Apr/2017:18:09:54 +0800] "GET /wk/info HTTP/1.1" 200 79
0:0:0:0:0:0:0:1 - - [22/Apr/2017:18:09:54 +0800] "GET /rooms HTTP/1.1" 200 2357
0:0:0:0:0:0:0:1 - - [22/Apr/2017:18:09:54 +0800] "GET /wk/029/deeccgdp/websocket HTTP/1.1" 101 -
0:0:0:0:0:0:0:1 - - [22/Apr/2017:18:09:54 +0800] "GET /rooms/1010/join?userId=1 HTTP/1.1" 200 64
0:0:0:0:0:0:0:1 - - [22/Apr/2017:18:09:54 +0800] "GET /getUser HTTP/1.1" 200 580
0:0:0:0:0:0:0:1 - - [22/Apr/2017:18:09:54 +0800] "POST /rooms/1010 HTTP/1.1" 200 274
0:0:0:0:0:0:0:1 - - [22/Apr/2017:18:09:54 +0800] "GET /wk/info HTTP/1.1" 200 78
0:0:0:0:0:0:0:1 - - [22/Apr/2017:18:09:54 +0800] "GET /rooms/1010/players HTTP/1.1" 200 585
0:0:0:0:0:0:0:1 - - [22/Apr/2017:18:09:54 +0800] "GET /wk/893/xoylwq7j/websocket HTTP/1.1" 101 -
0:0:0:0:0:0:0:1 - - [22/Apr/2017:18:10:26 +0800] "GET /rooms/1010/ready?userId=1 HTTP/1.1" 200 60
0:0:0:0:0:0:0:1 - - [22/Apr/2017:18:10:27 +0800] "GET /rooms/1010/unready?userId=1 HTTP/1.1" 200 62
0:0:0:0:0:0:0:1 - - [22/Apr/2017:18:14:37 +0800] "GET /rooms/1010/leave?userId=1 HTTP/1.1" 200 65
0:0:0:0:0:0:0:1 - - [22/Apr/2017:18:14:37 +0800] "GET /getUser HTTP/1.1" 200 580
0:0:0:0:0:0:0:1 - - [22/Apr/2017:18:14:37 +0800] "GET /rooms HTTP/1.1" 200 2357
0:0:0:0:0:0:0:1 - - [22/Apr/2017:18:14:37 +0800] "GET /wk/info HTTP/1.1" 200 79
0:0:0:0:0:0:0:1 - - [22/Apr/2017:18:14:37 +0800] "GET /wk/455/msvgy7lv/websocket HTTP/1.1" 101 -
0:0:0:0:0:0:0:1 - - [22/Apr/2017:18:14:37 +0800] "GET /rooms/1010/join?userId=1 HTTP/1.1" 200 64
0:0:0:0:0:0:0:1 - - [22/Apr/2017:18:14:37 +0800] "GET /getUser HTTP/1.1" 200 580
0:0:0:0:0:0:0:1 - - [22/Apr/2017:18:14:37 +0800] "POST /rooms/1010 HTTP/1.1" 200 274
0:0:0:0:0:0:0:1 - - [22/Apr/2017:18:14:37 +0800] "GET /rooms/1010/players HTTP/1.1" 200 585
0:0:0:0:0:0:0:1 - - [22/Apr/2017:18:14:37 +0800] "GET /wk/info HTTP/1.1" 200 77
0:0:0:0:0:0:0:1 - - [22/Apr/2017:18:14:37 +0800] "GET /wk/586/kyv54n4g/websocket HTTP/1.1" 101 -
0:0:0:0:0:0:0:1 - - [22/Apr/2017:21:08:12 +0800] "GET /rooms/1010/leave?userId=1 HTTP/1.1" 200 65
0:0:0:0:0:0:0:1 - - [22/Apr/2017:21:08:34 +0800] "POST /login HTTP/1.1" 200 247
0:0:0:0:0:0:0:1 - - [22/Apr/2017:21:08:34 +0800] "GET /getUser HTTP/1.1" 200 250
0:0:0:0:0:0:0:1 - - [22/Apr/2017:21:08:34 +0800] "GET /wk/info HTTP/1.1" 200 78
0:0:0:0:0:0:0:1 - - [22/Apr/2017:21:08:34 +0800] "GET /rooms HTTP/1.1" 200 2357
0:0:0:0:0:0:0:1 - - [22/Apr/2017:21:08:34 +0800] "GET /wk/240/yed2r3sh/websocket HTTP/1.1" 101 -
0:0:0:0:0:0:0:1 - - [22/Apr/2017:21:08:36 +0800] "GET /rooms/1010/join?userId=1 HTTP/1.1" 200 64
0:0:0:0:0:0:0:1 - - [22/Apr/2017:21:08:36 +0800] "GET /getUser HTTP/1.1" 200 250
0:0:0:0:0:0:0:1 - - [22/Apr/2017:21:08:36 +0800] "POST /rooms/1010 HTTP/1.1" 200 274
0:0:0:0:0:0:0:1 - - [22/Apr/2017:21:08:36 +0800] "GET /rooms/1010/players HTTP/1.1" 200 255
0:0:0:0:0:0:0:1 - - [22/Apr/2017:21:08:36 +0800] "GET /wk/info HTTP/1.1" 200 78
0:0:0:0:0:0:0:1 - - [22/Apr/2017:21:08:36 +0800] "GET /wk/309/ute9gflu/websocket HTTP/1.1" 101 -
0:0:0:0:0:0:0:1 - - [22/Apr/2017:21:09:30 +0800] "GET /rooms/1010/leave?userId=1 HTTP/1.1" 200 65
0:0:0:0:0:0:0:1 - - [22/Apr/2017:21:09:30 +0800] "GET /getUser HTTP/1.1" 200 250
0:0:0:0:0:0:0:1 - - [22/Apr/2017:21:09:30 +0800] "GET /wk/info HTTP/1.1" 200 78
0:0:0:0:0:0:0:1 - - [22/Apr/2017:21:09:30 +0800] "GET /rooms HTTP/1.1" 200 2357
0:0:0:0:0:0:0:1 - - [22/Apr/2017:21:09:30 +0800] "GET /wk/146/3nckmo6a/websocket HTTP/1.1" 101 -
0:0:0:0:0:0:0:1 - - [22/Apr/2017:21:09:33 +0800] "GET /rooms/1010/join?userId=1 HTTP/1.1" 200 64
0:0:0:0:0:0:0:1 - - [22/Apr/2017:21:09:33 +0800] "GET /getUser HTTP/1.1" 200 250
0:0:0:0:0:0:0:1 - - [22/Apr/2017:21:09:33 +0800] "POST /rooms/1010 HTTP/1.1" 200 274
0:0:0:0:0:0:0:1 - - [22/Apr/2017:21:09:33 +0800] "GET /rooms/1010/players HTTP/1.1" 200 255
0:0:0:0:0:0:0:1 - - [22/Apr/2017:21:09:33 +0800] "GET /wk/info HTTP/1.1" 200 78
0:0:0:0:0:0:0:1 - - [22/Apr/2017:21:09:33 +0800] "GET /wk/518/qj2eqlcb/websocket HTTP/1.1" 101 -
0:0:0:0:0:0:0:1 - - [22/Apr/2017:21:09:35 +0800] "GET /rooms/1010/leave?userId=1 HTTP/1.1" 200 65
0:0:0:0:0:0:0:1 - - [22/Apr/2017:21:09:35 +0800] "GET /getUser HTTP/1.1" 200 250
0:0:0:0:0:0:0:1 - - [22/Apr/2017:21:09:35 +0800] "GET /wk/info HTTP/1.1" 200 78
0:0:0:0:0:0:0:1 - - [22/Apr/2017:21:09:35 +0800] "GET /rooms HTTP/1.1" 200 2357
0:0:0:0:0:0:0:1 - - [22/Apr/2017:21:09:35 +0800] "GET /wk/454/pyodswkf/websocket HTTP/1.1" 101 -
0:0:0:0:0:0:0:1 - - [22/Apr/2017:21:09:56 +0800] "GET /rooms/1010/join?userId=1 HTTP/1.1" 200 64
0:0:0:0:0:0:0:1 - - [22/Apr/2017:21:09:56 +0800] "GET /getUser HTTP/1.1" 200 250
0:0:0:0:0:0:0:1 - - [22/Apr/2017:21:09:56 +0800] "GET /wk/info HTTP/1.1" 200 79
0:0:0:0:0:0:0:1 - - [22/Apr/2017:21:09:56 +0800] "POST /rooms/1010 HTTP/1.1" 200 274
0:0:0:0:0:0:0:1 - - [22/Apr/2017:21:09:56 +0800] "GET /rooms/1010/players HTTP/1.1" 200 255
0:0:0:0:0:0:0:1 - - [22/Apr/2017:21:09:56 +0800] "GET /wk/835/ob_aqz72/websocket HTTP/1.1" 101 -
0:0:0:0:0:0:0:1 - - [22/Apr/2017:21:10:51 +0800] "POST /login HTTP/1.1" 200 244
0:0:0:0:0:0:0:1 - - [22/Apr/2017:21:10:51 +0800] "GET /getUser HTTP/1.1" 200 247
0:0:0:0:0:0:0:1 - - [22/Apr/2017:21:10:51 +0800] "GET /rooms HTTP/1.1" 200 2357
0:0:0:0:0:0:0:1 - - [22/Apr/2017:21:10:51 +0800] "GET /wk/info HTTP/1.1" 200 77
0:0:0:0:0:0:0:1 - - [22/Apr/2017:21:10:51 +0800] "GET /wk/485/7gex8z5c/websocket HTTP/1.1" 101 -
0:0:0:0:0:0:0:1 - - [22/Apr/2017:21:10:52 +0800] "GET /rooms/1010/join?userId=2 HTTP/1.1" 200 64
0:0:0:0:0:0:0:1 - - [22/Apr/2017:21:10:52 +0800] "POST /rooms/1010 HTTP/1.1" 200 274
0:0:0:0:0:0:0:1 - - [22/Apr/2017:21:10:52 +0800] "GET /rooms/1010/players HTTP/1.1" 200 445
0:0:0:0:0:0:0:1 - - [22/Apr/2017:21:10:53 +0800] "GET /getUser HTTP/1.1" 200 247
0:0:0:0:0:0:0:1 - - [22/Apr/2017:21:10:53 +0800] "POST /rooms/1010 HTTP/1.1" 200 274
0:0:0:0:0:0:0:1 - - [22/Apr/2017:21:10:53 +0800] "GET /rooms/1010/players HTTP/1.1" 200 445
0:0:0:0:0:0:0:1 - - [22/Apr/2017:21:10:53 +0800] "GET /wk/info HTTP/1.1" 200 77
0:0:0:0:0:0:0:1 - - [22/Apr/2017:21:10:53 +0800] "GET /wk/097/dcmjqg1j/websocket HTTP/1.1" 101 -
0:0:0:0:0:0:0:1 - - [22/Apr/2017:21:10:59 +0800] "GET /rooms/1010/ready?userId=2 HTTP/1.1" 200 60
0:0:0:0:0:0:0:1 - - [22/Apr/2017:21:16:45 +0800] "GET /rooms/1010/leave?userId=1 HTTP/1.1" 200 65
0:0:0:0:0:0:0:1 - - [22/Apr/2017:21:16:46 +0800] "GET /rooms/1010/leave?userId=2 HTTP/1.1" 200 65
0:0:0:0:0:0:0:1 - - [22/Apr/2017:21:17:17 +0800] "POST /login HTTP/1.1" 200 247
0:0:0:0:0:0:0:1 - - [22/Apr/2017:21:17:17 +0800] "GET /getUser HTTP/1.1" 200 250
0:0:0:0:0:0:0:1 - - [22/Apr/2017:21:17:17 +0800] "GET /wk/info HTTP/1.1" 200 76
0:0:0:0:0:0:0:1 - - [22/Apr/2017:21:17:17 +0800] "GET /rooms HTTP/1.1" 200 2357
0:0:0:0:0:0:0:1 - - [22/Apr/2017:21:17:17 +0800] "GET /wk/154/w3cmi0eb/websocket HTTP/1.1" 101 -
0:0:0:0:0:0:0:1 - - [22/Apr/2017:21:17:19 +0800] "GET /rooms/1010/join?userId=1 HTTP/1.1" 200 64
0:0:0:0:0:0:0:1 - - [22/Apr/2017:21:17:19 +0800] "GET /getUser HTTP/1.1" 200 250
0:0:0:0:0:0:0:1 - - [22/Apr/2017:21:17:19 +0800] "POST /rooms/1010 HTTP/1.1" 200 274
0:0:0:0:0:0:0:1 - - [22/Apr/2017:21:17:19 +0800] "GET /rooms/1010/players HTTP/1.1" 200 255
0:0:0:0:0:0:0:1 - - [22/Apr/2017:21:17:19 +0800] "GET /wk/info HTTP/1.1" 200 79
0:0:0:0:0:0:0:1 - - [22/Apr/2017:21:17:19 +0800] "GET /wk/166/4xdyuyey/websocket HTTP/1.1" 101 -
0:0:0:0:0:0:0:1 - - [22/Apr/2017:21:17:31 +0800] "POST /login HTTP/1.1" 200 244
0:0:0:0:0:0:0:1 - - [22/Apr/2017:21:17:31 +0800] "GET /getUser HTTP/1.1" 200 247
0:0:0:0:0:0:0:1 - - [22/Apr/2017:21:17:31 +0800] "GET /wk/info HTTP/1.1" 200 77
0:0:0:0:0:0:0:1 - - [22/Apr/2017:21:17:31 +0800] "GET /rooms HTTP/1.1" 200 2357
0:0:0:0:0:0:0:1 - - [22/Apr/2017:21:17:31 +0800] "GET /wk/773/7uu81hr1/websocket HTTP/1.1" 101 -
0:0:0:0:0:0:0:1 - - [22/Apr/2017:21:17:32 +0800] "GET /rooms/1010/join?userId=2 HTTP/1.1" 200 64
0:0:0:0:0:0:0:1 - - [22/Apr/2017:21:17:32 +0800] "POST /rooms/1010 HTTP/1.1" 200 274
0:0:0:0:0:0:0:1 - - [22/Apr/2017:21:17:32 +0800] "GET /rooms/1010/players HTTP/1.1" 200 445
0:0:0:0:0:0:0:1 - - [22/Apr/2017:21:17:32 +0800] "GET /getUser HTTP/1.1" 200 247
0:0:0:0:0:0:0:1 - - [22/Apr/2017:21:17:32 +0800] "POST /rooms/1010 HTTP/1.1" 200 274
0:0:0:0:0:0:0:1 - - [22/Apr/2017:21:17:32 +0800] "GET /rooms/1010/players HTTP/1.1" 200 445
0:0:0:0:0:0:0:1 - - [22/Apr/2017:21:17:32 +0800] "GET /wk/info HTTP/1.1" 200 79
0:0:0:0:0:0:0:1 - - [22/Apr/2017:21:17:32 +0800] "GET /wk/672/m3p2qh8_/websocket HTTP/1.1" 101 -
0:0:0:0:0:0:0:1 - - [22/Apr/2017:21:17:39 +0800] "GET /rooms/1010/ready?userId=1 HTTP/1.1" 200 60
0:0:0:0:0:0:0:1 - - [22/Apr/2017:21:24:38 +0800] "POST /login HTTP/1.1" 200 247
0:0:0:0:0:0:0:1 - - [22/Apr/2017:21:24:38 +0800] "GET /getUser HTTP/1.1" 200 250
0:0:0:0:0:0:0:1 - - [22/Apr/2017:21:24:38 +0800] "GET /wk/info HTTP/1.1" 200 78
0:0:0:0:0:0:0:1 - - [22/Apr/2017:21:24:38 +0800] "GET /rooms HTTP/1.1" 200 2357
0:0:0:0:0:0:0:1 - - [22/Apr/2017:21:24:38 +0800] "GET /wk/864/legqmdwg/websocket HTTP/1.1" 101 -
0:0:0:0:0:0:0:1 - - [22/Apr/2017:21:24:40 +0800] "GET /rooms/1010/join?userId=1 HTTP/1.1" 200 64
0:0:0:0:0:0:0:1 - - [22/Apr/2017:21:24:40 +0800] "GET /getUser HTTP/1.1" 200 250
0:0:0:0:0:0:0:1 - - [22/Apr/2017:21:24:40 +0800] "POST /rooms/1010 HTTP/1.1" 200 274
0:0:0:0:0:0:0:1 - - [22/Apr/2017:21:24:40 +0800] "GET /rooms/1010/players HTTP/1.1" 200 255
0:0:0:0:0:0:0:1 - - [22/Apr/2017:21:24:40 +0800] "GET /wk/info HTTP/1.1" 200 79
0:0:0:0:0:0:0:1 - - [22/Apr/2017:21:24:40 +0800] "GET /wk/412/b8fg527i/websocket HTTP/1.1" 101 -
0:0:0:0:0:0:0:1 - - [22/Apr/2017:21:24:56 +0800] "POST /login HTTP/1.1" 200 244
0:0:0:0:0:0:0:1 - - [22/Apr/2017:21:24:56 +0800] "GET /getUser HTTP/1.1" 200 247
0:0:0:0:0:0:0:1 - - [22/Apr/2017:21:24:56 +0800] "GET /wk/info HTTP/1.1" 200 79
0:0:0:0:0:0:0:1 - - [22/Apr/2017:21:24:56 +0800] "GET /rooms HTTP/1.1" 200 2357
0:0:0:0:0:0:0:1 - - [22/Apr/2017:21:24:56 +0800] "GET /wk/333/ke92xtwy/websocket HTTP/1.1" 101 -
0:0:0:0:0:0:0:1 - - [22/Apr/2017:21:24:58 +0800] "GET /rooms/1010/join?userId=2 HTTP/1.1" 200 64
0:0:0:0:0:0:0:1 - - [22/Apr/2017:21:24:58 +0800] "POST /rooms/1010 HTTP/1.1" 200 274
0:0:0:0:0:0:0:1 - - [22/Apr/2017:21:24:58 +0800] "GET /rooms/1010/players HTTP/1.1" 200 445
0:0:0:0:0:0:0:1 - - [22/Apr/2017:21:24:58 +0800] "GET /getUser HTTP/1.1" 200 247
0:0:0:0:0:0:0:1 - - [22/Apr/2017:21:24:58 +0800] "POST /rooms/1010 HTTP/1.1" 200 274
0:0:0:0:0:0:0:1 - - [22/Apr/2017:21:24:58 +0800] "GET /rooms/1010/players HTTP/1.1" 200 445
0:0:0:0:0:0:0:1 - - [22/Apr/2017:21:24:58 +0800] "GET /wk/info HTTP/1.1" 200 79
0:0:0:0:0:0:0:1 - - [22/Apr/2017:21:24:58 +0800] "GET /wk/331/8e7itbzp/websocket HTTP/1.1" 101 -
0:0:0:0:0:0:0:1 - - [22/Apr/2017:21:25:01 +0800] "GET /rooms/1010/ready?userId=2 HTTP/1.1" 200 60
0:0:0:0:0:0:0:1 - - [22/Apr/2017:21:27:39 +0800] "GET /rooms/1010/unready?userId=2 HTTP/1.1" 200 62
0:0:0:0:0:0:0:1 - - [22/Apr/2017:21:27:53 +0800] "GET /rooms/1010/ready?userId=1 HTTP/1.1" 200 60
0:0:0:0:0:0:0:1 - - [22/Apr/2017:21:28:18 +0800] "GET /rooms/1010/unready?userId=1 HTTP/1.1" 200 62
0:0:0:0:0:0:0:1 - - [22/Apr/2017:21:28:29 +0800] "GET /rooms/1010/ready?userId=1 HTTP/1.1" 200 60
0:0:0:0:0:0:0:1 - - [22/Apr/2017:21:30:30 +0800] "GET /rooms/1010/leave?userId=2 HTTP/1.1" 200 65
0:0:0:0:0:0:0:1 - - [22/Apr/2017:21:30:30 +0800] "GET /rooms/1010/leave?userId=1 HTTP/1.1" 200 65
0:0:0:0:0:0:0:1 - - [22/Apr/2017:21:31:23 +0800] "POST /login HTTP/1.1" 200 247
0:0:0:0:0:0:0:1 - - [22/Apr/2017:21:31:23 +0800] "GET /getUser HTTP/1.1" 200 250
0:0:0:0:0:0:0:1 - - [22/Apr/2017:21:31:23 +0800] "GET /wk/info HTTP/1.1" 200 78
0:0:0:0:0:0:0:1 - - [22/Apr/2017:21:31:23 +0800] "GET /rooms HTTP/1.1" 200 2357
0:0:0:0:0:0:0:1 - - [22/Apr/2017:21:31:23 +0800] "GET /wk/580/ur0bvsia/websocket HTTP/1.1" 101 -
0:0:0:0:0:0:0:1 - - [22/Apr/2017:21:31:42 +0800] "GET /rooms/1010/join?userId=1 HTTP/1.1" 200 64
0:0:0:0:0:0:0:1 - - [22/Apr/2017:21:31:43 +0800] "GET /getUser HTTP/1.1" 200 250
0:0:0:0:0:0:0:1 - - [22/Apr/2017:21:31:43 +0800] "POST /rooms/1010 HTTP/1.1" 200 274
0:0:0:0:0:0:0:1 - - [22/Apr/2017:21:31:43 +0800] "GET /rooms/1010/players HTTP/1.1" 200 255
0:0:0:0:0:0:0:1 - - [22/Apr/2017:21:31:43 +0800] "GET /wk/info HTTP/1.1" 200 76
0:0:0:0:0:0:0:1 - - [22/Apr/2017:21:31:43 +0800] "GET /wk/301/bef6c7cj/websocket HTTP/1.1" 101 -
0:0:0:0:0:0:0:1 - - [22/Apr/2017:21:31:59 +0800] "POST /login HTTP/1.1" 200 244
0:0:0:0:0:0:0:1 - - [22/Apr/2017:21:31:59 +0800] "GET /getUser HTTP/1.1" 200 247
0:0:0:0:0:0:0:1 - - [22/Apr/2017:21:31:59 +0800] "GET /wk/info HTTP/1.1" 200 77
0:0:0:0:0:0:0:1 - - [22/Apr/2017:21:31:59 +0800] "GET /rooms HTTP/1.1" 200 2357
0:0:0:0:0:0:0:1 - - [22/Apr/2017:21:31:59 +0800] "GET /wk/403/sj199688/websocket HTTP/1.1" 101 -
0:0:0:0:0:0:0:1 - - [22/Apr/2017:21:31:59 +0800] "GET /rooms/1010/join?userId=2 HTTP/1.1" 200 64
0:0:0:0:0:0:0:1 - - [22/Apr/2017:21:31:59 +0800] "POST /rooms/1010 HTTP/1.1" 200 274
0:0:0:0:0:0:0:1 - - [22/Apr/2017:21:31:59 +0800] "GET /rooms/1010/players HTTP/1.1" 200 445
0:0:0:0:0:0:0:1 - - [22/Apr/2017:21:32:00 +0800] "GET /getUser HTTP/1.1" 200 247
0:0:0:0:0:0:0:1 - - [22/Apr/2017:21:32:00 +0800] "POST /rooms/1010 HTTP/1.1" 200 274
0:0:0:0:0:0:0:1 - - [22/Apr/2017:21:32:00 +0800] "GET /rooms/1010/players HTTP/1.1" 200 445
0:0:0:0:0:0:0:1 - - [22/Apr/2017:21:32:00 +0800] "GET /wk/info HTTP/1.1" 200 77
0:0:0:0:0:0:0:1 - - [22/Apr/2017:21:32:00 +0800] "GET /wk/070/z3iya_w1/websocket HTTP/1.1" 101 -
0:0:0:0:0:0:0:1 - - [22/Apr/2017:21:32:04 +0800] "GET /rooms/1010/ready?userId=1 HTTP/1.1" 200 60
0:0:0:0:0:0:0:1 - - [22/Apr/2017:21:32:07 +0800] "GET /rooms/1010/unready?userId=1 HTTP/1.1" 200 62
0:0:0:0:0:0:0:1 - - [22/Apr/2017:21:32:09 +0800] "GET /rooms/1010/ready?userId=2 HTTP/1.1" 200 60
0:0:0:0:0:0:0:1 - - [22/Apr/2017:21:32:11 +0800] "GET /rooms/1010/unready?userId=2 HTTP/1.1" 200 62
0:0:0:0:0:0:0:1 - - [22/Apr/2017:21:32:16 +0800] "GET /rooms/1010/players HTTP/1.1" 200 445
0:0:0:0:0:0:0:1 - - [22/Apr/2017:21:38:46 +0800] "GET /rooms/1010/leave?userId=1 HTTP/1.1" 200 65
0:0:0:0:0:0:0:1 - - [22/Apr/2017:21:38:46 +0800] "GET /rooms/1010/leave?userId=2 HTTP/1.1" 200 65
0:0:0:0:0:0:0:1 - - [22/Apr/2017:21:38:55 +0800] "POST /login HTTP/1.1" 200 247
0:0:0:0:0:0:0:1 - - [22/Apr/2017:21:38:55 +0800] "GET /getUser HTTP/1.1" 200 250
0:0:0:0:0:0:0:1 - - [22/Apr/2017:21:38:55 +0800] "GET /rooms HTTP/1.1" 200 2357
0:0:0:0:0:0:0:1 - - [22/Apr/2017:21:38:55 +0800] "GET /wk/info HTTP/1.1" 200 78
0:0:0:0:0:0:0:1 - - [22/Apr/2017:21:38:55 +0800] "GET /wk/479/81lnduxy/websocket HTTP/1.1" 101 -
0:0:0:0:0:0:0:1 - - [22/Apr/2017:21:38:58 +0800] "GET /rooms/1010/join?userId=1 HTTP/1.1" 200 64
0:0:0:0:0:0:0:1 - - [22/Apr/2017:21:38:58 +0800] "GET /getUser HTTP/1.1" 200 250
0:0:0:0:0:0:0:1 - - [22/Apr/2017:21:38:58 +0800] "POST /rooms/1010 HTTP/1.1" 200 274
0:0:0:0:0:0:0:1 - - [22/Apr/2017:21:38:58 +0800] "GET /rooms/1010/players HTTP/1.1" 200 255
0:0:0:0:0:0:0:1 - - [22/Apr/2017:21:38:58 +0800] "GET /wk/info HTTP/1.1" 200 78
0:0:0:0:0:0:0:1 - - [22/Apr/2017:21:38:58 +0800] "GET /wk/820/47w9b1ih/websocket HTTP/1.1" 101 -
0:0:0:0:0:0:0:1 - - [22/Apr/2017:21:39:10 +0800] "GET /rooms/1010/leave?userId=1 HTTP/1.1" 200 65
0:0:0:0:0:0:0:1 - - [22/Apr/2017:21:39:10 +0800] "GET /getUser HTTP/1.1" 200 250
0:0:0:0:0:0:0:1 - - [22/Apr/2017:21:39:10 +0800] "GET /wk/info HTTP/1.1" 200 79
0:0:0:0:0:0:0:1 - - [22/Apr/2017:21:39:10 +0800] "GET /rooms HTTP/1.1" 200 2357
0:0:0:0:0:0:0:1 - - [22/Apr/2017:21:39:10 +0800] "GET /wk/682/nq808r5q/websocket HTTP/1.1" 101 -
0:0:0:0:0:0:0:1 - - [22/Apr/2017:21:40:20 +0800] "GET /rooms/1010/join?userId=1 HTTP/1.1" 200 64
0:0:0:0:0:0:0:1 - - [22/Apr/2017:21:40:20 +0800] "GET /getUser HTTP/1.1" 200 250
0:0:0:0:0:0:0:1 - - [22/Apr/2017:21:40:20 +0800] "POST /rooms/1010 HTTP/1.1" 200 274
0:0:0:0:0:0:0:1 - - [22/Apr/2017:21:40:20 +0800] "GET /rooms/1010/players HTTP/1.1" 200 255
0:0:0:0:0:0:0:1 - - [22/Apr/2017:21:40:20 +0800] "GET /wk/info HTTP/1.1" 200 79
0:0:0:0:0:0:0:1 - - [22/Apr/2017:21:40:20 +0800] "GET /wk/799/nb0_1etc/websocket HTTP/1.1" 101 -
0:0:0:0:0:0:0:1 - - [22/Apr/2017:21:40:22 +0800] "GET /rooms/1010/leave?userId=1 HTTP/1.1" 200 65
0:0:0:0:0:0:0:1 - - [22/Apr/2017:21:40:22 +0800] "GET /getUser HTTP/1.1" 200 250
0:0:0:0:0:0:0:1 - - [22/Apr/2017:21:40:22 +0800] "GET /wk/info HTTP/1.1" 200 79
0:0:0:0:0:0:0:1 - - [22/Apr/2017:21:40:22 +0800] "GET /rooms HTTP/1.1" 200 2357
0:0:0:0:0:0:0:1 - - [22/Apr/2017:21:40:22 +0800] "GET /wk/055/uxau5bye/websocket HTTP/1.1" 101 -
0:0:0:0:0:0:0:1 - - [22/Apr/2017:21:40:27 +0800] "POST /rooms/1010 HTTP/1.1" 200 274
0:0:0:0:0:0:0:1 - - [22/Apr/2017:21:40:31 +0800] "POST /rooms/1 HTTP/1.1" 200 69
0:0:0:0:0:0:0:1 - - [22/Apr/2017:21:40:31 +0800] "GET /rooms/search/1 HTTP/1.1" 200 69
0:0:0:0:0:0:0:1 - - [22/Apr/2017:21:40:34 +0800] "GET /wk/info HTTP/1.1" 200 77
0:0:0:0:0:0:0:1 - - [22/Apr/2017:21:40:34 +0800] "GET /getUser HTTP/1.1" 200 250
0:0:0:0:0:0:0:1 - - [22/Apr/2017:21:40:34 +0800] "GET /rooms HTTP/1.1" 200 2357
0:0:0:0:0:0:0:1 - - [22/Apr/2017:21:40:34 +0800] "GET /wk/085/jywh7c_7/websocket HTTP/1.1" 101 -
0:0:0:0:0:0:0:1 - - [22/Apr/2017:21:40:36 +0800] "POST /rooms/1011 HTTP/1.1" 200 275
0:0:0:0:0:0:0:1 - - [22/Apr/2017:21:40:38 +0800] "GET /getUser HTTP/1.1" 200 250
0:0:0:0:0:0:0:1 - - [22/Apr/2017:21:40:38 +0800] "GET /wk/info HTTP/1.1" 200 77
0:0:0:0:0:0:0:1 - - [22/Apr/2017:21:40:38 +0800] "GET /rooms HTTP/1.1" 200 2357
0:0:0:0:0:0:0:1 - - [22/Apr/2017:21:40:38 +0800] "GET /wk/299/v03_bqr6/websocket HTTP/1.1" 101 -
0:0:0:0:0:0:0:1 - - [22/Apr/2017:21:40:44 +0800] "GET /rooms/1010/join?userId=1 HTTP/1.1" 200 64
0:0:0:0:0:0:0:1 - - [22/Apr/2017:21:40:44 +0800] "GET /getUser HTTP/1.1" 200 250
0:0:0:0:0:0:0:1 - - [22/Apr/2017:21:40:44 +0800] "POST /rooms/1010 HTTP/1.1" 200 274
0:0:0:0:0:0:0:1 - - [22/Apr/2017:21:40:44 +0800] "GET /rooms/1010/players HTTP/1.1" 200 255
0:0:0:0:0:0:0:1 - - [22/Apr/2017:21:40:44 +0800] "GET /wk/info HTTP/1.1" 200 78
0:0:0:0:0:0:0:1 - - [22/Apr/2017:21:40:44 +0800] "GET /wk/035/tlrtr49t/websocket HTTP/1.1" 101 -
0:0:0:0:0:0:0:1 - - [22/Apr/2017:21:40:53 +0800] "GET /rooms/1010/leave?userId=1 HTTP/1.1" 200 65
0:0:0:0:0:0:0:1 - - [22/Apr/2017:21:40:53 +0800] "GET /getUser HTTP/1.1" 200 250
0:0:0:0:0:0:0:1 - - [22/Apr/2017:21:40:53 +0800] "GET /wk/info HTTP/1.1" 200 77
0:0:0:0:0:0:0:1 - - [22/Apr/2017:21:40:53 +0800] "GET /rooms HTTP/1.1" 200 2357
0:0:0:0:0:0:0:1 - - [22/Apr/2017:21:40:53 +0800] "GET /wk/634/gr8treus/websocket HTTP/1.1" 101 -
0:0:0:0:0:0:0:1 - - [22/Apr/2017:21:41:28 +0800] "GET /rooms/1010/join?userId=1 HTTP/1.1" 200 64
0:0:0:0:0:0:0:1 - - [22/Apr/2017:21:41:28 +0800] "GET /getUser HTTP/1.1" 200 250
0:0:0:0:0:0:0:1 - - [22/Apr/2017:21:41:28 +0800] "POST /rooms/1010 HTTP/1.1" 200 274
0:0:0:0:0:0:0:1 - - [22/Apr/2017:21:41:28 +0800] "GET /rooms/1010/players HTTP/1.1" 200 255
0:0:0:0:0:0:0:1 - - [22/Apr/2017:21:41:28 +0800] "GET /wk/info HTTP/1.1" 200 79
0:0:0:0:0:0:0:1 - - [22/Apr/2017:21:41:28 +0800] "GET /wk/878/ca1t9vrw/websocket HTTP/1.1" 101 -
0:0:0:0:0:0:0:1 - - [22/Apr/2017:21:41:29 +0800] "GET /rooms/1010/leave?userId=1 HTTP/1.1" 200 65
0:0:0:0:0:0:0:1 - - [22/Apr/2017:21:41:29 +0800] "GET /rooms HTTP/1.1" 200 2357
0:0:0:0:0:0:0:1 - - [22/Apr/2017:21:41:29 +0800] "GET /wk/info HTTP/1.1" 200 79
0:0:0:0:0:0:0:1 - - [22/Apr/2017:21:41:29 +0800] "GET /getUser HTTP/1.1" 200 250
0:0:0:0:0:0:0:1 - - [22/Apr/2017:21:41:29 +0800] "GET /wk/412/hvm4bjmv/websocket HTTP/1.1" 101 -
0:0:0:0:0:0:0:1 - - [22/Apr/2017:21:41:38 +0800] "POST /login HTTP/1.1" 200 244
0:0:0:0:0:0:0:1 - - [22/Apr/2017:21:41:38 +0800] "GET /rooms HTTP/1.1" 200 2357
0:0:0:0:0:0:0:1 - - [22/Apr/2017:21:41:38 +0800] "GET /getUser HTTP/1.1" 200 247
0:0:0:0:0:0:0:1 - - [22/Apr/2017:21:41:38 +0800] "GET /wk/info HTTP/1.1" 200 77
0:0:0:0:0:0:0:1 - - [22/Apr/2017:21:41:38 +0800] "GET /wk/258/g2_7ptix/websocket HTTP/1.1" 101 -
0:0:0:0:0:0:0:1 - - [22/Apr/2017:21:41:44 +0800] "GET /rooms/1010/join?userId=2 HTTP/1.1" 200 64
0:0:0:0:0:0:0:1 - - [22/Apr/2017:21:41:44 +0800] "GET /getUser HTTP/1.1" 200 247
0:0:0:0:0:0:0:1 - - [22/Apr/2017:21:41:44 +0800] "POST /rooms/1010 HTTP/1.1" 200 274
0:0:0:0:0:0:0:1 - - [22/Apr/2017:21:41:44 +0800] "GET /rooms/1010/players HTTP/1.1" 200 252
0:0:0:0:0:0:0:1 - - [22/Apr/2017:21:41:44 +0800] "GET /wk/info HTTP/1.1" 200 78
0:0:0:0:0:0:0:1 - - [22/Apr/2017:21:41:44 +0800] "GET /wk/879/8v_3izp6/websocket HTTP/1.1" 101 -
0:0:0:0:0:0:0:1 - - [22/Apr/2017:21:43:04 +0800] "GET /rooms/1010/leave?userId=2 HTTP/1.1" 200 65
0:0:0:0:0:0:0:1 - - [22/Apr/2017:21:43:04 +0800] "GET /rooms HTTP/1.1" 200 2357
0:0:0:0:0:0:0:1 - - [22/Apr/2017:21:43:04 +0800] "GET /getUser HTTP/1.1" 200 247
0:0:0:0:0:0:0:1 - - [22/Apr/2017:21:43:04 +0800] "GET /wk/info HTTP/1.1" 200 78
0:0:0:0:0:0:0:1 - - [22/Apr/2017:21:43:04 +0800] "GET /wk/770/v1qe3h4n/websocket HTTP/1.1" 101 -
0:0:0:0:0:0:0:1 - - [22/Apr/2017:21:43:37 +0800] "POST /login HTTP/1.1" 200 247
0:0:0:0:0:0:0:1 - - [22/Apr/2017:21:43:37 +0800] "GET /getUser HTTP/1.1" 200 250
0:0:0:0:0:0:0:1 - - [22/Apr/2017:21:43:37 +0800] "GET /rooms HTTP/1.1" 200 2357
0:0:0:0:0:0:0:1 - - [22/Apr/2017:21:43:37 +0800] "GET /wk/info HTTP/1.1" 200 78
0:0:0:0:0:0:0:1 - - [22/Apr/2017:21:43:38 +0800] "GET /wk/310/hge5im2g/websocket HTTP/1.1" 101 -
0:0:0:0:0:0:0:1 - - [22/Apr/2017:21:43:38 +0800] "GET /rooms/1010/join?userId=1 HTTP/1.1" 200 64
0:0:0:0:0:0:0:1 - - [22/Apr/2017:21:43:39 +0800] "GET /getUser HTTP/1.1" 200 250
0:0:0:0:0:0:0:1 - - [22/Apr/2017:21:43:39 +0800] "POST /rooms/1010 HTTP/1.1" 200 274
0:0:0:0:0:0:0:1 - - [22/Apr/2017:21:43:39 +0800] "GET /wk/info HTTP/1.1" 200 79
0:0:0:0:0:0:0:1 - - [22/Apr/2017:21:43:39 +0800] "GET /rooms/1010/players HTTP/1.1" 200 255
0:0:0:0:0:0:0:1 - - [22/Apr/2017:21:43:39 +0800] "GET /wk/204/cqw019hc/websocket HTTP/1.1" 101 -
0:0:0:0:0:0:0:1 - - [22/Apr/2017:21:43:49 +0800] "GET /rooms/1010/leave?userId=1 HTTP/1.1" 200 65
0:0:0:0:0:0:0:1 - - [22/Apr/2017:21:43:49 +0800] "GET /getUser HTTP/1.1" 200 250
0:0:0:0:0:0:0:1 - - [22/Apr/2017:21:43:49 +0800] "GET /rooms HTTP/1.1" 200 2357
0:0:0:0:0:0:0:1 - - [22/Apr/2017:21:43:49 +0800] "GET /wk/info HTTP/1.1" 200 78
0:0:0:0:0:0:0:1 - - [22/Apr/2017:21:43:49 +0800] "GET /wk/370/0v0q4vag/websocket HTTP/1.1" 101 -
0:0:0:0:0:0:0:1 - - [22/Apr/2017:21:43:51 +0800] "GET /rooms/1010/join?userId=1 HTTP/1.1" 200 64
0:0:0:0:0:0:0:1 - - [22/Apr/2017:21:43:51 +0800] "GET /getUser HTTP/1.1" 200 250
0:0:0:0:0:0:0:1 - - [22/Apr/2017:21:43:51 +0800] "POST /rooms/1010 HTTP/1.1" 200 274
0:0:0:0:0:0:0:1 - - [22/Apr/2017:21:43:51 +0800] "GET /rooms/1010/players HTTP/1.1" 200 255
0:0:0:0:0:0:0:1 - - [22/Apr/2017:21:43:51 +0800] "GET /wk/info HTTP/1.1" 200 79
0:0:0:0:0:0:0:1 - - [22/Apr/2017:21:43:51 +0800] "GET /wk/278/ml9xybq6/websocket HTTP/1.1" 101 -
0:0:0:0:0:0:0:1 - - [22/Apr/2017:21:43:52 +0800] "GET /rooms/1010/leave?userId=1 HTTP/1.1" 200 65
0:0:0:0:0:0:0:1 - - [22/Apr/2017:21:43:52 +0800] "GET /getUser HTTP/1.1" 200 250
0:0:0:0:0:0:0:1 - - [22/Apr/2017:21:43:52 +0800] "GET /rooms HTTP/1.1" 200 2357
0:0:0:0:0:0:0:1 - - [22/Apr/2017:21:43:52 +0800] "GET /wk/info HTTP/1.1" 200 79
0:0:0:0:0:0:0:1 - - [22/Apr/2017:21:43:52 +0800] "GET /wk/321/9jo494sk/websocket HTTP/1.1" 101 -
0:0:0:0:0:0:0:1 - - [22/Apr/2017:21:43:54 +0800] "GET /rooms/1010/join?userId=1 HTTP/1.1" 200 64
0:0:0:0:0:0:0:1 - - [22/Apr/2017:21:43:56 +0800] "GET /getUser HTTP/1.1" 200 250
0:0:0:0:0:0:0:1 - - [22/Apr/2017:21:43:56 +0800] "GET /wk/info HTTP/1.1" 200 77
0:0:0:0:0:0:0:1 - - [22/Apr/2017:21:43:56 +0800] "GET /rooms HTTP/1.1" 200 2357
0:0:0:0:0:0:0:1 - - [22/Apr/2017:21:43:56 +0800] "GET /wk/920/z7x_82fl/websocket HTTP/1.1" 101 -
0:0:0:0:0:0:0:1 - - [22/Apr/2017:21:43:57 +0800] "GET /rooms/1010/join?userId=1 HTTP/1.1" 200 64
0:0:0:0:0:0:0:1 - - [22/Apr/2017:21:43:58 +0800] "GET /getUser HTTP/1.1" 200 250
0:0:0:0:0:0:0:1 - - [22/Apr/2017:21:43:58 +0800] "POST /rooms/1010 HTTP/1.1" 200 274
0:0:0:0:0:0:0:1 - - [22/Apr/2017:21:43:58 +0800] "GET /rooms/1010/players HTTP/1.1" 200 448
0:0:0:0:0:0:0:1 - - [22/Apr/2017:21:43:58 +0800] "GET /wk/info HTTP/1.1" 200 78
0:0:0:0:0:0:0:1 - - [22/Apr/2017:21:43:58 +0800] "GET /wk/962/bq3ytfi4/websocket HTTP/1.1" 101 -
0:0:0:0:0:0:0:1 - - [22/Apr/2017:21:44:00 +0800] "GET /rooms/1010/leave?userId=1 HTTP/1.1" 200 65
0:0:0:0:0:0:0:1 - - [22/Apr/2017:21:44:00 +0800] "GET /getUser HTTP/1.1" 200 250
0:0:0:0:0:0:0:1 - - [22/Apr/2017:21:44:00 +0800] "GET /rooms HTTP/1.1" 200 2357
0:0:0:0:0:0:0:1 - - [22/Apr/2017:21:44:00 +0800] "GET /wk/info HTTP/1.1" 200 78
0:0:0:0:0:0:0:1 - - [22/Apr/2017:21:44:00 +0800] "GET /wk/217/toiua44l/websocket HTTP/1.1" 101 -
0:0:0:0:0:0:0:1 - - [22/Apr/2017:21:44:01 +0800] "GET /rooms/1010/join?userId=1 HTTP/1.1" 200 64
0:0:0:0:0:0:0:1 - - [22/Apr/2017:21:44:02 +0800] "GET /getUser HTTP/1.1" 200 250
0:0:0:0:0:0:0:1 - - [22/Apr/2017:21:44:02 +0800] "POST /rooms/1010 HTTP/1.1" 200 274
0:0:0:0:0:0:0:1 - - [22/Apr/2017:21:44:02 +0800] "GET /rooms/1010/players HTTP/1.1" 200 255
0:0:0:0:0:0:0:1 - - [22/Apr/2017:21:44:02 +0800] "GET /wk/info HTTP/1.1" 200 78
0:0:0:0:0:0:0:1 - - [22/Apr/2017:21:44:02 +0800] "GET /wk/083/qevirdsu/websocket HTTP/1.1" 101 -
0:0:0:0:0:0:0:1 - - [22/Apr/2017:21:44:03 +0800] "GET /rooms/1010/leave?userId=1 HTTP/1.1" 200 65
0:0:0:0:0:0:0:1 - - [22/Apr/2017:21:44:03 +0800] "GET /getUser HTTP/1.1" 200 250
0:0:0:0:0:0:0:1 - - [22/Apr/2017:21:44:03 +0800] "GET /rooms HTTP/1.1" 200 2357
0:0:0:0:0:0:0:1 - - [22/Apr/2017:21:44:03 +0800] "GET /wk/info HTTP/1.1" 200 77
0:0:0:0:0:0:0:1 - - [22/Apr/2017:21:44:03 +0800] "GET /wk/854/hzrnfswm/websocket HTTP/1.1" 101 -
0:0:0:0:0:0:0:1 - - [22/Apr/2017:21:44:05 +0800] "GET /rooms/1010/join?userId=1 HTTP/1.1" 200 64
0:0:0:0:0:0:0:1 - - [22/Apr/2017:21:44:05 +0800] "GET /getUser HTTP/1.1" 200 250
0:0:0:0:0:0:0:1 - - [22/Apr/2017:21:44:05 +0800] "POST /rooms/1010 HTTP/1.1" 200 274
0:0:0:0:0:0:0:1 - - [22/Apr/2017:21:44:05 +0800] "GET /rooms/1010/players HTTP/1.1" 200 255
0:0:0:0:0:0:0:1 - - [22/Apr/2017:21:44:05 +0800] "GET /wk/info HTTP/1.1" 200 78
0:0:0:0:0:0:0:1 - - [22/Apr/2017:21:44:05 +0800] "GET /wk/292/kw47ofum/websocket HTTP/1.1" 101 -
0:0:0:0:0:0:0:1 - - [22/Apr/2017:21:44:07 +0800] "GET /rooms/1010/leave?userId=1 HTTP/1.1" 200 65
0:0:0:0:0:0:0:1 - - [22/Apr/2017:21:44:07 +0800] "GET /getUser HTTP/1.1" 200 250
0:0:0:0:0:0:0:1 - - [22/Apr/2017:21:44:07 +0800] "GET /rooms HTTP/1.1" 200 2357
0:0:0:0:0:0:0:1 - - [22/Apr/2017:21:44:07 +0800] "GET /wk/info HTTP/1.1" 200 79
0:0:0:0:0:0:0:1 - - [22/Apr/2017:21:44:07 +0800] "GET /wk/440/15yld691/websocket HTTP/1.1" 101 -
0:0:0:0:0:0:0:1 - - [22/Apr/2017:21:44:08 +0800] "GET /rooms/1010/join?userId=1 HTTP/1.1" 200 64
0:0:0:0:0:0:0:1 - - [22/Apr/2017:21:44:10 +0800] "GET /getUser HTTP/1.1" 200 250
0:0:0:0:0:0:0:1 - - [22/Apr/2017:21:44:10 +0800] "GET /rooms HTTP/1.1" 200 2357
0:0:0:0:0:0:0:1 - - [22/Apr/2017:21:44:10 +0800] "GET /wk/info HTTP/1.1" 200 77
0:0:0:0:0:0:0:1 - - [22/Apr/2017:21:44:10 +0800] "GET /wk/557/h_n5qibb/websocket HTTP/1.1" 101 -
0:0:0:0:0:0:0:1 - - [22/Apr/2017:21:44:15 +0800] "GET /getUser HTTP/1.1" 200 250
0:0:0:0:0:0:0:1 - - [22/Apr/2017:21:44:15 +0800] "GET /rooms HTTP/1.1" 200 2357
0:0:0:0:0:0:0:1 - - [22/Apr/2017:21:44:15 +0800] "GET /wk/info HTTP/1.1" 200 78
0:0:0:0:0:0:0:1 - - [22/Apr/2017:21:44:15 +0800] "GET /wk/317/3ua0v4co/websocket HTTP/1.1" 101 -
0:0:0:0:0:0:0:1 - - [22/Apr/2017:21:44:16 +0800] "GET /rooms/type/?type=%E8%B5%9B%E4%BA%8B%E6%88%BF HTTP/1.1" 200 893
0:0:0:0:0:0:0:1 - - [22/Apr/2017:21:44:17 +0800] "GET /rooms/type/?type=%E5%A8%B1%E4%B9%90%E6%88%BF HTTP/1.1" 200 690
0:0:0:0:0:0:0:1 - - [22/Apr/2017:21:44:17 +0800] "GET /rooms/type/?type=%E6%A0%87%E5%87%86%E6%88%BF HTTP/1.1" 200 906
0:0:0:0:0:0:0:1 - - [22/Apr/2017:21:44:18 +0800] "GET /getUser HTTP/1.1" 200 250
0:0:0:0:0:0:0:1 - - [22/Apr/2017:21:44:18 +0800] "GET /rooms HTTP/1.1" 200 2357
0:0:0:0:0:0:0:1 - - [22/Apr/2017:21:44:18 +0800] "GET /wk/info HTTP/1.1" 200 78
0:0:0:0:0:0:0:1 - - [22/Apr/2017:21:44:18 +0800] "GET /wk/357/mrhmb43l/websocket HTTP/1.1" 101 -
0:0:0:0:0:0:0:1 - - [22/Apr/2017:21:44:23 +0800] "GET /rooms/1010/join?userId=1 HTTP/1.1" 200 64
0:0:0:0:0:0:0:1 - - [22/Apr/2017:21:44:23 +0800] "GET /getUser HTTP/1.1" 200 250
0:0:0:0:0:0:0:1 - - [22/Apr/2017:21:44:23 +0800] "POST /rooms/1010 HTTP/1.1" 200 274
0:0:0:0:0:0:0:1 - - [22/Apr/2017:21:44:23 +0800] "GET /wk/info HTTP/1.1" 200 78
0:0:0:0:0:0:0:1 - - [22/Apr/2017:21:44:23 +0800] "GET /rooms/1010/players HTTP/1.1" 200 448
0:0:0:0:0:0:0:1 - - [22/Apr/2017:21:44:23 +0800] "GET /wk/160/50w0n4sx/websocket HTTP/1.1" 101 -
0:0:0:0:0:0:0:1 - - [22/Apr/2017:21:44:30 +0800] "GET /rooms/1010/leave?userId=1 HTTP/1.1" 200 65
0:0:0:0:0:0:0:1 - - [22/Apr/2017:21:44:30 +0800] "GET /getUser HTTP/1.1" 200 250
0:0:0:0:0:0:0:1 - - [22/Apr/2017:21:44:30 +0800] "GET /rooms HTTP/1.1" 200 2357
0:0:0:0:0:0:0:1 - - [22/Apr/2017:21:44:30 +0800] "GET /wk/info HTTP/1.1" 200 78
0:0:0:0:0:0:0:1 - - [22/Apr/2017:21:44:30 +0800] "GET /wk/945/jblyylh9/websocket HTTP/1.1" 101 -
0:0:0:0:0:0:0:1 - - [22/Apr/2017:21:44:31 +0800] "GET /rooms/1010/join?userId=1 HTTP/1.1" 200 64
0:0:0:0:0:0:0:1 - - [22/Apr/2017:21:44:31 +0800] "GET /getUser HTTP/1.1" 200 250
0:0:0:0:0:0:0:1 - - [22/Apr/2017:21:44:31 +0800] "POST /rooms/1010 HTTP/1.1" 200 274
0:0:0:0:0:0:0:1 - - [22/Apr/2017:21:44:32 +0800] "GET /rooms/1010/players HTTP/1.1" 200 255
0:0:0:0:0:0:0:1 - - [22/Apr/2017:21:44:32 +0800] "GET /wk/info HTTP/1.1" 200 79
0:0:0:0:0:0:0:1 - - [22/Apr/2017:21:44:32 +0800] "GET /wk/968/31r7zf_g/websocket HTTP/1.1" 101 -
0:0:0:0:0:0:0:1 - - [22/Apr/2017:21:44:32 +0800] "GET /rooms/1010/leave?userId=1 HTTP/1.1" 200 65
0:0:0:0:0:0:0:1 - - [22/Apr/2017:21:44:33 +0800] "GET /getUser HTTP/1.1" 200 250
0:0:0:0:0:0:0:1 - - [22/Apr/2017:21:44:33 +0800] "GET /rooms HTTP/1.1" 200 2357
0:0:0:0:0:0:0:1 - - [22/Apr/2017:21:44:33 +0800] "GET /wk/info HTTP/1.1" 200 78
0:0:0:0:0:0:0:1 - - [22/Apr/2017:21:44:33 +0800] "GET /wk/630/u84elppb/websocket HTTP/1.1" 101 -
0:0:0:0:0:0:0:1 - - [22/Apr/2017:21:48:37 +0800] "POST /login HTTP/1.1" 200 247
0:0:0:0:0:0:0:1 - - [22/Apr/2017:21:48:37 +0800] "GET /getUser HTTP/1.1" 200 250
0:0:0:0:0:0:0:1 - - [22/Apr/2017:21:48:37 +0800] "GET /wk/info HTTP/1.1" 200 79
0:0:0:0:0:0:0:1 - - [22/Apr/2017:21:48:38 +0800] "GET /rooms HTTP/1.1" 200 2357
0:0:0:0:0:0:0:1 - - [22/Apr/2017:21:48:38 +0800] "GET /wk/997/scrzlij5/websocket HTTP/1.1" 101 -
0:0:0:0:0:0:0:1 - - [22/Apr/2017:21:48:39 +0800] "GET /rooms/1010/join?userId=1 HTTP/1.1" 200 64
0:0:0:0:0:0:0:1 - - [22/Apr/2017:21:48:39 +0800] "GET /getUser HTTP/1.1" 200 250
0:0:0:0:0:0:0:1 - - [22/Apr/2017:21:48:39 +0800] "GET /rooms/1010/players HTTP/1.1" 200 255
0:0:0:0:0:0:0:1 - - [22/Apr/2017:21:48:39 +0800] "POST /rooms/1010 HTTP/1.1" 200 274
0:0:0:0:0:0:0:1 - - [22/Apr/2017:21:48:39 +0800] "GET /wk/info HTTP/1.1" 200 79
0:0:0:0:0:0:0:1 - - [22/Apr/2017:21:48:39 +0800] "GET /wk/370/ondub736/websocket HTTP/1.1" 101 -
