0:0:0:0:0:0:0:1 - - [05/Apr/2017:21:07:06 +0800] "GET / HTTP/1.1" 200 1333
0:0:0:0:0:0:0:1 - - [05/Apr/2017:21:07:06 +0800] "GET /css/style.css HTTP/1.1" 404 128
0:0:0:0:0:0:0:1 - - [05/Apr/2017:21:07:17 +0800] "GET / HTTP/1.1" 200 1334
0:0:0:0:0:0:0:1 - - [05/Apr/2017:21:07:17 +0800] "GET /css/style.css HTTP/1.1" 404 128
0:0:0:0:0:0:0:1 - - [05/Apr/2017:21:07:21 +0800] "GET / HTTP/1.1" 200 1333
0:0:0:0:0:0:0:1 - - [05/Apr/2017:21:07:21 +0800] "GET /css/style.css HTTP/1.1" 404 128
0:0:0:0:0:0:0:1 - - [05/Apr/2017:21:10:39 +0800] "GET / HTTP/1.1" 500 324
0:0:0:0:0:0:0:1 - - [05/Apr/2017:21:12:53 +0800] "GET / HTTP/1.1" 200 1318
0:0:0:0:0:0:0:1 - - [05/Apr/2017:21:12:53 +0800] "GET /css/style.css HTTP/1.1" 200 1200
0:0:0:0:0:0:0:1 - - [05/Apr/2017:21:12:53 +0800] "GET /css/background.jpg HTTP/1.1" 404 133
0:0:0:0:0:0:0:1 - - [05/Apr/2017:21:17:38 +0800] "GET / HTTP/1.1" 200 1324
0:0:0:0:0:0:0:1 - - [05/Apr/2017:21:17:38 +0800] "GET /css/style.css HTTP/1.1" 304 -
0:0:0:0:0:0:0:1 - - [05/Apr/2017:21:17:38 +0800] "GET /css/background.jpg HTTP/1.1" 404 133
0:0:0:0:0:0:0:1 - - [05/Apr/2017:21:17:39 +0800] "GET /index?user%5B%3Ausername%5D=&user%5B%3Apassword%5D= HTTP/1.1" 404 306
0:0:0:0:0:0:0:1 - - [05/Apr/2017:21:17:57 +0800] "GET / HTTP/1.1" 200 1324
0:0:0:0:0:0:0:1 - - [05/Apr/2017:21:17:57 +0800] "GET /css/background.jpg HTTP/1.1" 404 133
0:0:0:0:0:0:0:1 - - [05/Apr/2017:21:17:58 +0800] "GET /index?user%5B%3Ausername%5D=&user%5B%3Apassword%5D= HTTP/1.1" 500 371
0:0:0:0:0:0:0:1 - - [05/Apr/2017:21:18:38 +0800] "GET / HTTP/1.1" 200 1324
0:0:0:0:0:0:0:1 - - [05/Apr/2017:21:18:38 +0800] "GET /css/style.css HTTP/1.1" 304 -
0:0:0:0:0:0:0:1 - - [05/Apr/2017:21:18:38 +0800] "GET /css/background.jpg HTTP/1.1" 404 133
0:0:0:0:0:0:0:1 - - [05/Apr/2017:21:18:38 +0800] "GET /index?user%5B%3Ausername%5D=&user%5B%3Apassword%5D= HTTP/1.1" 500 371
0:0:0:0:0:0:0:1 - - [05/Apr/2017:21:18:51 +0800] "GET / HTTP/1.1" 200 1324
0:0:0:0:0:0:0:1 - - [05/Apr/2017:21:18:51 +0800] "GET /css/background.jpg HTTP/1.1" 404 133
0:0:0:0:0:0:0:1 - - [05/Apr/2017:21:18:52 +0800] "GET /index?user%5B%3Ausername%5D=&user%5B%3Apassword%5D= HTTP/1.1" 200 2695
0:0:0:0:0:0:0:1 - - [05/Apr/2017:21:18:52 +0800] "GET /style/style.css HTTP/1.1" 404 130
0:0:0:0:0:0:0:1 - - [05/Apr/2017:21:19:03 +0800] "GET / HTTP/1.1" 200 1324
0:0:0:0:0:0:0:1 - - [05/Apr/2017:21:19:03 +0800] "GET /css/background.jpg HTTP/1.1" 404 133
0:0:0:0:0:0:0:1 - - [05/Apr/2017:21:22:08 +0800] "GET / HTTP/1.1" 200 1324
0:0:0:0:0:0:0:1 - - [05/Apr/2017:21:22:08 +0800] "GET /css/style.css HTTP/1.1" 304 -
0:0:0:0:0:0:0:1 - - [05/Apr/2017:21:22:08 +0800] "GET /css/background.jpg HTTP/1.1" 404 133
0:0:0:0:0:0:0:1 - - [05/Apr/2017:21:22:09 +0800] "GET /index?user%5B%3Ausername%5D=&user%5B%3Apassword%5D= HTTP/1.1" 200 2774
0:0:0:0:0:0:0:1 - - [05/Apr/2017:21:22:09 +0800] "GET /css/main.scss HTTP/1.1" 404 128
0:0:0:0:0:0:0:1 - - [05/Apr/2017:21:22:27 +0800] "GET / HTTP/1.1" 200 1324
0:0:0:0:0:0:0:1 - - [05/Apr/2017:21:22:28 +0800] "GET /index?user%5B%3Ausername%5D=&user%5B%3Apassword%5D= HTTP/1.1" 200 2774
0:0:0:0:0:0:0:1 - - [05/Apr/2017:21:22:28 +0800] "GET /css/main.scss HTTP/1.1" 404 128
0:0:0:0:0:0:0:1 - - [05/Apr/2017:21:23:17 +0800] "GET / HTTP/1.1" 200 1324
0:0:0:0:0:0:0:1 - - [05/Apr/2017:21:23:17 +0800] "GET /css/background.jpg HTTP/1.1" 404 133
0:0:0:0:0:0:0:1 - - [05/Apr/2017:21:23:18 +0800] "GET /index?user%5B%3Ausername%5D=&user%5B%3Apassword%5D= HTTP/1.1" 200 2775
0:0:0:0:0:0:0:1 - - [05/Apr/2017:21:23:18 +0800] "GET /css/index.scss HTTP/1.1" 200 778
0:0:0:0:0:0:0:1 - - [05/Apr/2017:21:23:18 +0800] "GET /css/background.jpg HTTP/1.1" 404 133
0:0:0:0:0:0:0:1 - - [05/Apr/2017:21:27:01 +0800] "GET / HTTP/1.1" 200 1324
0:0:0:0:0:0:0:1 - - [05/Apr/2017:21:27:01 +0800] "GET /css/style.css HTTP/1.1" 304 -
0:0:0:0:0:0:0:1 - - [05/Apr/2017:21:27:01 +0800] "GET /css/background.jpg HTTP/1.1" 404 133
0:0:0:0:0:0:0:1 - - [05/Apr/2017:21:27:03 +0800] "GET /index?user%5B%3Ausername%5D=&user%5B%3Apassword%5D= HTTP/1.1" 200 2774
0:0:0:0:0:0:0:1 - - [05/Apr/2017:21:27:03 +0800] "GET /css/index.css HTTP/1.1" 200 743
0:0:0:0:0:0:0:1 - - [05/Apr/2017:21:27:03 +0800] "GET /css/background.jpg HTTP/1.1" 404 133
0:0:0:0:0:0:0:1 - - [05/Apr/2017:21:27:38 +0800] "GET / HTTP/1.1" 200 1324
0:0:0:0:0:0:0:1 - - [05/Apr/2017:21:27:38 +0800] "GET /css/background.jpg HTTP/1.1" 404 133
0:0:0:0:0:0:0:1 - - [05/Apr/2017:21:27:39 +0800] "GET /index?user%5B%3Ausername%5D=&user%5B%3Apassword%5D= HTTP/1.1" 200 2774
0:0:0:0:0:0:0:1 - - [05/Apr/2017:21:27:39 +0800] "GET /css/index.css HTTP/1.1" 304 -
0:0:0:0:0:0:0:1 - - [05/Apr/2017:21:27:39 +0800] "GET /css/background.jpg HTTP/1.1" 404 133
0:0:0:0:0:0:0:1 - - [05/Apr/2017:21:28:18 +0800] "GET / HTTP/1.1" 200 1324
0:0:0:0:0:0:0:1 - - [05/Apr/2017:21:28:18 +0800] "GET /css/background.jpg HTTP/1.1" 404 133
0:0:0:0:0:0:0:1 - - [05/Apr/2017:21:28:19 +0800] "GET /index?user%5B%3Ausername%5D=&user%5B%3Apassword%5D= HTTP/1.1" 200 2742
0:0:0:0:0:0:0:1 - - [05/Apr/2017:21:28:19 +0800] "GET /css/index.css HTTP/1.1" 304 -
0:0:0:0:0:0:0:1 - - [05/Apr/2017:21:28:51 +0800] "GET / HTTP/1.1" 200 1324
0:0:0:0:0:0:0:1 - - [05/Apr/2017:21:28:51 +0800] "GET /css/style.css HTTP/1.1" 304 -
0:0:0:0:0:0:0:1 - - [05/Apr/2017:21:28:51 +0800] "GET /css/background.jpg HTTP/1.1" 404 133
0:0:0:0:0:0:0:1 - - [05/Apr/2017:21:28:52 +0800] "GET /index?user%5B%3Ausername%5D=&user%5B%3Apassword%5D= HTTP/1.1" 200 2742
0:0:0:0:0:0:0:1 - - [05/Apr/2017:21:28:52 +0800] "GET /css/index.css HTTP/1.1" 304 -
0:0:0:0:0:0:0:1 - - [05/Apr/2017:21:28:52 +0800] "GET /css/background.jpg HTTP/1.1" 404 133
0:0:0:0:0:0:0:1 - - [05/Apr/2017:21:28:58 +0800] "GET /index? HTTP/1.1" 200 2742
0:0:0:0:0:0:0:1 - - [05/Apr/2017:21:28:58 +0800] "GET /css/background.jpg HTTP/1.1" 404 133
0:0:0:0:0:0:0:1 - - [05/Apr/2017:21:29:39 +0800] "GET / HTTP/1.1" 200 1324
0:0:0:0:0:0:0:1 - - [05/Apr/2017:21:29:39 +0800] "GET /css/background.jpg HTTP/1.1" 404 133
0:0:0:0:0:0:0:1 - - [05/Apr/2017:21:29:40 +0800] "GET / HTTP/1.1" 200 1324
0:0:0:0:0:0:0:1 - - [05/Apr/2017:21:29:40 +0800] "GET / HTTP/1.1" 200 1324
0:0:0:0:0:0:0:1 - - [05/Apr/2017:21:29:40 +0800] "GET / HTTP/1.1" 200 1324
0:0:0:0:0:0:0:1 - - [05/Apr/2017:21:29:41 +0800] "GET /index?user%5B%3Ausername%5D=&user%5B%3Apassword%5D= HTTP/1.1" 200 2742
0:0:0:0:0:0:0:1 - - [05/Apr/2017:21:29:41 +0800] "GET /css/index.css HTTP/1.1" 304 -
0:0:0:0:0:0:0:1 - - [05/Apr/2017:21:32:37 +0800] "GET / HTTP/1.1" 200 1324
0:0:0:0:0:0:0:1 - - [05/Apr/2017:21:32:37 +0800] "GET /css/style.css HTTP/1.1" 200 1204
0:0:0:0:0:0:0:1 - - [05/Apr/2017:21:32:37 +0800] "GET /css/img/background.jpg HTTP/1.1" 404 137
0:0:0:0:0:0:0:1 - - [05/Apr/2017:21:32:39 +0800] "GET /index?user%5B%3Ausername%5D=&user%5B%3Apassword%5D= HTTP/1.1" 200 2742
0:0:0:0:0:0:0:1 - - [05/Apr/2017:21:32:39 +0800] "GET /css/style.css HTTP/1.1" 304 -
0:0:0:0:0:0:0:1 - - [05/Apr/2017:21:32:39 +0800] "GET /css/index.css HTTP/1.1" 304 -
0:0:0:0:0:0:0:1 - - [05/Apr/2017:21:34:58 +0800] "GET / HTTP/1.1" 200 1324
0:0:0:0:0:0:0:1 - - [05/Apr/2017:21:34:58 +0800] "GET /css/style.css HTTP/1.1" 200 1207
0:0:0:0:0:0:0:1 - - [05/Apr/2017:21:34:58 +0800] "GET /img/background.jpg HTTP/1.1" 200 117097
0:0:0:0:0:0:0:1 - - [05/Apr/2017:21:35:56 +0800] "GET /index?user%5B%3Ausername%5D=&user%5B%3Apassword%5D= HTTP/1.1" 200 2742
0:0:0:0:0:0:0:1 - - [05/Apr/2017:21:35:56 +0800] "GET /css/index.css HTTP/1.1" 304 -
0:0:0:0:0:0:0:1 - - [05/Apr/2017:21:35:56 +0800] "GET /css/style.css HTTP/1.1" 304 -
0:0:0:0:0:0:0:1 - - [05/Apr/2017:21:35:56 +0800] "GET /img/background.jpg HTTP/1.1" 304 -
0:0:0:0:0:0:0:1 - - [05/Apr/2017:21:37:03 +0800] "GET /index?user%5B%3Ausername%5D=&user%5B%3Apassword%5D= HTTP/1.1" 200 2748
0:0:0:0:0:0:0:1 - - [05/Apr/2017:21:37:03 +0800] "GET /css/style.css HTTP/1.1" 304 -
0:0:0:0:0:0:0:1 - - [05/Apr/2017:21:37:03 +0800] "GET /css/index.css HTTP/1.1" 304 -
0:0:0:0:0:0:0:1 - - [05/Apr/2017:21:37:03 +0800] "GET /img/background.jpg HTTP/1.1" 304 -
0:0:0:0:0:0:0:1 - - [05/Apr/2017:21:37:03 +0800] "GET /favicon.ico HTTP/1.1" 200 946
0:0:0:0:0:0:0:1 - - [05/Apr/2017:21:37:04 +0800] "GET /index?user%5B%3Ausername%5D=&user%5B%3Apassword%5D= HTTP/1.1" 200 2748
0:0:0:0:0:0:0:1 - - [05/Apr/2017:21:37:05 +0800] "GET /favicon.ico HTTP/1.1" 200 946
0:0:0:0:0:0:0:1 - - [05/Apr/2017:21:37:05 +0800] "GET /index?user%5B%3Ausername%5D=&user%5B%3Apassword%5D= HTTP/1.1" 200 2748
0:0:0:0:0:0:0:1 - - [05/Apr/2017:21:37:05 +0800] "GET /favicon.ico HTTP/1.1" 200 946
0:0:0:0:0:0:0:1 - - [05/Apr/2017:21:37:05 +0800] "GET /index?user%5B%3Ausername%5D=&user%5B%3Apassword%5D= HTTP/1.1" 200 2748
0:0:0:0:0:0:0:1 - - [05/Apr/2017:21:37:05 +0800] "GET /favicon.ico HTTP/1.1" 200 946
0:0:0:0:0:0:0:1 - - [05/Apr/2017:21:37:05 +0800] "GET /index?user%5B%3Ausername%5D=&user%5B%3Apassword%5D= HTTP/1.1" 200 2748
0:0:0:0:0:0:0:1 - - [05/Apr/2017:21:37:05 +0800] "GET /favicon.ico HTTP/1.1" 200 946
0:0:0:0:0:0:0:1 - - [05/Apr/2017:21:37:06 +0800] "GET /index?user%5B%3Ausername%5D=&user%5B%3Apassword%5D= HTTP/1.1" 200 2748
0:0:0:0:0:0:0:1 - - [05/Apr/2017:21:37:06 +0800] "GET /favicon.ico HTTP/1.1" 200 946
0:0:0:0:0:0:0:1 - - [05/Apr/2017:21:37:06 +0800] "GET /index?user%5B%3Ausername%5D=&user%5B%3Apassword%5D= HTTP/1.1" 200 2748
0:0:0:0:0:0:0:1 - - [05/Apr/2017:21:37:06 +0800] "GET /favicon.ico HTTP/1.1" 200 946
0:0:0:0:0:0:0:1 - - [05/Apr/2017:21:37:52 +0800] "GET /index?user%5B%3Ausername%5D=&user%5B%3Apassword%5D= HTTP/1.1" 200 2748
0:0:0:0:0:0:0:1 - - [05/Apr/2017:21:37:52 +0800] "GET /css/style.css HTTP/1.1" 304 -
0:0:0:0:0:0:0:1 - - [05/Apr/2017:21:37:52 +0800] "GET /favicon.ico HTTP/1.1" 200 946
0:0:0:0:0:0:0:1 - - [05/Apr/2017:21:37:53 +0800] "GET /index?user%5B%3Ausername%5D=&user%5B%3Apassword%5D= HTTP/1.1" 200 2748
0:0:0:0:0:0:0:1 - - [05/Apr/2017:21:37:53 +0800] "GET /favicon.ico HTTP/1.1" 200 946
0:0:0:0:0:0:0:1 - - [05/Apr/2017:21:37:53 +0800] "GET /index?user%5B%3Ausername%5D=&user%5B%3Apassword%5D= HTTP/1.1" 200 2748
0:0:0:0:0:0:0:1 - - [05/Apr/2017:21:37:53 +0800] "GET /favicon.ico HTTP/1.1" 200 946
0:0:0:0:0:0:0:1 - - [05/Apr/2017:21:37:53 +0800] "GET /index?user%5B%3Ausername%5D=&user%5B%3Apassword%5D= HTTP/1.1" 200 2748
0:0:0:0:0:0:0:1 - - [05/Apr/2017:21:37:53 +0800] "GET /favicon.ico HTTP/1.1" 200 946
0:0:0:0:0:0:0:1 - - [05/Apr/2017:21:37:53 +0800] "GET /index?user%5B%3Ausername%5D=&user%5B%3Apassword%5D= HTTP/1.1" 200 2748
0:0:0:0:0:0:0:1 - - [05/Apr/2017:21:37:53 +0800] "GET /favicon.ico HTTP/1.1" 200 946
0:0:0:0:0:0:0:1 - - [05/Apr/2017:21:37:53 +0800] "GET /index?user%5B%3Ausername%5D=&user%5B%3Apassword%5D= HTTP/1.1" 200 2748
0:0:0:0:0:0:0:1 - - [05/Apr/2017:21:37:53 +0800] "GET /favicon.ico HTTP/1.1" 200 946
0:0:0:0:0:0:0:1 - - [05/Apr/2017:21:42:23 +0800] "GET / HTTP/1.1" 200 1324
0:0:0:0:0:0:0:1 - - [05/Apr/2017:21:42:23 +0800] "GET /css/style.css HTTP/1.1" 304 -
0:0:0:0:0:0:0:1 - - [05/Apr/2017:21:42:23 +0800] "GET /img/background.jpg HTTP/1.1" 304 -
0:0:0:0:0:0:0:1 - - [05/Apr/2017:21:42:25 +0800] "GET /index?user%5B%3Ausername%5D=&user%5B%3Apassword%5D= HTTP/1.1" 500 373
0:0:0:0:0:0:0:1 - - [05/Apr/2017:21:43:14 +0800] "GET / HTTP/1.1" 200 1324
0:0:0:0:0:0:0:1 - - [05/Apr/2017:21:43:14 +0800] "GET /css/style.css HTTP/1.1" 304 -
0:0:0:0:0:0:0:1 - - [05/Apr/2017:21:43:15 +0800] "GET /index?user%5B%3Ausername%5D=&user%5B%3Apassword%5D= HTTP/1.1" 200 3195
0:0:0:0:0:0:0:1 - - [05/Apr/2017:21:43:15 +0800] "GET /css/index.css HTTP/1.1" 200 742
0:0:0:0:0:0:0:1 - - [05/Apr/2017:21:44:42 +0800] "GET /index?user%5B%3Ausername%5D=&user%5B%3Apassword%5D= HTTP/1.1" 200 3195
0:0:0:0:0:0:0:1 - - [05/Apr/2017:21:44:42 +0800] "GET /css/style.css HTTP/1.1" 304 -
0:0:0:0:0:0:0:1 - - [05/Apr/2017:21:44:42 +0800] "GET /css/index.css HTTP/1.1" 200 827
0:0:0:0:0:0:0:1 - - [05/Apr/2017:21:44:42 +0800] "GET /favicon.ico HTTP/1.1" 200 946
0:0:0:0:0:0:0:1 - - [05/Apr/2017:21:44:42 +0800] "GET /index?user%5B%3Ausername%5D=&user%5B%3Apassword%5D= HTTP/1.1" 200 3195
0:0:0:0:0:0:0:1 - - [05/Apr/2017:21:44:42 +0800] "GET /css/index.css HTTP/1.1" 304 -
0:0:0:0:0:0:0:1 - - [05/Apr/2017:21:44:42 +0800] "GET /favicon.ico HTTP/1.1" 200 946
0:0:0:0:0:0:0:1 - - [05/Apr/2017:21:44:43 +0800] "GET /index?user%5B%3Ausername%5D=&user%5B%3Apassword%5D= HTTP/1.1" 200 3195
0:0:0:0:0:0:0:1 - - [05/Apr/2017:21:44:43 +0800] "GET /css/index.css HTTP/1.1" 304 -
0:0:0:0:0:0:0:1 - - [05/Apr/2017:21:44:43 +0800] "GET /favicon.ico HTTP/1.1" 200 946
0:0:0:0:0:0:0:1 - - [05/Apr/2017:21:44:43 +0800] "GET /index?user%5B%3Ausername%5D=&user%5B%3Apassword%5D= HTTP/1.1" 200 3195
0:0:0:0:0:0:0:1 - - [05/Apr/2017:21:44:43 +0800] "GET /css/index.css HTTP/1.1" 304 -
0:0:0:0:0:0:0:1 - - [05/Apr/2017:21:44:43 +0800] "GET /favicon.ico HTTP/1.1" 200 946
0:0:0:0:0:0:0:1 - - [05/Apr/2017:21:44:43 +0800] "GET /index?user%5B%3Ausername%5D=&user%5B%3Apassword%5D= HTTP/1.1" 200 3195
0:0:0:0:0:0:0:1 - - [05/Apr/2017:21:44:43 +0800] "GET /css/index.css HTTP/1.1" 304 -
0:0:0:0:0:0:0:1 - - [05/Apr/2017:21:44:43 +0800] "GET /favicon.ico HTTP/1.1" 200 946
0:0:0:0:0:0:0:1 - - [05/Apr/2017:21:44:43 +0800] "GET /index?user%5B%3Ausername%5D=&user%5B%3Apassword%5D= HTTP/1.1" 200 3195
0:0:0:0:0:0:0:1 - - [05/Apr/2017:21:44:43 +0800] "GET /css/index.css HTTP/1.1" 304 -
0:0:0:0:0:0:0:1 - - [05/Apr/2017:21:44:43 +0800] "GET /favicon.ico HTTP/1.1" 200 946
0:0:0:0:0:0:0:1 - - [05/Apr/2017:21:46:17 +0800] "GET /index?user%5B%3Ausername%5D=&user%5B%3Apassword%5D= HTTP/1.1" 500 372
0:0:0:0:0:0:0:1 - - [05/Apr/2017:21:46:17 +0800] "GET /favicon.ico HTTP/1.1" 200 946
0:0:0:0:0:0:0:1 - - [05/Apr/2017:21:46:18 +0800] "GET /index?user%5B%3Ausername%5D=&user%5B%3Apassword%5D= HTTP/1.1" 500 372
0:0:0:0:0:0:0:1 - - [05/Apr/2017:21:46:18 +0800] "GET /favicon.ico HTTP/1.1" 200 946
0:0:0:0:0:0:0:1 - - [05/Apr/2017:21:46:18 +0800] "GET /index?user%5B%3Ausername%5D=&user%5B%3Apassword%5D= HTTP/1.1" 500 372
0:0:0:0:0:0:0:1 - - [05/Apr/2017:21:46:18 +0800] "GET /favicon.ico HTTP/1.1" 200 946
0:0:0:0:0:0:0:1 - - [05/Apr/2017:21:46:18 +0800] "GET /index?user%5B%3Ausername%5D=&user%5B%3Apassword%5D= HTTP/1.1" 500 372
0:0:0:0:0:0:0:1 - - [05/Apr/2017:21:46:18 +0800] "GET /favicon.ico HTTP/1.1" 200 946
0:0:0:0:0:0:0:1 - - [05/Apr/2017:21:46:18 +0800] "GET /index?user%5B%3Ausername%5D=&user%5B%3Apassword%5D= HTTP/1.1" 500 372
0:0:0:0:0:0:0:1 - - [05/Apr/2017:21:46:18 +0800] "GET /favicon.ico HTTP/1.1" 200 946
0:0:0:0:0:0:0:1 - - [05/Apr/2017:21:46:34 +0800] "GET /index?user%5B%3Ausername%5D=&user%5B%3Apassword%5D= HTTP/1.1" 200 3458
0:0:0:0:0:0:0:1 - - [05/Apr/2017:21:46:34 +0800] "GET /css/style.css HTTP/1.1" 304 -
0:0:0:0:0:0:0:1 - - [05/Apr/2017:21:46:34 +0800] "GET /css/index.css HTTP/1.1" 304 -
0:0:0:0:0:0:0:1 - - [05/Apr/2017:21:46:34 +0800] "GET /img/background.jpg HTTP/1.1" 304 -
0:0:0:0:0:0:0:1 - - [05/Apr/2017:21:46:34 +0800] "GET /favicon.ico HTTP/1.1" 200 946
0:0:0:0:0:0:0:1 - - [05/Apr/2017:21:47:31 +0800] "GET /index?user%5B%3Ausername%5D=&user%5B%3Apassword%5D= HTTP/1.1" 200 3458
0:0:0:0:0:0:0:1 - - [05/Apr/2017:21:47:31 +0800] "GET /css/index.css HTTP/1.1" 200 724
0:0:0:0:0:0:0:1 - - [05/Apr/2017:21:47:31 +0800] "GET /favicon.ico HTTP/1.1" 200 946
0:0:0:0:0:0:0:1 - - [05/Apr/2017:21:47:55 +0800] "GET /index?user%5B%3Ausername%5D=&user%5B%3Apassword%5D= HTTP/1.1" 200 3458
0:0:0:0:0:0:0:1 - - [05/Apr/2017:21:47:55 +0800] "GET /css/style.css HTTP/1.1" 304 -
0:0:0:0:0:0:0:1 - - [05/Apr/2017:21:47:55 +0800] "GET /css/index.css HTTP/1.1" 200 827
0:0:0:0:0:0:0:1 - - [05/Apr/2017:21:47:55 +0800] "GET /favicon.ico HTTP/1.1" 200 946
0:0:0:0:0:0:0:1 - - [05/Apr/2017:21:49:39 +0800] "GET /index?user%5B%3Ausername%5D=&user%5B%3Apassword%5D= HTTP/1.1" 500 373
0:0:0:0:0:0:0:1 - - [05/Apr/2017:21:49:39 +0800] "GET /favicon.ico HTTP/1.1" 200 946
0:0:0:0:0:0:0:1 - - [05/Apr/2017:21:51:07 +0800] "GET /index?user%5B%3Ausername%5D=&user%5B%3Apassword%5D= HTTP/1.1" 500 373
0:0:0:0:0:0:0:1 - - [05/Apr/2017:21:51:07 +0800] "GET /favicon.ico HTTP/1.1" 200 946
0:0:0:0:0:0:0:1 - - [05/Apr/2017:21:51:49 +0800] "GET /index?user%5B%3Ausername%5D=&user%5B%3Apassword%5D= HTTP/1.1" 200 4699
0:0:0:0:0:0:0:1 - - [05/Apr/2017:21:51:49 +0800] "GET /css/style.css HTTP/1.1" 304 -
0:0:0:0:0:0:0:1 - - [05/Apr/2017:21:51:49 +0800] "GET /css/index.css HTTP/1.1" 304 -
0:0:0:0:0:0:0:1 - - [05/Apr/2017:21:51:49 +0800] "GET /img/logo.png HTTP/1.1" 200 5016
0:0:0:0:0:0:0:1 - - [05/Apr/2017:21:51:49 +0800] "GET /img/head.jpg HTTP/1.1" 200 17506
0:0:0:0:0:0:0:1 - - [05/Apr/2017:21:51:49 +0800] "GET /img//wolf.jpg HTTP/1.1" 200 11874
0:0:0:0:0:0:0:1 - - [05/Apr/2017:21:51:49 +0800] "GET /img/background.jpg HTTP/1.1" 304 -
0:0:0:0:0:0:0:1 - - [05/Apr/2017:21:51:49 +0800] "GET /favicon.ico HTTP/1.1" 200 946
0:0:0:0:0:0:0:1 - - [05/Apr/2017:21:51:59 +0800] "GET / HTTP/1.1" 200 1324
0:0:0:0:0:0:0:1 - - [05/Apr/2017:21:54:17 +0800] "GET / HTTP/1.1" 500 373
0:0:0:0:0:0:0:1 - - [05/Apr/2017:21:55:08 +0800] "GET / HTTP/1.1" 500 373
0:0:0:0:0:0:0:1 - - [05/Apr/2017:21:55:08 +0800] "GET /favicon.ico HTTP/1.1" 200 946
0:0:0:0:0:0:0:1 - - [05/Apr/2017:21:55:13 +0800] "GET / HTTP/1.1" 500 373
0:0:0:0:0:0:0:1 - - [05/Apr/2017:21:56:41 +0800] "GET / HTTP/1.1" 200 983
0:0:0:0:0:0:0:1 - - [05/Apr/2017:21:56:41 +0800] "GET /css/style.css HTTP/1.1" 304 -
0:0:0:0:0:0:0:1 - - [05/Apr/2017:21:56:41 +0800] "GET /img/background.jpg HTTP/1.1" 304 -
0:0:0:0:0:0:0:1 - - [05/Apr/2017:21:56:41 +0800] "GET /favicon.ico HTTP/1.1" 200 946
0:0:0:0:0:0:0:1 - - [05/Apr/2017:21:56:54 +0800] "GET / HTTP/1.1" 200 983
0:0:0:0:0:0:0:1 - - [05/Apr/2017:21:56:54 +0800] "GET /favicon.ico HTTP/1.1" 200 946
0:0:0:0:0:0:0:1 - - [05/Apr/2017:22:00:13 +0800] "GET / HTTP/1.1" 200 1032
0:0:0:0:0:0:0:1 - - [05/Apr/2017:22:00:13 +0800] "GET /css/style.css HTTP/1.1" 304 -
0:0:0:0:0:0:0:1 - - [05/Apr/2017:22:00:13 +0800] "GET /css/login.css HTTP/1.1" 200 824
0:0:0:0:0:0:0:1 - - [05/Apr/2017:22:00:13 +0800] "GET /img/background.jpg HTTP/1.1" 304 -
0:0:0:0:0:0:0:1 - - [05/Apr/2017:22:00:13 +0800] "GET /css/login.jpg HTTP/1.1" 404 128
0:0:0:0:0:0:0:1 - - [05/Apr/2017:22:00:13 +0800] "GET /favicon.ico HTTP/1.1" 200 946
0:0:0:0:0:0:0:1 - - [05/Apr/2017:22:00:48 +0800] "GET /? HTTP/1.1" 200 1032
0:0:0:0:0:0:0:1 - - [05/Apr/2017:22:00:48 +0800] "GET /css/login.css HTTP/1.1" 304 -
0:0:0:0:0:0:0:1 - - [05/Apr/2017:22:00:48 +0800] "GET /css/login.jpg HTTP/1.1" 404 128
0:0:0:0:0:0:0:1 - - [05/Apr/2017:22:01:09 +0800] "GET /? HTTP/1.1" 200 1033
0:0:0:0:0:0:0:1 - - [05/Apr/2017:22:01:09 +0800] "GET /css/login.css HTTP/1.1" 304 -
0:0:0:0:0:0:0:1 - - [05/Apr/2017:22:01:09 +0800] "GET /css/login.jpg HTTP/1.1" 404 128
0:0:0:0:0:0:0:1 - - [05/Apr/2017:22:01:09 +0800] "GET /favicon.ico HTTP/1.1" 200 946
0:0:0:0:0:0:0:1 - - [05/Apr/2017:22:01:18 +0800] "GET /? HTTP/1.1" 200 1038
0:0:0:0:0:0:0:1 - - [05/Apr/2017:22:01:18 +0800] "GET /css/login.css HTTP/1.1" 304 -
0:0:0:0:0:0:0:1 - - [05/Apr/2017:22:01:18 +0800] "GET /css/login.jpg HTTP/1.1" 404 128
0:0:0:0:0:0:0:1 - - [05/Apr/2017:22:01:18 +0800] "GET /favicon.ico HTTP/1.1" 200 946
0:0:0:0:0:0:0:1 - - [05/Apr/2017:22:01:21 +0800] "GET /index? HTTP/1.1" 200 4699
0:0:0:0:0:0:0:1 - - [05/Apr/2017:22:01:21 +0800] "GET /css/index.css HTTP/1.1" 304 -
0:0:0:0:0:0:0:1 - - [05/Apr/2017:22:01:21 +0800] "GET /img/head.jpg HTTP/1.1" 304 -
0:0:0:0:0:0:0:1 - - [05/Apr/2017:22:01:21 +0800] "GET /img/logo.png HTTP/1.1" 304 -
0:0:0:0:0:0:0:1 - - [05/Apr/2017:22:01:21 +0800] "GET /img//wolf.jpg HTTP/1.1" 304 -
0:0:0:0:0:0:0:1 - - [05/Apr/2017:22:02:07 +0800] "GET /? HTTP/1.1" 200 1038
0:0:0:0:0:0:0:1 - - [05/Apr/2017:22:02:07 +0800] "GET /css/login.css HTTP/1.1" 200 831
0:0:0:0:0:0:0:1 - - [05/Apr/2017:22:02:07 +0800] "GET /img/login.jpg HTTP/1.1" 200 433313
0:0:0:0:0:0:0:1 - - [05/Apr/2017:22:02:07 +0800] "GET /favicon.ico HTTP/1.1" 200 946
0:0:0:0:0:0:0:1 - - [05/Apr/2017:22:02:22 +0800] "GET /? HTTP/1.1" 200 989
0:0:0:0:0:0:0:1 - - [05/Apr/2017:22:02:22 +0800] "GET /css/login.css HTTP/1.1" 304 -
0:0:0:0:0:0:0:1 - - [05/Apr/2017:22:02:22 +0800] "GET /favicon.ico HTTP/1.1" 200 946
0:0:0:0:0:0:0:1 - - [05/Apr/2017:22:02:26 +0800] "GET /index? HTTP/1.1" 200 4699
0:0:0:0:0:0:0:1 - - [05/Apr/2017:22:05:18 +0800] "GET /index? HTTP/1.1" 500 373
0:0:0:0:0:0:0:1 - - [05/Apr/2017:22:05:18 +0800] "GET /favicon.ico HTTP/1.1" 200 946
0:0:0:0:0:0:0:1 - - [05/Apr/2017:22:06:25 +0800] "GET /index? HTTP/1.1" 500 373
0:0:0:0:0:0:0:1 - - [05/Apr/2017:22:06:25 +0800] "GET /favicon.ico HTTP/1.1" 200 946
0:0:0:0:0:0:0:1 - - [05/Apr/2017:22:08:59 +0800] "GET / HTTP/1.1" 200 989
0:0:0:0:0:0:0:1 - - [05/Apr/2017:22:08:59 +0800] "GET /css/login.css HTTP/1.1" 304 -
0:0:0:0:0:0:0:1 - - [05/Apr/2017:22:09:00 +0800] "GET /index? HTTP/1.1" 500 373
0:0:0:0:0:0:0:1 - - [05/Apr/2017:22:09:47 +0800] "GET /index? HTTP/1.1" 500 373
0:0:0:0:0:0:0:1 - - [05/Apr/2017:22:09:47 +0800] "GET /favicon.ico HTTP/1.1" 200 946
0:0:0:0:0:0:0:1 - - [05/Apr/2017:22:09:49 +0800] "GET / HTTP/1.1" 200 989
0:0:0:0:0:0:0:1 - - [05/Apr/2017:22:09:49 +0800] "GET /css/login.css HTTP/1.1" 304 -
0:0:0:0:0:0:0:1 - - [05/Apr/2017:22:09:55 +0800] "GET /index? HTTP/1.1" 500 373
0:0:0:0:0:0:0:1 - - [05/Apr/2017:22:10:10 +0800] "GET /index? HTTP/1.1" 200 7106
0:0:0:0:0:0:0:1 - - [05/Apr/2017:22:10:10 +0800] "GET /css/style.css HTTP/1.1" 304 -
0:0:0:0:0:0:0:1 - - [05/Apr/2017:22:10:10 +0800] "GET /css/index.css HTTP/1.1" 304 -
0:0:0:0:0:0:0:1 - - [05/Apr/2017:22:10:10 +0800] "GET /img//wolf.jpg HTTP/1.1" 304 -
0:0:0:0:0:0:0:1 - - [05/Apr/2017:22:10:10 +0800] "GET /img/logo.png HTTP/1.1" 304 -
0:0:0:0:0:0:0:1 - - [05/Apr/2017:22:10:10 +0800] "GET /img/wolf.jpg HTTP/1.1" 200 11874
0:0:0:0:0:0:0:1 - - [05/Apr/2017:22:10:10 +0800] "GET /img/head.jpg HTTP/1.1" 304 -
0:0:0:0:0:0:0:1 - - [05/Apr/2017:22:10:10 +0800] "GET /img/background.jpg HTTP/1.1" 304 -
0:0:0:0:0:0:0:1 - - [05/Apr/2017:22:10:10 +0800] "GET /favicon.ico HTTP/1.1" 200 946
0:0:0:0:0:0:0:1 - - [05/Apr/2017:22:11:52 +0800] "GET /index? HTTP/1.1" 200 11821
0:0:0:0:0:0:0:1 - - [05/Apr/2017:22:11:52 +0800] "GET /favicon.ico HTTP/1.1" 200 946
0:0:0:0:0:0:0:1 - - [05/Apr/2017:22:12:08 +0800] "GET /index? HTTP/1.1" 200 11772
0:0:0:0:0:0:0:1 - - [05/Apr/2017:22:12:08 +0800] "GET /favicon.ico HTTP/1.1" 200 946
0:0:0:0:0:0:0:1 - - [05/Apr/2017:22:12:14 +0800] "GET /index? HTTP/1.1" 200 11821
0:0:0:0:0:0:0:1 - - [05/Apr/2017:22:12:14 +0800] "GET /favicon.ico HTTP/1.1" 200 946
0:0:0:0:0:0:0:1 - - [05/Apr/2017:22:12:20 +0800] "GET /index? HTTP/1.1" 200 11772
0:0:0:0:0:0:0:1 - - [05/Apr/2017:22:12:20 +0800] "GET /favicon.ico HTTP/1.1" 200 946
0:0:0:0:0:0:0:1 - - [05/Apr/2017:22:12:46 +0800] "GET /index? HTTP/1.1" 200 11821
0:0:0:0:0:0:0:1 - - [05/Apr/2017:22:12:46 +0800] "GET /css/index.css HTTP/1.1" 304 -
0:0:0:0:0:0:0:1 - - [05/Apr/2017:22:12:46 +0800] "GET /favicon.ico HTTP/1.1" 200 946
0:0:0:0:0:0:0:1 - - [05/Apr/2017:22:14:28 +0800] "GET /index? HTTP/1.1" 200 11821
0:0:0:0:0:0:0:1 - - [05/Apr/2017:22:14:28 +0800] "GET /css/style.css HTTP/1.1" 304 -
0:0:0:0:0:0:0:1 - - [05/Apr/2017:22:14:28 +0800] "GET /img/logo.png HTTP/1.1" 304 -
0:0:0:0:0:0:0:1 - - [05/Apr/2017:22:14:28 +0800] "GET /img/head.jpg HTTP/1.1" 304 -
0:0:0:0:0:0:0:1 - - [05/Apr/2017:22:14:28 +0800] "GET /img//wolf.jpg HTTP/1.1" 304 -
0:0:0:0:0:0:0:1 - - [05/Apr/2017:22:14:28 +0800] "GET /img/wolf.jpg HTTP/1.1" 304 -
0:0:0:0:0:0:0:1 - - [05/Apr/2017:22:14:28 +0800] "GET /img/background.jpg HTTP/1.1" 304 -
0:0:0:0:0:0:0:1 - - [05/Apr/2017:22:14:28 +0800] "GET /favicon.ico HTTP/1.1" 200 946
0:0:0:0:0:0:0:1 - - [05/Apr/2017:22:16:20 +0800] "GET /index? HTTP/1.1" 200 11821
0:0:0:0:0:0:0:1 - - [05/Apr/2017:22:16:20 +0800] "GET /css/index.css HTTP/1.1" 200 1209
0:0:0:0:0:0:0:1 - - [05/Apr/2017:22:16:21 +0800] "GET /favicon.ico HTTP/1.1" 200 946
0:0:0:0:0:0:0:1 - - [05/Apr/2017:22:16:21 +0800] "GET /index? HTTP/1.1" 200 11821
0:0:0:0:0:0:0:1 - - [05/Apr/2017:22:16:21 +0800] "GET /css/index.css HTTP/1.1" 304 -
0:0:0:0:0:0:0:1 - - [05/Apr/2017:22:16:21 +0800] "GET /favicon.ico HTTP/1.1" 200 946
0:0:0:0:0:0:0:1 - - [05/Apr/2017:22:16:21 +0800] "GET /index? HTTP/1.1" 200 11821
0:0:0:0:0:0:0:1 - - [05/Apr/2017:22:16:21 +0800] "GET /css/index.css HTTP/1.1" 304 -
0:0:0:0:0:0:0:1 - - [05/Apr/2017:22:16:21 +0800] "GET /favicon.ico HTTP/1.1" 200 946
0:0:0:0:0:0:0:1 - - [05/Apr/2017:22:17:31 +0800] "GET /index? HTTP/1.1" 200 11821
0:0:0:0:0:0:0:1 - - [05/Apr/2017:22:17:31 +0800] "GET /css/index.css HTTP/1.1" 200 1274
0:0:0:0:0:0:0:1 - - [05/Apr/2017:22:17:31 +0800] "GET /favicon.ico HTTP/1.1" 200 946
0:0:0:0:0:0:0:1 - - [05/Apr/2017:22:18:17 +0800] "GET /index? HTTP/1.1" 200 11821
0:0:0:0:0:0:0:1 - - [05/Apr/2017:22:18:17 +0800] "GET /css/index.css HTTP/1.1" 200 1346
0:0:0:0:0:0:0:1 - - [05/Apr/2017:22:18:17 +0800] "GET /favicon.ico HTTP/1.1" 200 946
0:0:0:0:0:0:0:1 - - [05/Apr/2017:22:20:19 +0800] "GET /index? HTTP/1.1" 200 11821
0:0:0:0:0:0:0:1 - - [05/Apr/2017:22:20:19 +0800] "GET /css/index.css HTTP/1.1" 304 -
0:0:0:0:0:0:0:1 - - [05/Apr/2017:22:20:19 +0800] "GET /css/style.css HTTP/1.1" 304 -
0:0:0:0:0:0:0:1 - - [05/Apr/2017:22:20:19 +0800] "GET /img/wolf.jpg HTTP/1.1" 304 -
0:0:0:0:0:0:0:1 - - [05/Apr/2017:22:20:19 +0800] "GET /img/head.jpg HTTP/1.1" 304 -
0:0:0:0:0:0:0:1 - - [05/Apr/2017:22:20:19 +0800] "GET /img/logo.png HTTP/1.1" 304 -
0:0:0:0:0:0:0:1 - - [05/Apr/2017:22:20:19 +0800] "GET /img//wolf.jpg HTTP/1.1" 304 -
0:0:0:0:0:0:0:1 - - [05/Apr/2017:22:20:19 +0800] "GET /favicon.ico HTTP/1.1" 200 946
0:0:0:0:0:0:0:1 - - [05/Apr/2017:22:20:19 +0800] "GET /index? HTTP/1.1" 200 11821
0:0:0:0:0:0:0:1 - - [05/Apr/2017:22:20:19 +0800] "GET /favicon.ico HTTP/1.1" 200 946
0:0:0:0:0:0:0:1 - - [05/Apr/2017:22:20:19 +0800] "GET /index? HTTP/1.1" 200 11821
0:0:0:0:0:0:0:1 - - [05/Apr/2017:22:20:19 +0800] "GET /favicon.ico HTTP/1.1" 200 946
0:0:0:0:0:0:0:1 - - [05/Apr/2017:22:20:20 +0800] "GET /index? HTTP/1.1" 200 11821
0:0:0:0:0:0:0:1 - - [05/Apr/2017:22:20:20 +0800] "GET /favicon.ico HTTP/1.1" 200 946
0:0:0:0:0:0:0:1 - - [05/Apr/2017:22:21:44 +0800] "GET /index? HTTP/1.1" 200 11370
0:0:0:0:0:0:0:1 - - [05/Apr/2017:22:21:44 +0800] "GET /css/index.css HTTP/1.1" 304 -
0:0:0:0:0:0:0:1 - - [05/Apr/2017:22:21:44 +0800] "GET /favicon.ico HTTP/1.1" 200 946
0:0:0:0:0:0:0:1 - - [05/Apr/2017:22:24:47 +0800] "GET / HTTP/1.1" 200 989
0:0:0:0:0:0:0:1 - - [05/Apr/2017:22:24:47 +0800] "GET /css/login.css HTTP/1.1" 304 -
0:0:0:0:0:0:0:1 - - [05/Apr/2017:22:24:47 +0800] "GET /img/login.jpg HTTP/1.1" 304 -
0:0:0:0:0:0:0:1 - - [05/Apr/2017:22:24:48 +0800] "GET /index? HTTP/1.1" 200 11374
0:0:0:0:0:0:0:1 - - [05/Apr/2017:22:24:48 +0800] "GET /css/index.css HTTP/1.1" 304 -
0:0:0:0:0:0:0:1 - - [05/Apr/2017:22:24:54 +0800] "GET /rank HTTP/1.1" 404 306
0:0:0:0:0:0:0:1 - - [05/Apr/2017:22:26:40 +0800] "GET / HTTP/1.1" 200 989
0:0:0:0:0:0:0:1 - - [05/Apr/2017:22:26:42 +0800] "GET /index? HTTP/1.1" 200 11374
0:0:0:0:0:0:0:1 - - [05/Apr/2017:22:26:42 +0800] "GET /css/index.css HTTP/1.1" 304 -
0:0:0:0:0:0:0:1 - - [05/Apr/2017:22:26:42 +0800] "GET /css/style.css HTTP/1.1" 304 -
0:0:0:0:0:0:0:1 - - [05/Apr/2017:22:26:42 +0800] "GET /img/logo.png HTTP/1.1" 304 -
0:0:0:0:0:0:0:1 - - [05/Apr/2017:22:26:42 +0800] "GET /img//wolf.jpg HTTP/1.1" 304 -
0:0:0:0:0:0:0:1 - - [05/Apr/2017:22:26:42 +0800] "GET /img/wolf.jpg HTTP/1.1" 304 -
0:0:0:0:0:0:0:1 - - [05/Apr/2017:22:26:42 +0800] "GET /img/head.jpg HTTP/1.1" 304 -
0:0:0:0:0:0:0:1 - - [05/Apr/2017:22:26:44 +0800] "GET /rank HTTP/1.1" 500 370
0:0:0:0:0:0:0:1 - - [05/Apr/2017:22:28:04 +0800] "GET /rank HTTP/1.1" 200 4118
0:0:0:0:0:0:0:1 - - [05/Apr/2017:22:28:04 +0800] "GET /css/index.css HTTP/1.1" 304 -
0:0:0:0:0:0:0:1 - - [05/Apr/2017:22:28:04 +0800] "GET /favicon.ico HTTP/1.1" 200 946
0:0:0:0:0:0:0:1 - - [05/Apr/2017:22:28:46 +0800] "GET /rank HTTP/1.1" 200 4123
0:0:0:0:0:0:0:1 - - [05/Apr/2017:22:28:46 +0800] "GET /favicon.ico HTTP/1.1" 200 946
0:0:0:0:0:0:0:1 - - [05/Apr/2017:22:28:47 +0800] "GET /index HTTP/1.1" 200 11379
0:0:0:0:0:0:0:1 - - [05/Apr/2017:22:28:52 +0800] "GET /rank HTTP/1.1" 200 4123
0:0:0:0:0:0:0:1 - - [05/Apr/2017:22:28:52 +0800] "GET /index HTTP/1.1" 200 11379
0:0:0:0:0:0:0:1 - - [05/Apr/2017:22:28:54 +0800] "GET /rank HTTP/1.1" 200 4123
0:0:0:0:0:0:0:1 - - [05/Apr/2017:22:28:57 +0800] "GET /rank HTTP/1.1" 200 4123
0:0:0:0:0:0:0:1 - - [05/Apr/2017:22:29:00 +0800] "GET /index HTTP/1.1" 200 11379
0:0:0:0:0:0:0:1 - - [05/Apr/2017:22:30:49 +0800] "GET / HTTP/1.1" 200 989
0:0:0:0:0:0:0:1 - - [05/Apr/2017:22:30:49 +0800] "GET /css/login.css HTTP/1.1" 304 -
0:0:0:0:0:0:0:1 - - [05/Apr/2017:22:30:49 +0800] "GET /img/login.jpg HTTP/1.1" 304 -
0:0:0:0:0:0:0:1 - - [05/Apr/2017:22:30:51 +0800] "GET /index? HTTP/1.1" 500 372
0:0:0:0:0:0:0:1 - - [05/Apr/2017:22:31:30 +0800] "GET / HTTP/1.1" 200 989
0:0:0:0:0:0:0:1 - - [05/Apr/2017:22:31:32 +0800] "GET /index? HTTP/1.1" 500 372
0:0:0:0:0:0:0:1 - - [05/Apr/2017:22:32:02 +0800] "GET /index? HTTP/1.1" 200 13240
0:0:0:0:0:0:0:1 - - [05/Apr/2017:22:32:02 +0800] "GET /css/index.css HTTP/1.1" 304 -
0:0:0:0:0:0:0:1 - - [05/Apr/2017:22:32:02 +0800] "GET /css/style.css HTTP/1.1" 304 -
0:0:0:0:0:0:0:1 - - [05/Apr/2017:22:32:02 +0800] "GET /img/room_icon.jpg HTTP/1.1" 200 57849
0:0:0:0:0:0:0:1 - - [05/Apr/2017:22:32:02 +0800] "GET /img/background.jpg HTTP/1.1" 304 -
0:0:0:0:0:0:0:1 - - [05/Apr/2017:22:32:02 +0800] "GET /favicon.ico HTTP/1.1" 200 946
0:0:0:0:0:0:0:1 - - [05/Apr/2017:22:34:12 +0800] "GET /index? HTTP/1.1" 200 13240
0:0:0:0:0:0:0:1 - - [05/Apr/2017:22:34:12 +0800] "GET /img/logo.png HTTP/1.1" 304 -
0:0:0:0:0:0:0:1 - - [05/Apr/2017:22:34:12 +0800] "GET /css/index.css HTTP/1.1" 200 1630
0:0:0:0:0:0:0:1 - - [05/Apr/2017:22:34:12 +0800] "GET /img//wolf.jpg HTTP/1.1" 304 -
0:0:0:0:0:0:0:1 - - [05/Apr/2017:22:34:12 +0800] "GET /img/head.jpg HTTP/1.1" 304 -
0:0:0:0:0:0:0:1 - - [05/Apr/2017:22:34:12 +0800] "GET /img/wolf.jpg HTTP/1.1" 304 -
0:0:0:0:0:0:0:1 - - [05/Apr/2017:22:34:12 +0800] "GET /favicon.ico HTTP/1.1" 200 946
0:0:0:0:0:0:0:1 - - [05/Apr/2017:22:36:34 +0800] "GET /index? HTTP/1.1" 200 13453
0:0:0:0:0:0:0:1 - - [05/Apr/2017:22:36:34 +0800] "GET /css/index.css HTTP/1.1" 304 -
0:0:0:0:0:0:0:1 - - [05/Apr/2017:22:36:34 +0800] "GET /favicon.ico HTTP/1.1" 200 946
0:0:0:0:0:0:0:1 - - [05/Apr/2017:22:36:48 +0800] "GET /index? HTTP/1.1" 200 20000
0:0:0:0:0:0:0:1 - - [05/Apr/2017:22:36:48 +0800] "GET /css/index.css HTTP/1.1" 304 -
0:0:0:0:0:0:0:1 - - [05/Apr/2017:22:36:48 +0800] "GET /favicon.ico HTTP/1.1" 200 946
0:0:0:0:0:0:0:1 - - [05/Apr/2017:22:36:56 +0800] "GET /rank HTTP/1.1" 200 4123
0:0:0:0:0:0:0:1 - - [05/Apr/2017:22:36:57 +0800] "GET /index HTTP/1.1" 200 20000
0:0:0:0:0:0:0:1 - - [05/Apr/2017:22:37:00 +0800] "GET /index HTTP/1.1" 200 20000
0:0:0:0:0:0:0:1 - - [05/Apr/2017:22:37:07 +0800] "GET /index HTTP/1.1" 200 22181
0:0:0:0:0:0:0:1 - - [05/Apr/2017:22:37:07 +0800] "GET /css/index.css HTTP/1.1" 304 -
0:0:0:0:0:0:0:1 - - [05/Apr/2017:22:37:07 +0800] "GET /favicon.ico HTTP/1.1" 200 946
0:0:0:0:0:0:0:1 - - [05/Apr/2017:22:40:18 +0800] "GET /index HTTP/1.1" 200 22181
0:0:0:0:0:0:0:1 - - [05/Apr/2017:22:40:18 +0800] "GET /css/index.css HTTP/1.1" 304 -
0:0:0:0:0:0:0:1 - - [05/Apr/2017:22:40:18 +0800] "GET /css/style.css HTTP/1.1" 304 -
0:0:0:0:0:0:0:1 - - [05/Apr/2017:22:40:18 +0800] "GET /img/room_icon.jpg HTTP/1.1" 304 -
0:0:0:0:0:0:0:1 - - [05/Apr/2017:22:40:18 +0800] "GET /img/background.jpg HTTP/1.1" 304 -
0:0:0:0:0:0:0:1 - - [05/Apr/2017:22:40:18 +0800] "GET /favicon.ico HTTP/1.1" 200 946
0:0:0:0:0:0:0:1 - - [05/Apr/2017:22:41:06 +0800] "GET / HTTP/1.1" 200 989
0:0:0:0:0:0:0:1 - - [05/Apr/2017:22:41:06 +0800] "GET /css/login.css HTTP/1.1" 304 -
0:0:0:0:0:0:0:1 - - [05/Apr/2017:22:41:06 +0800] "GET /img/login.jpg HTTP/1.1" 304 -
0:0:0:0:0:0:0:1 - - [05/Apr/2017:22:41:08 +0800] "GET /index? HTTP/1.1" 200 22184
0:0:0:0:0:0:0:1 - - [05/Apr/2017:22:41:08 +0800] "GET /css/index.css HTTP/1.1" 304 -
0:0:0:0:0:0:0:1 - - [05/Apr/2017:22:41:08 +0800] "GET /img/logo.png HTTP/1.1" 304 -
0:0:0:0:0:0:0:1 - - [05/Apr/2017:22:41:08 +0800] "GET /img//wolf.jpg HTTP/1.1" 304 -
0:0:0:0:0:0:0:1 - - [05/Apr/2017:22:41:08 +0800] "GET /img/wolf.jpg HTTP/1.1" 304 -
0:0:0:0:0:0:0:1 - - [05/Apr/2017:22:41:08 +0800] "GET /img/head.jpg HTTP/1.1" 304 -
0:0:0:0:0:0:0:1 - - [05/Apr/2017:22:41:10 +0800] "GET /room HTTP/1.1" 200 4123
0:0:0:0:0:0:0:1 - - [05/Apr/2017:22:41:23 +0800] "GET /index HTTP/1.1" 200 22185
0:0:0:0:0:0:0:1 - - [05/Apr/2017:22:41:23 +0800] "GET /room HTTP/1.1" 200 4123
0:0:0:0:0:0:0:1 - - [05/Apr/2017:22:41:33 +0800] "GET /index HTTP/1.1" 200 22185
0:0:0:0:0:0:0:1 - - [05/Apr/2017:22:41:44 +0800] "GET /index HTTP/1.1" 200 22186
0:0:0:0:0:0:0:1 - - [05/Apr/2017:22:41:44 +0800] "GET /favicon.ico HTTP/1.1" 200 946
0:0:0:0:0:0:0:1 - - [05/Apr/2017:22:42:15 +0800] "GET / HTTP/1.1" 200 989
0:0:0:0:0:0:0:1 - - [05/Apr/2017:22:42:16 +0800] "GET /index? HTTP/1.1" 200 22186
0:0:0:0:0:0:0:1 - - [05/Apr/2017:22:42:16 +0800] "GET /css/index.css HTTP/1.1" 304 -
0:0:0:0:0:0:0:1 - - [05/Apr/2017:22:42:17 +0800] "GET /room HTTP/1.1" 200 5262
0:0:0:0:0:0:0:1 - - [05/Apr/2017:22:42:17 +0800] "GET /img/player.jpg HTTP/1.1" 200 64439
0:0:0:0:0:0:0:1 - - [05/Apr/2017:22:50:20 +0800] "GET /room HTTP/1.1" 200 5442
0:0:0:0:0:0:0:1 - - [05/Apr/2017:22:50:20 +0800] "GET /css/index.css HTTP/1.1" 304 -
0:0:0:0:0:0:0:1 - - [05/Apr/2017:22:50:20 +0800] "GET /css/style.css HTTP/1.1" 304 -
0:0:0:0:0:0:0:1 - - [05/Apr/2017:22:50:20 +0800] "GET /img/player.jpg HTTP/1.1" 304 -
0:0:0:0:0:0:0:1 - - [05/Apr/2017:22:50:20 +0800] "GET /img/background.jpg HTTP/1.1" 304 -
0:0:0:0:0:0:0:1 - - [05/Apr/2017:22:50:20 +0800] "GET /favicon.ico HTTP/1.1" 200 946
0:0:0:0:0:0:0:1 - - [05/Apr/2017:22:55:46 +0800] "GET /room HTTP/1.1" 200 5442
0:0:0:0:0:0:0:1 - - [05/Apr/2017:22:55:46 +0800] "GET /css/index.css HTTP/1.1" 304 -
0:0:0:0:0:0:0:1 - - [05/Apr/2017:22:55:46 +0800] "GET /favicon.ico HTTP/1.1" 200 946
0:0:0:0:0:0:0:1 - - [05/Apr/2017:22:55:46 +0800] "GET /room HTTP/1.1" 200 5442
0:0:0:0:0:0:0:1 - - [05/Apr/2017:22:55:46 +0800] "GET /favicon.ico HTTP/1.1" 200 946
0:0:0:0:0:0:0:1 - - [05/Apr/2017:22:55:47 +0800] "GET /room HTTP/1.1" 200 5442
0:0:0:0:0:0:0:1 - - [05/Apr/2017:22:55:47 +0800] "GET /favicon.ico HTTP/1.1" 200 946
0:0:0:0:0:0:0:1 - - [05/Apr/2017:22:55:47 +0800] "GET /room HTTP/1.1" 200 5442
0:0:0:0:0:0:0:1 - - [05/Apr/2017:22:55:47 +0800] "GET /favicon.ico HTTP/1.1" 200 946
0:0:0:0:0:0:0:1 - - [05/Apr/2017:22:55:47 +0800] "GET /room HTTP/1.1" 200 5442
0:0:0:0:0:0:0:1 - - [05/Apr/2017:22:55:47 +0800] "GET /favicon.ico HTTP/1.1" 200 946
0:0:0:0:0:0:0:1 - - [05/Apr/2017:23:01:33 +0800] "GET / HTTP/1.1" 200 989
0:0:0:0:0:0:0:1 - - [05/Apr/2017:23:01:33 +0800] "GET /css/login.css HTTP/1.1" 304 -
0:0:0:0:0:0:0:1 - - [05/Apr/2017:23:01:33 +0800] "GET /img/login.jpg HTTP/1.1" 304 -
0:0:0:0:0:0:0:1 - - [05/Apr/2017:23:01:35 +0800] "GET /index? HTTP/1.1" 200 22186
0:0:0:0:0:0:0:1 - - [05/Apr/2017:23:01:35 +0800] "GET /css/style.css HTTP/1.1" 304 -
0:0:0:0:0:0:0:1 - - [05/Apr/2017:23:01:35 +0800] "GET /css/index.css HTTP/1.1" 304 -
0:0:0:0:0:0:0:1 - - [05/Apr/2017:23:01:35 +0800] "GET /img//wolf.jpg HTTP/1.1" 304 -
0:0:0:0:0:0:0:1 - - [05/Apr/2017:23:01:35 +0800] "GET /img/head.jpg HTTP/1.1" 304 -
0:0:0:0:0:0:0:1 - - [05/Apr/2017:23:01:35 +0800] "GET /img/logo.png HTTP/1.1" 304 -
0:0:0:0:0:0:0:1 - - [05/Apr/2017:23:01:35 +0800] "GET /img/wolf.jpg HTTP/1.1" 304 -
0:0:0:0:0:0:0:1 - - [05/Apr/2017:23:01:35 +0800] "GET /img/room_icon.jpg HTTP/1.1" 304 -
0:0:0:0:0:0:0:1 - - [05/Apr/2017:23:01:35 +0800] "GET /room HTTP/1.1" 200 5441
0:0:0:0:0:0:0:1 - - [05/Apr/2017:23:01:35 +0800] "GET /css/room.css HTTP/1.1" 200 2038
0:0:0:0:0:0:0:1 - - [05/Apr/2017:23:01:35 +0800] "GET /img/player.jpg HTTP/1.1" 304 -
0:0:0:0:0:0:0:1 - - [05/Apr/2017:23:02:05 +0800] "GET /room HTTP/1.1" 200 5636
0:0:0:0:0:0:0:1 - - [05/Apr/2017:23:02:05 +0800] "GET /favicon.ico HTTP/1.1" 200 946
0:0:0:0:0:0:0:1 - - [05/Apr/2017:23:04:19 +0800] "GET /room HTTP/1.1" 200 5636
0:0:0:0:0:0:0:1 - - [05/Apr/2017:23:04:19 +0800] "GET /css/room.css HTTP/1.1" 304 -
0:0:0:0:0:0:0:1 - - [05/Apr/2017:23:04:19 +0800] "GET /favicon.ico HTTP/1.1" 200 946
0:0:0:0:0:0:0:1 - - [05/Apr/2017:23:04:19 +0800] "GET /room HTTP/1.1" 200 5636
0:0:0:0:0:0:0:1 - - [05/Apr/2017:23:04:19 +0800] "GET /favicon.ico HTTP/1.1" 200 946
0:0:0:0:0:0:0:1 - - [05/Apr/2017:23:04:19 +0800] "GET /room HTTP/1.1" 200 5636
0:0:0:0:0:0:0:1 - - [05/Apr/2017:23:04:19 +0800] "GET /favicon.ico HTTP/1.1" 200 946
0:0:0:0:0:0:0:1 - - [05/Apr/2017:23:04:19 +0800] "GET /room HTTP/1.1" 200 5636
0:0:0:0:0:0:0:1 - - [05/Apr/2017:23:04:19 +0800] "GET /favicon.ico HTTP/1.1" 200 946
0:0:0:0:0:0:0:1 - - [05/Apr/2017:23:04:19 +0800] "GET /room HTTP/1.1" 200 5636
0:0:0:0:0:0:0:1 - - [05/Apr/2017:23:04:19 +0800] "GET /favicon.ico HTTP/1.1" 200 946
0:0:0:0:0:0:0:1 - - [05/Apr/2017:23:04:19 +0800] "GET /room HTTP/1.1" 200 5636
0:0:0:0:0:0:0:1 - - [05/Apr/2017:23:04:20 +0800] "GET /favicon.ico HTTP/1.1" 200 946
0:0:0:0:0:0:0:1 - - [05/Apr/2017:23:04:23 +0800] "GET / HTTP/1.1" 200 989
0:0:0:0:0:0:0:1 - - [05/Apr/2017:23:04:25 +0800] "GET /index? HTTP/1.1" 200 22186
0:0:0:0:0:0:0:1 - - [05/Apr/2017:23:04:25 +0800] "GET /css/index.css HTTP/1.1" 304 -
0:0:0:0:0:0:0:1 - - [05/Apr/2017:23:04:28 +0800] "GET /rank HTTP/1.1" 200 4123
0:0:0:0:0:0:0:1 - - [05/Apr/2017:23:04:29 +0800] "GET /index HTTP/1.1" 200 22186
0:0:0:0:0:0:0:1 - - [05/Apr/2017:23:04:29 +0800] "GET /room HTTP/1.1" 200 5636
0:0:0:0:0:0:0:1 - - [05/Apr/2017:23:08:12 +0800] "GET /room HTTP/1.1" 200 5636
0:0:0:0:0:0:0:1 - - [05/Apr/2017:23:08:12 +0800] "GET /css/room.css HTTP/1.1" 200 2559
0:0:0:0:0:0:0:1 - - [05/Apr/2017:23:08:12 +0800] "GET /favicon.ico HTTP/1.1" 200 946
0:0:0:0:0:0:0:1 - - [05/Apr/2017:23:08:12 +0800] "GET /room HTTP/1.1" 200 5636
0:0:0:0:0:0:0:1 - - [05/Apr/2017:23:08:12 +0800] "GET /css/room.css HTTP/1.1" 304 -
0:0:0:0:0:0:0:1 - - [05/Apr/2017:23:08:12 +0800] "GET /favicon.ico HTTP/1.1" 200 946
0:0:0:0:0:0:0:1 - - [05/Apr/2017:23:08:13 +0800] "GET /room HTTP/1.1" 200 5636
0:0:0:0:0:0:0:1 - - [05/Apr/2017:23:08:13 +0800] "GET /css/room.css HTTP/1.1" 304 -
0:0:0:0:0:0:0:1 - - [05/Apr/2017:23:08:13 +0800] "GET /favicon.ico HTTP/1.1" 200 946
0:0:0:0:0:0:0:1 - - [05/Apr/2017:23:08:13 +0800] "GET /room HTTP/1.1" 200 5636
0:0:0:0:0:0:0:1 - - [05/Apr/2017:23:08:13 +0800] "GET /favicon.ico HTTP/1.1" 200 946
0:0:0:0:0:0:0:1 - - [05/Apr/2017:23:08:13 +0800] "GET /room HTTP/1.1" 200 5636
0:0:0:0:0:0:0:1 - - [05/Apr/2017:23:08:13 +0800] "GET /css/room.css HTTP/1.1" 304 -
0:0:0:0:0:0:0:1 - - [05/Apr/2017:23:08:13 +0800] "GET /favicon.ico HTTP/1.1" 200 946
0:0:0:0:0:0:0:1 - - [05/Apr/2017:23:08:13 +0800] "GET /room HTTP/1.1" 200 5636
0:0:0:0:0:0:0:1 - - [05/Apr/2017:23:08:13 +0800] "GET /css/room.css HTTP/1.1" 304 -
0:0:0:0:0:0:0:1 - - [05/Apr/2017:23:08:13 +0800] "GET /favicon.ico HTTP/1.1" 200 946
0:0:0:0:0:0:0:1 - - [05/Apr/2017:23:08:13 +0800] "GET /room HTTP/1.1" 200 5636
0:0:0:0:0:0:0:1 - - [05/Apr/2017:23:08:13 +0800] "GET /css/room.css HTTP/1.1" 304 -
0:0:0:0:0:0:0:1 - - [05/Apr/2017:23:08:13 +0800] "GET /favicon.ico HTTP/1.1" 200 946
0:0:0:0:0:0:0:1 - - [05/Apr/2017:23:08:13 +0800] "GET /room HTTP/1.1" 200 5636
0:0:0:0:0:0:0:1 - - [05/Apr/2017:23:08:13 +0800] "GET /css/room.css HTTP/1.1" 304 -
0:0:0:0:0:0:0:1 - - [05/Apr/2017:23:08:13 +0800] "GET /favicon.ico HTTP/1.1" 200 946
0:0:0:0:0:0:0:1 - - [05/Apr/2017:23:08:13 +0800] "GET /room HTTP/1.1" 200 5636
0:0:0:0:0:0:0:1 - - [05/Apr/2017:23:08:13 +0800] "GET /css/room.css HTTP/1.1" 304 -
0:0:0:0:0:0:0:1 - - [05/Apr/2017:23:08:13 +0800] "GET /favicon.ico HTTP/1.1" 200 946
0:0:0:0:0:0:0:1 - - [05/Apr/2017:23:08:35 +0800] "GET /room HTTP/1.1" 200 5636
0:0:0:0:0:0:0:1 - - [05/Apr/2017:23:08:35 +0800] "GET /css/room.css HTTP/1.1" 200 2527
0:0:0:0:0:0:0:1 - - [05/Apr/2017:23:08:35 +0800] "GET /favicon.ico HTTP/1.1" 200 946
0:0:0:0:0:0:0:1 - - [05/Apr/2017:23:08:56 +0800] "GET / HTTP/1.1" 200 989
0:0:0:0:0:0:0:1 - - [05/Apr/2017:23:08:56 +0800] "GET /css/login.css HTTP/1.1" 304 -
0:0:0:0:0:0:0:1 - - [05/Apr/2017:23:09:01 +0800] "GET /index? HTTP/1.1" 200 22186
0:0:0:0:0:0:0:1 - - [05/Apr/2017:23:09:01 +0800] "GET /css/index.css HTTP/1.1" 304 -
0:0:0:0:0:0:0:1 - - [05/Apr/2017:23:09:02 +0800] "GET /room HTTP/1.1" 200 5636
0:0:0:0:0:0:0:1 - - [05/Apr/2017:23:09:02 +0800] "GET /css/room.css HTTP/1.1" 304 -
0:0:0:0:0:0:0:1 - - [05/Apr/2017:23:09:11 +0800] "GET /room HTTP/1.1" 200 5636
0:0:0:0:0:0:0:1 - - [05/Apr/2017:23:09:11 +0800] "GET /css/room.css HTTP/1.1" 304 -
0:0:0:0:0:0:0:1 - - [05/Apr/2017:23:13:10 +0800] "GET /css/style.css HTTP/1.1" 304 -
0:0:0:0:0:0:0:1 - - [05/Apr/2017:23:13:10 +0800] "GET /css/index.css HTTP/1.1" 304 -
0:0:0:0:0:0:0:1 - - [05/Apr/2017:23:13:12 +0800] "GET /index? HTTP/1.1" 200 22186
0:0:0:0:0:0:0:1 - - [05/Apr/2017:23:13:12 +0800] "GET /img/logo.png HTTP/1.1" 304 -
0:0:0:0:0:0:0:1 - - [05/Apr/2017:23:13:12 +0800] "GET /img//wolf.jpg HTTP/1.1" 304 -
0:0:0:0:0:0:0:1 - - [05/Apr/2017:23:13:12 +0800] "GET /img/head.jpg HTTP/1.1" 304 -
0:0:0:0:0:0:0:1 - - [05/Apr/2017:23:13:12 +0800] "GET /img/wolf.jpg HTTP/1.1" 304 -
0:0:0:0:0:0:0:1 - - [05/Apr/2017:23:13:12 +0800] "GET /img/room_icon.jpg HTTP/1.1" 304 -
0:0:0:0:0:0:0:1 - - [05/Apr/2017:23:13:13 +0800] "GET /index? HTTP/1.1" 200 22186
0:0:0:0:0:0:0:1 - - [05/Apr/2017:23:13:13 +0800] "GET /index? HTTP/1.1" 200 22186
0:0:0:0:0:0:0:1 - - [05/Apr/2017:23:13:14 +0800] "GET /index? HTTP/1.1" 200 22186
0:0:0:0:0:0:0:1 - - [05/Apr/2017:23:13:14 +0800] "GET /index? HTTP/1.1" 200 22186
0:0:0:0:0:0:0:1 - - [05/Apr/2017:23:13:14 +0800] "GET /index? HTTP/1.1" 200 22186
0:0:0:0:0:0:0:1 - - [05/Apr/2017:23:13:14 +0800] "GET /index? HTTP/1.1" 200 22186
0:0:0:0:0:0:0:1 - - [05/Apr/2017:23:13:14 +0800] "GET /index? HTTP/1.1" 200 22186
0:0:0:0:0:0:0:1 - - [05/Apr/2017:23:13:15 +0800] "GET /index? HTTP/1.1" 200 22186
0:0:0:0:0:0:0:1 - - [05/Apr/2017:23:13:15 +0800] "GET /index? HTTP/1.1" 200 22186
0:0:0:0:0:0:0:1 - - [05/Apr/2017:23:13:15 +0800] "GET /index? HTTP/1.1" 200 22186
0:0:0:0:0:0:0:1 - - [05/Apr/2017:23:13:15 +0800] "GET /index? HTTP/1.1" 200 22186
0:0:0:0:0:0:0:1 - - [05/Apr/2017:23:13:15 +0800] "GET /index? HTTP/1.1" 200 22186
0:0:0:0:0:0:0:1 - - [05/Apr/2017:23:13:16 +0800] "GET /index? HTTP/1.1" 200 22186
0:0:0:0:0:0:0:1 - - [05/Apr/2017:23:13:18 +0800] "GET / HTTP/1.1" 200 989
0:0:0:0:0:0:0:1 - - [05/Apr/2017:23:13:18 +0800] "GET /img/login.jpg HTTP/1.1" 304 -
0:0:0:0:0:0:0:1 - - [05/Apr/2017:23:13:20 +0800] "GET /index? HTTP/1.1" 200 22186
0:0:0:0:0:0:0:1 - - [05/Apr/2017:23:13:33 +0800] "GET / HTTP/1.1" 200 989
0:0:0:0:0:0:0:1 - - [05/Apr/2017:23:13:34 +0800] "GET /index? HTTP/1.1" 200 22186
0:0:0:0:0:0:0:1 - - [05/Apr/2017:23:14:13 +0800] "GET /index? HTTP/1.1" 200 22186
0:0:0:0:0:0:0:1 - - [05/Apr/2017:23:14:14 +0800] "GET /index? HTTP/1.1" 200 22186
0:0:0:0:0:0:0:1 - - [05/Apr/2017:23:14:15 +0800] "GET /index? HTTP/1.1" 200 22186
0:0:0:0:0:0:0:1 - - [05/Apr/2017:23:14:15 +0800] "GET /index? HTTP/1.1" 200 22186
0:0:0:0:0:0:0:1 - - [05/Apr/2017:23:14:15 +0800] "GET /index? HTTP/1.1" 200 22186
0:0:0:0:0:0:0:1 - - [05/Apr/2017:23:15:08 +0800] "GET /index? HTTP/1.1" 200 22186
0:0:0:0:0:0:0:1 - - [05/Apr/2017:23:15:08 +0800] "GET /index? HTTP/1.1" 200 22186
0:0:0:0:0:0:0:1 - - [05/Apr/2017:23:15:08 +0800] "GET /index? HTTP/1.1" 200 22186
0:0:0:0:0:0:0:1 - - [05/Apr/2017:23:15:09 +0800] "GET /index? HTTP/1.1" 200 22186
0:0:0:0:0:0:0:1 - - [05/Apr/2017:23:15:09 +0800] "GET /index? HTTP/1.1" 200 22186
0:0:0:0:0:0:0:1 - - [05/Apr/2017:23:15:09 +0800] "GET /index? HTTP/1.1" 200 22186
0:0:0:0:0:0:0:1 - - [05/Apr/2017:23:17:12 +0800] "GET /index? HTTP/1.1" 200 22233
0:0:0:0:0:0:0:1 - - [05/Apr/2017:23:17:12 +0800] "GET /css/index.css HTTP/1.1" 304 -
0:0:0:0:0:0:0:1 - - [05/Apr/2017:23:17:12 +0800] "GET /index? HTTP/1.1" 200 22233
0:0:0:0:0:0:0:1 - - [05/Apr/2017:23:17:12 +0800] "GET /index? HTTP/1.1" 200 22233
0:0:0:0:0:0:0:1 - - [05/Apr/2017:23:17:12 +0800] "GET /index? HTTP/1.1" 200 22233
0:0:0:0:0:0:0:1 - - [05/Apr/2017:23:17:13 +0800] "GET /index? HTTP/1.1" 200 22233
0:0:0:0:0:0:0:1 - - [05/Apr/2017:23:17:13 +0800] "GET /index? HTTP/1.1" 200 22233
0:0:0:0:0:0:0:1 - - [05/Apr/2017:23:17:13 +0800] "GET /index? HTTP/1.1" 200 22233
0:0:0:0:0:0:0:1 - - [05/Apr/2017:23:17:14 +0800] "GET / HTTP/1.1" 200 989
0:0:0:0:0:0:0:1 - - [05/Apr/2017:23:17:14 +0800] "GET /css/login.css HTTP/1.1" 304 -
0:0:0:0:0:0:0:1 - - [05/Apr/2017:23:17:17 +0800] "GET /index? HTTP/1.1" 200 22233
