0:0:0:0:0:0:0:1 - - [25/Apr/2017:00:02:12 +0800] "GET /rooms/1010/join?userId=1 HTTP/1.1" 200 64
0:0:0:0:0:0:0:1 - - [25/Apr/2017:00:02:12 +0800] "GET /users/1 HTTP/1.1" 200 250
0:0:0:0:0:0:0:1 - - [25/Apr/2017:00:02:12 +0800] "POST /rooms/1010 HTTP/1.1" 200 274
0:0:0:0:0:0:0:1 - - [25/Apr/2017:00:02:12 +0800] "GET /rooms/1010/players HTTP/1.1" 200 252
0:0:0:0:0:0:0:1 - - [25/Apr/2017:00:02:12 +0800] "GET /wk/info HTTP/1.1" 200 77
0:0:0:0:0:0:0:1 - - [25/Apr/2017:00:02:12 +0800] "GET /wk/620/joi4k5qt/websocket HTTP/1.1" 101 -
0:0:0:0:0:0:0:1 - - [25/Apr/2017:00:02:15 +0800] "GET /rooms/1010/leave?userId=1 HTTP/1.1" 200 65
0:0:0:0:0:0:0:1 - - [25/Apr/2017:00:02:15 +0800] "GET /rooms/1010/unready?userId=1 HTTP/1.1" 200 62
0:0:0:0:0:0:0:1 - - [25/Apr/2017:00:02:15 +0800] "GET /wk/info HTTP/1.1" 200 78
0:0:0:0:0:0:0:1 - - [25/Apr/2017:00:02:15 +0800] "GET /wk/621/kjp5e8rq/websocket HTTP/1.1" 101 -
0:0:0:0:0:0:0:1 - - [25/Apr/2017:00:02:16 +0800] "GET /rooms/1010/join?userId=1 HTTP/1.1" 200 64
0:0:0:0:0:0:0:1 - - [25/Apr/2017:00:02:16 +0800] "GET /users/1 HTTP/1.1" 200 250
0:0:0:0:0:0:0:1 - - [25/Apr/2017:00:02:16 +0800] "POST /rooms/1010 HTTP/1.1" 200 274
0:0:0:0:0:0:0:1 - - [25/Apr/2017:00:02:16 +0800] "GET /rooms/1010/players HTTP/1.1" 200 252
0:0:0:0:0:0:0:1 - - [25/Apr/2017:00:02:16 +0800] "GET /wk/info HTTP/1.1" 200 78
0:0:0:0:0:0:0:1 - - [25/Apr/2017:00:02:16 +0800] "GET /wk/923/s8i4z6rh/websocket HTTP/1.1" 101 -
0:0:0:0:0:0:0:1 - - [25/Apr/2017:00:02:42 +0800] "GET /rooms/1010/leave?userId=1 HTTP/1.1" 200 65
0:0:0:0:0:0:0:1 - - [25/Apr/2017:00:02:42 +0800] "GET /rooms/1010/unready?userId=1 HTTP/1.1" 200 62
0:0:0:0:0:0:0:1 - - [25/Apr/2017:00:02:42 +0800] "GET /rooms HTTP/1.1" 200 2357
0:0:0:0:0:0:0:1 - - [25/Apr/2017:00:02:42 +0800] "GET /wk/info HTTP/1.1" 200 78
0:0:0:0:0:0:0:1 - - [25/Apr/2017:00:02:42 +0800] "GET /wk/501/t23dr10o/websocket HTTP/1.1" 101 -
0:0:0:0:0:0:0:1 - - [25/Apr/2017:00:05:29 +0800] "GET /rooms/1010/join?userId=1 HTTP/1.1" 200 64
0:0:0:0:0:0:0:1 - - [25/Apr/2017:00:05:29 +0800] "GET /users/1 HTTP/1.1" 200 250
0:0:0:0:0:0:0:1 - - [25/Apr/2017:00:05:29 +0800] "POST /rooms/1010 HTTP/1.1" 200 274
0:0:0:0:0:0:0:1 - - [25/Apr/2017:00:05:29 +0800] "GET /rooms/1010/players HTTP/1.1" 200 252
0:0:0:0:0:0:0:1 - - [25/Apr/2017:00:05:29 +0800] "GET /wk/info HTTP/1.1" 200 78
0:0:0:0:0:0:0:1 - - [25/Apr/2017:00:05:29 +0800] "GET /wk/411/mlckxjtr/websocket HTTP/1.1" 101 -
0:0:0:0:0:0:0:1 - - [25/Apr/2017:00:05:48 +0800] "GET /rooms/1010/join?userId=2 HTTP/1.1" 200 64
0:0:0:0:0:0:0:1 - - [25/Apr/2017:00:05:48 +0800] "POST /rooms/1010 HTTP/1.1" 200 274
0:0:0:0:0:0:0:1 - - [25/Apr/2017:00:05:48 +0800] "GET /rooms/1010/players HTTP/1.1" 200 439
0:0:0:0:0:0:0:1 - - [25/Apr/2017:00:05:48 +0800] "GET /users/2 HTTP/1.1" 200 247
0:0:0:0:0:0:0:1 - - [25/Apr/2017:00:05:48 +0800] "POST /rooms/1010 HTTP/1.1" 200 274
0:0:0:0:0:0:0:1 - - [25/Apr/2017:00:05:48 +0800] "GET /rooms/1010/players HTTP/1.1" 200 439
0:0:0:0:0:0:0:1 - - [25/Apr/2017:00:05:48 +0800] "GET /wk/info HTTP/1.1" 200 79
0:0:0:0:0:0:0:1 - - [25/Apr/2017:00:05:48 +0800] "GET /wk/690/2vv749so/websocket HTTP/1.1" 101 -
0:0:0:0:0:0:0:1 - - [25/Apr/2017:00:05:49 +0800] "GET /rooms/1010/join?userId=7 HTTP/1.1" 200 64
0:0:0:0:0:0:0:1 - - [25/Apr/2017:00:05:49 +0800] "POST /rooms/1010 HTTP/1.1" 200 274
0:0:0:0:0:0:0:1 - - [25/Apr/2017:00:05:49 +0800] "POST /rooms/1010 HTTP/1.1" 200 274
0:0:0:0:0:0:0:1 - - [25/Apr/2017:00:05:49 +0800] "GET /rooms/1010/players HTTP/1.1" 200 625
0:0:0:0:0:0:0:1 - - [25/Apr/2017:00:05:49 +0800] "GET /rooms/1010/players HTTP/1.1" 200 625
0:0:0:0:0:0:0:1 - - [25/Apr/2017:00:05:49 +0800] "POST /rooms/1010 HTTP/1.1" 200 274
0:0:0:0:0:0:0:1 - - [25/Apr/2017:00:05:49 +0800] "GET /users/7 HTTP/1.1" 200 247
0:0:0:0:0:0:0:1 - - [25/Apr/2017:00:05:49 +0800] "GET /rooms/1010/players HTTP/1.1" 200 625
0:0:0:0:0:0:0:1 - - [25/Apr/2017:00:05:49 +0800] "GET /wk/info HTTP/1.1" 200 78
0:0:0:0:0:0:0:1 - - [25/Apr/2017:00:05:49 +0800] "GET /wk/863/yoi_qxm7/websocket HTTP/1.1" 101 -
0:0:0:0:0:0:0:1 - - [25/Apr/2017:00:05:52 +0800] "GET /rooms/1010/join?userId=6 HTTP/1.1" 200 64
0:0:0:0:0:0:0:1 - - [25/Apr/2017:00:05:52 +0800] "POST /rooms/1010 HTTP/1.1" 200 274
0:0:0:0:0:0:0:1 - - [25/Apr/2017:00:05:52 +0800] "POST /rooms/1010 HTTP/1.1" 200 274
0:0:0:0:0:0:0:1 - - [25/Apr/2017:00:05:52 +0800] "POST /rooms/1010 HTTP/1.1" 200 274
0:0:0:0:0:0:0:1 - - [25/Apr/2017:00:05:52 +0800] "GET /rooms/1010/players HTTP/1.1" 200 811
0:0:0:0:0:0:0:1 - - [25/Apr/2017:00:05:52 +0800] "GET /rooms/1010/players HTTP/1.1" 200 811
0:0:0:0:0:0:0:1 - - [25/Apr/2017:00:05:52 +0800] "GET /rooms/1010/players HTTP/1.1" 200 811
0:0:0:0:0:0:0:1 - - [25/Apr/2017:00:05:52 +0800] "GET /users/6 HTTP/1.1" 200 247
0:0:0:0:0:0:0:1 - - [25/Apr/2017:00:05:52 +0800] "POST /rooms/1010 HTTP/1.1" 200 274
0:0:0:0:0:0:0:1 - - [25/Apr/2017:00:05:52 +0800] "GET /rooms/1010/players HTTP/1.1" 200 811
0:0:0:0:0:0:0:1 - - [25/Apr/2017:00:05:52 +0800] "GET /wk/info HTTP/1.1" 200 79
0:0:0:0:0:0:0:1 - - [25/Apr/2017:00:05:52 +0800] "GET /wk/364/0ywaae3o/websocket HTTP/1.1" 101 -
0:0:0:0:0:0:0:1 - - [25/Apr/2017:00:05:53 +0800] "GET /rooms/1010/join?userId=4 HTTP/1.1" 200 64
0:0:0:0:0:0:0:1 - - [25/Apr/2017:00:05:53 +0800] "POST /rooms/1010 HTTP/1.1" 200 274
0:0:0:0:0:0:0:1 - - [25/Apr/2017:00:05:53 +0800] "POST /rooms/1010 HTTP/1.1" 200 274
0:0:0:0:0:0:0:1 - - [25/Apr/2017:00:05:53 +0800] "POST /rooms/1010 HTTP/1.1" 200 274
0:0:0:0:0:0:0:1 - - [25/Apr/2017:00:05:53 +0800] "POST /rooms/1010 HTTP/1.1" 200 274
0:0:0:0:0:0:0:1 - - [25/Apr/2017:00:05:53 +0800] "GET /rooms/1010/players HTTP/1.1" 200 997
0:0:0:0:0:0:0:1 - - [25/Apr/2017:00:05:53 +0800] "GET /rooms/1010/players HTTP/1.1" 200 997
0:0:0:0:0:0:0:1 - - [25/Apr/2017:00:05:53 +0800] "GET /rooms/1010/players HTTP/1.1" 200 997
0:0:0:0:0:0:0:1 - - [25/Apr/2017:00:05:53 +0800] "GET /rooms/1010/players HTTP/1.1" 200 997
0:0:0:0:0:0:0:1 - - [25/Apr/2017:00:05:53 +0800] "GET /users/4 HTTP/1.1" 200 247
0:0:0:0:0:0:0:1 - - [25/Apr/2017:00:05:53 +0800] "POST /rooms/1010 HTTP/1.1" 200 274
0:0:0:0:0:0:0:1 - - [25/Apr/2017:00:05:53 +0800] "GET /rooms/1010/players HTTP/1.1" 200 997
0:0:0:0:0:0:0:1 - - [25/Apr/2017:00:05:53 +0800] "GET /wk/info HTTP/1.1" 200 77
0:0:0:0:0:0:0:1 - - [25/Apr/2017:00:05:54 +0800] "GET /wk/575/uw9mwgj9/websocket HTTP/1.1" 101 -
0:0:0:0:0:0:0:1 - - [25/Apr/2017:00:05:55 +0800] "GET /rooms/1010/join?userId=5 HTTP/1.1" 200 64
0:0:0:0:0:0:0:1 - - [25/Apr/2017:00:05:55 +0800] "POST /rooms/1010 HTTP/1.1" 200 274
0:0:0:0:0:0:0:1 - - [25/Apr/2017:00:05:55 +0800] "POST /rooms/1010 HTTP/1.1" 200 274
0:0:0:0:0:0:0:1 - - [25/Apr/2017:00:05:55 +0800] "POST /rooms/1010 HTTP/1.1" 200 274
0:0:0:0:0:0:0:1 - - [25/Apr/2017:00:05:55 +0800] "POST /rooms/1010 HTTP/1.1" 200 274
0:0:0:0:0:0:0:1 - - [25/Apr/2017:00:05:55 +0800] "POST /rooms/1010 HTTP/1.1" 200 274
0:0:0:0:0:0:0:1 - - [25/Apr/2017:00:05:55 +0800] "GET /rooms/1010/players HTTP/1.1" 200 1180
0:0:0:0:0:0:0:1 - - [25/Apr/2017:00:05:55 +0800] "GET /rooms/1010/players HTTP/1.1" 200 1180
0:0:0:0:0:0:0:1 - - [25/Apr/2017:00:05:55 +0800] "GET /rooms/1010/players HTTP/1.1" 200 1180
0:0:0:0:0:0:0:1 - - [25/Apr/2017:00:05:55 +0800] "GET /rooms/1010/players HTTP/1.1" 200 1180
0:0:0:0:0:0:0:1 - - [25/Apr/2017:00:05:55 +0800] "GET /rooms/1010/players HTTP/1.1" 200 1180
0:0:0:0:0:0:0:1 - - [25/Apr/2017:00:05:55 +0800] "POST /rooms/1010 HTTP/1.1" 200 274
0:0:0:0:0:0:0:1 - - [25/Apr/2017:00:05:55 +0800] "GET /users/5 HTTP/1.1" 200 244
0:0:0:0:0:0:0:1 - - [25/Apr/2017:00:05:55 +0800] "GET /rooms/1010/players HTTP/1.1" 200 1180
0:0:0:0:0:0:0:1 - - [25/Apr/2017:00:05:55 +0800] "GET /wk/info HTTP/1.1" 200 77
0:0:0:0:0:0:0:1 - - [25/Apr/2017:00:05:55 +0800] "GET /wk/290/dzybpdb_/websocket HTTP/1.1" 101 -
0:0:0:0:0:0:0:1 - - [25/Apr/2017:00:06:03 +0800] "GET /rooms/1010/ready?userId=1 HTTP/1.1" 200 60
0:0:0:0:0:0:0:1 - - [25/Apr/2017:00:06:05 +0800] "GET /rooms/1010/ready?userId=2 HTTP/1.1" 200 60
0:0:0:0:0:0:0:1 - - [25/Apr/2017:00:06:06 +0800] "GET /rooms/1010/ready?userId=7 HTTP/1.1" 200 60
0:0:0:0:0:0:0:1 - - [25/Apr/2017:00:06:07 +0800] "GET /rooms/1010/ready?userId=6 HTTP/1.1" 200 60
0:0:0:0:0:0:0:1 - - [25/Apr/2017:00:06:09 +0800] "GET /rooms/1010/ready?userId=4 HTTP/1.1" 200 60
0:0:0:0:0:0:0:1 - - [25/Apr/2017:00:06:10 +0800] "GET /rooms/1010/ready?userId=5 HTTP/1.1" 200 56
0:0:0:0:0:0:0:1 - - [25/Apr/2017:00:06:20 +0800] "GET /game/prophet?roomId=1010&locate=02 HTTP/1.1" 200 63
0:0:0:0:0:0:0:1 - - [25/Apr/2017:00:06:25 +0800] "GET /game/wolf?roomId=1010&locate=05 HTTP/1.1" 200 59
0:0:0:0:0:0:0:1 - - [25/Apr/2017:00:06:27 +0800] "GET /game/wolf?roomId=1010&locate=05 HTTP/1.1" 200 59
0:0:0:0:0:0:0:1 - - [25/Apr/2017:00:06:33 +0800] "GET /game/done?roomId=1010 HTTP/1.1" 200 58
0:0:0:0:0:0:0:1 - - [25/Apr/2017:00:06:51 +0800] "GET /rooms/1010/leave?userId=1 HTTP/1.1" 200 65
0:0:0:0:0:0:0:1 - - [25/Apr/2017:00:06:51 +0800] "POST /rooms/1010 HTTP/1.1" 200 274
0:0:0:0:0:0:0:1 - - [25/Apr/2017:00:06:51 +0800] "POST /rooms/1010 HTTP/1.1" 200 274
0:0:0:0:0:0:0:1 - - [25/Apr/2017:00:06:51 +0800] "POST /rooms/1010 HTTP/1.1" 200 274
0:0:0:0:0:0:0:1 - - [25/Apr/2017:00:06:51 +0800] "POST /rooms/1010 HTTP/1.1" 200 274
0:0:0:0:0:0:0:1 - - [25/Apr/2017:00:06:51 +0800] "POST /rooms/1010 HTTP/1.1" 200 274
0:0:0:0:0:0:0:1 - - [25/Apr/2017:00:06:51 +0800] "GET /rooms/1010/unready?userId=1 HTTP/1.1" 200 62
0:0:0:0:0:0:0:1 - - [25/Apr/2017:00:06:51 +0800] "GET /rooms/1010/players HTTP/1.1" 200 991
0:0:0:0:0:0:0:1 - - [25/Apr/2017:00:06:51 +0800] "GET /rooms/1010/players HTTP/1.1" 200 991
0:0:0:0:0:0:0:1 - - [25/Apr/2017:00:06:51 +0800] "GET /rooms/1010/players HTTP/1.1" 200 991
0:0:0:0:0:0:0:1 - - [25/Apr/2017:00:06:51 +0800] "GET /rooms/1010/players HTTP/1.1" 200 991
0:0:0:0:0:0:0:1 - - [25/Apr/2017:00:06:51 +0800] "GET /rooms/1010/players HTTP/1.1" 200 991
0:0:0:0:0:0:0:1 - - [25/Apr/2017:00:06:51 +0800] "GET /rooms/1010/leave?userId=6 HTTP/1.1" 200 65
0:0:0:0:0:0:0:1 - - [25/Apr/2017:00:06:51 +0800] "POST /rooms/1010 HTTP/1.1" 200 274
0:0:0:0:0:0:0:1 - - [25/Apr/2017:00:06:51 +0800] "POST /rooms/1010 HTTP/1.1" 200 274
0:0:0:0:0:0:0:1 - - [25/Apr/2017:00:06:51 +0800] "POST /rooms/1010 HTTP/1.1" 200 274
0:0:0:0:0:0:0:1 - - [25/Apr/2017:00:06:51 +0800] "GET /rooms/1010/players HTTP/1.1" 200 805
0:0:0:0:0:0:0:1 - - [25/Apr/2017:00:06:51 +0800] "POST /rooms/1010 HTTP/1.1" 200 274
0:0:0:0:0:0:0:1 - - [25/Apr/2017:00:06:51 +0800] "GET /rooms/1010/unready?userId=6 HTTP/1.1" 200 62
0:0:0:0:0:0:0:1 - - [25/Apr/2017:00:06:51 +0800] "GET /rooms/1010/players HTTP/1.1" 200 805
0:0:0:0:0:0:0:1 - - [25/Apr/2017:00:06:51 +0800] "GET /rooms/1010/players HTTP/1.1" 200 805
0:0:0:0:0:0:0:1 - - [25/Apr/2017:00:06:51 +0800] "GET /rooms/1010/players HTTP/1.1" 200 805
0:0:0:0:0:0:0:1 - - [25/Apr/2017:00:06:51 +0800] "GET /rooms/1010/leave?userId=2 HTTP/1.1" 200 65
0:0:0:0:0:0:0:1 - - [25/Apr/2017:00:06:51 +0800] "POST /rooms/1010 HTTP/1.1" 200 274
0:0:0:0:0:0:0:1 - - [25/Apr/2017:00:06:51 +0800] "POST /rooms/1010 HTTP/1.1" 200 274
0:0:0:0:0:0:0:1 - - [25/Apr/2017:00:06:51 +0800] "GET /rooms/1010/players HTTP/1.1" 200 619
0:0:0:0:0:0:0:1 - - [25/Apr/2017:00:06:51 +0800] "GET /rooms/1010/unready?userId=2 HTTP/1.1" 200 62
0:0:0:0:0:0:0:1 - - [25/Apr/2017:00:06:51 +0800] "POST /rooms/1010 HTTP/1.1" 200 274
0:0:0:0:0:0:0:1 - - [25/Apr/2017:00:06:51 +0800] "GET /rooms/1010/players HTTP/1.1" 200 619
0:0:0:0:0:0:0:1 - - [25/Apr/2017:00:06:51 +0800] "GET /rooms/1010/players HTTP/1.1" 200 619
0:0:0:0:0:0:0:1 - - [25/Apr/2017:00:06:51 +0800] "GET /rooms/1010/leave?userId=5 HTTP/1.1" 200 65
0:0:0:0:0:0:0:1 - - [25/Apr/2017:00:06:51 +0800] "POST /rooms/1010 HTTP/1.1" 200 274
0:0:0:0:0:0:0:1 - - [25/Apr/2017:00:06:51 +0800] "POST /rooms/1010 HTTP/1.1" 200 274
0:0:0:0:0:0:0:1 - - [25/Apr/2017:00:06:51 +0800] "GET /rooms/1010/players HTTP/1.1" 200 436
0:0:0:0:0:0:0:1 - - [25/Apr/2017:00:06:51 +0800] "GET /rooms/1010/unready?userId=5 HTTP/1.1" 200 62
0:0:0:0:0:0:0:1 - - [25/Apr/2017:00:06:51 +0800] "GET /rooms/1010/players HTTP/1.1" 200 436
0:0:0:0:0:0:0:1 - - [25/Apr/2017:00:06:51 +0800] "GET /rooms/1010/leave?userId=7 HTTP/1.1" 200 65
0:0:0:0:0:0:0:1 - - [25/Apr/2017:00:06:51 +0800] "POST /rooms/1010 HTTP/1.1" 200 274
0:0:0:0:0:0:0:1 - - [25/Apr/2017:00:06:51 +0800] "GET /rooms/1010/players HTTP/1.1" 200 249
0:0:0:0:0:0:0:1 - - [25/Apr/2017:00:06:51 +0800] "GET /rooms/1010/unready?userId=7 HTTP/1.1" 200 62
0:0:0:0:0:0:0:1 - - [25/Apr/2017:00:06:51 +0800] "GET /rooms/1010/leave?userId=4 HTTP/1.1" 200 65
0:0:0:0:0:0:0:1 - - [25/Apr/2017:00:06:51 +0800] "GET /rooms/1010/unready?userId=4 HTTP/1.1" 200 62
0:0:0:0:0:0:0:1 - - [25/Apr/2017:06:43:02 +0800] "POST /login HTTP/1.1" 200 244
0:0:0:0:0:0:0:1 - - [25/Apr/2017:06:43:02 +0800] "GET /wk/info HTTP/1.1" 200 78
0:0:0:0:0:0:0:1 - - [25/Apr/2017:06:43:02 +0800] "GET /users/1 HTTP/1.1" 200 250
0:0:0:0:0:0:0:1 - - [25/Apr/2017:06:43:02 +0800] "GET /rooms HTTP/1.1" 200 2357
0:0:0:0:0:0:0:1 - - [25/Apr/2017:06:43:02 +0800] "GET /wk/836/_k8u3g16/websocket HTTP/1.1" 101 -
0:0:0:0:0:0:0:1 - - [25/Apr/2017:06:43:10 +0800] "POST /login HTTP/1.1" 200 241
0:0:0:0:0:0:0:1 - - [25/Apr/2017:06:43:10 +0800] "GET /users/2 HTTP/1.1" 200 247
0:0:0:0:0:0:0:1 - - [25/Apr/2017:06:43:10 +0800] "GET /rooms HTTP/1.1" 200 2357
0:0:0:0:0:0:0:1 - - [25/Apr/2017:06:43:10 +0800] "GET /wk/info HTTP/1.1" 200 78
0:0:0:0:0:0:0:1 - - [25/Apr/2017:06:43:10 +0800] "GET /wk/040/jy0jmzsc/websocket HTTP/1.1" 101 -
0:0:0:0:0:0:0:1 - - [25/Apr/2017:06:43:11 +0800] "GET /rooms/1010/join?userId=2 HTTP/1.1" 200 64
0:0:0:0:0:0:0:1 - - [25/Apr/2017:06:43:11 +0800] "GET /users/2 HTTP/1.1" 200 247
0:0:0:0:0:0:0:1 - - [25/Apr/2017:06:43:11 +0800] "POST /rooms/1010 HTTP/1.1" 200 274
0:0:0:0:0:0:0:1 - - [25/Apr/2017:06:43:11 +0800] "GET /wk/info HTTP/1.1" 200 78
0:0:0:0:0:0:0:1 - - [25/Apr/2017:06:43:11 +0800] "GET /rooms/1010/players HTTP/1.1" 200 249
0:0:0:0:0:0:0:1 - - [25/Apr/2017:06:43:11 +0800] "GET /wk/247/yqcrmm0k/websocket HTTP/1.1" 101 -
0:0:0:0:0:0:0:1 - - [25/Apr/2017:06:43:19 +0800] "GET /rooms/1010/join?userId=1 HTTP/1.1" 200 64
0:0:0:0:0:0:0:1 - - [25/Apr/2017:06:43:19 +0800] "POST /rooms/1010 HTTP/1.1" 200 274
0:0:0:0:0:0:0:1 - - [25/Apr/2017:06:43:19 +0800] "GET /rooms/1010/players HTTP/1.1" 200 439
0:0:0:0:0:0:0:1 - - [25/Apr/2017:06:43:19 +0800] "GET /users/1 HTTP/1.1" 200 250
0:0:0:0:0:0:0:1 - - [25/Apr/2017:06:43:19 +0800] "POST /rooms/1010 HTTP/1.1" 200 274
0:0:0:0:0:0:0:1 - - [25/Apr/2017:06:43:19 +0800] "GET /rooms/1010/players HTTP/1.1" 200 439
0:0:0:0:0:0:0:1 - - [25/Apr/2017:06:43:19 +0800] "GET /wk/info HTTP/1.1" 200 78
0:0:0:0:0:0:0:1 - - [25/Apr/2017:06:43:19 +0800] "GET /wk/913/hr7l7utb/websocket HTTP/1.1" 101 -
0:0:0:0:0:0:0:1 - - [25/Apr/2017:06:43:30 +0800] "POST /login HTTP/1.1" 200 241
0:0:0:0:0:0:0:1 - - [25/Apr/2017:06:43:30 +0800] "GET /users/7 HTTP/1.1" 200 247
0:0:0:0:0:0:0:1 - - [25/Apr/2017:06:43:30 +0800] "GET /rooms HTTP/1.1" 200 2357
0:0:0:0:0:0:0:1 - - [25/Apr/2017:06:43:30 +0800] "GET /wk/info HTTP/1.1" 200 77
0:0:0:0:0:0:0:1 - - [25/Apr/2017:06:43:30 +0800] "GET /wk/816/fmltox4g/websocket HTTP/1.1" 101 -
0:0:0:0:0:0:0:1 - - [25/Apr/2017:06:43:31 +0800] "GET /rooms/1010/join?userId=7 HTTP/1.1" 200 64
0:0:0:0:0:0:0:1 - - [25/Apr/2017:06:43:31 +0800] "POST /rooms/1010 HTTP/1.1" 200 274
0:0:0:0:0:0:0:1 - - [25/Apr/2017:06:43:31 +0800] "POST /rooms/1010 HTTP/1.1" 200 274
0:0:0:0:0:0:0:1 - - [25/Apr/2017:06:43:31 +0800] "GET /rooms/1010/players HTTP/1.1" 200 625
0:0:0:0:0:0:0:1 - - [25/Apr/2017:06:43:31 +0800] "GET /rooms/1010/players HTTP/1.1" 200 625
0:0:0:0:0:0:0:1 - - [25/Apr/2017:06:43:31 +0800] "POST /rooms/1010 HTTP/1.1" 200 274
0:0:0:0:0:0:0:1 - - [25/Apr/2017:06:43:31 +0800] "GET /users/7 HTTP/1.1" 200 247
0:0:0:0:0:0:0:1 - - [25/Apr/2017:06:43:31 +0800] "GET /rooms/1010/players HTTP/1.1" 200 625
0:0:0:0:0:0:0:1 - - [25/Apr/2017:06:43:31 +0800] "GET /wk/info HTTP/1.1" 200 79
0:0:0:0:0:0:0:1 - - [25/Apr/2017:06:43:31 +0800] "GET /wk/457/guh8l_p6/websocket HTTP/1.1" 101 -
0:0:0:0:0:0:0:1 - - [25/Apr/2017:06:43:45 +0800] "POST /login HTTP/1.1" 200 241
0:0:0:0:0:0:0:1 - - [25/Apr/2017:06:43:45 +0800] "GET /users/6 HTTP/1.1" 200 247
0:0:0:0:0:0:0:1 - - [25/Apr/2017:06:43:45 +0800] "GET /rooms HTTP/1.1" 200 2357
0:0:0:0:0:0:0:1 - - [25/Apr/2017:06:43:45 +0800] "GET /wk/info HTTP/1.1" 200 78
0:0:0:0:0:0:0:1 - - [25/Apr/2017:06:43:45 +0800] "GET /wk/052/tphjdmo5/websocket HTTP/1.1" 101 -
0:0:0:0:0:0:0:1 - - [25/Apr/2017:06:43:46 +0800] "GET /rooms/1010/join?userId=6 HTTP/1.1" 200 64
0:0:0:0:0:0:0:1 - - [25/Apr/2017:06:43:46 +0800] "POST /rooms/1010 HTTP/1.1" 200 274
0:0:0:0:0:0:0:1 - - [25/Apr/2017:06:43:46 +0800] "POST /rooms/1010 HTTP/1.1" 200 274
0:0:0:0:0:0:0:1 - - [25/Apr/2017:06:43:46 +0800] "GET /rooms/1010/players HTTP/1.1" 200 811
0:0:0:0:0:0:0:1 - - [25/Apr/2017:06:43:46 +0800] "GET /rooms/1010/players HTTP/1.1" 200 811
0:0:0:0:0:0:0:1 - - [25/Apr/2017:06:43:46 +0800] "GET /rooms/1010/players HTTP/1.1" 200 811
0:0:0:0:0:0:0:1 - - [25/Apr/2017:06:43:46 +0800] "POST /rooms/1010 HTTP/1.1" 200 274
0:0:0:0:0:0:0:1 - - [25/Apr/2017:06:43:46 +0800] "GET /users/6 HTTP/1.1" 200 247
0:0:0:0:0:0:0:1 - - [25/Apr/2017:06:43:46 +0800] "POST /rooms/1010 HTTP/1.1" 200 274
0:0:0:0:0:0:0:1 - - [25/Apr/2017:06:43:46 +0800] "GET /rooms/1010/players HTTP/1.1" 200 811
0:0:0:0:0:0:0:1 - - [25/Apr/2017:06:43:46 +0800] "GET /wk/info HTTP/1.1" 200 78
0:0:0:0:0:0:0:1 - - [25/Apr/2017:06:43:46 +0800] "GET /wk/671/at5yci3r/websocket HTTP/1.1" 101 -
0:0:0:0:0:0:0:1 - - [25/Apr/2017:06:43:55 +0800] "POST /login HTTP/1.1" 200 241
0:0:0:0:0:0:0:1 - - [25/Apr/2017:06:43:55 +0800] "GET /users/4 HTTP/1.1" 200 247
0:0:0:0:0:0:0:1 - - [25/Apr/2017:06:43:55 +0800] "GET /rooms HTTP/1.1" 200 2357
0:0:0:0:0:0:0:1 - - [25/Apr/2017:06:43:55 +0800] "GET /wk/info HTTP/1.1" 200 78
0:0:0:0:0:0:0:1 - - [25/Apr/2017:06:43:55 +0800] "GET /wk/506/1zkpd49w/websocket HTTP/1.1" 101 -
0:0:0:0:0:0:0:1 - - [25/Apr/2017:06:43:56 +0800] "GET /rooms/1010/join?userId=4 HTTP/1.1" 200 64
0:0:0:0:0:0:0:1 - - [25/Apr/2017:06:43:56 +0800] "POST /rooms/1010 HTTP/1.1" 200 274
0:0:0:0:0:0:0:1 - - [25/Apr/2017:06:43:56 +0800] "POST /rooms/1010 HTTP/1.1" 200 274
0:0:0:0:0:0:0:1 - - [25/Apr/2017:06:43:56 +0800] "POST /rooms/1010 HTTP/1.1" 200 274
0:0:0:0:0:0:0:1 - - [25/Apr/2017:06:43:56 +0800] "POST /rooms/1010 HTTP/1.1" 200 274
0:0:0:0:0:0:0:1 - - [25/Apr/2017:06:43:56 +0800] "GET /rooms/1010/players HTTP/1.1" 200 997
0:0:0:0:0:0:0:1 - - [25/Apr/2017:06:43:56 +0800] "GET /rooms/1010/players HTTP/1.1" 200 997
0:0:0:0:0:0:0:1 - - [25/Apr/2017:06:43:56 +0800] "GET /rooms/1010/players HTTP/1.1" 200 997
0:0:0:0:0:0:0:1 - - [25/Apr/2017:06:43:56 +0800] "GET /rooms/1010/players HTTP/1.1" 200 997
0:0:0:0:0:0:0:1 - - [25/Apr/2017:06:43:56 +0800] "GET /users/4 HTTP/1.1" 200 247
0:0:0:0:0:0:0:1 - - [25/Apr/2017:06:43:56 +0800] "POST /rooms/1010 HTTP/1.1" 200 274
0:0:0:0:0:0:0:1 - - [25/Apr/2017:06:43:56 +0800] "GET /rooms/1010/players HTTP/1.1" 200 997
0:0:0:0:0:0:0:1 - - [25/Apr/2017:06:43:56 +0800] "GET /wk/info HTTP/1.1" 200 79
0:0:0:0:0:0:0:1 - - [25/Apr/2017:06:43:56 +0800] "GET /wk/552/vjl40yns/websocket HTTP/1.1" 101 -
0:0:0:0:0:0:0:1 - - [25/Apr/2017:06:44:04 +0800] "POST /login HTTP/1.1" 200 238
0:0:0:0:0:0:0:1 - - [25/Apr/2017:06:44:04 +0800] "GET /users/5 HTTP/1.1" 200 244
0:0:0:0:0:0:0:1 - - [25/Apr/2017:06:44:04 +0800] "GET /rooms HTTP/1.1" 200 2357
0:0:0:0:0:0:0:1 - - [25/Apr/2017:06:44:04 +0800] "GET /wk/info HTTP/1.1" 200 79
0:0:0:0:0:0:0:1 - - [25/Apr/2017:06:44:04 +0800] "GET /wk/446/qq8dcdwn/websocket HTTP/1.1" 101 -
0:0:0:0:0:0:0:1 - - [25/Apr/2017:06:44:05 +0800] "GET /rooms/1010/join?userId=5 HTTP/1.1" 200 64
0:0:0:0:0:0:0:1 - - [25/Apr/2017:06:44:05 +0800] "POST /rooms/1010 HTTP/1.1" 200 274
0:0:0:0:0:0:0:1 - - [25/Apr/2017:06:44:05 +0800] "POST /rooms/1010 HTTP/1.1" 200 274
0:0:0:0:0:0:0:1 - - [25/Apr/2017:06:44:05 +0800] "POST /rooms/1010 HTTP/1.1" 200 274
0:0:0:0:0:0:0:1 - - [25/Apr/2017:06:44:05 +0800] "POST /rooms/1010 HTTP/1.1" 200 274
0:0:0:0:0:0:0:1 - - [25/Apr/2017:06:44:05 +0800] "POST /rooms/1010 HTTP/1.1" 200 274
0:0:0:0:0:0:0:1 - - [25/Apr/2017:06:44:05 +0800] "GET /rooms/1010/players HTTP/1.1" 200 1180
0:0:0:0:0:0:0:1 - - [25/Apr/2017:06:44:05 +0800] "GET /rooms/1010/players HTTP/1.1" 200 1180
0:0:0:0:0:0:0:1 - - [25/Apr/2017:06:44:05 +0800] "GET /rooms/1010/players HTTP/1.1" 200 1180
0:0:0:0:0:0:0:1 - - [25/Apr/2017:06:44:05 +0800] "GET /rooms/1010/players HTTP/1.1" 200 1180
0:0:0:0:0:0:0:1 - - [25/Apr/2017:06:44:05 +0800] "GET /rooms/1010/players HTTP/1.1" 200 1180
0:0:0:0:0:0:0:1 - - [25/Apr/2017:06:44:05 +0800] "GET /users/5 HTTP/1.1" 200 244
0:0:0:0:0:0:0:1 - - [25/Apr/2017:06:44:05 +0800] "POST /rooms/1010 HTTP/1.1" 200 274
0:0:0:0:0:0:0:1 - - [25/Apr/2017:06:44:05 +0800] "GET /rooms/1010/players HTTP/1.1" 200 1180
0:0:0:0:0:0:0:1 - - [25/Apr/2017:06:44:05 +0800] "GET /wk/info HTTP/1.1" 200 78
0:0:0:0:0:0:0:1 - - [25/Apr/2017:06:44:05 +0800] "GET /wk/601/0b1plh6c/websocket HTTP/1.1" 101 -
0:0:0:0:0:0:0:1 - - [25/Apr/2017:06:44:08 +0800] "GET /rooms/1010/ready?userId=1 HTTP/1.1" 200 60
0:0:0:0:0:0:0:1 - - [25/Apr/2017:06:44:09 +0800] "GET /rooms/1010/ready?userId=2 HTTP/1.1" 200 60
0:0:0:0:0:0:0:1 - - [25/Apr/2017:06:44:11 +0800] "GET /rooms/1010/ready?userId=7 HTTP/1.1" 200 60
0:0:0:0:0:0:0:1 - - [25/Apr/2017:06:44:12 +0800] "GET /rooms/1010/ready?userId=6 HTTP/1.1" 200 60
0:0:0:0:0:0:0:1 - - [25/Apr/2017:06:44:14 +0800] "GET /rooms/1010/ready?userId=4 HTTP/1.1" 200 60
0:0:0:0:0:0:0:1 - - [25/Apr/2017:06:44:18 +0800] "GET /rooms/1010/ready?userId=5 HTTP/1.1" 200 56
0:0:0:0:0:0:0:1 - - [25/Apr/2017:06:44:31 +0800] "GET /rooms/1010/leave?userId=5 HTTP/1.1" 200 65
0:0:0:0:0:0:0:1 - - [25/Apr/2017:06:44:31 +0800] "GET /rooms/1010/unready?userId=5 HTTP/1.1" 200 62
0:0:0:0:0:0:0:1 - - [25/Apr/2017:06:44:31 +0800] "POST /rooms/1010 HTTP/1.1" 200 274
0:0:0:0:0:0:0:1 - - [25/Apr/2017:06:44:31 +0800] "POST /rooms/1010 HTTP/1.1" 200 274
0:0:0:0:0:0:0:1 - - [25/Apr/2017:06:44:31 +0800] "POST /rooms/1010 HTTP/1.1" 200 274
0:0:0:0:0:0:0:1 - - [25/Apr/2017:06:44:31 +0800] "POST /rooms/1010 HTTP/1.1" 200 274
0:0:0:0:0:0:0:1 - - [25/Apr/2017:06:44:31 +0800] "POST /rooms/1010 HTTP/1.1" 200 274
0:0:0:0:0:0:0:1 - - [25/Apr/2017:06:44:31 +0800] "GET /rooms/1010/players HTTP/1.1" 200 997
0:0:0:0:0:0:0:1 - - [25/Apr/2017:06:44:32 +0800] "GET /rooms/1010/players HTTP/1.1" 200 997
0:0:0:0:0:0:0:1 - - [25/Apr/2017:06:44:32 +0800] "GET /rooms/1010/players HTTP/1.1" 200 997
0:0:0:0:0:0:0:1 - - [25/Apr/2017:06:44:32 +0800] "GET /rooms/1010/players HTTP/1.1" 200 997
0:0:0:0:0:0:0:1 - - [25/Apr/2017:06:44:32 +0800] "GET /rooms HTTP/1.1" 200 2357
0:0:0:0:0:0:0:1 - - [25/Apr/2017:06:44:32 +0800] "GET /rooms/1010/players HTTP/1.1" 200 997
0:0:0:0:0:0:0:1 - - [25/Apr/2017:06:44:32 +0800] "GET /wk/info HTTP/1.1" 200 76
0:0:0:0:0:0:0:1 - - [25/Apr/2017:06:44:32 +0800] "GET /wk/221/lkurxlwn/websocket HTTP/1.1" 101 -
0:0:0:0:0:0:0:1 - - [25/Apr/2017:06:44:35 +0800] "GET /rooms/1010/leave?userId=4 HTTP/1.1" 200 65
0:0:0:0:0:0:0:1 - - [25/Apr/2017:06:44:35 +0800] "POST /rooms/1010 HTTP/1.1" 200 274
0:0:0:0:0:0:0:1 - - [25/Apr/2017:06:44:35 +0800] "POST /rooms/1010 HTTP/1.1" 200 274
0:0:0:0:0:0:0:1 - - [25/Apr/2017:06:44:35 +0800] "POST /rooms/1010 HTTP/1.1" 200 274
0:0:0:0:0:0:0:1 - - [25/Apr/2017:06:44:35 +0800] "POST /rooms/1010 HTTP/1.1" 200 274
0:0:0:0:0:0:0:1 - - [25/Apr/2017:06:44:35 +0800] "GET /rooms/1010/players HTTP/1.1" 200 811
0:0:0:0:0:0:0:1 - - [25/Apr/2017:06:44:35 +0800] "GET /rooms/1010/unready?userId=4 HTTP/1.1" 200 62
0:0:0:0:0:0:0:1 - - [25/Apr/2017:06:44:35 +0800] "GET /rooms/1010/players HTTP/1.1" 200 811
0:0:0:0:0:0:0:1 - - [25/Apr/2017:06:44:35 +0800] "GET /rooms/1010/players HTTP/1.1" 200 811
0:0:0:0:0:0:0:1 - - [25/Apr/2017:06:44:35 +0800] "GET /rooms/1010/players HTTP/1.1" 200 811
0:0:0:0:0:0:0:1 - - [25/Apr/2017:06:44:35 +0800] "GET /rooms HTTP/1.1" 200 2357
0:0:0:0:0:0:0:1 - - [25/Apr/2017:06:44:35 +0800] "GET /wk/info HTTP/1.1" 200 79
0:0:0:0:0:0:0:1 - - [25/Apr/2017:06:44:35 +0800] "GET /wk/715/alo8zt3y/websocket HTTP/1.1" 101 -
0:0:0:0:0:0:0:1 - - [25/Apr/2017:06:44:37 +0800] "GET /rooms/1010/leave?userId=6 HTTP/1.1" 200 65
0:0:0:0:0:0:0:1 - - [25/Apr/2017:06:44:37 +0800] "POST /rooms/1010 HTTP/1.1" 200 274
0:0:0:0:0:0:0:1 - - [25/Apr/2017:06:44:37 +0800] "POST /rooms/1010 HTTP/1.1" 200 274
0:0:0:0:0:0:0:1 - - [25/Apr/2017:06:44:37 +0800] "POST /rooms/1010 HTTP/1.1" 200 274
0:0:0:0:0:0:0:1 - - [25/Apr/2017:06:44:37 +0800] "GET /rooms/1010/players HTTP/1.1" 200 625
0:0:0:0:0:0:0:1 - - [25/Apr/2017:06:44:37 +0800] "GET /rooms/1010/unready?userId=6 HTTP/1.1" 200 62
0:0:0:0:0:0:0:1 - - [25/Apr/2017:06:44:37 +0800] "GET /rooms/1010/players HTTP/1.1" 200 625
0:0:0:0:0:0:0:1 - - [25/Apr/2017:06:44:37 +0800] "GET /rooms/1010/players HTTP/1.1" 200 625
0:0:0:0:0:0:0:1 - - [25/Apr/2017:06:44:37 +0800] "GET /rooms HTTP/1.1" 200 2357
0:0:0:0:0:0:0:1 - - [25/Apr/2017:06:44:37 +0800] "GET /wk/info HTTP/1.1" 200 77
0:0:0:0:0:0:0:1 - - [25/Apr/2017:06:44:37 +0800] "GET /wk/465/evqldkey/websocket HTTP/1.1" 101 -
0:0:0:0:0:0:0:1 - - [25/Apr/2017:06:44:39 +0800] "GET /rooms/1010/leave?userId=7 HTTP/1.1" 200 65
0:0:0:0:0:0:0:1 - - [25/Apr/2017:06:44:39 +0800] "POST /rooms/1010 HTTP/1.1" 200 274
0:0:0:0:0:0:0:1 - - [25/Apr/2017:06:44:39 +0800] "POST /rooms/1010 HTTP/1.1" 200 274
0:0:0:0:0:0:0:1 - - [25/Apr/2017:06:44:39 +0800] "GET /rooms/1010/players HTTP/1.1" 200 439
0:0:0:0:0:0:0:1 - - [25/Apr/2017:06:44:39 +0800] "GET /rooms/1010/unready?userId=7 HTTP/1.1" 200 62
0:0:0:0:0:0:0:1 - - [25/Apr/2017:06:44:39 +0800] "GET /rooms/1010/players HTTP/1.1" 200 439
0:0:0:0:0:0:0:1 - - [25/Apr/2017:06:44:39 +0800] "GET /wk/info HTTP/1.1" 200 79
0:0:0:0:0:0:0:1 - - [25/Apr/2017:06:44:39 +0800] "GET /wk/467/tawje5u5/websocket HTTP/1.1" 101 -
0:0:0:0:0:0:0:1 - - [25/Apr/2017:06:44:41 +0800] "GET /rooms/1010/leave?userId=2 HTTP/1.1" 200 65
0:0:0:0:0:0:0:1 - - [25/Apr/2017:06:44:41 +0800] "POST /rooms/1010 HTTP/1.1" 200 274
0:0:0:0:0:0:0:1 - - [25/Apr/2017:06:44:41 +0800] "GET /rooms/1010/players HTTP/1.1" 200 252
0:0:0:0:0:0:0:1 - - [25/Apr/2017:06:44:41 +0800] "GET /rooms/1010/unready?userId=2 HTTP/1.1" 200 62
0:0:0:0:0:0:0:1 - - [25/Apr/2017:06:44:41 +0800] "GET /rooms HTTP/1.1" 200 2357
0:0:0:0:0:0:0:1 - - [25/Apr/2017:06:44:41 +0800] "GET /wk/info HTTP/1.1" 200 79
0:0:0:0:0:0:0:1 - - [25/Apr/2017:06:44:41 +0800] "GET /wk/477/5vw7bhjd/websocket HTTP/1.1" 101 -
0:0:0:0:0:0:0:1 - - [25/Apr/2017:06:44:43 +0800] "GET /rooms/1010/leave?userId=1 HTTP/1.1" 200 65
0:0:0:0:0:0:0:1 - - [25/Apr/2017:06:44:43 +0800] "GET /rooms/1010/unready?userId=1 HTTP/1.1" 200 62
0:0:0:0:0:0:0:1 - - [25/Apr/2017:06:44:43 +0800] "GET /rooms HTTP/1.1" 200 2357
0:0:0:0:0:0:0:1 - - [25/Apr/2017:06:44:43 +0800] "GET /wk/info HTTP/1.1" 200 79
0:0:0:0:0:0:0:1 - - [25/Apr/2017:06:44:43 +0800] "GET /wk/071/s2ymgs6j/websocket HTTP/1.1" 101 -
0:0:0:0:0:0:0:1 - - [25/Apr/2017:06:47:00 +0800] "GET /rooms/1010/join?userId=1 HTTP/1.1" 200 64
0:0:0:0:0:0:0:1 - - [25/Apr/2017:06:47:00 +0800] "GET /users/1 HTTP/1.1" 200 250
0:0:0:0:0:0:0:1 - - [25/Apr/2017:06:47:00 +0800] "POST /rooms/1010 HTTP/1.1" 200 274
0:0:0:0:0:0:0:1 - - [25/Apr/2017:06:47:00 +0800] "GET /rooms/1010/players HTTP/1.1" 200 252
0:0:0:0:0:0:0:1 - - [25/Apr/2017:06:47:00 +0800] "GET /wk/info HTTP/1.1" 200 79
0:0:0:0:0:0:0:1 - - [25/Apr/2017:06:47:00 +0800] "GET /wk/038/a7q81gdr/websocket HTTP/1.1" 101 -
0:0:0:0:0:0:0:1 - - [25/Apr/2017:06:48:43 +0800] "GET /rooms/1010/leave?userId=1 HTTP/1.1" 200 65
0:0:0:0:0:0:0:1 - - [25/Apr/2017:06:48:43 +0800] "GET /rooms/1010/unready?userId=1 HTTP/1.1" 200 62
0:0:0:0:0:0:0:1 - - [25/Apr/2017:06:48:44 +0800] "GET /rooms HTTP/1.1" 200 2357
0:0:0:0:0:0:0:1 - - [25/Apr/2017:06:48:44 +0800] "GET /wk/info HTTP/1.1" 200 79
0:0:0:0:0:0:0:1 - - [25/Apr/2017:06:48:44 +0800] "GET /wk/827/d425zt6e/websocket HTTP/1.1" 101 -
0:0:0:0:0:0:0:1 - - [25/Apr/2017:06:48:47 +0800] "GET /rooms/1010/join?userId=1 HTTP/1.1" 200 64
0:0:0:0:0:0:0:1 - - [25/Apr/2017:06:48:47 +0800] "POST /rooms/1010 HTTP/1.1" 200 274
0:0:0:0:0:0:0:1 - - [25/Apr/2017:06:48:47 +0800] "GET /users/1 HTTP/1.1" 200 250
0:0:0:0:0:0:0:1 - - [25/Apr/2017:06:48:47 +0800] "GET /rooms/1010/players HTTP/1.1" 200 252
0:0:0:0:0:0:0:1 - - [25/Apr/2017:06:48:47 +0800] "GET /wk/info HTTP/1.1" 200 79
0:0:0:0:0:0:0:1 - - [25/Apr/2017:06:48:47 +0800] "GET /wk/325/0ppcjk4x/websocket HTTP/1.1" 101 -
0:0:0:0:0:0:0:1 - - [25/Apr/2017:06:48:53 +0800] "GET /rooms/1010/leave?userId=1 HTTP/1.1" 200 65
0:0:0:0:0:0:0:1 - - [25/Apr/2017:06:48:53 +0800] "GET /rooms/1010/unready?userId=1 HTTP/1.1" 200 62
0:0:0:0:0:0:0:1 - - [25/Apr/2017:06:48:53 +0800] "GET /wk/info HTTP/1.1" 200 79
0:0:0:0:0:0:0:1 - - [25/Apr/2017:06:48:53 +0800] "GET /wk/929/ueoaidol/websocket HTTP/1.1" 101 -
0:0:0:0:0:0:0:1 - - [25/Apr/2017:06:49:25 +0800] "GET /rooms/1010/join?userId=1 HTTP/1.1" 200 64
0:0:0:0:0:0:0:1 - - [25/Apr/2017:06:49:25 +0800] "GET /users/1 HTTP/1.1" 200 250
0:0:0:0:0:0:0:1 - - [25/Apr/2017:06:49:25 +0800] "POST /rooms/1010 HTTP/1.1" 200 274
0:0:0:0:0:0:0:1 - - [25/Apr/2017:06:49:25 +0800] "GET /rooms/1010/players HTTP/1.1" 200 252
0:0:0:0:0:0:0:1 - - [25/Apr/2017:06:49:25 +0800] "GET /wk/info HTTP/1.1" 200 79
0:0:0:0:0:0:0:1 - - [25/Apr/2017:06:49:25 +0800] "GET /wk/992/w5l_cuan/websocket HTTP/1.1" 101 -
0:0:0:0:0:0:0:1 - - [25/Apr/2017:06:55:30 +0800] "GET /rooms/1010/leave?userId=1 HTTP/1.1" 200 65
0:0:0:0:0:0:0:1 - - [25/Apr/2017:06:55:30 +0800] "GET /rooms/1010/unready?userId=1 HTTP/1.1" 200 62
0:0:0:0:0:0:0:1 - - [25/Apr/2017:06:55:30 +0800] "GET /wk/info HTTP/1.1" 200 77
0:0:0:0:0:0:0:1 - - [25/Apr/2017:06:55:30 +0800] "GET /wk/395/2769hg0g/websocket HTTP/1.1" 101 -
0:0:0:0:0:0:0:1 - - [25/Apr/2017:07:14:16 +0800] "GET /rooms/1010/join?userId=1 HTTP/1.1" 200 64
0:0:0:0:0:0:0:1 - - [25/Apr/2017:07:14:16 +0800] "GET /users/1 HTTP/1.1" 200 250
0:0:0:0:0:0:0:1 - - [25/Apr/2017:07:14:16 +0800] "POST /rooms/1010 HTTP/1.1" 200 274
0:0:0:0:0:0:0:1 - - [25/Apr/2017:07:14:16 +0800] "GET /rooms/1010/players HTTP/1.1" 200 252
0:0:0:0:0:0:0:1 - - [25/Apr/2017:07:14:16 +0800] "GET /wk/info HTTP/1.1" 200 79
0:0:0:0:0:0:0:1 - - [25/Apr/2017:07:14:16 +0800] "GET /wk/437/cf3n9clp/websocket HTTP/1.1" 101 -
0:0:0:0:0:0:0:1 - - [25/Apr/2017:07:14:18 +0800] "GET /rooms/1010/join?userId=2 HTTP/1.1" 200 64
0:0:0:0:0:0:0:1 - - [25/Apr/2017:07:14:18 +0800] "POST /rooms/1010 HTTP/1.1" 200 274
0:0:0:0:0:0:0:1 - - [25/Apr/2017:07:14:18 +0800] "GET /rooms/1010/players HTTP/1.1" 200 439
0:0:0:0:0:0:0:1 - - [25/Apr/2017:07:14:18 +0800] "POST /rooms/1010 HTTP/1.1" 200 274
0:0:0:0:0:0:0:1 - - [25/Apr/2017:07:14:18 +0800] "GET /users/2 HTTP/1.1" 200 247
0:0:0:0:0:0:0:1 - - [25/Apr/2017:07:14:18 +0800] "GET /rooms/1010/players HTTP/1.1" 200 439
0:0:0:0:0:0:0:1 - - [25/Apr/2017:07:14:18 +0800] "GET /wk/info HTTP/1.1" 200 78
0:0:0:0:0:0:0:1 - - [25/Apr/2017:07:14:18 +0800] "GET /wk/492/e945e8nd/websocket HTTP/1.1" 101 -
0:0:0:0:0:0:0:1 - - [25/Apr/2017:07:14:19 +0800] "GET /rooms/1010/join?userId=7 HTTP/1.1" 200 64
0:0:0:0:0:0:0:1 - - [25/Apr/2017:07:14:19 +0800] "POST /rooms/1010 HTTP/1.1" 200 274
0:0:0:0:0:0:0:1 - - [25/Apr/2017:07:14:19 +0800] "POST /rooms/1010 HTTP/1.1" 200 274
0:0:0:0:0:0:0:1 - - [25/Apr/2017:07:14:19 +0800] "GET /rooms/1010/players HTTP/1.1" 200 625
0:0:0:0:0:0:0:1 - - [25/Apr/2017:07:14:19 +0800] "GET /rooms/1010/players HTTP/1.1" 200 625
0:0:0:0:0:0:0:1 - - [25/Apr/2017:07:14:19 +0800] "POST /rooms/1010 HTTP/1.1" 200 274
0:0:0:0:0:0:0:1 - - [25/Apr/2017:07:14:19 +0800] "GET /users/7 HTTP/1.1" 200 247
0:0:0:0:0:0:0:1 - - [25/Apr/2017:07:14:19 +0800] "GET /rooms/1010/players HTTP/1.1" 200 625
0:0:0:0:0:0:0:1 - - [25/Apr/2017:07:14:19 +0800] "GET /wk/info HTTP/1.1" 200 78
0:0:0:0:0:0:0:1 - - [25/Apr/2017:07:14:19 +0800] "GET /wk/659/fd9p431d/websocket HTTP/1.1" 101 -
0:0:0:0:0:0:0:1 - - [25/Apr/2017:07:14:20 +0800] "GET /rooms/1010/join?userId=6 HTTP/1.1" 200 64
0:0:0:0:0:0:0:1 - - [25/Apr/2017:07:14:20 +0800] "POST /rooms/1010 HTTP/1.1" 200 274
0:0:0:0:0:0:0:1 - - [25/Apr/2017:07:14:20 +0800] "POST /rooms/1010 HTTP/1.1" 200 274
0:0:0:0:0:0:0:1 - - [25/Apr/2017:07:14:20 +0800] "POST /rooms/1010 HTTP/1.1" 200 274
0:0:0:0:0:0:0:1 - - [25/Apr/2017:07:14:20 +0800] "GET /rooms/1010/players HTTP/1.1" 200 811
0:0:0:0:0:0:0:1 - - [25/Apr/2017:07:14:20 +0800] "GET /rooms/1010/players HTTP/1.1" 200 811
0:0:0:0:0:0:0:1 - - [25/Apr/2017:07:14:20 +0800] "GET /rooms/1010/players HTTP/1.1" 200 811
0:0:0:0:0:0:0:1 - - [25/Apr/2017:07:14:20 +0800] "POST /rooms/1010 HTTP/1.1" 200 274
0:0:0:0:0:0:0:1 - - [25/Apr/2017:07:14:20 +0800] "GET /users/6 HTTP/1.1" 200 247
0:0:0:0:0:0:0:1 - - [25/Apr/2017:07:14:20 +0800] "GET /rooms/1010/players HTTP/1.1" 200 811
0:0:0:0:0:0:0:1 - - [25/Apr/2017:07:14:20 +0800] "GET /wk/info HTTP/1.1" 200 79
0:0:0:0:0:0:0:1 - - [25/Apr/2017:07:14:20 +0800] "GET /wk/500/w9_q54fy/websocket HTTP/1.1" 101 -
0:0:0:0:0:0:0:1 - - [25/Apr/2017:07:14:21 +0800] "GET /rooms/1010/join?userId=4 HTTP/1.1" 200 64
0:0:0:0:0:0:0:1 - - [25/Apr/2017:07:14:21 +0800] "POST /rooms/1010 HTTP/1.1" 200 274
0:0:0:0:0:0:0:1 - - [25/Apr/2017:07:14:21 +0800] "POST /rooms/1010 HTTP/1.1" 200 274
0:0:0:0:0:0:0:1 - - [25/Apr/2017:07:14:21 +0800] "POST /rooms/1010 HTTP/1.1" 200 274
0:0:0:0:0:0:0:1 - - [25/Apr/2017:07:14:21 +0800] "POST /rooms/1010 HTTP/1.1" 200 274
0:0:0:0:0:0:0:1 - - [25/Apr/2017:07:14:22 +0800] "GET /rooms/1010/players HTTP/1.1" 200 997
0:0:0:0:0:0:0:1 - - [25/Apr/2017:07:14:22 +0800] "GET /rooms/1010/players HTTP/1.1" 200 997
0:0:0:0:0:0:0:1 - - [25/Apr/2017:07:14:22 +0800] "GET /rooms/1010/players HTTP/1.1" 200 997
0:0:0:0:0:0:0:1 - - [25/Apr/2017:07:14:22 +0800] "GET /rooms/1010/players HTTP/1.1" 200 997
0:0:0:0:0:0:0:1 - - [25/Apr/2017:07:14:22 +0800] "POST /rooms/1010 HTTP/1.1" 200 274
0:0:0:0:0:0:0:1 - - [25/Apr/2017:07:14:22 +0800] "GET /users/4 HTTP/1.1" 200 247
0:0:0:0:0:0:0:1 - - [25/Apr/2017:07:14:22 +0800] "GET /rooms/1010/players HTTP/1.1" 200 997
0:0:0:0:0:0:0:1 - - [25/Apr/2017:07:14:22 +0800] "GET /wk/info HTTP/1.1" 200 77
0:0:0:0:0:0:0:1 - - [25/Apr/2017:07:14:22 +0800] "GET /wk/422/1yknkfjx/websocket HTTP/1.1" 101 -
0:0:0:0:0:0:0:1 - - [25/Apr/2017:07:14:23 +0800] "GET /rooms/1010/join?userId=5 HTTP/1.1" 200 64
0:0:0:0:0:0:0:1 - - [25/Apr/2017:07:14:23 +0800] "POST /rooms/1010 HTTP/1.1" 200 274
0:0:0:0:0:0:0:1 - - [25/Apr/2017:07:14:23 +0800] "POST /rooms/1010 HTTP/1.1" 200 274
0:0:0:0:0:0:0:1 - - [25/Apr/2017:07:14:23 +0800] "POST /rooms/1010 HTTP/1.1" 200 274
0:0:0:0:0:0:0:1 - - [25/Apr/2017:07:14:23 +0800] "POST /rooms/1010 HTTP/1.1" 200 274
0:0:0:0:0:0:0:1 - - [25/Apr/2017:07:14:23 +0800] "POST /rooms/1010 HTTP/1.1" 200 274
0:0:0:0:0:0:0:1 - - [25/Apr/2017:07:14:23 +0800] "GET /rooms/1010/players HTTP/1.1" 200 1180
0:0:0:0:0:0:0:1 - - [25/Apr/2017:07:14:23 +0800] "GET /rooms/1010/players HTTP/1.1" 200 1180
0:0:0:0:0:0:0:1 - - [25/Apr/2017:07:14:23 +0800] "GET /rooms/1010/players HTTP/1.1" 200 1180
0:0:0:0:0:0:0:1 - - [25/Apr/2017:07:14:23 +0800] "GET /rooms/1010/players HTTP/1.1" 200 1180
0:0:0:0:0:0:0:1 - - [25/Apr/2017:07:14:23 +0800] "GET /rooms/1010/players HTTP/1.1" 200 1180
0:0:0:0:0:0:0:1 - - [25/Apr/2017:07:14:23 +0800] "POST /rooms/1010 HTTP/1.1" 200 274
0:0:0:0:0:0:0:1 - - [25/Apr/2017:07:14:23 +0800] "GET /users/5 HTTP/1.1" 200 244
0:0:0:0:0:0:0:1 - - [25/Apr/2017:07:14:23 +0800] "GET /rooms/1010/players HTTP/1.1" 200 1180
0:0:0:0:0:0:0:1 - - [25/Apr/2017:07:14:23 +0800] "GET /wk/info HTTP/1.1" 200 78
0:0:0:0:0:0:0:1 - - [25/Apr/2017:07:14:23 +0800] "GET /wk/302/nhkyqdmy/websocket HTTP/1.1" 101 -
0:0:0:0:0:0:0:1 - - [25/Apr/2017:07:16:51 +0800] "GET /rooms/1010/leave?userId=1 HTTP/1.1" 200 65
0:0:0:0:0:0:0:1 - - [25/Apr/2017:07:16:51 +0800] "POST /rooms/1010 HTTP/1.1" 200 274
0:0:0:0:0:0:0:1 - - [25/Apr/2017:07:16:51 +0800] "POST /rooms/1010 HTTP/1.1" 200 274
0:0:0:0:0:0:0:1 - - [25/Apr/2017:07:16:51 +0800] "GET /rooms/1010/unready?userId=1 HTTP/1.1" 200 62
0:0:0:0:0:0:0:1 - - [25/Apr/2017:07:16:51 +0800] "POST /rooms/1010 HTTP/1.1" 200 274
0:0:0:0:0:0:0:1 - - [25/Apr/2017:07:16:51 +0800] "POST /rooms/1010 HTTP/1.1" 200 274
0:0:0:0:0:0:0:1 - - [25/Apr/2017:07:16:51 +0800] "POST /rooms/1010 HTTP/1.1" 200 274
0:0:0:0:0:0:0:1 - - [25/Apr/2017:07:16:51 +0800] "GET /rooms/1010/players HTTP/1.1" 200 991
0:0:0:0:0:0:0:1 - - [25/Apr/2017:07:16:51 +0800] "GET /rooms/1010/players HTTP/1.1" 200 991
0:0:0:0:0:0:0:1 - - [25/Apr/2017:07:16:51 +0800] "GET /rooms/1010/players HTTP/1.1" 200 991
0:0:0:0:0:0:0:1 - - [25/Apr/2017:07:16:51 +0800] "GET /rooms/1010/players HTTP/1.1" 200 991
0:0:0:0:0:0:0:1 - - [25/Apr/2017:07:16:51 +0800] "GET /rooms/1010/players HTTP/1.1" 200 991
0:0:0:0:0:0:0:1 - - [25/Apr/2017:07:16:51 +0800] "GET /wk/info HTTP/1.1" 200 78
0:0:0:0:0:0:0:1 - - [25/Apr/2017:07:16:51 +0800] "GET /rooms HTTP/1.1" 200 2357
0:0:0:0:0:0:0:1 - - [25/Apr/2017:07:16:51 +0800] "GET /wk/468/poptm7qn/websocket HTTP/1.1" 101 -
0:0:0:0:0:0:0:1 - - [25/Apr/2017:07:16:53 +0800] "GET /rooms/1010/leave?userId=2 HTTP/1.1" 200 65
0:0:0:0:0:0:0:1 - - [25/Apr/2017:07:16:53 +0800] "POST /rooms/1010 HTTP/1.1" 200 274
0:0:0:0:0:0:0:1 - - [25/Apr/2017:07:16:53 +0800] "POST /rooms/1010 HTTP/1.1" 200 274
0:0:0:0:0:0:0:1 - - [25/Apr/2017:07:16:53 +0800] "POST /rooms/1010 HTTP/1.1" 200 274
0:0:0:0:0:0:0:1 - - [25/Apr/2017:07:16:53 +0800] "POST /rooms/1010 HTTP/1.1" 200 274
0:0:0:0:0:0:0:1 - - [25/Apr/2017:07:16:53 +0800] "GET /rooms/1010/players HTTP/1.1" 200 805
0:0:0:0:0:0:0:1 - - [25/Apr/2017:07:16:53 +0800] "GET /rooms/1010/unready?userId=2 HTTP/1.1" 200 62
0:0:0:0:0:0:0:1 - - [25/Apr/2017:07:16:53 +0800] "GET /rooms/1010/players HTTP/1.1" 200 805
0:0:0:0:0:0:0:1 - - [25/Apr/2017:07:16:53 +0800] "GET /rooms/1010/players HTTP/1.1" 200 805
0:0:0:0:0:0:0:1 - - [25/Apr/2017:07:16:53 +0800] "GET /rooms/1010/players HTTP/1.1" 200 805
0:0:0:0:0:0:0:1 - - [25/Apr/2017:07:16:53 +0800] "GET /rooms HTTP/1.1" 200 2357
0:0:0:0:0:0:0:1 - - [25/Apr/2017:07:16:53 +0800] "GET /wk/info HTTP/1.1" 200 77
0:0:0:0:0:0:0:1 - - [25/Apr/2017:07:16:53 +0800] "GET /wk/987/6qw76l0t/websocket HTTP/1.1" 101 -
0:0:0:0:0:0:0:1 - - [25/Apr/2017:07:16:54 +0800] "GET /rooms/1010/leave?userId=7 HTTP/1.1" 200 65
0:0:0:0:0:0:0:1 - - [25/Apr/2017:07:16:54 +0800] "POST /rooms/1010 HTTP/1.1" 200 274
0:0:0:0:0:0:0:1 - - [25/Apr/2017:07:16:54 +0800] "POST /rooms/1010 HTTP/1.1" 200 274
0:0:0:0:0:0:0:1 - - [25/Apr/2017:07:16:54 +0800] "POST /rooms/1010 HTTP/1.1" 200 274
0:0:0:0:0:0:0:1 - - [25/Apr/2017:07:16:54 +0800] "GET /rooms/1010/players HTTP/1.1" 200 619
0:0:0:0:0:0:0:1 - - [25/Apr/2017:07:16:54 +0800] "GET /rooms/1010/unready?userId=7 HTTP/1.1" 200 62
0:0:0:0:0:0:0:1 - - [25/Apr/2017:07:16:54 +0800] "GET /rooms/1010/players HTTP/1.1" 200 619
0:0:0:0:0:0:0:1 - - [25/Apr/2017:07:16:54 +0800] "GET /rooms/1010/players HTTP/1.1" 200 619
0:0:0:0:0:0:0:1 - - [25/Apr/2017:07:16:54 +0800] "GET /rooms HTTP/1.1" 200 2357
0:0:0:0:0:0:0:1 - - [25/Apr/2017:07:16:54 +0800] "GET /wk/info HTTP/1.1" 200 79
0:0:0:0:0:0:0:1 - - [25/Apr/2017:07:16:54 +0800] "GET /wk/442/7l2la6s8/websocket HTTP/1.1" 101 -
0:0:0:0:0:0:0:1 - - [25/Apr/2017:07:16:56 +0800] "GET /rooms/1010/leave?userId=6 HTTP/1.1" 200 65
0:0:0:0:0:0:0:1 - - [25/Apr/2017:07:16:56 +0800] "POST /rooms/1010 HTTP/1.1" 200 274
0:0:0:0:0:0:0:1 - - [25/Apr/2017:07:16:56 +0800] "POST /rooms/1010 HTTP/1.1" 200 274
0:0:0:0:0:0:0:1 - - [25/Apr/2017:07:16:56 +0800] "GET /rooms/1010/players HTTP/1.1" 200 433
0:0:0:0:0:0:0:1 - - [25/Apr/2017:07:16:56 +0800] "GET /rooms/1010/unready?userId=6 HTTP/1.1" 200 62
0:0:0:0:0:0:0:1 - - [25/Apr/2017:07:16:56 +0800] "GET /rooms/1010/players HTTP/1.1" 200 433
0:0:0:0:0:0:0:1 - - [25/Apr/2017:07:16:56 +0800] "GET /wk/info HTTP/1.1" 200 78
0:0:0:0:0:0:0:1 - - [25/Apr/2017:07:16:56 +0800] "GET /rooms HTTP/1.1" 200 2357
0:0:0:0:0:0:0:1 - - [25/Apr/2017:07:16:56 +0800] "GET /wk/059/fkd1naak/websocket HTTP/1.1" 101 -
0:0:0:0:0:0:0:1 - - [25/Apr/2017:07:16:57 +0800] "GET /rooms/1010/leave?userId=4 HTTP/1.1" 200 65
0:0:0:0:0:0:0:1 - - [25/Apr/2017:07:16:57 +0800] "POST /rooms/1010 HTTP/1.1" 200 274
0:0:0:0:0:0:0:1 - - [25/Apr/2017:07:16:57 +0800] "GET /rooms/1010/players HTTP/1.1" 200 246
0:0:0:0:0:0:0:1 - - [25/Apr/2017:07:16:57 +0800] "GET /wk/info HTTP/1.1" 200 79
0:0:0:0:0:0:0:1 - - [25/Apr/2017:07:16:57 +0800] "GET /wk/341/944cdybp/websocket HTTP/1.1" 101 -
0:0:0:0:0:0:0:1 - - [25/Apr/2017:07:16:57 +0800] "GET /rooms/1010/unready?userId=4 HTTP/1.1" 200 62
0:0:0:0:0:0:0:1 - - [25/Apr/2017:07:16:59 +0800] "GET /rooms/1010/leave?userId=5 HTTP/1.1" 200 65
0:0:0:0:0:0:0:1 - - [25/Apr/2017:07:16:59 +0800] "GET /rooms/1010/unready?userId=5 HTTP/1.1" 200 62
0:0:0:0:0:0:0:1 - - [25/Apr/2017:07:16:59 +0800] "GET /rooms HTTP/1.1" 200 2357
0:0:0:0:0:0:0:1 - - [25/Apr/2017:07:16:59 +0800] "GET /wk/info HTTP/1.1" 200 79
0:0:0:0:0:0:0:1 - - [25/Apr/2017:07:16:59 +0800] "GET /wk/979/90v06c0q/websocket HTTP/1.1" 101 -
0:0:0:0:0:0:0:1 - - [25/Apr/2017:07:17:14 +0800] "GET /rooms/1010/join?userId=1 HTTP/1.1" 200 64
0:0:0:0:0:0:0:1 - - [25/Apr/2017:07:17:14 +0800] "GET /users/1 HTTP/1.1" 200 250
0:0:0:0:0:0:0:1 - - [25/Apr/2017:07:17:14 +0800] "POST /rooms/1010 HTTP/1.1" 200 274
0:0:0:0:0:0:0:1 - - [25/Apr/2017:07:17:14 +0800] "GET /rooms/1010/players HTTP/1.1" 200 252
0:0:0:0:0:0:0:1 - - [25/Apr/2017:07:17:14 +0800] "GET /wk/info HTTP/1.1" 200 78
0:0:0:0:0:0:0:1 - - [25/Apr/2017:07:17:14 +0800] "GET /wk/283/_j4__x3v/websocket HTTP/1.1" 101 -
0:0:0:0:0:0:0:1 - - [25/Apr/2017:07:17:17 +0800] "GET /rooms/1010/join?userId=2 HTTP/1.1" 200 64
0:0:0:0:0:0:0:1 - - [25/Apr/2017:07:17:17 +0800] "POST /rooms/1010 HTTP/1.1" 200 274
0:0:0:0:0:0:0:1 - - [25/Apr/2017:07:17:17 +0800] "GET /rooms/1010/players HTTP/1.1" 200 439
0:0:0:0:0:0:0:1 - - [25/Apr/2017:07:17:17 +0800] "POST /rooms/1010 HTTP/1.1" 200 274
0:0:0:0:0:0:0:1 - - [25/Apr/2017:07:17:17 +0800] "GET /users/2 HTTP/1.1" 200 247
0:0:0:0:0:0:0:1 - - [25/Apr/2017:07:17:17 +0800] "GET /rooms/1010/players HTTP/1.1" 200 439
0:0:0:0:0:0:0:1 - - [25/Apr/2017:07:17:17 +0800] "GET /wk/info HTTP/1.1" 200 77
0:0:0:0:0:0:0:1 - - [25/Apr/2017:07:17:17 +0800] "GET /wk/530/d0g9zkc_/websocket HTTP/1.1" 101 -
0:0:0:0:0:0:0:1 - - [25/Apr/2017:07:17:18 +0800] "GET /rooms/1010/join?userId=7 HTTP/1.1" 200 64
0:0:0:0:0:0:0:1 - - [25/Apr/2017:07:17:18 +0800] "POST /rooms/1010 HTTP/1.1" 200 274
0:0:0:0:0:0:0:1 - - [25/Apr/2017:07:17:18 +0800] "POST /rooms/1010 HTTP/1.1" 200 274
0:0:0:0:0:0:0:1 - - [25/Apr/2017:07:17:18 +0800] "GET /rooms/1010/players HTTP/1.1" 200 625
0:0:0:0:0:0:0:1 - - [25/Apr/2017:07:17:18 +0800] "GET /rooms/1010/players HTTP/1.1" 200 625
0:0:0:0:0:0:0:1 - - [25/Apr/2017:07:17:18 +0800] "GET /users/7 HTTP/1.1" 200 247
0:0:0:0:0:0:0:1 - - [25/Apr/2017:07:17:18 +0800] "POST /rooms/1010 HTTP/1.1" 200 274
0:0:0:0:0:0:0:1 - - [25/Apr/2017:07:17:18 +0800] "GET /rooms/1010/players HTTP/1.1" 200 625
0:0:0:0:0:0:0:1 - - [25/Apr/2017:07:17:18 +0800] "GET /wk/info HTTP/1.1" 200 78
0:0:0:0:0:0:0:1 - - [25/Apr/2017:07:17:18 +0800] "GET /wk/588/r26tvop8/websocket HTTP/1.1" 101 -
0:0:0:0:0:0:0:1 - - [25/Apr/2017:07:17:19 +0800] "GET /rooms/1010/join?userId=6 HTTP/1.1" 200 64
0:0:0:0:0:0:0:1 - - [25/Apr/2017:07:17:19 +0800] "POST /rooms/1010 HTTP/1.1" 200 274
0:0:0:0:0:0:0:1 - - [25/Apr/2017:07:17:19 +0800] "POST /rooms/1010 HTTP/1.1" 200 274
0:0:0:0:0:0:0:1 - - [25/Apr/2017:07:17:19 +0800] "POST /rooms/1010 HTTP/1.1" 200 274
0:0:0:0:0:0:0:1 - - [25/Apr/2017:07:17:19 +0800] "GET /rooms/1010/players HTTP/1.1" 200 811
0:0:0:0:0:0:0:1 - - [25/Apr/2017:07:17:19 +0800] "GET /rooms/1010/players HTTP/1.1" 200 811
0:0:0:0:0:0:0:1 - - [25/Apr/2017:07:17:19 +0800] "GET /rooms/1010/players HTTP/1.1" 200 811
0:0:0:0:0:0:0:1 - - [25/Apr/2017:07:17:19 +0800] "POST /rooms/1010 HTTP/1.1" 200 274
0:0:0:0:0:0:0:1 - - [25/Apr/2017:07:17:19 +0800] "GET /users/6 HTTP/1.1" 200 247
0:0:0:0:0:0:0:1 - - [25/Apr/2017:07:17:19 +0800] "GET /rooms/1010/players HTTP/1.1" 200 811
0:0:0:0:0:0:0:1 - - [25/Apr/2017:07:17:19 +0800] "GET /wk/info HTTP/1.1" 200 78
0:0:0:0:0:0:0:1 - - [25/Apr/2017:07:17:19 +0800] "GET /wk/868/yvqio3rx/websocket HTTP/1.1" 101 -
0:0:0:0:0:0:0:1 - - [25/Apr/2017:07:17:20 +0800] "GET /rooms/1010/join?userId=4 HTTP/1.1" 200 64
0:0:0:0:0:0:0:1 - - [25/Apr/2017:07:17:20 +0800] "POST /rooms/1010 HTTP/1.1" 200 274
0:0:0:0:0:0:0:1 - - [25/Apr/2017:07:17:20 +0800] "POST /rooms/1010 HTTP/1.1" 200 274
0:0:0:0:0:0:0:1 - - [25/Apr/2017:07:17:20 +0800] "POST /rooms/1010 HTTP/1.1" 200 274
0:0:0:0:0:0:0:1 - - [25/Apr/2017:07:17:20 +0800] "POST /rooms/1010 HTTP/1.1" 200 274
0:0:0:0:0:0:0:1 - - [25/Apr/2017:07:17:20 +0800] "GET /rooms/1010/players HTTP/1.1" 200 997
0:0:0:0:0:0:0:1 - - [25/Apr/2017:07:17:20 +0800] "GET /rooms/1010/players HTTP/1.1" 200 997
0:0:0:0:0:0:0:1 - - [25/Apr/2017:07:17:20 +0800] "GET /rooms/1010/players HTTP/1.1" 200 997
0:0:0:0:0:0:0:1 - - [25/Apr/2017:07:17:20 +0800] "GET /rooms/1010/players HTTP/1.1" 200 997
0:0:0:0:0:0:0:1 - - [25/Apr/2017:07:17:20 +0800] "POST /rooms/1010 HTTP/1.1" 200 274
0:0:0:0:0:0:0:1 - - [25/Apr/2017:07:17:20 +0800] "GET /users/4 HTTP/1.1" 200 247
0:0:0:0:0:0:0:1 - - [25/Apr/2017:07:17:20 +0800] "GET /rooms/1010/players HTTP/1.1" 200 997
0:0:0:0:0:0:0:1 - - [25/Apr/2017:07:17:21 +0800] "GET /wk/info HTTP/1.1" 200 79
0:0:0:0:0:0:0:1 - - [25/Apr/2017:07:17:21 +0800] "GET /wk/986/qm2f__1m/websocket HTTP/1.1" 101 -
0:0:0:0:0:0:0:1 - - [25/Apr/2017:07:17:21 +0800] "GET /rooms/1010/join?userId=5 HTTP/1.1" 200 64
0:0:0:0:0:0:0:1 - - [25/Apr/2017:07:17:21 +0800] "POST /rooms/1010 HTTP/1.1" 200 274
0:0:0:0:0:0:0:1 - - [25/Apr/2017:07:17:21 +0800] "POST /rooms/1010 HTTP/1.1" 200 274
0:0:0:0:0:0:0:1 - - [25/Apr/2017:07:17:21 +0800] "POST /rooms/1010 HTTP/1.1" 200 274
0:0:0:0:0:0:0:1 - - [25/Apr/2017:07:17:21 +0800] "POST /rooms/1010 HTTP/1.1" 200 274
0:0:0:0:0:0:0:1 - - [25/Apr/2017:07:17:21 +0800] "POST /rooms/1010 HTTP/1.1" 200 274
0:0:0:0:0:0:0:1 - - [25/Apr/2017:07:17:21 +0800] "GET /rooms/1010/players HTTP/1.1" 200 1180
0:0:0:0:0:0:0:1 - - [25/Apr/2017:07:17:22 +0800] "GET /rooms/1010/players HTTP/1.1" 200 1180
0:0:0:0:0:0:0:1 - - [25/Apr/2017:07:17:22 +0800] "GET /rooms/1010/players HTTP/1.1" 200 1180
0:0:0:0:0:0:0:1 - - [25/Apr/2017:07:17:22 +0800] "GET /rooms/1010/players HTTP/1.1" 200 1180
0:0:0:0:0:0:0:1 - - [25/Apr/2017:07:17:22 +0800] "GET /rooms/1010/players HTTP/1.1" 200 1180
0:0:0:0:0:0:0:1 - - [25/Apr/2017:07:17:22 +0800] "GET /users/5 HTTP/1.1" 200 244
0:0:0:0:0:0:0:1 - - [25/Apr/2017:07:17:22 +0800] "POST /rooms/1010 HTTP/1.1" 200 274
0:0:0:0:0:0:0:1 - - [25/Apr/2017:07:17:22 +0800] "GET /rooms/1010/players HTTP/1.1" 200 1180
0:0:0:0:0:0:0:1 - - [25/Apr/2017:07:17:22 +0800] "GET /wk/info HTTP/1.1" 200 78
0:0:0:0:0:0:0:1 - - [25/Apr/2017:07:17:22 +0800] "GET /wk/894/ij8aws0p/websocket HTTP/1.1" 101 -
0:0:0:0:0:0:0:1 - - [25/Apr/2017:07:30:26 +0800] "GET /rooms/1010/ready?userId=1 HTTP/1.1" 200 60
0:0:0:0:0:0:0:1 - - [25/Apr/2017:07:30:28 +0800] "GET /rooms/1010/ready?userId=2 HTTP/1.1" 200 60
0:0:0:0:0:0:0:1 - - [25/Apr/2017:07:30:30 +0800] "GET /rooms/1010/ready?userId=7 HTTP/1.1" 200 60
0:0:0:0:0:0:0:1 - - [25/Apr/2017:07:30:31 +0800] "GET /rooms/1010/ready?userId=6 HTTP/1.1" 200 60
0:0:0:0:0:0:0:1 - - [25/Apr/2017:07:30:33 +0800] "GET /rooms/1010/ready?userId=4 HTTP/1.1" 200 60
0:0:0:0:0:0:0:1 - - [25/Apr/2017:07:34:08 +0800] "GET /rooms/1010/ready?userId=5 HTTP/1.1" 200 56
0:0:0:0:0:0:0:1 - - [25/Apr/2017:07:35:11 +0800] "GET /game/wolf?roomId=1010&locate=01 HTTP/1.1" 200 59
0:0:0:0:0:0:0:1 - - [25/Apr/2017:07:35:13 +0800] "GET /game/wolf?roomId=1010&locate=01 HTTP/1.1" 200 59
0:0:0:0:0:0:0:1 - - [25/Apr/2017:07:35:36 +0800] "GET /game/witch/poison?roomId=1010&locate=06 HTTP/1.1" 200 59
0:0:0:0:0:0:0:1 - - [25/Apr/2017:07:35:42 +0800] "GET /rooms/1010/leave?userId=1 HTTP/1.1" 200 65
0:0:0:0:0:0:0:1 - - [25/Apr/2017:07:35:42 +0800] "GET /rooms/1010/unready?userId=1 HTTP/1.1" 200 62
0:0:0:0:0:0:0:1 - - [25/Apr/2017:07:35:42 +0800] "POST /rooms/1010 HTTP/1.1" 200 274
0:0:0:0:0:0:0:1 - - [25/Apr/2017:07:35:42 +0800] "POST /rooms/1010 HTTP/1.1" 200 274
0:0:0:0:0:0:0:1 - - [25/Apr/2017:07:35:42 +0800] "POST /rooms/1010 HTTP/1.1" 200 274
0:0:0:0:0:0:0:1 - - [25/Apr/2017:07:35:42 +0800] "POST /rooms/1010 HTTP/1.1" 200 274
0:0:0:0:0:0:0:1 - - [25/Apr/2017:07:35:42 +0800] "POST /rooms/1010 HTTP/1.1" 200 274
0:0:0:0:0:0:0:1 - - [25/Apr/2017:07:35:42 +0800] "GET /rooms/1010/players HTTP/1.1" 200 991
0:0:0:0:0:0:0:1 - - [25/Apr/2017:07:35:42 +0800] "GET /rooms/1010/players HTTP/1.1" 200 991
0:0:0:0:0:0:0:1 - - [25/Apr/2017:07:35:43 +0800] "GET /rooms/1010/players HTTP/1.1" 200 991
0:0:0:0:0:0:0:1 - - [25/Apr/2017:07:35:43 +0800] "GET /rooms/1010/players HTTP/1.1" 200 991
0:0:0:0:0:0:0:1 - - [25/Apr/2017:07:35:43 +0800] "GET /rooms/1010/players HTTP/1.1" 200 991
0:0:0:0:0:0:0:1 - - [25/Apr/2017:07:35:43 +0800] "GET /rooms HTTP/1.1" 200 2357
0:0:0:0:0:0:0:1 - - [25/Apr/2017:07:35:43 +0800] "GET /wk/info HTTP/1.1" 200 79
0:0:0:0:0:0:0:1 - - [25/Apr/2017:07:35:43 +0800] "GET /wk/456/t124al63/websocket HTTP/1.1" 101 -
0:0:0:0:0:0:0:1 - - [25/Apr/2017:07:35:44 +0800] "GET /rooms/1010/leave?userId=2 HTTP/1.1" 200 65
0:0:0:0:0:0:0:1 - - [25/Apr/2017:07:35:44 +0800] "POST /rooms/1010 HTTP/1.1" 200 274
0:0:0:0:0:0:0:1 - - [25/Apr/2017:07:35:44 +0800] "POST /rooms/1010 HTTP/1.1" 200 274
0:0:0:0:0:0:0:1 - - [25/Apr/2017:07:35:44 +0800] "POST /rooms/1010 HTTP/1.1" 200 274
0:0:0:0:0:0:0:1 - - [25/Apr/2017:07:35:44 +0800] "POST /rooms/1010 HTTP/1.1" 200 274
0:0:0:0:0:0:0:1 - - [25/Apr/2017:07:35:44 +0800] "GET /rooms/1010/players HTTP/1.1" 200 805
0:0:0:0:0:0:0:1 - - [25/Apr/2017:07:35:44 +0800] "GET /rooms/1010/players HTTP/1.1" 200 805
0:0:0:0:0:0:0:1 - - [25/Apr/2017:07:35:44 +0800] "GET /rooms/1010/players HTTP/1.1" 200 805
0:0:0:0:0:0:0:1 - - [25/Apr/2017:07:35:44 +0800] "GET /rooms/1010/players HTTP/1.1" 200 805
0:0:0:0:0:0:0:1 - - [25/Apr/2017:07:35:44 +0800] "GET /rooms HTTP/1.1" 200 2357
0:0:0:0:0:0:0:1 - - [25/Apr/2017:07:35:44 +0800] "GET /wk/info HTTP/1.1" 200 79
0:0:0:0:0:0:0:1 - - [25/Apr/2017:07:35:44 +0800] "GET /rooms/1010/unready?userId=2 HTTP/1.1" 200 62
0:0:0:0:0:0:0:1 - - [25/Apr/2017:07:35:44 +0800] "GET /wk/996/nwwurmre/websocket HTTP/1.1" 101 -
0:0:0:0:0:0:0:1 - - [25/Apr/2017:07:35:45 +0800] "GET /rooms/1010/leave?userId=7 HTTP/1.1" 200 65
0:0:0:0:0:0:0:1 - - [25/Apr/2017:07:35:45 +0800] "POST /rooms/1010 HTTP/1.1" 200 274
0:0:0:0:0:0:0:1 - - [25/Apr/2017:07:35:45 +0800] "POST /rooms/1010 HTTP/1.1" 200 274
0:0:0:0:0:0:0:1 - - [25/Apr/2017:07:35:45 +0800] "POST /rooms/1010 HTTP/1.1" 200 274
0:0:0:0:0:0:0:1 - - [25/Apr/2017:07:35:45 +0800] "GET /rooms/1010/players HTTP/1.1" 200 619
0:0:0:0:0:0:0:1 - - [25/Apr/2017:07:35:45 +0800] "GET /rooms/1010/unready?userId=7 HTTP/1.1" 200 62
0:0:0:0:0:0:0:1 - - [25/Apr/2017:07:35:45 +0800] "GET /rooms/1010/players HTTP/1.1" 200 619
0:0:0:0:0:0:0:1 - - [25/Apr/2017:07:35:45 +0800] "GET /rooms/1010/players HTTP/1.1" 200 619
0:0:0:0:0:0:0:1 - - [25/Apr/2017:07:35:45 +0800] "GET /rooms HTTP/1.1" 200 2357
0:0:0:0:0:0:0:1 - - [25/Apr/2017:07:35:45 +0800] "GET /wk/info HTTP/1.1" 200 77
0:0:0:0:0:0:0:1 - - [25/Apr/2017:07:35:45 +0800] "GET /wk/773/qtx1jrcj/websocket HTTP/1.1" 101 -
0:0:0:0:0:0:0:1 - - [25/Apr/2017:07:35:47 +0800] "GET /rooms/1010/leave?userId=6 HTTP/1.1" 200 65
0:0:0:0:0:0:0:1 - - [25/Apr/2017:07:35:47 +0800] "POST /rooms/1010 HTTP/1.1" 200 274
0:0:0:0:0:0:0:1 - - [25/Apr/2017:07:35:47 +0800] "POST /rooms/1010 HTTP/1.1" 200 274
0:0:0:0:0:0:0:1 - - [25/Apr/2017:07:35:47 +0800] "GET /rooms/1010/players HTTP/1.1" 200 433
0:0:0:0:0:0:0:1 - - [25/Apr/2017:07:35:47 +0800] "GET /rooms/1010/players HTTP/1.1" 200 433
0:0:0:0:0:0:0:1 - - [25/Apr/2017:07:35:47 +0800] "GET /rooms/1010/unready?userId=6 HTTP/1.1" 200 62
0:0:0:0:0:0:0:1 - - [25/Apr/2017:07:35:47 +0800] "GET /rooms HTTP/1.1" 200 2357
0:0:0:0:0:0:0:1 - - [25/Apr/2017:07:35:47 +0800] "GET /wk/info HTTP/1.1" 200 79
0:0:0:0:0:0:0:1 - - [25/Apr/2017:07:35:47 +0800] "GET /wk/895/pg_p6xu7/websocket HTTP/1.1" 101 -
0:0:0:0:0:0:0:1 - - [25/Apr/2017:07:35:49 +0800] "GET /rooms/1010/leave?userId=4 HTTP/1.1" 200 65
0:0:0:0:0:0:0:1 - - [25/Apr/2017:07:35:49 +0800] "POST /rooms/1010 HTTP/1.1" 200 274
0:0:0:0:0:0:0:1 - - [25/Apr/2017:07:35:49 +0800] "GET /rooms/1010/players HTTP/1.1" 200 246
0:0:0:0:0:0:0:1 - - [25/Apr/2017:07:35:49 +0800] "GET /rooms/1010/unready?userId=4 HTTP/1.1" 200 62
0:0:0:0:0:0:0:1 - - [25/Apr/2017:07:35:49 +0800] "GET /rooms HTTP/1.1" 200 2357
0:0:0:0:0:0:0:1 - - [25/Apr/2017:07:35:49 +0800] "GET /wk/info HTTP/1.1" 200 79
0:0:0:0:0:0:0:1 - - [25/Apr/2017:07:35:49 +0800] "GET /wk/390/dhb6xrs6/websocket HTTP/1.1" 101 -
0:0:0:0:0:0:0:1 - - [25/Apr/2017:07:35:50 +0800] "GET /rooms/1010/leave?userId=5 HTTP/1.1" 200 65
0:0:0:0:0:0:0:1 - - [25/Apr/2017:07:35:50 +0800] "GET /rooms/1010/unready?userId=5 HTTP/1.1" 200 62
0:0:0:0:0:0:0:1 - - [25/Apr/2017:07:35:50 +0800] "GET /rooms HTTP/1.1" 200 2357
0:0:0:0:0:0:0:1 - - [25/Apr/2017:07:35:50 +0800] "GET /wk/info HTTP/1.1" 200 79
0:0:0:0:0:0:0:1 - - [25/Apr/2017:07:35:50 +0800] "GET /wk/297/2g_u_u01/websocket HTTP/1.1" 101 -
0:0:0:0:0:0:0:1 - - [25/Apr/2017:07:36:17 +0800] "GET /rooms/1010/join?userId=1 HTTP/1.1" 200 64
0:0:0:0:0:0:0:1 - - [25/Apr/2017:07:36:17 +0800] "GET /users/1 HTTP/1.1" 200 250
0:0:0:0:0:0:0:1 - - [25/Apr/2017:07:36:17 +0800] "POST /rooms/1010 HTTP/1.1" 200 274
0:0:0:0:0:0:0:1 - - [25/Apr/2017:07:36:17 +0800] "GET /rooms/1010/players HTTP/1.1" 200 252
0:0:0:0:0:0:0:1 - - [25/Apr/2017:07:36:17 +0800] "GET /wk/info HTTP/1.1" 200 79
0:0:0:0:0:0:0:1 - - [25/Apr/2017:07:36:17 +0800] "GET /wk/917/3ecij14i/websocket HTTP/1.1" 101 -
0:0:0:0:0:0:0:1 - - [25/Apr/2017:07:36:18 +0800] "GET /rooms/1010/join?userId=2 HTTP/1.1" 200 64
0:0:0:0:0:0:0:1 - - [25/Apr/2017:07:36:18 +0800] "POST /rooms/1010 HTTP/1.1" 200 274
0:0:0:0:0:0:0:1 - - [25/Apr/2017:07:36:18 +0800] "GET /rooms/1010/players HTTP/1.1" 200 439
0:0:0:0:0:0:0:1 - - [25/Apr/2017:07:36:18 +0800] "GET /users/2 HTTP/1.1" 200 247
0:0:0:0:0:0:0:1 - - [25/Apr/2017:07:36:18 +0800] "POST /rooms/1010 HTTP/1.1" 200 274
0:0:0:0:0:0:0:1 - - [25/Apr/2017:07:36:18 +0800] "GET /rooms/1010/players HTTP/1.1" 200 439
0:0:0:0:0:0:0:1 - - [25/Apr/2017:07:36:18 +0800] "GET /wk/info HTTP/1.1" 200 79
0:0:0:0:0:0:0:1 - - [25/Apr/2017:07:36:18 +0800] "GET /wk/384/ot_h0_8q/websocket HTTP/1.1" 101 -
0:0:0:0:0:0:0:1 - - [25/Apr/2017:07:36:19 +0800] "GET /rooms/1010/join?userId=7 HTTP/1.1" 200 64
0:0:0:0:0:0:0:1 - - [25/Apr/2017:07:36:19 +0800] "POST /rooms/1010 HTTP/1.1" 200 274
0:0:0:0:0:0:0:1 - - [25/Apr/2017:07:36:19 +0800] "POST /rooms/1010 HTTP/1.1" 200 274
0:0:0:0:0:0:0:1 - - [25/Apr/2017:07:36:19 +0800] "GET /rooms/1010/players HTTP/1.1" 200 625
0:0:0:0:0:0:0:1 - - [25/Apr/2017:07:36:19 +0800] "GET /rooms/1010/players HTTP/1.1" 200 625
0:0:0:0:0:0:0:1 - - [25/Apr/2017:07:36:19 +0800] "POST /rooms/1010 HTTP/1.1" 200 274
0:0:0:0:0:0:0:1 - - [25/Apr/2017:07:36:19 +0800] "GET /users/7 HTTP/1.1" 200 247
0:0:0:0:0:0:0:1 - - [25/Apr/2017:07:36:19 +0800] "GET /rooms/1010/players HTTP/1.1" 200 625
0:0:0:0:0:0:0:1 - - [25/Apr/2017:07:36:19 +0800] "GET /wk/info HTTP/1.1" 200 78
0:0:0:0:0:0:0:1 - - [25/Apr/2017:07:36:19 +0800] "GET /wk/287/gpahetx6/websocket HTTP/1.1" 101 -
0:0:0:0:0:0:0:1 - - [25/Apr/2017:07:36:20 +0800] "GET /rooms/1010/join?userId=6 HTTP/1.1" 200 64
0:0:0:0:0:0:0:1 - - [25/Apr/2017:07:36:20 +0800] "POST /rooms/1010 HTTP/1.1" 200 274
0:0:0:0:0:0:0:1 - - [25/Apr/2017:07:36:20 +0800] "POST /rooms/1010 HTTP/1.1" 200 274
0:0:0:0:0:0:0:1 - - [25/Apr/2017:07:36:20 +0800] "POST /rooms/1010 HTTP/1.1" 200 274
0:0:0:0:0:0:0:1 - - [25/Apr/2017:07:36:20 +0800] "GET /rooms/1010/players HTTP/1.1" 200 811
0:0:0:0:0:0:0:1 - - [25/Apr/2017:07:36:20 +0800] "GET /rooms/1010/players HTTP/1.1" 200 811
0:0:0:0:0:0:0:1 - - [25/Apr/2017:07:36:20 +0800] "GET /rooms/1010/players HTTP/1.1" 200 811
0:0:0:0:0:0:0:1 - - [25/Apr/2017:07:36:20 +0800] "POST /rooms/1010 HTTP/1.1" 200 274
0:0:0:0:0:0:0:1 - - [25/Apr/2017:07:36:20 +0800] "GET /users/6 HTTP/1.1" 200 247
0:0:0:0:0:0:0:1 - - [25/Apr/2017:07:36:20 +0800] "GET /rooms/1010/players HTTP/1.1" 200 811
0:0:0:0:0:0:0:1 - - [25/Apr/2017:07:36:20 +0800] "GET /wk/info HTTP/1.1" 200 78
0:0:0:0:0:0:0:1 - - [25/Apr/2017:07:36:20 +0800] "GET /wk/791/4ify1u3n/websocket HTTP/1.1" 101 -
0:0:0:0:0:0:0:1 - - [25/Apr/2017:07:36:21 +0800] "GET /rooms/1010/join?userId=4 HTTP/1.1" 200 64
0:0:0:0:0:0:0:1 - - [25/Apr/2017:07:36:21 +0800] "POST /rooms/1010 HTTP/1.1" 200 274
0:0:0:0:0:0:0:1 - - [25/Apr/2017:07:36:21 +0800] "POST /rooms/1010 HTTP/1.1" 200 274
0:0:0:0:0:0:0:1 - - [25/Apr/2017:07:36:21 +0800] "POST /rooms/1010 HTTP/1.1" 200 274
0:0:0:0:0:0:0:1 - - [25/Apr/2017:07:36:21 +0800] "POST /rooms/1010 HTTP/1.1" 200 274
0:0:0:0:0:0:0:1 - - [25/Apr/2017:07:36:21 +0800] "GET /rooms/1010/players HTTP/1.1" 200 997
0:0:0:0:0:0:0:1 - - [25/Apr/2017:07:36:21 +0800] "GET /rooms/1010/players HTTP/1.1" 200 997
0:0:0:0:0:0:0:1 - - [25/Apr/2017:07:36:21 +0800] "GET /rooms/1010/players HTTP/1.1" 200 997
0:0:0:0:0:0:0:1 - - [25/Apr/2017:07:36:21 +0800] "GET /rooms/1010/players HTTP/1.1" 200 997
0:0:0:0:0:0:0:1 - - [25/Apr/2017:07:36:21 +0800] "POST /rooms/1010 HTTP/1.1" 200 274
0:0:0:0:0:0:0:1 - - [25/Apr/2017:07:36:21 +0800] "GET /users/4 HTTP/1.1" 200 247
0:0:0:0:0:0:0:1 - - [25/Apr/2017:07:36:21 +0800] "GET /rooms/1010/players HTTP/1.1" 200 997
0:0:0:0:0:0:0:1 - - [25/Apr/2017:07:36:21 +0800] "GET /wk/info HTTP/1.1" 200 79
0:0:0:0:0:0:0:1 - - [25/Apr/2017:07:36:21 +0800] "GET /wk/647/t5r7u4bz/websocket HTTP/1.1" 101 -
0:0:0:0:0:0:0:1 - - [25/Apr/2017:07:36:22 +0800] "GET /rooms/1010/join?userId=5 HTTP/1.1" 200 64
0:0:0:0:0:0:0:1 - - [25/Apr/2017:07:36:22 +0800] "POST /rooms/1010 HTTP/1.1" 200 274
0:0:0:0:0:0:0:1 - - [25/Apr/2017:07:36:22 +0800] "POST /rooms/1010 HTTP/1.1" 200 274
0:0:0:0:0:0:0:1 - - [25/Apr/2017:07:36:22 +0800] "POST /rooms/1010 HTTP/1.1" 200 274
0:0:0:0:0:0:0:1 - - [25/Apr/2017:07:36:22 +0800] "POST /rooms/1010 HTTP/1.1" 200 274
0:0:0:0:0:0:0:1 - - [25/Apr/2017:07:36:22 +0800] "POST /rooms/1010 HTTP/1.1" 200 274
0:0:0:0:0:0:0:1 - - [25/Apr/2017:07:36:22 +0800] "GET /rooms/1010/players HTTP/1.1" 200 1180
0:0:0:0:0:0:0:1 - - [25/Apr/2017:07:36:22 +0800] "GET /rooms/1010/players HTTP/1.1" 200 1180
0:0:0:0:0:0:0:1 - - [25/Apr/2017:07:36:22 +0800] "GET /rooms/1010/players HTTP/1.1" 200 1180
0:0:0:0:0:0:0:1 - - [25/Apr/2017:07:36:22 +0800] "GET /rooms/1010/players HTTP/1.1" 200 1180
0:0:0:0:0:0:0:1 - - [25/Apr/2017:07:36:22 +0800] "GET /rooms/1010/players HTTP/1.1" 200 1180
0:0:0:0:0:0:0:1 - - [25/Apr/2017:07:36:22 +0800] "GET /users/5 HTTP/1.1" 200 244
0:0:0:0:0:0:0:1 - - [25/Apr/2017:07:36:22 +0800] "POST /rooms/1010 HTTP/1.1" 200 274
0:0:0:0:0:0:0:1 - - [25/Apr/2017:07:36:22 +0800] "GET /rooms/1010/players HTTP/1.1" 200 1180
0:0:0:0:0:0:0:1 - - [25/Apr/2017:07:36:22 +0800] "GET /wk/info HTTP/1.1" 200 76
0:0:0:0:0:0:0:1 - - [25/Apr/2017:07:36:22 +0800] "GET /wk/808/x5oh4smr/websocket HTTP/1.1" 101 -
0:0:0:0:0:0:0:1 - - [25/Apr/2017:07:36:24 +0800] "GET /rooms/1010/ready?userId=1 HTTP/1.1" 200 60
0:0:0:0:0:0:0:1 - - [25/Apr/2017:07:36:25 +0800] "GET /rooms/1010/ready?userId=2 HTTP/1.1" 200 60
0:0:0:0:0:0:0:1 - - [25/Apr/2017:07:36:26 +0800] "GET /rooms/1010/ready?userId=7 HTTP/1.1" 200 60
0:0:0:0:0:0:0:1 - - [25/Apr/2017:07:36:27 +0800] "GET /rooms/1010/ready?userId=6 HTTP/1.1" 200 60
0:0:0:0:0:0:0:1 - - [25/Apr/2017:07:36:28 +0800] "GET /rooms/1010/ready?userId=4 HTTP/1.1" 200 60
0:0:0:0:0:0:0:1 - - [25/Apr/2017:07:36:43 +0800] "GET /rooms/1010/ready?userId=5 HTTP/1.1" 200 56
0:0:0:0:0:0:0:1 - - [25/Apr/2017:07:37:05 +0800] "GET /rooms/1010/leave?userId=7 HTTP/1.1" 200 65
0:0:0:0:0:0:0:1 - - [25/Apr/2017:07:37:05 +0800] "POST /rooms/1010 HTTP/1.1" 200 274
0:0:0:0:0:0:0:1 - - [25/Apr/2017:07:37:05 +0800] "POST /rooms/1010 HTTP/1.1" 200 274
0:0:0:0:0:0:0:1 - - [25/Apr/2017:07:37:05 +0800] "POST /rooms/1010 HTTP/1.1" 200 274
0:0:0:0:0:0:0:1 - - [25/Apr/2017:07:37:05 +0800] "POST /rooms/1010 HTTP/1.1" 200 274
0:0:0:0:0:0:0:1 - - [25/Apr/2017:07:37:05 +0800] "POST /rooms/1010 HTTP/1.1" 200 274
0:0:0:0:0:0:0:1 - - [25/Apr/2017:07:37:06 +0800] "GET /rooms/1010/players HTTP/1.1" 200 994
0:0:0:0:0:0:0:1 - - [25/Apr/2017:07:37:06 +0800] "GET /rooms/1010/unready?userId=7 HTTP/1.1" 200 62
0:0:0:0:0:0:0:1 - - [25/Apr/2017:07:37:06 +0800] "GET /rooms/1010/players HTTP/1.1" 200 994
0:0:0:0:0:0:0:1 - - [25/Apr/2017:07:37:06 +0800] "GET /rooms/1010/players HTTP/1.1" 200 994
0:0:0:0:0:0:0:1 - - [25/Apr/2017:07:37:06 +0800] "GET /rooms/1010/players HTTP/1.1" 200 994
0:0:0:0:0:0:0:1 - - [25/Apr/2017:07:37:06 +0800] "GET /rooms/1010/players HTTP/1.1" 200 994
0:0:0:0:0:0:0:1 - - [25/Apr/2017:07:37:06 +0800] "GET /rooms HTTP/1.1" 200 2357
0:0:0:0:0:0:0:1 - - [25/Apr/2017:07:37:06 +0800] "GET /wk/info HTTP/1.1" 200 78
0:0:0:0:0:0:0:1 - - [25/Apr/2017:07:37:06 +0800] "GET /wk/791/714iuf39/websocket HTTP/1.1" 101 -
0:0:0:0:0:0:0:1 - - [25/Apr/2017:07:37:07 +0800] "GET /rooms/1010/leave?userId=1 HTTP/1.1" 200 65
0:0:0:0:0:0:0:1 - - [25/Apr/2017:07:37:07 +0800] "POST /rooms/1010 HTTP/1.1" 200 274
0:0:0:0:0:0:0:1 - - [25/Apr/2017:07:37:07 +0800] "POST /rooms/1010 HTTP/1.1" 200 274
0:0:0:0:0:0:0:1 - - [25/Apr/2017:07:37:07 +0800] "POST /rooms/1010 HTTP/1.1" 200 274
0:0:0:0:0:0:0:1 - - [25/Apr/2017:07:37:07 +0800] "POST /rooms/1010 HTTP/1.1" 200 274
0:0:0:0:0:0:0:1 - - [25/Apr/2017:07:37:07 +0800] "GET /rooms/1010/players HTTP/1.1" 200 805
0:0:0:0:0:0:0:1 - - [25/Apr/2017:07:37:07 +0800] "GET /rooms/1010/unready?userId=1 HTTP/1.1" 200 62
0:0:0:0:0:0:0:1 - - [25/Apr/2017:07:37:07 +0800] "GET /rooms/1010/players HTTP/1.1" 200 805
0:0:0:0:0:0:0:1 - - [25/Apr/2017:07:37:07 +0800] "GET /rooms/1010/players HTTP/1.1" 200 805
0:0:0:0:0:0:0:1 - - [25/Apr/2017:07:37:07 +0800] "GET /rooms/1010/players HTTP/1.1" 200 805
0:0:0:0:0:0:0:1 - - [25/Apr/2017:07:37:07 +0800] "GET /rooms HTTP/1.1" 200 2357
0:0:0:0:0:0:0:1 - - [25/Apr/2017:07:37:07 +0800] "GET /wk/info HTTP/1.1" 200 77
0:0:0:0:0:0:0:1 - - [25/Apr/2017:07:37:07 +0800] "GET /wk/596/sh8p_70a/websocket HTTP/1.1" 101 -
0:0:0:0:0:0:0:1 - - [25/Apr/2017:07:37:09 +0800] "GET /rooms/1010/leave?userId=2 HTTP/1.1" 200 65
0:0:0:0:0:0:0:1 - - [25/Apr/2017:07:37:09 +0800] "POST /rooms/1010 HTTP/1.1" 200 274
0:0:0:0:0:0:0:1 - - [25/Apr/2017:07:37:09 +0800] "POST /rooms/1010 HTTP/1.1" 200 274
0:0:0:0:0:0:0:1 - - [25/Apr/2017:07:37:09 +0800] "POST /rooms/1010 HTTP/1.1" 200 274
0:0:0:0:0:0:0:1 - - [25/Apr/2017:07:37:09 +0800] "GET /rooms/1010/players HTTP/1.1" 200 619
0:0:0:0:0:0:0:1 - - [25/Apr/2017:07:37:09 +0800] "GET /rooms/1010/players HTTP/1.1" 200 619
0:0:0:0:0:0:0:1 - - [25/Apr/2017:07:37:09 +0800] "GET /rooms/1010/unready?userId=2 HTTP/1.1" 200 62
0:0:0:0:0:0:0:1 - - [25/Apr/2017:07:37:09 +0800] "GET /rooms/1010/players HTTP/1.1" 200 619
0:0:0:0:0:0:0:1 - - [25/Apr/2017:07:37:09 +0800] "GET /rooms HTTP/1.1" 200 2357
0:0:0:0:0:0:0:1 - - [25/Apr/2017:07:37:09 +0800] "GET /wk/info HTTP/1.1" 200 78
0:0:0:0:0:0:0:1 - - [25/Apr/2017:07:37:09 +0800] "GET /wk/204/44rgyfk3/websocket HTTP/1.1" 101 -
0:0:0:0:0:0:0:1 - - [25/Apr/2017:07:37:11 +0800] "GET /rooms/1010/leave?userId=6 HTTP/1.1" 200 65
0:0:0:0:0:0:0:1 - - [25/Apr/2017:07:37:11 +0800] "POST /rooms/1010 HTTP/1.1" 200 274
0:0:0:0:0:0:0:1 - - [25/Apr/2017:07:37:11 +0800] "POST /rooms/1010 HTTP/1.1" 200 274
0:0:0:0:0:0:0:1 - - [25/Apr/2017:07:37:11 +0800] "GET /rooms/1010/players HTTP/1.1" 200 433
0:0:0:0:0:0:0:1 - - [25/Apr/2017:07:37:11 +0800] "GET /rooms/1010/players HTTP/1.1" 200 433
0:0:0:0:0:0:0:1 - - [25/Apr/2017:07:37:11 +0800] "GET /rooms/1010/unready?userId=6 HTTP/1.1" 200 62
0:0:0:0:0:0:0:1 - - [25/Apr/2017:07:37:11 +0800] "GET /rooms HTTP/1.1" 200 2357
0:0:0:0:0:0:0:1 - - [25/Apr/2017:07:37:11 +0800] "GET /wk/info HTTP/1.1" 200 79
0:0:0:0:0:0:0:1 - - [25/Apr/2017:07:37:11 +0800] "GET /wk/264/244hvzg7/websocket HTTP/1.1" 101 -
0:0:0:0:0:0:0:1 - - [25/Apr/2017:07:37:12 +0800] "GET /rooms/1010/leave?userId=4 HTTP/1.1" 200 65
0:0:0:0:0:0:0:1 - - [25/Apr/2017:07:37:12 +0800] "POST /rooms/1010 HTTP/1.1" 200 274
0:0:0:0:0:0:0:1 - - [25/Apr/2017:07:37:12 +0800] "GET /rooms/1010/players HTTP/1.1" 200 246
0:0:0:0:0:0:0:1 - - [25/Apr/2017:07:37:12 +0800] "GET /rooms/1010/unready?userId=4 HTTP/1.1" 200 62
0:0:0:0:0:0:0:1 - - [25/Apr/2017:07:37:12 +0800] "GET /wk/info HTTP/1.1" 200 78
0:0:0:0:0:0:0:1 - - [25/Apr/2017:07:37:12 +0800] "GET /wk/082/lz9w344h/websocket HTTP/1.1" 101 -
0:0:0:0:0:0:0:1 - - [25/Apr/2017:07:37:13 +0800] "GET /rooms/1010/leave?userId=5 HTTP/1.1" 200 65
0:0:0:0:0:0:0:1 - - [25/Apr/2017:07:37:13 +0800] "GET /rooms/1010/unready?userId=5 HTTP/1.1" 200 62
0:0:0:0:0:0:0:1 - - [25/Apr/2017:07:37:13 +0800] "GET /wk/info HTTP/1.1" 200 79
0:0:0:0:0:0:0:1 - - [25/Apr/2017:07:37:13 +0800] "GET /wk/333/ihd1vr7k/websocket HTTP/1.1" 101 -
0:0:0:0:0:0:0:1 - - [25/Apr/2017:07:37:24 +0800] "GET /rooms/1010/join?userId=1 HTTP/1.1" 200 64
0:0:0:0:0:0:0:1 - - [25/Apr/2017:07:37:24 +0800] "GET /users/1 HTTP/1.1" 200 250
0:0:0:0:0:0:0:1 - - [25/Apr/2017:07:37:24 +0800] "POST /rooms/1010 HTTP/1.1" 200 274
0:0:0:0:0:0:0:1 - - [25/Apr/2017:07:37:24 +0800] "GET /rooms/1010/players HTTP/1.1" 200 252
0:0:0:0:0:0:0:1 - - [25/Apr/2017:07:37:24 +0800] "GET /wk/info HTTP/1.1" 200 77
0:0:0:0:0:0:0:1 - - [25/Apr/2017:07:37:24 +0800] "GET /wk/464/yz7sbnx6/websocket HTTP/1.1" 101 -
0:0:0:0:0:0:0:1 - - [25/Apr/2017:07:37:25 +0800] "GET /rooms/1010/join?userId=2 HTTP/1.1" 200 64
0:0:0:0:0:0:0:1 - - [25/Apr/2017:07:37:25 +0800] "POST /rooms/1010 HTTP/1.1" 200 274
0:0:0:0:0:0:0:1 - - [25/Apr/2017:07:37:25 +0800] "GET /rooms/1010/players HTTP/1.1" 200 439
0:0:0:0:0:0:0:1 - - [25/Apr/2017:07:37:25 +0800] "GET /users/2 HTTP/1.1" 200 247
0:0:0:0:0:0:0:1 - - [25/Apr/2017:07:37:25 +0800] "POST /rooms/1010 HTTP/1.1" 200 274
0:0:0:0:0:0:0:1 - - [25/Apr/2017:07:37:25 +0800] "GET /rooms/1010/players HTTP/1.1" 200 439
0:0:0:0:0:0:0:1 - - [25/Apr/2017:07:37:25 +0800] "GET /wk/info HTTP/1.1" 200 77
0:0:0:0:0:0:0:1 - - [25/Apr/2017:07:37:25 +0800] "GET /wk/949/hnd2z2sn/websocket HTTP/1.1" 101 -
0:0:0:0:0:0:0:1 - - [25/Apr/2017:07:37:26 +0800] "GET /rooms/1010/join?userId=7 HTTP/1.1" 200 64
0:0:0:0:0:0:0:1 - - [25/Apr/2017:07:37:26 +0800] "POST /rooms/1010 HTTP/1.1" 200 274
0:0:0:0:0:0:0:1 - - [25/Apr/2017:07:37:26 +0800] "POST /rooms/1010 HTTP/1.1" 200 274
0:0:0:0:0:0:0:1 - - [25/Apr/2017:07:37:26 +0800] "GET /rooms/1010/players HTTP/1.1" 200 625
0:0:0:0:0:0:0:1 - - [25/Apr/2017:07:37:26 +0800] "GET /rooms/1010/players HTTP/1.1" 200 625
0:0:0:0:0:0:0:1 - - [25/Apr/2017:07:37:26 +0800] "POST /rooms/1010 HTTP/1.1" 200 274
0:0:0:0:0:0:0:1 - - [25/Apr/2017:07:37:26 +0800] "GET /users/7 HTTP/1.1" 200 247
0:0:0:0:0:0:0:1 - - [25/Apr/2017:07:37:26 +0800] "GET /rooms/1010/players HTTP/1.1" 200 625
0:0:0:0:0:0:0:1 - - [25/Apr/2017:07:37:26 +0800] "GET /wk/info HTTP/1.1" 200 78
0:0:0:0:0:0:0:1 - - [25/Apr/2017:07:37:26 +0800] "GET /wk/571/f6x7awda/websocket HTTP/1.1" 101 -
0:0:0:0:0:0:0:1 - - [25/Apr/2017:07:37:28 +0800] "GET /rooms/1010/join?userId=6 HTTP/1.1" 200 64
0:0:0:0:0:0:0:1 - - [25/Apr/2017:07:37:28 +0800] "POST /rooms/1010 HTTP/1.1" 200 274
0:0:0:0:0:0:0:1 - - [25/Apr/2017:07:37:28 +0800] "POST /rooms/1010 HTTP/1.1" 200 274
0:0:0:0:0:0:0:1 - - [25/Apr/2017:07:37:28 +0800] "POST /rooms/1010 HTTP/1.1" 200 274
0:0:0:0:0:0:0:1 - - [25/Apr/2017:07:37:28 +0800] "GET /rooms/1010/players HTTP/1.1" 200 811
0:0:0:0:0:0:0:1 - - [25/Apr/2017:07:37:28 +0800] "GET /rooms/1010/players HTTP/1.1" 200 811
0:0:0:0:0:0:0:1 - - [25/Apr/2017:07:37:28 +0800] "GET /rooms/1010/players HTTP/1.1" 200 811
0:0:0:0:0:0:0:1 - - [25/Apr/2017:07:37:28 +0800] "POST /rooms/1010 HTTP/1.1" 200 274
0:0:0:0:0:0:0:1 - - [25/Apr/2017:07:37:28 +0800] "GET /users/6 HTTP/1.1" 200 247
0:0:0:0:0:0:0:1 - - [25/Apr/2017:07:37:28 +0800] "GET /rooms/1010/players HTTP/1.1" 200 811
0:0:0:0:0:0:0:1 - - [25/Apr/2017:07:37:28 +0800] "GET /wk/info HTTP/1.1" 200 77
0:0:0:0:0:0:0:1 - - [25/Apr/2017:07:37:28 +0800] "GET /wk/246/9btc2xs4/websocket HTTP/1.1" 101 -
0:0:0:0:0:0:0:1 - - [25/Apr/2017:07:37:29 +0800] "GET /rooms/1010/join?userId=4 HTTP/1.1" 200 64
0:0:0:0:0:0:0:1 - - [25/Apr/2017:07:37:29 +0800] "POST /rooms/1010 HTTP/1.1" 200 274
0:0:0:0:0:0:0:1 - - [25/Apr/2017:07:37:29 +0800] "POST /rooms/1010 HTTP/1.1" 200 274
0:0:0:0:0:0:0:1 - - [25/Apr/2017:07:37:29 +0800] "POST /rooms/1010 HTTP/1.1" 200 274
0:0:0:0:0:0:0:1 - - [25/Apr/2017:07:37:29 +0800] "POST /rooms/1010 HTTP/1.1" 200 274
0:0:0:0:0:0:0:1 - - [25/Apr/2017:07:37:29 +0800] "GET /rooms/1010/players HTTP/1.1" 200 997
0:0:0:0:0:0:0:1 - - [25/Apr/2017:07:37:29 +0800] "GET /rooms/1010/players HTTP/1.1" 200 997
0:0:0:0:0:0:0:1 - - [25/Apr/2017:07:37:29 +0800] "GET /rooms/1010/players HTTP/1.1" 200 997
0:0:0:0:0:0:0:1 - - [25/Apr/2017:07:37:29 +0800] "GET /rooms/1010/players HTTP/1.1" 200 997
0:0:0:0:0:0:0:1 - - [25/Apr/2017:07:37:29 +0800] "POST /rooms/1010 HTTP/1.1" 200 274
0:0:0:0:0:0:0:1 - - [25/Apr/2017:07:37:29 +0800] "GET /users/4 HTTP/1.1" 200 247
0:0:0:0:0:0:0:1 - - [25/Apr/2017:07:37:29 +0800] "GET /rooms/1010/players HTTP/1.1" 200 997
0:0:0:0:0:0:0:1 - - [25/Apr/2017:07:37:29 +0800] "GET /wk/info HTTP/1.1" 200 78
0:0:0:0:0:0:0:1 - - [25/Apr/2017:07:37:29 +0800] "GET /wk/880/cmasoudq/websocket HTTP/1.1" 101 -
0:0:0:0:0:0:0:1 - - [25/Apr/2017:07:37:30 +0800] "GET /rooms/1010/join?userId=5 HTTP/1.1" 200 64
0:0:0:0:0:0:0:1 - - [25/Apr/2017:07:37:30 +0800] "POST /rooms/1010 HTTP/1.1" 200 274
0:0:0:0:0:0:0:1 - - [25/Apr/2017:07:37:30 +0800] "POST /rooms/1010 HTTP/1.1" 200 274
0:0:0:0:0:0:0:1 - - [25/Apr/2017:07:37:30 +0800] "POST /rooms/1010 HTTP/1.1" 200 274
0:0:0:0:0:0:0:1 - - [25/Apr/2017:07:37:30 +0800] "POST /rooms/1010 HTTP/1.1" 200 274
0:0:0:0:0:0:0:1 - - [25/Apr/2017:07:37:30 +0800] "POST /rooms/1010 HTTP/1.1" 200 274
0:0:0:0:0:0:0:1 - - [25/Apr/2017:07:37:30 +0800] "GET /rooms/1010/players HTTP/1.1" 200 1180
0:0:0:0:0:0:0:1 - - [25/Apr/2017:07:37:30 +0800] "GET /rooms/1010/players HTTP/1.1" 200 1180
0:0:0:0:0:0:0:1 - - [25/Apr/2017:07:37:30 +0800] "GET /rooms/1010/players HTTP/1.1" 200 1180
0:0:0:0:0:0:0:1 - - [25/Apr/2017:07:37:30 +0800] "GET /rooms/1010/players HTTP/1.1" 200 1180
0:0:0:0:0:0:0:1 - - [25/Apr/2017:07:37:30 +0800] "GET /rooms/1010/players HTTP/1.1" 200 1180
0:0:0:0:0:0:0:1 - - [25/Apr/2017:07:37:30 +0800] "POST /rooms/1010 HTTP/1.1" 200 274
0:0:0:0:0:0:0:1 - - [25/Apr/2017:07:37:30 +0800] "GET /users/5 HTTP/1.1" 200 244
0:0:0:0:0:0:0:1 - - [25/Apr/2017:07:37:30 +0800] "GET /rooms/1010/players HTTP/1.1" 200 1180
0:0:0:0:0:0:0:1 - - [25/Apr/2017:07:37:30 +0800] "GET /wk/info HTTP/1.1" 200 79
0:0:0:0:0:0:0:1 - - [25/Apr/2017:07:37:30 +0800] "GET /wk/520/2bv0nlg1/websocket HTTP/1.1" 101 -
0:0:0:0:0:0:0:1 - - [25/Apr/2017:07:37:31 +0800] "GET /rooms/1010/ready?userId=1 HTTP/1.1" 200 60
0:0:0:0:0:0:0:1 - - [25/Apr/2017:07:37:33 +0800] "GET /rooms/1010/ready?userId=2 HTTP/1.1" 200 60
0:0:0:0:0:0:0:1 - - [25/Apr/2017:07:37:34 +0800] "GET /rooms/1010/ready?userId=7 HTTP/1.1" 200 60
0:0:0:0:0:0:0:1 - - [25/Apr/2017:07:37:35 +0800] "GET /rooms/1010/ready?userId=6 HTTP/1.1" 200 60
0:0:0:0:0:0:0:1 - - [25/Apr/2017:07:37:36 +0800] "GET /rooms/1010/ready?userId=4 HTTP/1.1" 200 60
0:0:0:0:0:0:0:1 - - [25/Apr/2017:07:37:44 +0800] "GET /rooms/1010/ready?userId=5 HTTP/1.1" 200 56
0:0:0:0:0:0:0:1 - - [25/Apr/2017:07:37:59 +0800] "GET /rooms/1010/leave?userId=5 HTTP/1.1" 200 65
0:0:0:0:0:0:0:1 - - [25/Apr/2017:07:37:59 +0800] "POST /rooms/1010 HTTP/1.1" 200 274
0:0:0:0:0:0:0:1 - - [25/Apr/2017:07:37:59 +0800] "POST /rooms/1010 HTTP/1.1" 200 274
0:0:0:0:0:0:0:1 - - [25/Apr/2017:07:37:59 +0800] "POST /rooms/1010 HTTP/1.1" 200 274
0:0:0:0:0:0:0:1 - - [25/Apr/2017:07:37:59 +0800] "POST /rooms/1010 HTTP/1.1" 200 274
0:0:0:0:0:0:0:1 - - [25/Apr/2017:07:37:59 +0800] "POST /rooms/1010 HTTP/1.1" 200 274
0:0:0:0:0:0:0:1 - - [25/Apr/2017:07:37:59 +0800] "GET /rooms/1010/players HTTP/1.1" 200 997
0:0:0:0:0:0:0:1 - - [25/Apr/2017:07:37:59 +0800] "GET /rooms/1010/players HTTP/1.1" 200 997
0:0:0:0:0:0:0:1 - - [25/Apr/2017:07:37:59 +0800] "GET /rooms/1010/unready?userId=5 HTTP/1.1" 200 62
0:0:0:0:0:0:0:1 - - [25/Apr/2017:07:37:59 +0800] "GET /rooms/1010/players HTTP/1.1" 200 997
0:0:0:0:0:0:0:1 - - [25/Apr/2017:07:37:59 +0800] "GET /rooms/1010/players HTTP/1.1" 200 997
0:0:0:0:0:0:0:1 - - [25/Apr/2017:07:37:59 +0800] "GET /rooms/1010/players HTTP/1.1" 200 997
0:0:0:0:0:0:0:1 - - [25/Apr/2017:07:37:59 +0800] "GET /rooms HTTP/1.1" 200 2357
0:0:0:0:0:0:0:1 - - [25/Apr/2017:07:37:59 +0800] "GET /wk/info HTTP/1.1" 200 77
0:0:0:0:0:0:0:1 - - [25/Apr/2017:07:37:59 +0800] "GET /wk/452/xg5qklww/websocket HTTP/1.1" 101 -
0:0:0:0:0:0:0:1 - - [25/Apr/2017:07:38:00 +0800] "GET /rooms/1010/leave?userId=4 HTTP/1.1" 200 65
0:0:0:0:0:0:0:1 - - [25/Apr/2017:07:38:00 +0800] "POST /rooms/1010 HTTP/1.1" 200 274
0:0:0:0:0:0:0:1 - - [25/Apr/2017:07:38:00 +0800] "POST /rooms/1010 HTTP/1.1" 200 274
0:0:0:0:0:0:0:1 - - [25/Apr/2017:07:38:00 +0800] "POST /rooms/1010 HTTP/1.1" 200 274
0:0:0:0:0:0:0:1 - - [25/Apr/2017:07:38:00 +0800] "POST /rooms/1010 HTTP/1.1" 200 274
0:0:0:0:0:0:0:1 - - [25/Apr/2017:07:38:00 +0800] "GET /rooms/1010/players HTTP/1.1" 200 811
0:0:0:0:0:0:0:1 - - [25/Apr/2017:07:38:00 +0800] "GET /rooms/1010/unready?userId=4 HTTP/1.1" 200 62
0:0:0:0:0:0:0:1 - - [25/Apr/2017:07:38:00 +0800] "GET /rooms/1010/players HTTP/1.1" 200 811
0:0:0:0:0:0:0:1 - - [25/Apr/2017:07:38:00 +0800] "GET /rooms/1010/players HTTP/1.1" 200 811
0:0:0:0:0:0:0:1 - - [25/Apr/2017:07:38:00 +0800] "GET /rooms/1010/players HTTP/1.1" 200 811
0:0:0:0:0:0:0:1 - - [25/Apr/2017:07:38:00 +0800] "GET /rooms HTTP/1.1" 200 2357
0:0:0:0:0:0:0:1 - - [25/Apr/2017:07:38:00 +0800] "GET /wk/info HTTP/1.1" 200 78
0:0:0:0:0:0:0:1 - - [25/Apr/2017:07:38:00 +0800] "GET /wk/888/3mq29xc8/websocket HTTP/1.1" 101 -
0:0:0:0:0:0:0:1 - - [25/Apr/2017:07:38:02 +0800] "GET /rooms/1010/leave?userId=6 HTTP/1.1" 200 65
0:0:0:0:0:0:0:1 - - [25/Apr/2017:07:38:02 +0800] "POST /rooms/1010 HTTP/1.1" 200 274
0:0:0:0:0:0:0:1 - - [25/Apr/2017:07:38:02 +0800] "POST /rooms/1010 HTTP/1.1" 200 274
0:0:0:0:0:0:0:1 - - [25/Apr/2017:07:38:02 +0800] "POST /rooms/1010 HTTP/1.1" 200 274
0:0:0:0:0:0:0:1 - - [25/Apr/2017:07:38:02 +0800] "GET /rooms/1010/players HTTP/1.1" 200 625
0:0:0:0:0:0:0:1 - - [25/Apr/2017:07:38:02 +0800] "GET /rooms/1010/unready?userId=6 HTTP/1.1" 200 62
0:0:0:0:0:0:0:1 - - [25/Apr/2017:07:38:02 +0800] "GET /rooms/1010/players HTTP/1.1" 200 625
0:0:0:0:0:0:0:1 - - [25/Apr/2017:07:38:02 +0800] "GET /rooms/1010/players HTTP/1.1" 200 625
0:0:0:0:0:0:0:1 - - [25/Apr/2017:07:38:02 +0800] "GET /wk/info HTTP/1.1" 200 79
0:0:0:0:0:0:0:1 - - [25/Apr/2017:07:38:02 +0800] "GET /rooms HTTP/1.1" 200 2357
0:0:0:0:0:0:0:1 - - [25/Apr/2017:07:38:02 +0800] "GET /wk/742/m1ldz20g/websocket HTTP/1.1" 101 -
0:0:0:0:0:0:0:1 - - [25/Apr/2017:07:38:03 +0800] "GET /rooms/1010/leave?userId=7 HTTP/1.1" 200 65
0:0:0:0:0:0:0:1 - - [25/Apr/2017:07:38:03 +0800] "POST /rooms/1010 HTTP/1.1" 200 274
0:0:0:0:0:0:0:1 - - [25/Apr/2017:07:38:03 +0800] "POST /rooms/1010 HTTP/1.1" 200 274
0:0:0:0:0:0:0:1 - - [25/Apr/2017:07:38:03 +0800] "GET /rooms/1010/players HTTP/1.1" 200 439
0:0:0:0:0:0:0:1 - - [25/Apr/2017:07:38:03 +0800] "GET /rooms/1010/players HTTP/1.1" 200 439
0:0:0:0:0:0:0:1 - - [25/Apr/2017:07:38:03 +0800] "GET /rooms/1010/unready?userId=7 HTTP/1.1" 200 62
0:0:0:0:0:0:0:1 - - [25/Apr/2017:07:38:03 +0800] "GET /rooms HTTP/1.1" 200 2357
0:0:0:0:0:0:0:1 - - [25/Apr/2017:07:38:03 +0800] "GET /wk/info HTTP/1.1" 200 79
0:0:0:0:0:0:0:1 - - [25/Apr/2017:07:38:03 +0800] "GET /wk/349/bswjgwlv/websocket HTTP/1.1" 101 -
0:0:0:0:0:0:0:1 - - [25/Apr/2017:07:38:05 +0800] "GET /rooms/1010/leave?userId=2 HTTP/1.1" 200 65
0:0:0:0:0:0:0:1 - - [25/Apr/2017:07:38:05 +0800] "POST /rooms/1010 HTTP/1.1" 200 274
0:0:0:0:0:0:0:1 - - [25/Apr/2017:07:38:05 +0800] "GET /rooms/1010/players HTTP/1.1" 200 252
0:0:0:0:0:0:0:1 - - [25/Apr/2017:07:38:05 +0800] "GET /rooms/1010/unready?userId=2 HTTP/1.1" 200 62
0:0:0:0:0:0:0:1 - - [25/Apr/2017:07:38:05 +0800] "GET /rooms HTTP/1.1" 200 2357
0:0:0:0:0:0:0:1 - - [25/Apr/2017:07:38:05 +0800] "GET /wk/info HTTP/1.1" 200 79
0:0:0:0:0:0:0:1 - - [25/Apr/2017:07:38:05 +0800] "GET /wk/555/vihgh4mf/websocket HTTP/1.1" 101 -
0:0:0:0:0:0:0:1 - - [25/Apr/2017:07:38:07 +0800] "GET /rooms/1010/leave?userId=1 HTTP/1.1" 200 65
0:0:0:0:0:0:0:1 - - [25/Apr/2017:07:38:07 +0800] "GET /rooms/1010/unready?userId=1 HTTP/1.1" 200 62
0:0:0:0:0:0:0:1 - - [25/Apr/2017:07:38:07 +0800] "GET /wk/info HTTP/1.1" 200 78
0:0:0:0:0:0:0:1 - - [25/Apr/2017:07:38:07 +0800] "GET /wk/627/lfr7dzr8/websocket HTTP/1.1" 101 -
0:0:0:0:0:0:0:1 - - [25/Apr/2017:07:39:25 +0800] "GET /rooms/1010/join?userId=2 HTTP/1.1" 200 64
0:0:0:0:0:0:0:1 - - [25/Apr/2017:07:39:25 +0800] "GET /users/2 HTTP/1.1" 200 247
0:0:0:0:0:0:0:1 - - [25/Apr/2017:07:39:25 +0800] "POST /rooms/1010 HTTP/1.1" 200 274
0:0:0:0:0:0:0:1 - - [25/Apr/2017:07:39:25 +0800] "GET /rooms/1010/players HTTP/1.1" 200 249
0:0:0:0:0:0:0:1 - - [25/Apr/2017:07:39:25 +0800] "GET /wk/info HTTP/1.1" 200 78
0:0:0:0:0:0:0:1 - - [25/Apr/2017:07:39:25 +0800] "GET /wk/527/flp9fgzk/websocket HTTP/1.1" 101 -
0:0:0:0:0:0:0:1 - - [25/Apr/2017:07:39:26 +0800] "GET /rooms/1010/join?userId=7 HTTP/1.1" 200 64
0:0:0:0:0:0:0:1 - - [25/Apr/2017:07:39:26 +0800] "POST /rooms/1010 HTTP/1.1" 200 274
0:0:0:0:0:0:0:1 - - [25/Apr/2017:07:39:26 +0800] "GET /rooms/1010/players HTTP/1.1" 200 436
0:0:0:0:0:0:0:1 - - [25/Apr/2017:07:39:26 +0800] "GET /users/7 HTTP/1.1" 200 247
0:0:0:0:0:0:0:1 - - [25/Apr/2017:07:39:26 +0800] "POST /rooms/1010 HTTP/1.1" 200 274
0:0:0:0:0:0:0:1 - - [25/Apr/2017:07:39:26 +0800] "GET /rooms/1010/players HTTP/1.1" 200 436
0:0:0:0:0:0:0:1 - - [25/Apr/2017:07:39:26 +0800] "GET /wk/info HTTP/1.1" 200 78
0:0:0:0:0:0:0:1 - - [25/Apr/2017:07:39:26 +0800] "GET /wk/274/xkmgxf8j/websocket HTTP/1.1" 101 -
0:0:0:0:0:0:0:1 - - [25/Apr/2017:07:39:27 +0800] "GET /rooms/1010/join?userId=6 HTTP/1.1" 200 64
0:0:0:0:0:0:0:1 - - [25/Apr/2017:07:39:27 +0800] "POST /rooms/1010 HTTP/1.1" 200 274
0:0:0:0:0:0:0:1 - - [25/Apr/2017:07:39:27 +0800] "POST /rooms/1010 HTTP/1.1" 200 274
0:0:0:0:0:0:0:1 - - [25/Apr/2017:07:39:27 +0800] "GET /rooms/1010/players HTTP/1.1" 200 622
0:0:0:0:0:0:0:1 - - [25/Apr/2017:07:39:27 +0800] "GET /rooms/1010/players HTTP/1.1" 200 622
0:0:0:0:0:0:0:1 - - [25/Apr/2017:07:39:27 +0800] "GET /users/6 HTTP/1.1" 200 247
0:0:0:0:0:0:0:1 - - [25/Apr/2017:07:39:27 +0800] "POST /rooms/1010 HTTP/1.1" 200 274
0:0:0:0:0:0:0:1 - - [25/Apr/2017:07:39:27 +0800] "GET /rooms/1010/players HTTP/1.1" 200 622
0:0:0:0:0:0:0:1 - - [25/Apr/2017:07:39:27 +0800] "GET /wk/info HTTP/1.1" 200 79
0:0:0:0:0:0:0:1 - - [25/Apr/2017:07:39:27 +0800] "GET /wk/232/fqkcblw2/websocket HTTP/1.1" 101 -
0:0:0:0:0:0:0:1 - - [25/Apr/2017:07:39:28 +0800] "GET /rooms/1010/join?userId=4 HTTP/1.1" 200 64
0:0:0:0:0:0:0:1 - - [25/Apr/2017:07:39:28 +0800] "POST /rooms/1010 HTTP/1.1" 200 274
0:0:0:0:0:0:0:1 - - [25/Apr/2017:07:39:28 +0800] "POST /rooms/1010 HTTP/1.1" 200 274
0:0:0:0:0:0:0:1 - - [25/Apr/2017:07:39:28 +0800] "POST /rooms/1010 HTTP/1.1" 200 274
0:0:0:0:0:0:0:1 - - [25/Apr/2017:07:39:28 +0800] "GET /rooms/1010/players HTTP/1.1" 200 808
0:0:0:0:0:0:0:1 - - [25/Apr/2017:07:39:28 +0800] "GET /rooms/1010/players HTTP/1.1" 200 808
0:0:0:0:0:0:0:1 - - [25/Apr/2017:07:39:28 +0800] "GET /rooms/1010/players HTTP/1.1" 200 808
0:0:0:0:0:0:0:1 - - [25/Apr/2017:07:39:28 +0800] "POST /rooms/1010 HTTP/1.1" 200 274
0:0:0:0:0:0:0:1 - - [25/Apr/2017:07:39:28 +0800] "GET /users/4 HTTP/1.1" 200 247
0:0:0:0:0:0:0:1 - - [25/Apr/2017:07:39:28 +0800] "GET /rooms/1010/players HTTP/1.1" 200 808
0:0:0:0:0:0:0:1 - - [25/Apr/2017:07:39:28 +0800] "GET /wk/info HTTP/1.1" 200 77
0:0:0:0:0:0:0:1 - - [25/Apr/2017:07:39:28 +0800] "GET /wk/804/p_uinbmq/websocket HTTP/1.1" 101 -
0:0:0:0:0:0:0:1 - - [25/Apr/2017:07:39:29 +0800] "GET /rooms/1010/join?userId=5 HTTP/1.1" 200 64
0:0:0:0:0:0:0:1 - - [25/Apr/2017:07:39:29 +0800] "POST /rooms/1010 HTTP/1.1" 200 274
0:0:0:0:0:0:0:1 - - [25/Apr/2017:07:39:29 +0800] "POST /rooms/1010 HTTP/1.1" 200 274
0:0:0:0:0:0:0:1 - - [25/Apr/2017:07:39:29 +0800] "POST /rooms/1010 HTTP/1.1" 200 274
0:0:0:0:0:0:0:1 - - [25/Apr/2017:07:39:29 +0800] "POST /rooms/1010 HTTP/1.1" 200 274
0:0:0:0:0:0:0:1 - - [25/Apr/2017:07:39:29 +0800] "GET /rooms/1010/players HTTP/1.1" 200 991
0:0:0:0:0:0:0:1 - - [25/Apr/2017:07:39:29 +0800] "GET /rooms/1010/players HTTP/1.1" 200 991
0:0:0:0:0:0:0:1 - - [25/Apr/2017:07:39:29 +0800] "GET /rooms/1010/players HTTP/1.1" 200 991
0:0:0:0:0:0:0:1 - - [25/Apr/2017:07:39:29 +0800] "GET /rooms/1010/players HTTP/1.1" 200 991
0:0:0:0:0:0:0:1 - - [25/Apr/2017:07:39:29 +0800] "POST /rooms/1010 HTTP/1.1" 200 274
0:0:0:0:0:0:0:1 - - [25/Apr/2017:07:39:29 +0800] "GET /users/5 HTTP/1.1" 200 244
0:0:0:0:0:0:0:1 - - [25/Apr/2017:07:39:29 +0800] "GET /rooms/1010/players HTTP/1.1" 200 991
0:0:0:0:0:0:0:1 - - [25/Apr/2017:07:39:30 +0800] "GET /wk/info HTTP/1.1" 200 79
0:0:0:0:0:0:0:1 - - [25/Apr/2017:07:39:30 +0800] "GET /wk/922/e8nuj_r3/websocket HTTP/1.1" 101 -
0:0:0:0:0:0:0:1 - - [25/Apr/2017:07:39:34 +0800] "GET /rooms/1010/join?userId=1 HTTP/1.1" 200 64
0:0:0:0:0:0:0:1 - - [25/Apr/2017:07:39:34 +0800] "POST /rooms/1010 HTTP/1.1" 200 274
0:0:0:0:0:0:0:1 - - [25/Apr/2017:07:39:34 +0800] "POST /rooms/1010 HTTP/1.1" 200 274
0:0:0:0:0:0:0:1 - - [25/Apr/2017:07:39:34 +0800] "POST /rooms/1010 HTTP/1.1" 200 274
0:0:0:0:0:0:0:1 - - [25/Apr/2017:07:39:34 +0800] "POST /rooms/1010 HTTP/1.1" 200 274
0:0:0:0:0:0:0:1 - - [25/Apr/2017:07:39:34 +0800] "POST /rooms/1010 HTTP/1.1" 200 274
0:0:0:0:0:0:0:1 - - [25/Apr/2017:07:39:34 +0800] "GET /rooms/1010/players HTTP/1.1" 200 1180
0:0:0:0:0:0:0:1 - - [25/Apr/2017:07:39:34 +0800] "GET /rooms/1010/players HTTP/1.1" 200 1180
0:0:0:0:0:0:0:1 - - [25/Apr/2017:07:39:34 +0800] "GET /rooms/1010/players HTTP/1.1" 200 1180
0:0:0:0:0:0:0:1 - - [25/Apr/2017:07:39:34 +0800] "GET /rooms/1010/players HTTP/1.1" 200 1180
0:0:0:0:0:0:0:1 - - [25/Apr/2017:07:39:34 +0800] "GET /rooms/1010/players HTTP/1.1" 200 1180
0:0:0:0:0:0:0:1 - - [25/Apr/2017:07:39:34 +0800] "POST /rooms/1010 HTTP/1.1" 200 274
0:0:0:0:0:0:0:1 - - [25/Apr/2017:07:39:34 +0800] "GET /users/1 HTTP/1.1" 200 250
0:0:0:0:0:0:0:1 - - [25/Apr/2017:07:39:34 +0800] "GET /rooms/1010/players HTTP/1.1" 200 1180
0:0:0:0:0:0:0:1 - - [25/Apr/2017:07:39:34 +0800] "GET /wk/info HTTP/1.1" 200 78
0:0:0:0:0:0:0:1 - - [25/Apr/2017:07:39:34 +0800] "GET /wk/526/kmso6_8f/websocket HTTP/1.1" 101 -
0:0:0:0:0:0:0:1 - - [25/Apr/2017:07:39:37 +0800] "GET /rooms/1010/ready?userId=1 HTTP/1.1" 200 60
0:0:0:0:0:0:0:1 - - [25/Apr/2017:07:39:38 +0800] "GET /rooms/1010/ready?userId=2 HTTP/1.1" 200 60
0:0:0:0:0:0:0:1 - - [25/Apr/2017:07:39:40 +0800] "GET /rooms/1010/ready?userId=7 HTTP/1.1" 200 60
0:0:0:0:0:0:0:1 - - [25/Apr/2017:07:39:41 +0800] "GET /rooms/1010/ready?userId=6 HTTP/1.1" 200 60
0:0:0:0:0:0:0:1 - - [25/Apr/2017:07:39:42 +0800] "GET /rooms/1010/ready?userId=4 HTTP/1.1" 200 60
0:0:0:0:0:0:0:1 - - [25/Apr/2017:07:39:43 +0800] "GET /rooms/1010/ready?userId=5 HTTP/1.1" 200 56
0:0:0:0:0:0:0:1 - - [25/Apr/2017:07:39:53 +0800] "GET /game/prophet?roomId=1010&locate=02 HTTP/1.1" 200 63
0:0:0:0:0:0:0:1 - - [25/Apr/2017:07:39:56 +0800] "GET /game/wolf?roomId=1010&locate=05 HTTP/1.1" 200 59
0:0:0:0:0:0:0:1 - - [25/Apr/2017:07:39:59 +0800] "GET /game/wolf?roomId=1010&locate=05 HTTP/1.1" 200 59
0:0:0:0:0:0:0:1 - - [25/Apr/2017:07:40:04 +0800] "GET /game/done?roomId=1010 HTTP/1.1" 200 58
0:0:0:0:0:0:0:1 - - [25/Apr/2017:07:40:28 +0800] "GET /rooms/1010/leave?userId=5 HTTP/1.1" 200 65
0:0:0:0:0:0:0:1 - - [25/Apr/2017:07:40:28 +0800] "POST /rooms/1010 HTTP/1.1" 200 274
0:0:0:0:0:0:0:1 - - [25/Apr/2017:07:40:28 +0800] "POST /rooms/1010 HTTP/1.1" 200 274
0:0:0:0:0:0:0:1 - - [25/Apr/2017:07:40:28 +0800] "POST /rooms/1010 HTTP/1.1" 200 274
0:0:0:0:0:0:0:1 - - [25/Apr/2017:07:40:28 +0800] "POST /rooms/1010 HTTP/1.1" 200 274
0:0:0:0:0:0:0:1 - - [25/Apr/2017:07:40:28 +0800] "POST /rooms/1010 HTTP/1.1" 200 274
0:0:0:0:0:0:0:1 - - [25/Apr/2017:07:40:28 +0800] "GET /rooms/1010/players HTTP/1.1" 200 997
0:0:0:0:0:0:0:1 - - [25/Apr/2017:07:40:28 +0800] "GET /rooms/1010/unready?userId=5 HTTP/1.1" 200 62
0:0:0:0:0:0:0:1 - - [25/Apr/2017:07:40:28 +0800] "GET /rooms/1010/players HTTP/1.1" 200 997
0:0:0:0:0:0:0:1 - - [25/Apr/2017:07:40:28 +0800] "GET /rooms/1010/players HTTP/1.1" 200 997
0:0:0:0:0:0:0:1 - - [25/Apr/2017:07:40:28 +0800] "GET /rooms/1010/players HTTP/1.1" 200 997
0:0:0:0:0:0:0:1 - - [25/Apr/2017:07:40:28 +0800] "GET /rooms/1010/players HTTP/1.1" 200 997
0:0:0:0:0:0:0:1 - - [25/Apr/2017:07:40:28 +0800] "GET /rooms HTTP/1.1" 200 2357
0:0:0:0:0:0:0:1 - - [25/Apr/2017:07:40:28 +0800] "GET /wk/info HTTP/1.1" 200 78
0:0:0:0:0:0:0:1 - - [25/Apr/2017:07:40:28 +0800] "GET /wk/639/qwol_lw5/websocket HTTP/1.1" 101 -
0:0:0:0:0:0:0:1 - - [25/Apr/2017:07:40:29 +0800] "GET /rooms/1010/leave?userId=4 HTTP/1.1" 200 65
0:0:0:0:0:0:0:1 - - [25/Apr/2017:07:40:29 +0800] "POST /rooms/1010 HTTP/1.1" 200 274
0:0:0:0:0:0:0:1 - - [25/Apr/2017:07:40:29 +0800] "POST /rooms/1010 HTTP/1.1" 200 274
0:0:0:0:0:0:0:1 - - [25/Apr/2017:07:40:29 +0800] "POST /rooms/1010 HTTP/1.1" 200 274
0:0:0:0:0:0:0:1 - - [25/Apr/2017:07:40:29 +0800] "POST /rooms/1010 HTTP/1.1" 200 274
0:0:0:0:0:0:0:1 - - [25/Apr/2017:07:40:29 +0800] "GET /rooms/1010/players HTTP/1.1" 200 811
0:0:0:0:0:0:0:1 - - [25/Apr/2017:07:40:29 +0800] "GET /rooms/1010/players HTTP/1.1" 200 811
0:0:0:0:0:0:0:1 - - [25/Apr/2017:07:40:29 +0800] "GET /rooms/1010/players HTTP/1.1" 200 811
0:0:0:0:0:0:0:1 - - [25/Apr/2017:07:40:29 +0800] "GET /rooms/1010/players HTTP/1.1" 200 811
0:0:0:0:0:0:0:1 - - [25/Apr/2017:07:40:29 +0800] "GET /wk/info HTTP/1.1" 200 79
0:0:0:0:0:0:0:1 - - [25/Apr/2017:07:40:29 +0800] "GET /wk/905/ajno1za8/websocket HTTP/1.1" 101 -
0:0:0:0:0:0:0:1 - - [25/Apr/2017:07:40:30 +0800] "GET /rooms/1010/unready?userId=4 HTTP/1.1" 200 62
0:0:0:0:0:0:0:1 - - [25/Apr/2017:07:40:31 +0800] "GET /rooms/1010/leave?userId=6 HTTP/1.1" 200 65
0:0:0:0:0:0:0:1 - - [25/Apr/2017:07:40:31 +0800] "POST /rooms/1010 HTTP/1.1" 200 274
0:0:0:0:0:0:0:1 - - [25/Apr/2017:07:40:31 +0800] "POST /rooms/1010 HTTP/1.1" 200 274
0:0:0:0:0:0:0:1 - - [25/Apr/2017:07:40:31 +0800] "POST /rooms/1010 HTTP/1.1" 200 274
0:0:0:0:0:0:0:1 - - [25/Apr/2017:07:40:31 +0800] "GET /rooms/1010/players HTTP/1.1" 200 625
0:0:0:0:0:0:0:1 - - [25/Apr/2017:07:40:31 +0800] "GET /rooms/1010/players HTTP/1.1" 200 625
0:0:0:0:0:0:0:1 - - [25/Apr/2017:07:40:31 +0800] "GET /rooms/1010/unready?userId=6 HTTP/1.1" 200 62
0:0:0:0:0:0:0:1 - - [25/Apr/2017:07:40:31 +0800] "GET /rooms/1010/players HTTP/1.1" 200 625
0:0:0:0:0:0:0:1 - - [25/Apr/2017:07:40:31 +0800] "GET /rooms HTTP/1.1" 200 2357
0:0:0:0:0:0:0:1 - - [25/Apr/2017:07:40:31 +0800] "GET /wk/info HTTP/1.1" 200 78
0:0:0:0:0:0:0:1 - - [25/Apr/2017:07:40:31 +0800] "GET /wk/023/ys3vvvz6/websocket HTTP/1.1" 101 -
0:0:0:0:0:0:0:1 - - [25/Apr/2017:07:40:33 +0800] "GET /rooms/1010/leave?userId=7 HTTP/1.1" 200 65
0:0:0:0:0:0:0:1 - - [25/Apr/2017:07:40:33 +0800] "POST /rooms/1010 HTTP/1.1" 200 274
0:0:0:0:0:0:0:1 - - [25/Apr/2017:07:40:33 +0800] "POST /rooms/1010 HTTP/1.1" 200 274
0:0:0:0:0:0:0:1 - - [25/Apr/2017:07:40:33 +0800] "GET /rooms/1010/players HTTP/1.1" 200 439
0:0:0:0:0:0:0:1 - - [25/Apr/2017:07:40:33 +0800] "GET /rooms/1010/players HTTP/1.1" 200 439
0:0:0:0:0:0:0:1 - - [25/Apr/2017:07:40:33 +0800] "GET /rooms/1010/unready?userId=7 HTTP/1.1" 200 62
0:0:0:0:0:0:0:1 - - [25/Apr/2017:07:40:33 +0800] "GET /rooms HTTP/1.1" 200 2357
0:0:0:0:0:0:0:1 - - [25/Apr/2017:07:40:33 +0800] "GET /wk/info HTTP/1.1" 200 79
0:0:0:0:0:0:0:1 - - [25/Apr/2017:07:40:33 +0800] "GET /wk/911/go7tokh6/websocket HTTP/1.1" 101 -
0:0:0:0:0:0:0:1 - - [25/Apr/2017:07:40:34 +0800] "GET /rooms/1010/leave?userId=2 HTTP/1.1" 200 65
0:0:0:0:0:0:0:1 - - [25/Apr/2017:07:40:34 +0800] "POST /rooms/1010 HTTP/1.1" 200 274
0:0:0:0:0:0:0:1 - - [25/Apr/2017:07:40:34 +0800] "GET /rooms/1010/players HTTP/1.1" 200 252
0:0:0:0:0:0:0:1 - - [25/Apr/2017:07:40:34 +0800] "GET /rooms/1010/unready?userId=2 HTTP/1.1" 200 62
0:0:0:0:0:0:0:1 - - [25/Apr/2017:07:40:34 +0800] "GET /wk/info HTTP/1.1" 200 78
0:0:0:0:0:0:0:1 - - [25/Apr/2017:07:40:34 +0800] "GET /wk/744/qlwqha4a/websocket HTTP/1.1" 101 -
0:0:0:0:0:0:0:1 - - [25/Apr/2017:07:40:36 +0800] "GET /rooms/1010/leave?userId=1 HTTP/1.1" 200 65
0:0:0:0:0:0:0:1 - - [25/Apr/2017:07:40:36 +0800] "GET /wk/info HTTP/1.1" 200 78
0:0:0:0:0:0:0:1 - - [25/Apr/2017:07:40:36 +0800] "GET /wk/053/3441qr_9/websocket HTTP/1.1" 101 -
0:0:0:0:0:0:0:1 - - [25/Apr/2017:07:40:36 +0800] "GET /rooms/1010/unready?userId=1 HTTP/1.1" 200 62
