0:0:0:0:0:0:0:1 - - [08/Apr/2017:13:04:42 +0800] "GET / HTTP/1.1" 500 373
0:0:0:0:0:0:0:1 - - [08/Apr/2017:13:07:18 +0800] "GET / HTTP/1.1" 500 373
0:0:0:0:0:0:0:1 - - [08/Apr/2017:13:08:31 +0800] "GET / HTTP/1.1" 200 1088
0:0:0:0:0:0:0:1 - - [08/Apr/2017:13:08:31 +0800] "GET /css/login.css HTTP/1.1" 304 -
0:0:0:0:0:0:0:1 - - [08/Apr/2017:13:08:31 +0800] "GET /img/login.jpg HTTP/1.1" 304 -
0:0:0:0:0:0:0:1 - - [08/Apr/2017:13:08:42 +0800] "GET /? HTTP/1.1" 200 1088
0:0:0:0:0:0:0:1 - - [08/Apr/2017:13:08:53 +0800] "GET /? HTTP/1.1" 200 1088
0:0:0:0:0:0:0:1 - - [08/Apr/2017:13:10:18 +0800] "GET / HTTP/1.1" 200 1125
0:0:0:0:0:0:0:1 - - [08/Apr/2017:13:10:18 +0800] "GET /js/login.js HTTP/1.1" 200 387
0:0:0:0:0:0:0:1 - - [08/Apr/2017:13:10:25 +0800] "GET /? HTTP/1.1" 200 1125
0:0:0:0:0:0:0:1 - - [08/Apr/2017:13:15:28 +0800] "GET / HTTP/1.1" 200 1125
0:0:0:0:0:0:0:1 - - [08/Apr/2017:13:15:28 +0800] "GET /js/login.js HTTP/1.1" 200 387
0:0:0:0:0:0:0:1 - - [08/Apr/2017:13:15:32 +0800] "GET /? HTTP/1.1" 200 1125
0:0:0:0:0:0:0:1 - - [08/Apr/2017:13:16:43 +0800] "GET / HTTP/1.1" 200 1127
0:0:0:0:0:0:0:1 - - [08/Apr/2017:13:16:44 +0800] "GET /js/login.js HTTP/1.1" 304 -
0:0:0:0:0:0:0:1 - - [08/Apr/2017:13:16:48 +0800] "GET /? HTTP/1.1" 200 1127
0:0:0:0:0:0:0:1 - - [08/Apr/2017:13:16:49 +0800] "POST /login HTTP/1.1" 200 -
0:0:0:0:0:0:0:1 - - [08/Apr/2017:13:18:04 +0800] "GET / HTTP/1.1" 200 1113
0:0:0:0:0:0:0:1 - - [08/Apr/2017:13:18:04 +0800] "GET /js/login.js HTTP/1.1" 304 -
0:0:0:0:0:0:0:1 - - [08/Apr/2017:13:18:10 +0800] "GET /? HTTP/1.1" 200 1113
0:0:0:0:0:0:0:1 - - [08/Apr/2017:13:18:10 +0800] "POST /login HTTP/1.1" 200 -
0:0:0:0:0:0:0:1 - - [08/Apr/2017:13:19:57 +0800] "POST /login HTTP/1.1" 200 -
0:0:0:0:0:0:0:1 - - [08/Apr/2017:13:19:57 +0800] "GET /? HTTP/1.1" 200 1113
0:0:0:0:0:0:0:1 - - [08/Apr/2017:13:20:07 +0800] "GET /js/login.js HTTP/1.1" 304 -
0:0:0:0:0:0:0:1 - - [08/Apr/2017:13:20:21 +0800] "POST /login HTTP/1.1" 200 -
0:0:0:0:0:0:0:1 - - [08/Apr/2017:13:20:21 +0800] "GET /? HTTP/1.1" 200 1113
0:0:0:0:0:0:0:1 - - [08/Apr/2017:13:22:47 +0800] "GET / HTTP/1.1" 200 1115
0:0:0:0:0:0:0:1 - - [08/Apr/2017:13:22:47 +0800] "GET /js/login.js HTTP/1.1" 200 385
0:0:0:0:0:0:0:1 - - [08/Apr/2017:13:22:51 +0800] "GET /? HTTP/1.1" 200 1115
0:0:0:0:0:0:0:1 - - [08/Apr/2017:13:22:51 +0800] "GET /js/login.js HTTP/1.1" 304 -
0:0:0:0:0:0:0:1 - - [08/Apr/2017:13:22:51 +0800] "POST /login HTTP/1.1" 200 -
0:0:0:0:0:0:0:1 - - [08/Apr/2017:13:23:06 +0800] "GET /? HTTP/1.1" 200 1115
0:0:0:0:0:0:0:1 - - [08/Apr/2017:13:23:06 +0800] "GET /js/login.js HTTP/1.1" 304 -
0:0:0:0:0:0:0:1 - - [08/Apr/2017:13:23:06 +0800] "POST /login HTTP/1.1" 200 619
0:0:0:0:0:0:0:1 - - [08/Apr/2017:13:23:17 +0800] "POST /login HTTP/1.1" 200 -
0:0:0:0:0:0:0:1 - - [08/Apr/2017:13:23:17 +0800] "GET /? HTTP/1.1" 200 1115
0:0:0:0:0:0:0:1 - - [08/Apr/2017:13:23:22 +0800] "GET /js/login.js HTTP/1.1" 304 -
0:0:0:0:0:0:0:1 - - [08/Apr/2017:13:23:31 +0800] "POST /login HTTP/1.1" 200 -
0:0:0:0:0:0:0:1 - - [08/Apr/2017:13:23:31 +0800] "GET /? HTTP/1.1" 200 1115
0:0:0:0:0:0:0:1 - - [08/Apr/2017:13:23:36 +0800] "GET /js/login.js HTTP/1.1" 304 -
0:0:0:0:0:0:0:1 - - [08/Apr/2017:13:23:40 +0800] "POST /login HTTP/1.1" 200 619
0:0:0:0:0:0:0:1 - - [08/Apr/2017:13:23:40 +0800] "GET /? HTTP/1.1" 200 1115
0:0:0:0:0:0:0:1 - - [08/Apr/2017:13:23:54 +0800] "GET /js/login.js HTTP/1.1" 304 -
0:0:0:0:0:0:0:1 - - [08/Apr/2017:13:30:42 +0800] "GET / HTTP/1.1" 200 1115
0:0:0:0:0:0:0:1 - - [08/Apr/2017:13:30:42 +0800] "GET /js/login.js HTTP/1.1" 304 -
0:0:0:0:0:0:0:1 - - [08/Apr/2017:13:30:44 +0800] "GET / HTTP/1.1" 200 1115
0:0:0:0:0:0:0:1 - - [08/Apr/2017:13:30:49 +0800] "GET /? HTTP/1.1" 200 1115
0:0:0:0:0:0:0:1 - - [08/Apr/2017:13:30:49 +0800] "POST /login HTTP/1.1" 200 -
0:0:0:0:0:0:0:1 - - [08/Apr/2017:13:30:56 +0800] "POST /login HTTP/1.1" 200 -
0:0:0:0:0:0:0:1 - - [08/Apr/2017:13:30:56 +0800] "GET /? HTTP/1.1" 200 1115
0:0:0:0:0:0:0:1 - - [08/Apr/2017:13:31:03 +0800] "POST /login HTTP/1.1" 200 -
0:0:0:0:0:0:0:1 - - [08/Apr/2017:13:31:03 +0800] "GET /? HTTP/1.1" 200 1115
0:0:0:0:0:0:0:1 - - [08/Apr/2017:13:31:08 +0800] "GET /? HTTP/1.1" 200 1115
0:0:0:0:0:0:0:1 - - [08/Apr/2017:13:31:08 +0800] "POST /login HTTP/1.1" 200 619
0:0:0:0:0:0:0:1 - - [08/Apr/2017:13:31:13 +0800] "POST /login HTTP/1.1" 200 619
0:0:0:0:0:0:0:1 - - [08/Apr/2017:13:31:13 +0800] "GET /? HTTP/1.1" 200 1115
0:0:0:0:0:0:0:1 - - [08/Apr/2017:13:32:55 +0800] "GET / HTTP/1.1" 200 1114
0:0:0:0:0:0:0:1 - - [08/Apr/2017:13:32:55 +0800] "GET /js/login.js HTTP/1.1" 304 -
0:0:0:0:0:0:0:1 - - [08/Apr/2017:13:33:02 +0800] "POST /login HTTP/1.1" 200 -
0:0:0:0:0:0:0:1 - - [08/Apr/2017:13:33:08 +0800] "POST /login HTTP/1.1" 200 619
0:0:0:0:0:0:0:1 - - [08/Apr/2017:13:34:58 +0800] "GET / HTTP/1.1" 200 1115
0:0:0:0:0:0:0:1 - - [08/Apr/2017:13:34:58 +0800] "GET /js/login.js HTTP/1.1" 304 -
0:0:0:0:0:0:0:1 - - [08/Apr/2017:13:35:03 +0800] "GET /? HTTP/1.1" 200 1115
0:0:0:0:0:0:0:1 - - [08/Apr/2017:13:35:03 +0800] "POST /login HTTP/1.1" 200 619
0:0:0:0:0:0:0:1 - - [08/Apr/2017:13:35:09 +0800] "POST /login HTTP/1.1" 200 619
0:0:0:0:0:0:0:1 - - [08/Apr/2017:13:35:09 +0800] "GET /? HTTP/1.1" 200 1115
0:0:0:0:0:0:0:1 - - [08/Apr/2017:13:35:53 +0800] "GET / HTTP/1.1" 200 1115
0:0:0:0:0:0:0:1 - - [08/Apr/2017:13:35:58 +0800] "GET /? HTTP/1.1" 200 1115
0:0:0:0:0:0:0:1 - - [08/Apr/2017:13:35:58 +0800] "POST /login HTTP/1.1" 200 -
0:0:0:0:0:0:0:1 - - [08/Apr/2017:13:36:01 +0800] "POST /login HTTP/1.1" 200 -
0:0:0:0:0:0:0:1 - - [08/Apr/2017:13:36:01 +0800] "GET /? HTTP/1.1" 200 1115
0:0:0:0:0:0:0:1 - - [08/Apr/2017:13:36:08 +0800] "POST /login HTTP/1.1" 200 -
0:0:0:0:0:0:0:1 - - [08/Apr/2017:13:36:08 +0800] "GET /? HTTP/1.1" 200 1115
0:0:0:0:0:0:0:1 - - [08/Apr/2017:13:36:23 +0800] "GET / HTTP/1.1" 200 1115
0:0:0:0:0:0:0:1 - - [08/Apr/2017:13:36:23 +0800] "GET /js/login.js HTTP/1.1" 200 447
0:0:0:0:0:0:0:1 - - [08/Apr/2017:13:36:23 +0800] "GET /css/login.css HTTP/1.1" 200 831
0:0:0:0:0:0:0:1 - - [08/Apr/2017:13:36:23 +0800] "GET /img/login.jpg HTTP/1.1" 200 433313
0:0:0:0:0:0:0:1 - - [08/Apr/2017:13:36:27 +0800] "POST /login HTTP/1.1" 200 -
0:0:0:0:0:0:0:1 - - [08/Apr/2017:13:36:27 +0800] "GET /? HTTP/1.1" 200 1115
0:0:0:0:0:0:0:1 - - [08/Apr/2017:13:36:30 +0800] "GET /js/login.js HTTP/1.1" 304 -
0:0:0:0:0:0:0:1 - - [08/Apr/2017:13:36:33 +0800] "POST /login HTTP/1.1" 200 -
0:0:0:0:0:0:0:1 - - [08/Apr/2017:13:36:33 +0800] "GET /? HTTP/1.1" 200 1115
0:0:0:0:0:0:0:1 - - [08/Apr/2017:13:36:36 +0800] "GET /js/login.js HTTP/1.1" 304 -
0:0:0:0:0:0:0:1 - - [08/Apr/2017:13:36:55 +0800] "GET /? HTTP/1.1" 200 1115
0:0:0:0:0:0:0:1 - - [08/Apr/2017:13:36:55 +0800] "GET /js/login.js HTTP/1.1" 304 -
0:0:0:0:0:0:0:1 - - [08/Apr/2017:13:36:55 +0800] "POST /login HTTP/1.1" 200 619
0:0:0:0:0:0:0:1 - - [08/Apr/2017:13:36:59 +0800] "POST /login HTTP/1.1" 200 619
0:0:0:0:0:0:0:1 - - [08/Apr/2017:13:36:59 +0800] "GET /? HTTP/1.1" 200 1115
0:0:0:0:0:0:0:1 - - [08/Apr/2017:13:37:05 +0800] "GET /js/login.js HTTP/1.1" 304 -
0:0:0:0:0:0:0:1 - - [08/Apr/2017:13:43:39 +0800] "GET / HTTP/1.1" 200 1048
0:0:0:0:0:0:0:1 - - [08/Apr/2017:13:43:39 +0800] "GET /js/login.js HTTP/1.1" 200 325
0:0:0:0:0:0:0:1 - - [08/Apr/2017:13:43:43 +0800] "GET /? HTTP/1.1" 200 1048
0:0:0:0:0:0:0:1 - - [08/Apr/2017:13:43:43 +0800] "GET /js/login.js HTTP/1.1" 304 -
0:0:0:0:0:0:0:1 - - [08/Apr/2017:13:43:43 +0800] "POST /login HTTP/1.1" 200 64
0:0:0:0:0:0:0:1 - - [08/Apr/2017:13:43:48 +0800] "POST /login HTTP/1.1" 200 64
0:0:0:0:0:0:0:1 - - [08/Apr/2017:13:43:48 +0800] "GET /? HTTP/1.1" 200 1048
0:0:0:0:0:0:0:1 - - [08/Apr/2017:13:43:50 +0800] "GET /js/login.js HTTP/1.1" 304 -
0:0:0:0:0:0:0:1 - - [08/Apr/2017:13:43:54 +0800] "GET /? HTTP/1.1" 200 1048
0:0:0:0:0:0:0:1 - - [08/Apr/2017:13:43:54 +0800] "GET /js/login.js HTTP/1.1" 304 -
0:0:0:0:0:0:0:1 - - [08/Apr/2017:13:43:54 +0800] "POST /login HTTP/1.1" 200 664
0:0:0:0:0:0:0:1 - - [08/Apr/2017:13:44:03 +0800] "POST /login HTTP/1.1" 200 664
0:0:0:0:0:0:0:1 - - [08/Apr/2017:13:44:03 +0800] "GET /? HTTP/1.1" 200 1048
0:0:0:0:0:0:0:1 - - [08/Apr/2017:13:44:03 +0800] "GET /js/login.js HTTP/1.1" 304 -
0:0:0:0:0:0:0:1 - - [08/Apr/2017:13:49:19 +0800] "GET / HTTP/1.1" 200 1175
0:0:0:0:0:0:0:1 - - [08/Apr/2017:13:49:19 +0800] "GET /js/login.js HTTP/1.1" 200 290
0:0:0:0:0:0:0:1 - - [08/Apr/2017:13:49:23 +0800] "GET /? HTTP/1.1" 200 1175
0:0:0:0:0:0:0:1 - - [08/Apr/2017:13:49:23 +0800] "POST /login HTTP/1.1" 200 64
0:0:0:0:0:0:0:1 - - [08/Apr/2017:13:49:26 +0800] "POST /login HTTP/1.1" 200 64
0:0:0:0:0:0:0:1 - - [08/Apr/2017:13:49:26 +0800] "GET /? HTTP/1.1" 200 1175
0:0:0:0:0:0:0:1 - - [08/Apr/2017:13:49:28 +0800] "GET /js/login.js HTTP/1.1" 304 -
0:0:0:0:0:0:0:1 - - [08/Apr/2017:13:49:35 +0800] "GET /? HTTP/1.1" 200 1175
0:0:0:0:0:0:0:1 - - [08/Apr/2017:13:49:35 +0800] "GET /js/login.js HTTP/1.1" 304 -
0:0:0:0:0:0:0:1 - - [08/Apr/2017:13:49:35 +0800] "POST /login HTTP/1.1" 200 664
0:0:0:0:0:0:0:1 - - [08/Apr/2017:13:49:40 +0800] "POST /login HTTP/1.1" 200 664
0:0:0:0:0:0:0:1 - - [08/Apr/2017:13:49:40 +0800] "GET /? HTTP/1.1" 200 1175
0:0:0:0:0:0:0:1 - - [08/Apr/2017:13:49:40 +0800] "GET /index? HTTP/1.1" 200 22251
0:0:0:0:0:0:0:1 - - [08/Apr/2017:13:49:40 +0800] "GET /css/style.css HTTP/1.1" 304 -
0:0:0:0:0:0:0:1 - - [08/Apr/2017:13:49:40 +0800] "GET /css/index.css HTTP/1.1" 304 -
0:0:0:0:0:0:0:1 - - [08/Apr/2017:13:49:40 +0800] "GET /js/index.js HTTP/1.1" 304 -
0:0:0:0:0:0:0:1 - - [08/Apr/2017:13:49:40 +0800] "GET /img/wolf.jpg HTTP/1.1" 304 -
0:0:0:0:0:0:0:1 - - [08/Apr/2017:13:49:40 +0800] "GET /img/head.jpg HTTP/1.1" 304 -
0:0:0:0:0:0:0:1 - - [08/Apr/2017:13:49:40 +0800] "GET /img/logo.png HTTP/1.1" 304 -
0:0:0:0:0:0:0:1 - - [08/Apr/2017:13:49:40 +0800] "GET /img/room_icon.jpg HTTP/1.1" 304 -
0:0:0:0:0:0:0:1 - - [08/Apr/2017:13:49:40 +0800] "GET /img//wolf.jpg HTTP/1.1" 304 -
0:0:0:0:0:0:0:1 - - [08/Apr/2017:13:49:40 +0800] "GET /img/background.jpg HTTP/1.1" 304 -
0:0:0:0:0:0:0:1 - - [08/Apr/2017:13:49:40 +0800] "GET /socketController HTTP/1.1" 101 -
0:0:0:0:0:0:0:1 - - [08/Apr/2017:13:54:04 +0800] "GET / HTTP/1.1" 200 1118
0:0:0:0:0:0:0:1 - - [08/Apr/2017:13:54:04 +0800] "GET /js/login.js HTTP/1.1" 304 -
0:0:0:0:0:0:0:1 - - [08/Apr/2017:13:54:08 +0800] "GET /index? HTTP/1.1" 200 22251
0:0:0:0:0:0:0:1 - - [08/Apr/2017:13:54:08 +0800] "GET /socketController HTTP/1.1" 101 -
0:0:0:0:0:0:0:1 - - [08/Apr/2017:13:54:08 +0800] "POST /login HTTP/1.1" 200 64
0:0:0:0:0:0:0:1 - - [08/Apr/2017:13:54:14 +0800] "GET / HTTP/1.1" 200 1118
127.0.0.1 - - [08/Apr/2017:13:57:08 +0800] "POST /login?username=curry&password=123456 HTTP/1.1" 200 664
0:0:0:0:0:0:0:1 - - [08/Apr/2017:13:58:08 +0800] "GET / HTTP/1.1" 200 1191
0:0:0:0:0:0:0:1 - - [08/Apr/2017:13:58:08 +0800] "GET /js/login.js HTTP/1.1" 200 287
0:0:0:0:0:0:0:1 - - [08/Apr/2017:13:58:08 +0800] "GET /css/login.css HTTP/1.1" 200 831
0:0:0:0:0:0:0:1 - - [08/Apr/2017:13:58:09 +0800] "GET /img/login.jpg HTTP/1.1" 200 433313
0:0:0:0:0:0:0:1 - - [08/Apr/2017:13:58:13 +0800] "GET /index? HTTP/1.1" 200 22251
0:0:0:0:0:0:0:1 - - [08/Apr/2017:13:58:13 +0800] "GET /css/style.css HTTP/1.1" 200 1207
0:0:0:0:0:0:0:1 - - [08/Apr/2017:13:58:13 +0800] "GET /css/index.css HTTP/1.1" 200 1630
0:0:0:0:0:0:0:1 - - [08/Apr/2017:13:58:13 +0800] "GET /js/index.js HTTP/1.1" 200 689
0:0:0:0:0:0:0:1 - - [08/Apr/2017:13:58:13 +0800] "GET /img//wolf.jpg HTTP/1.1" 200 11874
0:0:0:0:0:0:0:1 - - [08/Apr/2017:13:58:13 +0800] "GET /img/wolf.jpg HTTP/1.1" 200 11874
0:0:0:0:0:0:0:1 - - [08/Apr/2017:13:58:13 +0800] "GET /img/head.jpg HTTP/1.1" 200 17506
0:0:0:0:0:0:0:1 - - [08/Apr/2017:13:58:13 +0800] "GET /socketController HTTP/1.1" 101 -
0:0:0:0:0:0:0:1 - - [08/Apr/2017:13:58:13 +0800] "GET /img/logo.png HTTP/1.1" 200 5016
0:0:0:0:0:0:0:1 - - [08/Apr/2017:13:58:13 +0800] "GET /img/room_icon.jpg HTTP/1.1" 200 57849
0:0:0:0:0:0:0:1 - - [08/Apr/2017:13:58:13 +0800] "GET /img/background.jpg HTTP/1.1" 200 117097
0:0:0:0:0:0:0:1 - - [08/Apr/2017:13:58:13 +0800] "POST /login HTTP/1.1" 200 64
0:0:0:0:0:0:0:1 - - [08/Apr/2017:13:58:17 +0800] "GET / HTTP/1.1" 200 1191
0:0:0:0:0:0:0:1 - - [08/Apr/2017:13:58:17 +0800] "GET /js/login.js HTTP/1.1" 304 -
0:0:0:0:0:0:0:1 - - [08/Apr/2017:14:01:07 +0800] "GET / HTTP/1.1" 200 1175
0:0:0:0:0:0:0:1 - - [08/Apr/2017:14:01:07 +0800] "GET /js/login.js HTTP/1.1" 304 -
0:0:0:0:0:0:0:1 - - [08/Apr/2017:14:01:15 +0800] "GET /? HTTP/1.1" 200 1175
0:0:0:0:0:0:0:1 - - [08/Apr/2017:14:01:15 +0800] "POST /login HTTP/1.1" 200 64
0:0:0:0:0:0:0:1 - - [08/Apr/2017:14:01:20 +0800] "POST /login HTTP/1.1" 200 64
0:0:0:0:0:0:0:1 - - [08/Apr/2017:14:01:20 +0800] "GET /? HTTP/1.1" 200 1175
0:0:0:0:0:0:0:1 - - [08/Apr/2017:14:01:31 +0800] "GET /? HTTP/1.1" 200 1175
0:0:0:0:0:0:0:1 - - [08/Apr/2017:14:01:31 +0800] "GET /js/login.js HTTP/1.1" 304 -
0:0:0:0:0:0:0:1 - - [08/Apr/2017:14:01:31 +0800] "POST /login HTTP/1.1" 200 664
0:0:0:0:0:0:0:1 - - [08/Apr/2017:14:01:44 +0800] "POST /login HTTP/1.1" 200 664
0:0:0:0:0:0:0:1 - - [08/Apr/2017:14:01:44 +0800] "GET /? HTTP/1.1" 200 1175
0:0:0:0:0:0:0:1 - - [08/Apr/2017:14:01:49 +0800] "GET / HTTP/1.1" 200 1175
0:0:0:0:0:0:0:1 - - [08/Apr/2017:14:01:51 +0800] "POST /login HTTP/1.1" 200 64
0:0:0:0:0:0:0:1 - - [08/Apr/2017:14:01:51 +0800] "GET /? HTTP/1.1" 200 1175
0:0:0:0:0:0:0:1 - - [08/Apr/2017:14:01:53 +0800] "GET /js/login.js HTTP/1.1" 304 -
0:0:0:0:0:0:0:1 - - [08/Apr/2017:14:01:53 +0800] "GET / HTTP/1.1" 200 1175
0:0:0:0:0:0:0:1 - - [08/Apr/2017:14:01:56 +0800] "POST /login HTTP/1.1" 200 64
0:0:0:0:0:0:0:1 - - [08/Apr/2017:14:01:56 +0800] "GET /? HTTP/1.1" 200 1175
0:0:0:0:0:0:0:1 - - [08/Apr/2017:14:02:01 +0800] "GET / HTTP/1.1" 200 1175
0:0:0:0:0:0:0:1 - - [08/Apr/2017:14:02:04 +0800] "POST /login HTTP/1.1" 200 64
0:0:0:0:0:0:0:1 - - [08/Apr/2017:14:02:04 +0800] "GET /? HTTP/1.1" 200 1175
0:0:0:0:0:0:0:1 - - [08/Apr/2017:14:02:51 +0800] "GET / HTTP/1.1" 200 1174
0:0:0:0:0:0:0:1 - - [08/Apr/2017:14:02:51 +0800] "GET /js/login.js HTTP/1.1" 304 -
0:0:0:0:0:0:0:1 - - [08/Apr/2017:14:02:54 +0800] "GET /? HTTP/1.1" 200 1174
0:0:0:0:0:0:0:1 - - [08/Apr/2017:14:02:54 +0800] "POST /login HTTP/1.1" 200 64
0:0:0:0:0:0:0:1 - - [08/Apr/2017:14:02:57 +0800] "POST /login HTTP/1.1" 200 64
0:0:0:0:0:0:0:1 - - [08/Apr/2017:14:02:57 +0800] "GET /? HTTP/1.1" 200 1174
0:0:0:0:0:0:0:1 - - [08/Apr/2017:14:03:48 +0800] "GET / HTTP/1.1" 200 1177
0:0:0:0:0:0:0:1 - - [08/Apr/2017:14:03:48 +0800] "GET /js/login.js HTTP/1.1" 304 -
0:0:0:0:0:0:0:1 - - [08/Apr/2017:14:03:52 +0800] "GET /? HTTP/1.1" 200 1177
0:0:0:0:0:0:0:1 - - [08/Apr/2017:14:03:52 +0800] "POST /login HTTP/1.1" 200 64
0:0:0:0:0:0:0:1 - - [08/Apr/2017:14:03:55 +0800] "POST /login HTTP/1.1" 200 64
0:0:0:0:0:0:0:1 - - [08/Apr/2017:14:03:55 +0800] "GET /? HTTP/1.1" 200 1177
0:0:0:0:0:0:0:1 - - [08/Apr/2017:14:05:19 +0800] "GET / HTTP/1.1" 200 1187
0:0:0:0:0:0:0:1 - - [08/Apr/2017:14:05:19 +0800] "GET /js/login.js HTTP/1.1" 304 -
0:0:0:0:0:0:0:1 - - [08/Apr/2017:14:05:22 +0800] "GET /? HTTP/1.1" 200 1187
0:0:0:0:0:0:0:1 - - [08/Apr/2017:14:05:23 +0800] "POST /login HTTP/1.1" 200 64
0:0:0:0:0:0:0:1 - - [08/Apr/2017:14:05:25 +0800] "POST /login HTTP/1.1" 200 64
0:0:0:0:0:0:0:1 - - [08/Apr/2017:14:05:25 +0800] "GET /? HTTP/1.1" 200 1187
0:0:0:0:0:0:0:1 - - [08/Apr/2017:14:05:36 +0800] "GET /? HTTP/1.1" 200 1187
0:0:0:0:0:0:0:1 - - [08/Apr/2017:14:05:36 +0800] "POST /login HTTP/1.1" 200 664
0:0:0:0:0:0:0:1 - - [08/Apr/2017:14:05:55 +0800] "GET / HTTP/1.1" 200 1187
0:0:0:0:0:0:0:1 - - [08/Apr/2017:14:05:59 +0800] "POST /login HTTP/1.1" 200 64
0:0:0:0:0:0:0:1 - - [08/Apr/2017:14:05:59 +0800] "GET /? HTTP/1.1" 200 1187
0:0:0:0:0:0:0:1 - - [08/Apr/2017:14:06:08 +0800] "GET / HTTP/1.1" 200 1187
0:0:0:0:0:0:0:1 - - [08/Apr/2017:14:06:08 +0800] "GET /js/login.js HTTP/1.1" 304 -
0:0:0:0:0:0:0:1 - - [08/Apr/2017:14:06:13 +0800] "POST /login HTTP/1.1" 200 64
0:0:0:0:0:0:0:1 - - [08/Apr/2017:14:06:13 +0800] "GET /? HTTP/1.1" 200 1187
0:0:0:0:0:0:0:1 - - [08/Apr/2017:14:06:33 +0800] "GET / HTTP/1.1" 200 1187
0:0:0:0:0:0:0:1 - - [08/Apr/2017:14:06:33 +0800] "GET /css/login.css HTTP/1.1" 200 831
0:0:0:0:0:0:0:1 - - [08/Apr/2017:14:06:33 +0800] "GET /js/login.js HTTP/1.1" 200 287
0:0:0:0:0:0:0:1 - - [08/Apr/2017:14:06:33 +0800] "GET /img/login.jpg HTTP/1.1" 200 433313
0:0:0:0:0:0:0:1 - - [08/Apr/2017:14:06:35 +0800] "POST /login HTTP/1.1" 200 64
0:0:0:0:0:0:0:1 - - [08/Apr/2017:14:06:35 +0800] "GET /? HTTP/1.1" 200 1187
0:0:0:0:0:0:0:1 - - [08/Apr/2017:14:07:01 +0800] "GET / HTTP/1.1" 200 1187
0:0:0:0:0:0:0:1 - - [08/Apr/2017:14:07:05 +0800] "GET /? HTTP/1.1" 200 1187
0:0:0:0:0:0:0:1 - - [08/Apr/2017:14:07:05 +0800] "POST /login HTTP/1.1" 200 64
0:0:0:0:0:0:0:1 - - [08/Apr/2017:14:07:57 +0800] "GET /? HTTP/1.1" 200 1187
0:0:0:0:0:0:0:1 - - [08/Apr/2017:14:07:57 +0800] "POST /login HTTP/1.1" 200 664
0:0:0:0:0:0:0:1 - - [08/Apr/2017:14:07:57 +0800] "GET /js/login.js HTTP/1.1" 304 -
0:0:0:0:0:0:0:1 - - [08/Apr/2017:14:08:06 +0800] "POST /login HTTP/1.1" 200 64
0:0:0:0:0:0:0:1 - - [08/Apr/2017:14:08:06 +0800] "GET /? HTTP/1.1" 200 1187
0:0:0:0:0:0:0:1 - - [08/Apr/2017:14:08:13 +0800] "POST /login HTTP/1.1" 200 664
0:0:0:0:0:0:0:1 - - [08/Apr/2017:14:08:13 +0800] "GET /? HTTP/1.1" 200 1187
0:0:0:0:0:0:0:1 - - [08/Apr/2017:14:19:09 +0800] "GET / HTTP/1.1" 200 1150
0:0:0:0:0:0:0:1 - - [08/Apr/2017:14:19:09 +0800] "GET /js/login.js HTTP/1.1" 304 -
0:0:0:0:0:0:0:1 - - [08/Apr/2017:14:19:16 +0800] "POST /login HTTP/1.1" 200 664
0:0:0:0:0:0:0:1 - - [08/Apr/2017:14:19:16 +0800] "GET /? HTTP/1.1" 200 1150
0:0:0:0:0:0:0:1 - - [08/Apr/2017:14:19:16 +0800] "GET /js/login.js HTTP/1.1" 304 -
0:0:0:0:0:0:0:1 - - [08/Apr/2017:14:20:28 +0800] "GET / HTTP/1.1" 200 1130
0:0:0:0:0:0:0:1 - - [08/Apr/2017:14:20:28 +0800] "GET /css/login.css HTTP/1.1" 200 831
0:0:0:0:0:0:0:1 - - [08/Apr/2017:14:20:28 +0800] "GET /js/login.js HTTP/1.1" 200 377
0:0:0:0:0:0:0:1 - - [08/Apr/2017:14:20:28 +0800] "GET /img/login.jpg HTTP/1.1" 200 433313
0:0:0:0:0:0:0:1 - - [08/Apr/2017:14:20:36 +0800] "POST /login HTTP/1.1" 200 664
0:0:0:0:0:0:0:1 - - [08/Apr/2017:14:20:37 +0800] "GET /? HTTP/1.1" 200 1130
0:0:0:0:0:0:0:1 - - [08/Apr/2017:14:20:37 +0800] "GET /js/login.js HTTP/1.1" 304 -
0:0:0:0:0:0:0:1 - - [08/Apr/2017:14:20:44 +0800] "GET / HTTP/1.1" 200 1130
0:0:0:0:0:0:0:1 - - [08/Apr/2017:14:20:44 +0800] "GET /js/login.js HTTP/1.1" 304 -
0:0:0:0:0:0:0:1 - - [08/Apr/2017:14:20:44 +0800] "GET / HTTP/1.1" 200 1130
0:0:0:0:0:0:0:1 - - [08/Apr/2017:14:20:49 +0800] "POST /login HTTP/1.1" 200 664
0:0:0:0:0:0:0:1 - - [08/Apr/2017:14:20:49 +0800] "GET /? HTTP/1.1" 200 1130
0:0:0:0:0:0:0:1 - - [08/Apr/2017:14:20:49 +0800] "GET /js/login.js HTTP/1.1" 304 -
0:0:0:0:0:0:0:1 - - [08/Apr/2017:14:20:54 +0800] "POST /login HTTP/1.1" 200 664
0:0:0:0:0:0:0:1 - - [08/Apr/2017:14:20:54 +0800] "GET /? HTTP/1.1" 200 1130
0:0:0:0:0:0:0:1 - - [08/Apr/2017:14:20:54 +0800] "GET /js/login.js HTTP/1.1" 304 -
0:0:0:0:0:0:0:1 - - [08/Apr/2017:14:20:58 +0800] "POST /login HTTP/1.1" 200 664
0:0:0:0:0:0:0:1 - - [08/Apr/2017:14:20:59 +0800] "GET /? HTTP/1.1" 200 1130
0:0:0:0:0:0:0:1 - - [08/Apr/2017:14:20:59 +0800] "GET /js/login.js HTTP/1.1" 304 -
0:0:0:0:0:0:0:1 - - [08/Apr/2017:14:21:15 +0800] "POST /login HTTP/1.1" 200 664
0:0:0:0:0:0:0:1 - - [08/Apr/2017:14:21:15 +0800] "GET /? HTTP/1.1" 200 1130
0:0:0:0:0:0:0:1 - - [08/Apr/2017:14:21:16 +0800] "GET /js/login.js HTTP/1.1" 304 -
0:0:0:0:0:0:0:1 - - [08/Apr/2017:14:21:59 +0800] "GET / HTTP/1.1" 200 1130
0:0:0:0:0:0:0:1 - - [08/Apr/2017:14:21:59 +0800] "GET /js/login.js HTTP/1.1" 304 -
0:0:0:0:0:0:0:1 - - [08/Apr/2017:14:22:02 +0800] "POST /login HTTP/1.1" 200 64
0:0:0:0:0:0:0:1 - - [08/Apr/2017:14:22:05 +0800] "GET /? HTTP/1.1" 200 1130
0:0:0:0:0:0:0:1 - - [08/Apr/2017:14:22:08 +0800] "GET / HTTP/1.1" 200 1130
0:0:0:0:0:0:0:1 - - [08/Apr/2017:14:23:57 +0800] "GET / HTTP/1.1" 200 1150
0:0:0:0:0:0:0:1 - - [08/Apr/2017:14:23:57 +0800] "GET /js/login.js HTTP/1.1" 304 -
0:0:0:0:0:0:0:1 - - [08/Apr/2017:14:25:02 +0800] "GET / HTTP/1.1" 200 1150
0:0:0:0:0:0:0:1 - - [08/Apr/2017:14:25:02 +0800] "GET /js/login.js HTTP/1.1" 200 382
0:0:0:0:0:0:0:1 - - [08/Apr/2017:14:25:07 +0800] "POST /login HTTP/1.1" 200 664
0:0:0:0:0:0:0:1 - - [08/Apr/2017:14:25:07 +0800] "GET /? HTTP/1.1" 200 1150
0:0:0:0:0:0:0:1 - - [08/Apr/2017:14:25:07 +0800] "GET /js/login.js HTTP/1.1" 304 -
0:0:0:0:0:0:0:1 - - [08/Apr/2017:14:25:11 +0800] "POST /login HTTP/1.1" 200 664
0:0:0:0:0:0:0:1 - - [08/Apr/2017:14:25:11 +0800] "GET /? HTTP/1.1" 200 1150
0:0:0:0:0:0:0:1 - - [08/Apr/2017:14:25:11 +0800] "GET /js/login.js HTTP/1.1" 304 -
0:0:0:0:0:0:0:1 - - [08/Apr/2017:14:27:15 +0800] "GET / HTTP/1.1" 200 1150
0:0:0:0:0:0:0:1 - - [08/Apr/2017:14:27:15 +0800] "GET /css/login.css HTTP/1.1" 200 831
0:0:0:0:0:0:0:1 - - [08/Apr/2017:14:27:15 +0800] "GET /js/login.js HTTP/1.1" 200 385
0:0:0:0:0:0:0:1 - - [08/Apr/2017:14:27:15 +0800] "GET /img/login.jpg HTTP/1.1" 200 433313
0:0:0:0:0:0:0:1 - - [08/Apr/2017:14:27:23 +0800] "POST /login HTTP/1.1" 200 664
0:0:0:0:0:0:0:1 - - [08/Apr/2017:14:27:23 +0800] "GET /? HTTP/1.1" 200 1150
0:0:0:0:0:0:0:1 - - [08/Apr/2017:14:27:23 +0800] "GET /js/login.js HTTP/1.1" 304 -
0:0:0:0:0:0:0:1 - - [08/Apr/2017:14:27:32 +0800] "POST /login HTTP/1.1" 200 664
0:0:0:0:0:0:0:1 - - [08/Apr/2017:14:27:32 +0800] "GET /? HTTP/1.1" 200 1150
0:0:0:0:0:0:0:1 - - [08/Apr/2017:14:27:32 +0800] "GET /js/login.js HTTP/1.1" 304 -
0:0:0:0:0:0:0:1 - - [08/Apr/2017:14:28:14 +0800] "GET / HTTP/1.1" 200 1150
0:0:0:0:0:0:0:1 - - [08/Apr/2017:14:28:14 +0800] "GET /css/login.css HTTP/1.1" 200 831
0:0:0:0:0:0:0:1 - - [08/Apr/2017:14:28:14 +0800] "GET /js/login.js HTTP/1.1" 200 376
0:0:0:0:0:0:0:1 - - [08/Apr/2017:14:28:14 +0800] "GET /img/login.jpg HTTP/1.1" 200 433313
0:0:0:0:0:0:0:1 - - [08/Apr/2017:14:28:21 +0800] "POST /login HTTP/1.1" 200 64
0:0:0:0:0:0:0:1 - - [08/Apr/2017:14:28:22 +0800] "GET /? HTTP/1.1" 200 1150
0:0:0:0:0:0:0:1 - - [08/Apr/2017:14:28:22 +0800] "GET /js/login.js HTTP/1.1" 304 -
0:0:0:0:0:0:0:1 - - [08/Apr/2017:14:28:27 +0800] "GET / HTTP/1.1" 200 1150
0:0:0:0:0:0:0:1 - - [08/Apr/2017:14:28:27 +0800] "GET /js/login.js HTTP/1.1" 304 -
0:0:0:0:0:0:0:1 - - [08/Apr/2017:14:28:33 +0800] "POST /login HTTP/1.1" 200 664
0:0:0:0:0:0:0:1 - - [08/Apr/2017:14:28:33 +0800] "GET /? HTTP/1.1" 200 1150
0:0:0:0:0:0:0:1 - - [08/Apr/2017:14:28:33 +0800] "GET /js/login.js HTTP/1.1" 304 -
0:0:0:0:0:0:0:1 - - [08/Apr/2017:14:28:38 +0800] "POST /login HTTP/1.1" 200 664
0:0:0:0:0:0:0:1 - - [08/Apr/2017:14:28:38 +0800] "GET /? HTTP/1.1" 200 1150
0:0:0:0:0:0:0:1 - - [08/Apr/2017:14:28:38 +0800] "GET /js/login.js HTTP/1.1" 304 -
0:0:0:0:0:0:0:1 - - [08/Apr/2017:14:28:52 +0800] "POST /login HTTP/1.1" 200 664
0:0:0:0:0:0:0:1 - - [08/Apr/2017:14:28:52 +0800] "GET /? HTTP/1.1" 200 1150
0:0:0:0:0:0:0:1 - - [08/Apr/2017:14:28:52 +0800] "GET /js/login.js HTTP/1.1" 304 -
0:0:0:0:0:0:0:1 - - [08/Apr/2017:14:29:49 +0800] "GET / HTTP/1.1" 200 1164
0:0:0:0:0:0:0:1 - - [08/Apr/2017:14:29:49 +0800] "GET /js/login.js HTTP/1.1" 200 376
0:0:0:0:0:0:0:1 - - [08/Apr/2017:14:29:53 +0800] "POST /login HTTP/1.1" 200 664
0:0:0:0:0:0:0:1 - - [08/Apr/2017:14:29:53 +0800] "GET /? HTTP/1.1" 200 1164
0:0:0:0:0:0:0:1 - - [08/Apr/2017:14:29:55 +0800] "POST /login HTTP/1.1" 200 664
0:0:0:0:0:0:0:1 - - [08/Apr/2017:14:29:55 +0800] "GET /? HTTP/1.1" 200 1164
0:0:0:0:0:0:0:1 - - [08/Apr/2017:14:29:55 +0800] "GET /js/login.js HTTP/1.1" 304 -
94.102.49.174 - - [08/Apr/2017:14:30:28 +0800] "GET /cache/global/img/gs.gif HTTP/1.1" 404 138
0:0:0:0:0:0:0:1 - - [08/Apr/2017:14:30:43 +0800] "POST /login HTTP/1.1" 200 664
0:0:0:0:0:0:0:1 - - [08/Apr/2017:14:30:43 +0800] "GET /? HTTP/1.1" 200 1164
0:0:0:0:0:0:0:1 - - [08/Apr/2017:14:30:43 +0800] "GET /js/login.js HTTP/1.1" 304 -
0:0:0:0:0:0:0:1 - - [08/Apr/2017:14:31:00 +0800] "POST /login HTTP/1.1" 200 64
0:0:0:0:0:0:0:1 - - [08/Apr/2017:14:31:03 +0800] "GET /? HTTP/1.1" 200 1164
0:0:0:0:0:0:0:1 - - [08/Apr/2017:14:31:03 +0800] "GET /js/login.js HTTP/1.1" 304 -
0:0:0:0:0:0:0:1 - - [08/Apr/2017:14:31:14 +0800] "POST /login HTTP/1.1" 200 664
0:0:0:0:0:0:0:1 - - [08/Apr/2017:14:31:14 +0800] "GET /? HTTP/1.1" 200 1164
0:0:0:0:0:0:0:1 - - [08/Apr/2017:14:32:48 +0800] "GET / HTTP/1.1" 200 1113
0:0:0:0:0:0:0:1 - - [08/Apr/2017:14:32:48 +0800] "GET /js/login.js HTTP/1.1" 304 -
0:0:0:0:0:0:0:1 - - [08/Apr/2017:14:33:06 +0800] "POST /login HTTP/1.1" 200 664
0:0:0:0:0:0:0:1 - - [08/Apr/2017:14:33:06 +0800] "GET /index? HTTP/1.1" 200 22251
0:0:0:0:0:0:0:1 - - [08/Apr/2017:14:33:06 +0800] "GET /css/index.css HTTP/1.1" 200 1630
0:0:0:0:0:0:0:1 - - [08/Apr/2017:14:33:06 +0800] "GET /css/style.css HTTP/1.1" 200 1207
0:0:0:0:0:0:0:1 - - [08/Apr/2017:14:33:06 +0800] "GET /js/index.js HTTP/1.1" 200 689
0:0:0:0:0:0:0:1 - - [08/Apr/2017:14:33:06 +0800] "GET /img/logo.png HTTP/1.1" 200 5016
0:0:0:0:0:0:0:1 - - [08/Apr/2017:14:33:06 +0800] "GET /img//wolf.jpg HTTP/1.1" 200 11874
0:0:0:0:0:0:0:1 - - [08/Apr/2017:14:33:06 +0800] "GET /img/room_icon.jpg HTTP/1.1" 200 57849
0:0:0:0:0:0:0:1 - - [08/Apr/2017:14:33:06 +0800] "GET /img/head.jpg HTTP/1.1" 200 17506
0:0:0:0:0:0:0:1 - - [08/Apr/2017:14:33:07 +0800] "GET /img/wolf.jpg HTTP/1.1" 200 11874
0:0:0:0:0:0:0:1 - - [08/Apr/2017:14:33:07 +0800] "GET /img/background.jpg HTTP/1.1" 200 117097
0:0:0:0:0:0:0:1 - - [08/Apr/2017:14:33:07 +0800] "GET /socketController HTTP/1.1" 101 -
0:0:0:0:0:0:0:1 - - [08/Apr/2017:14:33:17 +0800] "GET / HTTP/1.1" 200 1113
0:0:0:0:0:0:0:1 - - [08/Apr/2017:14:33:17 +0800] "GET /js/login.js HTTP/1.1" 304 -
0:0:0:0:0:0:0:1 - - [08/Apr/2017:14:33:20 +0800] "POST /login HTTP/1.1" 200 64
0:0:0:0:0:0:0:1 - - [08/Apr/2017:14:33:24 +0800] "GET /index? HTTP/1.1" 200 22251
0:0:0:0:0:0:0:1 - - [08/Apr/2017:14:33:24 +0800] "GET /socketController HTTP/1.1" 101 -
0:0:0:0:0:0:0:1 - - [08/Apr/2017:14:34:23 +0800] "GET / HTTP/1.1" 200 1119
0:0:0:0:0:0:0:1 - - [08/Apr/2017:14:34:23 +0800] "GET /js/login.js HTTP/1.1" 304 -
0:0:0:0:0:0:0:1 - - [08/Apr/2017:14:37:13 +0800] "GET / HTTP/1.1" 200 1119
0:0:0:0:0:0:0:1 - - [08/Apr/2017:14:37:13 +0800] "GET /js/login.js HTTP/1.1" 304 -
0:0:0:0:0:0:0:1 - - [08/Apr/2017:14:41:08 +0800] "GET / HTTP/1.1" 200 1134
0:0:0:0:0:0:0:1 - - [08/Apr/2017:14:41:08 +0800] "GET /js/login.js HTTP/1.1" 304 -
0:0:0:0:0:0:0:1 - - [08/Apr/2017:14:42:00 +0800] "GET / HTTP/1.1" 200 1134
0:0:0:0:0:0:0:1 - - [08/Apr/2017:14:42:00 +0800] "GET /css/login.css HTTP/1.1" 200 863
0:0:0:0:0:0:0:1 - - [08/Apr/2017:14:42:00 +0800] "GET /js/login.js HTTP/1.1" 200 376
0:0:0:0:0:0:0:1 - - [08/Apr/2017:14:42:01 +0800] "GET /img/login.jpg HTTP/1.1" 200 433313
0:0:0:0:0:0:0:1 - - [08/Apr/2017:14:42:06 +0800] "GET /css/login.css HTTP/1.1" 304 -
0:0:0:0:0:0:0:1 - - [08/Apr/2017:14:47:03 +0800] "GET / HTTP/1.1" 500 372
0:0:0:0:0:0:0:1 - - [08/Apr/2017:14:47:28 +0800] "GET / HTTP/1.1" 200 1179
0:0:0:0:0:0:0:1 - - [08/Apr/2017:14:47:28 +0800] "GET /css/login.css HTTP/1.1" 200 863
0:0:0:0:0:0:0:1 - - [08/Apr/2017:14:47:28 +0800] "GET /js/login.js HTTP/1.1" 200 376
0:0:0:0:0:0:0:1 - - [08/Apr/2017:14:47:28 +0800] "GET /img/login.jpg HTTP/1.1" 200 433313
0:0:0:0:0:0:0:1 - - [08/Apr/2017:14:47:31 +0800] "POST /login HTTP/1.1" 200 64
0:0:0:0:0:0:0:1 - - [08/Apr/2017:14:47:32 +0800] "GET /index? HTTP/1.1" 200 22251
0:0:0:0:0:0:0:1 - - [08/Apr/2017:14:47:32 +0800] "GET /css/index.css HTTP/1.1" 200 1630
0:0:0:0:0:0:0:1 - - [08/Apr/2017:14:47:32 +0800] "GET /css/style.css HTTP/1.1" 200 1207
0:0:0:0:0:0:0:1 - - [08/Apr/2017:14:47:32 +0800] "GET /js/index.js HTTP/1.1" 200 689
0:0:0:0:0:0:0:1 - - [08/Apr/2017:14:47:32 +0800] "GET /img//wolf.jpg HTTP/1.1" 200 11874
0:0:0:0:0:0:0:1 - - [08/Apr/2017:14:47:32 +0800] "GET /img/logo.png HTTP/1.1" 200 5016
0:0:0:0:0:0:0:1 - - [08/Apr/2017:14:47:32 +0800] "GET /img/wolf.jpg HTTP/1.1" 200 11874
0:0:0:0:0:0:0:1 - - [08/Apr/2017:14:47:32 +0800] "GET /img/room_icon.jpg HTTP/1.1" 200 57849
0:0:0:0:0:0:0:1 - - [08/Apr/2017:14:47:32 +0800] "GET /img/head.jpg HTTP/1.1" 200 17506
0:0:0:0:0:0:0:1 - - [08/Apr/2017:14:47:32 +0800] "GET /img/background.jpg HTTP/1.1" 200 117097
0:0:0:0:0:0:0:1 - - [08/Apr/2017:14:47:32 +0800] "GET /socketController HTTP/1.1" 101 -
0:0:0:0:0:0:0:1 - - [08/Apr/2017:14:48:20 +0800] "GET / HTTP/1.1" 200 1173
0:0:0:0:0:0:0:1 - - [08/Apr/2017:14:48:20 +0800] "GET /js/login.js HTTP/1.1" 304 -
0:0:0:0:0:0:0:1 - - [08/Apr/2017:14:48:20 +0800] "GET /css/login.css HTTP/1.1" 304 -
0:0:0:0:0:0:0:1 - - [08/Apr/2017:14:48:27 +0800] "POST /login HTTP/1.1" 200 64
0:0:0:0:0:0:0:1 - - [08/Apr/2017:14:48:28 +0800] "GET /? HTTP/1.1" 200 1173
0:0:0:0:0:0:0:1 - - [08/Apr/2017:14:48:34 +0800] "POST /login HTTP/1.1" 200 664
0:0:0:0:0:0:0:1 - - [08/Apr/2017:14:48:34 +0800] "GET /? HTTP/1.1" 200 1173
0:0:0:0:0:0:0:1 - - [08/Apr/2017:14:48:34 +0800] "GET /js/login.js HTTP/1.1" 304 -
0:0:0:0:0:0:0:1 - - [08/Apr/2017:14:48:38 +0800] "POST /login HTTP/1.1" 200 664
0:0:0:0:0:0:0:1 - - [08/Apr/2017:14:48:38 +0800] "GET /? HTTP/1.1" 200 1173
0:0:0:0:0:0:0:1 - - [08/Apr/2017:14:48:42 +0800] "POST /login HTTP/1.1" 200 664
0:0:0:0:0:0:0:1 - - [08/Apr/2017:14:48:42 +0800] "GET /? HTTP/1.1" 200 1173
0:0:0:0:0:0:0:1 - - [08/Apr/2017:14:48:44 +0800] "GET /index? HTTP/1.1" 200 22251
0:0:0:0:0:0:0:1 - - [08/Apr/2017:14:48:44 +0800] "GET /socketController HTTP/1.1" 101 -
0:0:0:0:0:0:0:1 - - [08/Apr/2017:14:51:52 +0800] "GET / HTTP/1.1" 200 1172
0:0:0:0:0:0:0:1 - - [08/Apr/2017:14:51:52 +0800] "GET /css/login.css HTTP/1.1" 304 -
0:0:0:0:0:0:0:1 - - [08/Apr/2017:14:51:52 +0800] "GET /js/login.js HTTP/1.1" 304 -
0:0:0:0:0:0:0:1 - - [08/Apr/2017:14:52:03 +0800] "POST /login HTTP/1.1" 200 664
0:0:0:0:0:0:0:1 - - [08/Apr/2017:14:52:03 +0800] "GET /? HTTP/1.1" 200 1172
0:0:0:0:0:0:0:1 - - [08/Apr/2017:14:52:09 +0800] "POST /login HTTP/1.1" 200 664
0:0:0:0:0:0:0:1 - - [08/Apr/2017:14:52:09 +0800] "GET /? HTTP/1.1" 200 1172
0:0:0:0:0:0:0:1 - - [08/Apr/2017:14:52:14 +0800] "POST /login HTTP/1.1" 200 64
0:0:0:0:0:0:0:1 - - [08/Apr/2017:14:52:15 +0800] "GET /? HTTP/1.1" 200 1172
0:0:0:0:0:0:0:1 - - [08/Apr/2017:14:52:19 +0800] "POST /login HTTP/1.1" 200 664
0:0:0:0:0:0:0:1 - - [08/Apr/2017:14:52:19 +0800] "GET /? HTTP/1.1" 200 1172
