0:0:0:0:0:0:0:1 - - [13/Apr/2017:00:00:09 +0800] "GET / HTTP/1.1" 200 3132
0:0:0:0:0:0:0:1 - - [13/Apr/2017:00:00:09 +0800] "GET /img/progress.gif HTTP/1.1" 404 131
0:0:0:0:0:0:0:1 - - [13/Apr/2017:00:00:20 +0800] "POST /login HTTP/1.1" 200 574
0:0:0:0:0:0:0:1 - - [13/Apr/2017:00:00:20 +0800] "GET /index? HTTP/1.1" 200 9764
0:0:0:0:0:0:0:1 - - [13/Apr/2017:00:00:20 +0800] "GET /css/index.css HTTP/1.1" 200 1846
0:0:0:0:0:0:0:1 - - [13/Apr/2017:00:00:20 +0800] "GET /js/lib/sockjs.min.js HTTP/1.1" 200 33887
0:0:0:0:0:0:0:1 - - [13/Apr/2017:00:00:20 +0800] "GET /js/lib/stomp.min.js HTTP/1.1" 200 7850
0:0:0:0:0:0:0:1 - - [13/Apr/2017:00:00:20 +0800] "GET /js/lib/jquery-3.2.0.js HTTP/1.1" 200 267686
0:0:0:0:0:0:0:1 - - [13/Apr/2017:00:00:20 +0800] "GET /js/common.js HTTP/1.1" 200 278
0:0:0:0:0:0:0:1 - - [13/Apr/2017:00:00:20 +0800] "GET /js/socket.js HTTP/1.1" 200 2289
0:0:0:0:0:0:0:1 - - [13/Apr/2017:00:00:20 +0800] "GET /img//wolf.jpg HTTP/1.1" 200 11874
0:0:0:0:0:0:0:1 - - [13/Apr/2017:00:00:20 +0800] "GET /img/villager.jpg HTTP/1.1" 200 12731
0:0:0:0:0:0:0:1 - - [13/Apr/2017:00:00:20 +0800] "GET /js/index.js HTTP/1.1" 200 5539
0:0:0:0:0:0:0:1 - - [13/Apr/2017:00:00:20 +0800] "GET /img/logo.png HTTP/1.1" 200 5016
0:0:0:0:0:0:0:1 - - [13/Apr/2017:00:00:20 +0800] "GET /img/head.jpg HTTP/1.1" 200 17506
0:0:0:0:0:0:0:1 - - [13/Apr/2017:00:00:20 +0800] "GET /img/prophet.jpg HTTP/1.1" 200 97574
0:0:0:0:0:0:0:1 - - [13/Apr/2017:00:00:20 +0800] "GET /img/guard.jpg HTTP/1.1" 200 17003
0:0:0:0:0:0:0:1 - - [13/Apr/2017:00:00:20 +0800] "GET /img/hunter.jpg HTTP/1.1" 200 21317
0:0:0:0:0:0:0:1 - - [13/Apr/2017:00:00:20 +0800] "GET /img/wolf.jpg HTTP/1.1" 200 11874
0:0:0:0:0:0:0:1 - - [13/Apr/2017:00:00:20 +0800] "GET /img/idiot.jpg HTTP/1.1" 200 53295
0:0:0:0:0:0:0:1 - - [13/Apr/2017:00:00:20 +0800] "GET /img/wolfKing.jpg HTTP/1.1" 200 13032
0:0:0:0:0:0:0:1 - - [13/Apr/2017:00:00:20 +0800] "GET /img/witch.jpg HTTP/1.1" 200 140397
0:0:0:0:0:0:0:1 - - [13/Apr/2017:00:00:20 +0800] "GET /img/background.jpg HTTP/1.1" 200 117097
0:0:0:0:0:0:0:1 - - [13/Apr/2017:00:00:20 +0800] "GET /getUser HTTP/1.1" 200 577
0:0:0:0:0:0:0:1 - - [13/Apr/2017:00:00:20 +0800] "GET /wk/info HTTP/1.1" 200 78
0:0:0:0:0:0:0:1 - - [13/Apr/2017:00:00:20 +0800] "GET /rooms HTTP/1.1" 200 2151
0:0:0:0:0:0:0:1 - - [13/Apr/2017:00:00:20 +0800] "GET /img/game.jpg HTTP/1.1" 200 17363
0:0:0:0:0:0:0:1 - - [13/Apr/2017:00:00:20 +0800] "GET /img/standard.png HTTP/1.1" 200 24637
0:0:0:0:0:0:0:1 - - [13/Apr/2017:00:00:20 +0800] "GET /img/enter.jpg HTTP/1.1" 200 78316
0:0:0:0:0:0:0:1 - - [13/Apr/2017:00:00:20 +0800] "GET /wk/690/zknuejmi/websocket HTTP/1.1" 101 -
0:0:0:0:0:0:0:1 - - [13/Apr/2017:00:00:24 +0800] "GET /rooms/1010/join?userId=6 HTTP/1.1" 200 64
0:0:0:0:0:0:0:1 - - [13/Apr/2017:00:00:24 +0800] "GET /rooms/1010 HTTP/1.1" 200 6463
0:0:0:0:0:0:0:1 - - [13/Apr/2017:00:00:24 +0800] "GET /css/room.css HTTP/1.1" 200 2848
0:0:0:0:0:0:0:1 - - [13/Apr/2017:00:00:24 +0800] "GET /js/room.js HTTP/1.1" 200 1614
0:0:0:0:0:0:0:1 - - [13/Apr/2017:00:00:24 +0800] "GET /js/chat.js HTTP/1.1" 200 1995
0:0:0:0:0:0:0:1 - - [13/Apr/2017:00:00:25 +0800] "GET /css/styles_chat.css HTTP/1.1" 200 1808
0:0:0:0:0:0:0:1 - - [13/Apr/2017:00:00:25 +0800] "GET /js/lib/jquery-3.2.0.min.js HTTP/1.1" 200 86596
0:0:0:0:0:0:0:1 - - [13/Apr/2017:00:00:25 +0800] "GET /css/global_chat.css HTTP/1.1" 200 3611
0:0:0:0:0:0:0:1 - - [13/Apr/2017:00:00:25 +0800] "GET /getUser HTTP/1.1" 200 577
0:0:0:0:0:0:0:1 - - [13/Apr/2017:00:00:25 +0800] "POST /rooms/1010 HTTP/1.1" 200 275
0:0:0:0:0:0:0:1 - - [13/Apr/2017:00:00:25 +0800] "GET /img/curry.jpg HTTP/1.1" 200 103170
0:0:0:0:0:0:0:1 - - [13/Apr/2017:00:00:25 +0800] "GET /rooms/1010/players HTTP/1.1" 200 2660
0:0:0:0:0:0:0:1 - - [13/Apr/2017:00:00:25 +0800] "GET /wk/info HTTP/1.1" 200 77
0:0:0:0:0:0:0:1 - - [13/Apr/2017:00:00:25 +0800] "GET /img/Koby.jpg HTTP/1.1" 200 52730
0:0:0:0:0:0:0:1 - - [13/Apr/2017:00:00:25 +0800] "GET /img/Wind.jpg HTTP/1.1" 200 27327
0:0:0:0:0:0:0:1 - - [13/Apr/2017:00:00:25 +0800] "GET /img/Alice.jpg HTTP/1.1" 200 97583
0:0:0:0:0:0:0:1 - - [13/Apr/2017:00:00:25 +0800] "GET /img/Kiki.jpg HTTP/1.1" 200 29199
0:0:0:0:0:0:0:1 - - [13/Apr/2017:00:00:25 +0800] "GET /wk/727/f9emv5qs/websocket HTTP/1.1" 101 -
0:0:0:0:0:0:0:1 - - [13/Apr/2017:00:00:35 +0800] "GET / HTTP/1.1" 200 3132
0:0:0:0:0:0:0:1 - - [13/Apr/2017:00:00:35 +0800] "GET /img/progress.gif HTTP/1.1" 404 131
0:0:0:0:0:0:0:1 - - [13/Apr/2017:00:00:41 +0800] "POST /login HTTP/1.1" 200 574
0:0:0:0:0:0:0:1 - - [13/Apr/2017:00:00:41 +0800] "GET /index? HTTP/1.1" 200 9764
0:0:0:0:0:0:0:1 - - [13/Apr/2017:00:00:41 +0800] "GET /js/socket.js HTTP/1.1" 304 -
0:0:0:0:0:0:0:1 - - [13/Apr/2017:00:00:41 +0800] "GET /wk/info HTTP/1.1" 200 78
0:0:0:0:0:0:0:1 - - [13/Apr/2017:00:00:41 +0800] "GET /getUser HTTP/1.1" 200 577
0:0:0:0:0:0:0:1 - - [13/Apr/2017:00:00:41 +0800] "GET /rooms HTTP/1.1" 200 2151
0:0:0:0:0:0:0:1 - - [13/Apr/2017:00:00:41 +0800] "GET /wk/742/hxx10rzv/websocket HTTP/1.1" 101 -
0:0:0:0:0:0:0:1 - - [13/Apr/2017:00:00:42 +0800] "GET /rooms/1010/join?userId=7 HTTP/1.1" 200 64
0:0:0:0:0:0:0:1 - - [13/Apr/2017:00:00:42 +0800] "GET /rooms/1010 HTTP/1.1" 200 6463
0:0:0:0:0:0:0:1 - - [13/Apr/2017:00:00:42 +0800] "GET /rooms/1010/players HTTP/1.1" 200 3178
0:0:0:0:0:0:0:1 - - [13/Apr/2017:00:00:42 +0800] "GET /getUser HTTP/1.1" 200 577
0:0:0:0:0:0:0:1 - - [13/Apr/2017:00:00:42 +0800] "POST /rooms/1010 HTTP/1.1" 200 275
0:0:0:0:0:0:0:1 - - [13/Apr/2017:00:00:42 +0800] "GET /img/Tony.jpg HTTP/1.1" 200 26744
0:0:0:0:0:0:0:1 - - [13/Apr/2017:00:00:42 +0800] "GET /rooms/1010/players HTTP/1.1" 200 3178
0:0:0:0:0:0:0:1 - - [13/Apr/2017:00:00:42 +0800] "GET /wk/info HTTP/1.1" 200 78
0:0:0:0:0:0:0:1 - - [13/Apr/2017:00:00:42 +0800] "GET /wk/826/qxx9_t13/websocket HTTP/1.1" 101 -
0:0:0:0:0:0:0:1 - - [13/Apr/2017:00:01:55 +0800] "GET /rooms/1010/leave?userId=7 HTTP/1.1" 200 65
0:0:0:0:0:0:0:1 - - [13/Apr/2017:00:01:55 +0800] "GET /rooms/1010/players HTTP/1.1" 200 2660
0:0:0:0:0:0:0:1 - - [13/Apr/2017:00:01:58 +0800] "GET /rooms/1010/leave?userId=6 HTTP/1.1" 200 65
0:0:0:0:0:0:0:1 - - [13/Apr/2017:00:02:47 +0800] "GET / HTTP/1.1" 200 3132
0:0:0:0:0:0:0:1 - - [13/Apr/2017:00:02:47 +0800] "GET /img/progress.gif HTTP/1.1" 404 131
0:0:0:0:0:0:0:1 - - [13/Apr/2017:00:02:55 +0800] "POST /login HTTP/1.1" 200 574
0:0:0:0:0:0:0:1 - - [13/Apr/2017:00:02:55 +0800] "GET /index? HTTP/1.1" 200 9764
0:0:0:0:0:0:0:1 - - [13/Apr/2017:00:02:55 +0800] "GET /js/socket.js HTTP/1.1" 304 -
0:0:0:0:0:0:0:1 - - [13/Apr/2017:00:02:56 +0800] "GET /getUser HTTP/1.1" 200 577
0:0:0:0:0:0:0:1 - - [13/Apr/2017:00:02:56 +0800] "GET /rooms HTTP/1.1" 200 2151
0:0:0:0:0:0:0:1 - - [13/Apr/2017:00:02:56 +0800] "GET /wk/info HTTP/1.1" 200 78
0:0:0:0:0:0:0:1 - - [13/Apr/2017:00:02:56 +0800] "GET /wk/017/9tgtsyxw/websocket HTTP/1.1" 101 -
0:0:0:0:0:0:0:1 - - [13/Apr/2017:00:02:58 +0800] "GET /rooms/1010/join?userId=6 HTTP/1.1" 200 64
0:0:0:0:0:0:0:1 - - [13/Apr/2017:00:02:58 +0800] "GET /rooms/1010 HTTP/1.1" 200 6484
0:0:0:0:0:0:0:1 - - [13/Apr/2017:00:02:58 +0800] "GET /css/styles_chat.css HTTP/1.1" 304 -
0:0:0:0:0:0:0:1 - - [13/Apr/2017:00:02:58 +0800] "GET /js/chat.js HTTP/1.1" 304 -
0:0:0:0:0:0:0:1 - - [13/Apr/2017:00:02:58 +0800] "GET /js/room.js HTTP/1.1" 304 -
0:0:0:0:0:0:0:1 - - [13/Apr/2017:00:02:58 +0800] "GET /getUser HTTP/1.1" 200 577
0:0:0:0:0:0:0:1 - - [13/Apr/2017:00:02:58 +0800] "POST /rooms/1010 HTTP/1.1" 200 275
0:0:0:0:0:0:0:1 - - [13/Apr/2017:00:02:58 +0800] "GET /rooms/1010/players HTTP/1.1" 200 2660
0:0:0:0:0:0:0:1 - - [13/Apr/2017:00:02:58 +0800] "GET /wk/info HTTP/1.1" 200 77
0:0:0:0:0:0:0:1 - - [13/Apr/2017:00:02:58 +0800] "GET /wk/297/5y0243z6/websocket HTTP/1.1" 101 -
0:0:0:0:0:0:0:1 - - [13/Apr/2017:00:03:03 +0800] "GET / HTTP/1.1" 200 3132
0:0:0:0:0:0:0:1 - - [13/Apr/2017:00:03:03 +0800] "GET /img/progress.gif HTTP/1.1" 404 131
0:0:0:0:0:0:0:1 - - [13/Apr/2017:00:03:11 +0800] "POST /login HTTP/1.1" 200 574
0:0:0:0:0:0:0:1 - - [13/Apr/2017:00:03:11 +0800] "GET /index? HTTP/1.1" 200 9764
0:0:0:0:0:0:0:1 - - [13/Apr/2017:00:03:11 +0800] "GET /getUser HTTP/1.1" 200 577
0:0:0:0:0:0:0:1 - - [13/Apr/2017:00:03:11 +0800] "GET /rooms HTTP/1.1" 200 2151
0:0:0:0:0:0:0:1 - - [13/Apr/2017:00:03:11 +0800] "GET /wk/info HTTP/1.1" 200 77
0:0:0:0:0:0:0:1 - - [13/Apr/2017:00:03:11 +0800] "GET /wk/600/ovxw_c8i/websocket HTTP/1.1" 101 -
0:0:0:0:0:0:0:1 - - [13/Apr/2017:00:03:12 +0800] "GET /rooms/1010/join?userId=7 HTTP/1.1" 200 64
0:0:0:0:0:0:0:1 - - [13/Apr/2017:00:03:12 +0800] "GET /rooms/1010 HTTP/1.1" 200 6484
0:0:0:0:0:0:0:1 - - [13/Apr/2017:00:03:12 +0800] "GET /rooms/1010/players HTTP/1.1" 200 3178
0:0:0:0:0:0:0:1 - - [13/Apr/2017:00:03:12 +0800] "GET /getUser HTTP/1.1" 200 577
0:0:0:0:0:0:0:1 - - [13/Apr/2017:00:03:12 +0800] "POST /rooms/1010 HTTP/1.1" 200 275
0:0:0:0:0:0:0:1 - - [13/Apr/2017:00:03:12 +0800] "GET /rooms/1010/players HTTP/1.1" 200 3178
0:0:0:0:0:0:0:1 - - [13/Apr/2017:00:03:12 +0800] "GET /wk/info HTTP/1.1" 200 79
0:0:0:0:0:0:0:1 - - [13/Apr/2017:00:03:12 +0800] "GET /wk/803/eadugzy0/websocket HTTP/1.1" 101 -
0:0:0:0:0:0:0:1 - - [13/Apr/2017:00:05:36 +0800] "GET /rooms/1010/leave?userId=7 HTTP/1.1" 200 65
0:0:0:0:0:0:0:1 - - [13/Apr/2017:00:05:36 +0800] "GET /rooms/1010/players HTTP/1.1" 200 2660
0:0:0:0:0:0:0:1 - - [13/Apr/2017:00:05:38 +0800] "GET /rooms/1010/leave?userId=6 HTTP/1.1" 200 65
0:0:0:0:0:0:0:1 - - [13/Apr/2017:00:05:41 +0800] "GET / HTTP/1.1" 200 3132
0:0:0:0:0:0:0:1 - - [13/Apr/2017:00:05:41 +0800] "GET /img/progress.gif HTTP/1.1" 404 131
0:0:0:0:0:0:0:1 - - [13/Apr/2017:00:05:45 +0800] "POST /login HTTP/1.1" 200 574
0:0:0:0:0:0:0:1 - - [13/Apr/2017:00:05:45 +0800] "GET /index? HTTP/1.1" 200 9764
0:0:0:0:0:0:0:1 - - [13/Apr/2017:00:05:45 +0800] "GET /js/socket.js HTTP/1.1" 200 2295
0:0:0:0:0:0:0:1 - - [13/Apr/2017:00:05:45 +0800] "GET /getUser HTTP/1.1" 200 577
0:0:0:0:0:0:0:1 - - [13/Apr/2017:00:05:45 +0800] "GET /wk/info HTTP/1.1" 200 79
0:0:0:0:0:0:0:1 - - [13/Apr/2017:00:05:45 +0800] "GET /rooms HTTP/1.1" 200 2151
0:0:0:0:0:0:0:1 - - [13/Apr/2017:00:05:45 +0800] "GET /wk/295/pjs0qzjx/websocket HTTP/1.1" 101 -
0:0:0:0:0:0:0:1 - - [13/Apr/2017:00:05:46 +0800] "GET /rooms/1010/join?userId=6 HTTP/1.1" 200 64
0:0:0:0:0:0:0:1 - - [13/Apr/2017:00:05:46 +0800] "GET /rooms/1010 HTTP/1.1" 200 6463
0:0:0:0:0:0:0:1 - - [13/Apr/2017:00:05:46 +0800] "GET /css/styles_chat.css HTTP/1.1" 304 -
0:0:0:0:0:0:0:1 - - [13/Apr/2017:00:05:46 +0800] "GET /js/room.js HTTP/1.1" 200 1652
0:0:0:0:0:0:0:1 - - [13/Apr/2017:00:05:46 +0800] "GET /css/room.css HTTP/1.1" 304 -
0:0:0:0:0:0:0:1 - - [13/Apr/2017:00:05:46 +0800] "GET /js/chat.js HTTP/1.1" 304 -
0:0:0:0:0:0:0:1 - - [13/Apr/2017:00:05:51 +0800] "GET /css/global_chat.css HTTP/1.1" 304 -
0:0:0:0:0:0:0:1 - - [13/Apr/2017:12:27:38 +0800] "GET / HTTP/1.1" 200 3132
0:0:0:0:0:0:0:1 - - [13/Apr/2017:12:27:38 +0800] "GET /css/style.css HTTP/1.1" 200 930
0:0:0:0:0:0:0:1 - - [13/Apr/2017:12:27:38 +0800] "GET /css/reset.css HTTP/1.1" 200 1095
0:0:0:0:0:0:0:1 - - [13/Apr/2017:12:27:38 +0800] "GET /css/supersized.css HTTP/1.1" 200 1645
0:0:0:0:0:0:0:1 - - [13/Apr/2017:12:27:38 +0800] "GET /css/style_new.css HTTP/1.1" 200 5052
0:0:0:0:0:0:0:1 - - [13/Apr/2017:12:27:38 +0800] "GET /js/supersized.3.2.7.min.js HTTP/1.1" 200 18618
0:0:0:0:0:0:0:1 - - [13/Apr/2017:12:27:38 +0800] "GET /js/login.js HTTP/1.1" 200 730
0:0:0:0:0:0:0:1 - - [13/Apr/2017:12:27:38 +0800] "GET /js/supersized-init.js HTTP/1.1" 200 1537
0:0:0:0:0:0:0:1 - - [13/Apr/2017:12:27:38 +0800] "GET /img/2.jpg HTTP/1.1" 200 34257
0:0:0:0:0:0:0:1 - - [13/Apr/2017:12:27:38 +0800] "GET /img/1.jpg HTTP/1.1" 200 215798
0:0:0:0:0:0:0:1 - - [13/Apr/2017:12:27:38 +0800] "GET /img/3.jpg HTTP/1.1" 200 129660
0:0:0:0:0:0:0:1 - - [13/Apr/2017:12:27:38 +0800] "GET /img/progress.gif HTTP/1.1" 404 131
0:0:0:0:0:0:0:1 - - [13/Apr/2017:12:27:45 +0800] "POST /login HTTP/1.1" 200 574
0:0:0:0:0:0:0:1 - - [13/Apr/2017:12:27:45 +0800] "GET /index? HTTP/1.1" 200 9764
0:0:0:0:0:0:0:1 - - [13/Apr/2017:12:27:45 +0800] "GET /css/index.css HTTP/1.1" 200 1846
0:0:0:0:0:0:0:1 - - [13/Apr/2017:12:27:45 +0800] "GET /js/lib/sockjs.min.js HTTP/1.1" 200 33887
0:0:0:0:0:0:0:1 - - [13/Apr/2017:12:27:45 +0800] "GET /js/lib/stomp.min.js HTTP/1.1" 200 7850
0:0:0:0:0:0:0:1 - - [13/Apr/2017:12:27:45 +0800] "GET /js/lib/jquery-3.2.0.js HTTP/1.1" 200 267686
0:0:0:0:0:0:0:1 - - [13/Apr/2017:12:27:45 +0800] "GET /js/index.js HTTP/1.1" 200 5539
0:0:0:0:0:0:0:1 - - [13/Apr/2017:12:27:45 +0800] "GET /img/logo.png HTTP/1.1" 200 5016
0:0:0:0:0:0:0:1 - - [13/Apr/2017:12:27:45 +0800] "GET /js/socket.js HTTP/1.1" 200 2295
0:0:0:0:0:0:0:1 - - [13/Apr/2017:12:27:45 +0800] "GET /js/common.js HTTP/1.1" 200 278
0:0:0:0:0:0:0:1 - - [13/Apr/2017:12:27:45 +0800] "GET /img//wolf.jpg HTTP/1.1" 200 11874
0:0:0:0:0:0:0:1 - - [13/Apr/2017:12:27:45 +0800] "GET /img/head.jpg HTTP/1.1" 200 17506
0:0:0:0:0:0:0:1 - - [13/Apr/2017:12:27:45 +0800] "GET /img/witch.jpg HTTP/1.1" 200 140397
0:0:0:0:0:0:0:1 - - [13/Apr/2017:12:27:45 +0800] "GET /img/prophet.jpg HTTP/1.1" 200 97574
0:0:0:0:0:0:0:1 - - [13/Apr/2017:12:27:45 +0800] "GET /img/villager.jpg HTTP/1.1" 200 12731
0:0:0:0:0:0:0:1 - - [13/Apr/2017:12:27:45 +0800] "GET /img/hunter.jpg HTTP/1.1" 200 21317
0:0:0:0:0:0:0:1 - - [13/Apr/2017:12:27:45 +0800] "GET /img/idiot.jpg HTTP/1.1" 200 53295
0:0:0:0:0:0:0:1 - - [13/Apr/2017:12:27:45 +0800] "GET /img/wolf.jpg HTTP/1.1" 200 11874
0:0:0:0:0:0:0:1 - - [13/Apr/2017:12:27:45 +0800] "GET /img/guard.jpg HTTP/1.1" 200 17003
0:0:0:0:0:0:0:1 - - [13/Apr/2017:12:27:45 +0800] "GET /img/wolfKing.jpg HTTP/1.1" 200 13032
0:0:0:0:0:0:0:1 - - [13/Apr/2017:12:27:45 +0800] "GET /img/background.jpg HTTP/1.1" 200 117097
0:0:0:0:0:0:0:1 - - [13/Apr/2017:12:27:45 +0800] "GET /getUser HTTP/1.1" 200 577
0:0:0:0:0:0:0:1 - - [13/Apr/2017:12:27:45 +0800] "GET /wk/info HTTP/1.1" 200 77
0:0:0:0:0:0:0:1 - - [13/Apr/2017:12:27:45 +0800] "GET /rooms HTTP/1.1" 200 2151
0:0:0:0:0:0:0:1 - - [13/Apr/2017:12:27:45 +0800] "GET /img/enter.jpg HTTP/1.1" 200 78316
0:0:0:0:0:0:0:1 - - [13/Apr/2017:12:27:45 +0800] "GET /img/standard.png HTTP/1.1" 200 24637
0:0:0:0:0:0:0:1 - - [13/Apr/2017:12:27:45 +0800] "GET /img/game.jpg HTTP/1.1" 200 17363
0:0:0:0:0:0:0:1 - - [13/Apr/2017:12:27:45 +0800] "GET /wk/118/lbpgxp3l/websocket HTTP/1.1" 101 -
0:0:0:0:0:0:0:1 - - [13/Apr/2017:12:27:47 +0800] "GET /rooms/1010/join?userId=6 HTTP/1.1" 200 64
0:0:0:0:0:0:0:1 - - [13/Apr/2017:12:27:47 +0800] "GET /rooms/1010 HTTP/1.1" 200 6487
0:0:0:0:0:0:0:1 - - [13/Apr/2017:12:27:47 +0800] "GET /css/styles_chat.css HTTP/1.1" 200 1808
0:0:0:0:0:0:0:1 - - [13/Apr/2017:12:27:47 +0800] "GET /css/room.css HTTP/1.1" 200 2848
0:0:0:0:0:0:0:1 - - [13/Apr/2017:12:27:47 +0800] "GET /css/global_chat.css HTTP/1.1" 200 3611
0:0:0:0:0:0:0:1 - - [13/Apr/2017:12:27:47 +0800] "GET /js/room.js HTTP/1.1" 200 1472
0:0:0:0:0:0:0:1 - - [13/Apr/2017:12:27:47 +0800] "GET /js/chat.js HTTP/1.1" 200 1995
0:0:0:0:0:0:0:1 - - [13/Apr/2017:12:27:47 +0800] "GET /js/lib/jquery-3.2.0.min.js HTTP/1.1" 200 86596
0:0:0:0:0:0:0:1 - - [13/Apr/2017:12:28:34 +0800] "GET / HTTP/1.1" 200 3132
0:0:0:0:0:0:0:1 - - [13/Apr/2017:12:28:34 +0800] "GET /css/reset.css HTTP/1.1" 200 1095
0:0:0:0:0:0:0:1 - - [13/Apr/2017:12:28:34 +0800] "GET /css/style.css HTTP/1.1" 200 930
0:0:0:0:0:0:0:1 - - [13/Apr/2017:12:28:34 +0800] "GET /js/supersized-init.js HTTP/1.1" 200 1537
0:0:0:0:0:0:0:1 - - [13/Apr/2017:12:28:34 +0800] "GET /js/supersized.3.2.7.min.js HTTP/1.1" 200 18618
0:0:0:0:0:0:0:1 - - [13/Apr/2017:12:28:34 +0800] "GET /js/login.js HTTP/1.1" 200 730
0:0:0:0:0:0:0:1 - - [13/Apr/2017:12:28:34 +0800] "GET /css/supersized.css HTTP/1.1" 200 1645
0:0:0:0:0:0:0:1 - - [13/Apr/2017:12:28:34 +0800] "GET /css/style_new.css HTTP/1.1" 200 5052
0:0:0:0:0:0:0:1 - - [13/Apr/2017:12:28:34 +0800] "GET /img/3.jpg HTTP/1.1" 200 129660
0:0:0:0:0:0:0:1 - - [13/Apr/2017:12:28:34 +0800] "GET /img/1.jpg HTTP/1.1" 200 215798
0:0:0:0:0:0:0:1 - - [13/Apr/2017:12:28:34 +0800] "GET /img/2.jpg HTTP/1.1" 200 34257
0:0:0:0:0:0:0:1 - - [13/Apr/2017:12:28:34 +0800] "GET /img/progress.gif HTTP/1.1" 404 131
0:0:0:0:0:0:0:1 - - [13/Apr/2017:12:28:38 +0800] "POST /login HTTP/1.1" 200 574
0:0:0:0:0:0:0:1 - - [13/Apr/2017:12:28:38 +0800] "GET /index? HTTP/1.1" 200 9764
0:0:0:0:0:0:0:1 - - [13/Apr/2017:12:28:38 +0800] "GET /css/index.css HTTP/1.1" 200 1846
0:0:0:0:0:0:0:1 - - [13/Apr/2017:12:28:38 +0800] "GET /js/lib/sockjs.min.js HTTP/1.1" 200 33887
0:0:0:0:0:0:0:1 - - [13/Apr/2017:12:28:38 +0800] "GET /js/lib/stomp.min.js HTTP/1.1" 200 7850
0:0:0:0:0:0:0:1 - - [13/Apr/2017:12:28:38 +0800] "GET /js/lib/jquery-3.2.0.js HTTP/1.1" 200 267686
0:0:0:0:0:0:0:1 - - [13/Apr/2017:12:28:38 +0800] "GET /js/index.js HTTP/1.1" 200 5539
0:0:0:0:0:0:0:1 - - [13/Apr/2017:12:28:38 +0800] "GET /js/common.js HTTP/1.1" 200 278
0:0:0:0:0:0:0:1 - - [13/Apr/2017:12:28:38 +0800] "GET /js/socket.js HTTP/1.1" 200 2295
0:0:0:0:0:0:0:1 - - [13/Apr/2017:12:28:38 +0800] "GET /img/head.jpg HTTP/1.1" 200 17506
0:0:0:0:0:0:0:1 - - [13/Apr/2017:12:28:38 +0800] "GET /img/logo.png HTTP/1.1" 200 5016
0:0:0:0:0:0:0:1 - - [13/Apr/2017:12:28:38 +0800] "GET /img//wolf.jpg HTTP/1.1" 200 11874
0:0:0:0:0:0:0:1 - - [13/Apr/2017:12:28:38 +0800] "GET /img/villager.jpg HTTP/1.1" 200 12731
0:0:0:0:0:0:0:1 - - [13/Apr/2017:12:28:38 +0800] "GET /img/witch.jpg HTTP/1.1" 200 140397
0:0:0:0:0:0:0:1 - - [13/Apr/2017:12:28:38 +0800] "GET /img/prophet.jpg HTTP/1.1" 200 97574
0:0:0:0:0:0:0:1 - - [13/Apr/2017:12:28:38 +0800] "GET /img/hunter.jpg HTTP/1.1" 200 21317
0:0:0:0:0:0:0:1 - - [13/Apr/2017:12:28:38 +0800] "GET /img/idiot.jpg HTTP/1.1" 200 53295
0:0:0:0:0:0:0:1 - - [13/Apr/2017:12:28:38 +0800] "GET /img/wolf.jpg HTTP/1.1" 200 11874
0:0:0:0:0:0:0:1 - - [13/Apr/2017:12:28:38 +0800] "GET /img/guard.jpg HTTP/1.1" 200 17003
0:0:0:0:0:0:0:1 - - [13/Apr/2017:12:28:38 +0800] "GET /img/wolfKing.jpg HTTP/1.1" 200 13032
0:0:0:0:0:0:0:1 - - [13/Apr/2017:12:28:38 +0800] "GET /img/background.jpg HTTP/1.1" 200 117097
0:0:0:0:0:0:0:1 - - [13/Apr/2017:12:28:38 +0800] "GET /getUser HTTP/1.1" 200 577
0:0:0:0:0:0:0:1 - - [13/Apr/2017:12:28:38 +0800] "GET /rooms HTTP/1.1" 200 2151
0:0:0:0:0:0:0:1 - - [13/Apr/2017:12:28:38 +0800] "GET /wk/info HTTP/1.1" 200 77
0:0:0:0:0:0:0:1 - - [13/Apr/2017:12:28:38 +0800] "GET /img/standard.png HTTP/1.1" 200 24637
0:0:0:0:0:0:0:1 - - [13/Apr/2017:12:28:38 +0800] "GET /img/enter.jpg HTTP/1.1" 200 78316
0:0:0:0:0:0:0:1 - - [13/Apr/2017:12:28:38 +0800] "GET /img/game.jpg HTTP/1.1" 200 17363
0:0:0:0:0:0:0:1 - - [13/Apr/2017:12:28:38 +0800] "GET /wk/969/tmuo8kh2/websocket HTTP/1.1" 101 -
0:0:0:0:0:0:0:1 - - [13/Apr/2017:12:28:40 +0800] "GET /rooms/1010/join?userId=6 HTTP/1.1" 200 64
0:0:0:0:0:0:0:1 - - [13/Apr/2017:12:28:40 +0800] "GET /rooms/1010 HTTP/1.1" 200 6487
0:0:0:0:0:0:0:1 - - [13/Apr/2017:12:28:40 +0800] "GET /css/room.css HTTP/1.1" 200 2848
0:0:0:0:0:0:0:1 - - [13/Apr/2017:12:28:40 +0800] "GET /css/styles_chat.css HTTP/1.1" 200 1808
0:0:0:0:0:0:0:1 - - [13/Apr/2017:12:28:40 +0800] "GET /js/chat.js HTTP/1.1" 200 1995
0:0:0:0:0:0:0:1 - - [13/Apr/2017:12:28:40 +0800] "GET /css/global_chat.css HTTP/1.1" 200 3611
0:0:0:0:0:0:0:1 - - [13/Apr/2017:12:28:40 +0800] "GET /js/room.js HTTP/1.1" 200 1473
0:0:0:0:0:0:0:1 - - [13/Apr/2017:12:28:40 +0800] "GET /js/lib/jquery-3.2.0.min.js HTTP/1.1" 200 86596
0:0:0:0:0:0:0:1 - - [13/Apr/2017:12:28:40 +0800] "GET /getUser HTTP/1.1" 200 577
0:0:0:0:0:0:0:1 - - [13/Apr/2017:12:28:40 +0800] "POST /rooms/1010 HTTP/1.1" 200 275
0:0:0:0:0:0:0:1 - - [13/Apr/2017:12:28:40 +0800] "GET /rooms/1010/players HTTP/1.1" 200 3696
0:0:0:0:0:0:0:1 - - [13/Apr/2017:12:28:40 +0800] "GET /img/curry.jpg HTTP/1.1" 200 103170
0:0:0:0:0:0:0:1 - - [13/Apr/2017:12:28:40 +0800] "GET /wk/info HTTP/1.1" 200 77
0:0:0:0:0:0:0:1 - - [13/Apr/2017:12:28:40 +0800] "GET /img/Kiki.jpg HTTP/1.1" 200 29199
0:0:0:0:0:0:0:1 - - [13/Apr/2017:12:28:40 +0800] "GET /img/Koby.jpg HTTP/1.1" 200 52730
0:0:0:0:0:0:0:1 - - [13/Apr/2017:12:28:40 +0800] "GET /img/Wind.jpg HTTP/1.1" 200 27327
0:0:0:0:0:0:0:1 - - [13/Apr/2017:12:28:40 +0800] "GET /img/Alice.jpg HTTP/1.1" 200 97583
0:0:0:0:0:0:0:1 - - [13/Apr/2017:12:28:40 +0800] "GET /wk/095/kjzdbr_h/websocket HTTP/1.1" 101 -
0:0:0:0:0:0:0:1 - - [13/Apr/2017:12:28:46 +0800] "GET /rooms/1010/leave?userId=6 HTTP/1.1" 200 65
0:0:0:0:0:0:0:1 - - [13/Apr/2017:12:28:46 +0800] "GET /getUser HTTP/1.1" 200 577
0:0:0:0:0:0:0:1 - - [13/Apr/2017:12:28:46 +0800] "GET /rooms HTTP/1.1" 200 2151
0:0:0:0:0:0:0:1 - - [13/Apr/2017:12:28:46 +0800] "GET /wk/info HTTP/1.1" 200 78
0:0:0:0:0:0:0:1 - - [13/Apr/2017:12:28:46 +0800] "GET /wk/262/b0sj3pdq/websocket HTTP/1.1" 101 -
0:0:0:0:0:0:0:1 - - [13/Apr/2017:12:29:59 +0800] "GET / HTTP/1.1" 200 3132
0:0:0:0:0:0:0:1 - - [13/Apr/2017:12:29:59 +0800] "GET /css/style.css HTTP/1.1" 304 -
0:0:0:0:0:0:0:1 - - [13/Apr/2017:12:29:59 +0800] "GET /js/supersized-init.js HTTP/1.1" 304 -
0:0:0:0:0:0:0:1 - - [13/Apr/2017:12:29:59 +0800] "GET /js/supersized.3.2.7.min.js HTTP/1.1" 304 -
0:0:0:0:0:0:0:1 - - [13/Apr/2017:12:29:59 +0800] "GET /css/style_new.css HTTP/1.1" 304 -
0:0:0:0:0:0:0:1 - - [13/Apr/2017:12:29:59 +0800] "GET /js/login.js HTTP/1.1" 304 -
0:0:0:0:0:0:0:1 - - [13/Apr/2017:12:29:59 +0800] "GET /css/reset.css HTTP/1.1" 304 -
0:0:0:0:0:0:0:1 - - [13/Apr/2017:12:29:59 +0800] "GET /css/supersized.css HTTP/1.1" 304 -
0:0:0:0:0:0:0:1 - - [13/Apr/2017:12:29:59 +0800] "GET /img/3.jpg HTTP/1.1" 304 -
0:0:0:0:0:0:0:1 - - [13/Apr/2017:12:29:59 +0800] "GET /img/1.jpg HTTP/1.1" 304 -
0:0:0:0:0:0:0:1 - - [13/Apr/2017:12:29:59 +0800] "GET /img/2.jpg HTTP/1.1" 304 -
0:0:0:0:0:0:0:1 - - [13/Apr/2017:12:29:59 +0800] "GET /img/progress.gif HTTP/1.1" 404 131
0:0:0:0:0:0:0:1 - - [13/Apr/2017:12:30:09 +0800] "POST /login HTTP/1.1" 200 574
0:0:0:0:0:0:0:1 - - [13/Apr/2017:12:30:09 +0800] "GET /index? HTTP/1.1" 200 9764
0:0:0:0:0:0:0:1 - - [13/Apr/2017:12:30:09 +0800] "GET /css/index.css HTTP/1.1" 304 -
0:0:0:0:0:0:0:1 - - [13/Apr/2017:12:30:09 +0800] "GET /js/lib/sockjs.min.js HTTP/1.1" 304 -
0:0:0:0:0:0:0:1 - - [13/Apr/2017:12:30:09 +0800] "GET /js/socket.js HTTP/1.1" 304 -
0:0:0:0:0:0:0:1 - - [13/Apr/2017:12:30:09 +0800] "GET /js/lib/stomp.min.js HTTP/1.1" 304 -
0:0:0:0:0:0:0:1 - - [13/Apr/2017:12:30:09 +0800] "GET /js/lib/jquery-3.2.0.js HTTP/1.1" 304 -
0:0:0:0:0:0:0:1 - - [13/Apr/2017:12:30:09 +0800] "GET /img/logo.png HTTP/1.1" 304 -
0:0:0:0:0:0:0:1 - - [13/Apr/2017:12:30:09 +0800] "GET /js/index.js HTTP/1.1" 304 -
0:0:0:0:0:0:0:1 - - [13/Apr/2017:12:30:09 +0800] "GET /img//wolf.jpg HTTP/1.1" 304 -
0:0:0:0:0:0:0:1 - - [13/Apr/2017:12:30:09 +0800] "GET /js/common.js HTTP/1.1" 304 -
0:0:0:0:0:0:0:1 - - [13/Apr/2017:12:30:09 +0800] "GET /img/head.jpg HTTP/1.1" 304 -
0:0:0:0:0:0:0:1 - - [13/Apr/2017:12:30:09 +0800] "GET /img/prophet.jpg HTTP/1.1" 304 -
0:0:0:0:0:0:0:1 - - [13/Apr/2017:12:30:09 +0800] "GET /img/villager.jpg HTTP/1.1" 304 -
0:0:0:0:0:0:0:1 - - [13/Apr/2017:12:30:09 +0800] "GET /img/hunter.jpg HTTP/1.1" 304 -
0:0:0:0:0:0:0:1 - - [13/Apr/2017:12:30:09 +0800] "GET /img/idiot.jpg HTTP/1.1" 304 -
0:0:0:0:0:0:0:1 - - [13/Apr/2017:12:30:09 +0800] "GET /img/wolf.jpg HTTP/1.1" 304 -
0:0:0:0:0:0:0:1 - - [13/Apr/2017:12:30:09 +0800] "GET /img/witch.jpg HTTP/1.1" 304 -
0:0:0:0:0:0:0:1 - - [13/Apr/2017:12:30:09 +0800] "GET /img/guard.jpg HTTP/1.1" 304 -
0:0:0:0:0:0:0:1 - - [13/Apr/2017:12:30:09 +0800] "GET /img/wolfKing.jpg HTTP/1.1" 304 -
0:0:0:0:0:0:0:1 - - [13/Apr/2017:12:30:10 +0800] "GET /getUser HTTP/1.1" 200 577
0:0:0:0:0:0:0:1 - - [13/Apr/2017:12:30:10 +0800] "GET /wk/info HTTP/1.1" 200 79
0:0:0:0:0:0:0:1 - - [13/Apr/2017:12:30:10 +0800] "GET /rooms HTTP/1.1" 200 2151
0:0:0:0:0:0:0:1 - - [13/Apr/2017:12:30:10 +0800] "GET /img/game.jpg HTTP/1.1" 304 -
0:0:0:0:0:0:0:1 - - [13/Apr/2017:12:30:10 +0800] "GET /img/enter.jpg HTTP/1.1" 304 -
0:0:0:0:0:0:0:1 - - [13/Apr/2017:12:30:10 +0800] "GET /img/standard.png HTTP/1.1" 304 -
0:0:0:0:0:0:0:1 - - [13/Apr/2017:12:30:10 +0800] "GET /wk/793/hyptzfst/websocket HTTP/1.1" 101 -
0:0:0:0:0:0:0:1 - - [13/Apr/2017:12:30:19 +0800] "GET /rooms/1010/join?userId=6 HTTP/1.1" 200 64
0:0:0:0:0:0:0:1 - - [13/Apr/2017:12:30:19 +0800] "GET /rooms/1010 HTTP/1.1" 200 6487
0:0:0:0:0:0:0:1 - - [13/Apr/2017:12:30:19 +0800] "GET /css/room.css HTTP/1.1" 304 -
0:0:0:0:0:0:0:1 - - [13/Apr/2017:12:30:19 +0800] "GET /css/global_chat.css HTTP/1.1" 304 -
0:0:0:0:0:0:0:1 - - [13/Apr/2017:12:30:19 +0800] "GET /js/lib/jquery-3.2.0.min.js HTTP/1.1" 304 -
0:0:0:0:0:0:0:1 - - [13/Apr/2017:12:30:19 +0800] "GET /js/room.js HTTP/1.1" 304 -
0:0:0:0:0:0:0:1 - - [13/Apr/2017:12:30:19 +0800] "GET /css/styles_chat.css HTTP/1.1" 304 -
0:0:0:0:0:0:0:1 - - [13/Apr/2017:12:30:20 +0800] "GET /js/chat.js HTTP/1.1" 304 -
0:0:0:0:0:0:0:1 - - [13/Apr/2017:12:30:20 +0800] "GET /getUser HTTP/1.1" 200 577
0:0:0:0:0:0:0:1 - - [13/Apr/2017:12:30:20 +0800] "POST /rooms/1010 HTTP/1.1" 200 275
0:0:0:0:0:0:0:1 - - [13/Apr/2017:12:30:20 +0800] "GET /img/curry.jpg HTTP/1.1" 304 -
0:0:0:0:0:0:0:1 - - [13/Apr/2017:12:30:20 +0800] "GET /wk/info HTTP/1.1" 200 77
0:0:0:0:0:0:0:1 - - [13/Apr/2017:12:30:20 +0800] "GET /rooms/1010/players HTTP/1.1" 200 2660
0:0:0:0:0:0:0:1 - - [13/Apr/2017:12:30:20 +0800] "GET /img/Wind.jpg HTTP/1.1" 304 -
0:0:0:0:0:0:0:1 - - [13/Apr/2017:12:30:20 +0800] "GET /img/Alice.jpg HTTP/1.1" 304 -
0:0:0:0:0:0:0:1 - - [13/Apr/2017:12:30:20 +0800] "GET /img/Koby.jpg HTTP/1.1" 304 -
0:0:0:0:0:0:0:1 - - [13/Apr/2017:12:30:20 +0800] "GET /wk/134/ont3bg_q/websocket HTTP/1.1" 101 -
0:0:0:0:0:0:0:1 - - [13/Apr/2017:12:30:20 +0800] "GET /img/Kiki.jpg HTTP/1.1" 304 -
0:0:0:0:0:0:0:1 - - [13/Apr/2017:12:30:31 +0800] "GET / HTTP/1.1" 200 3132
0:0:0:0:0:0:0:1 - - [13/Apr/2017:12:30:31 +0800] "GET /img/progress.gif HTTP/1.1" 404 131
0:0:0:0:0:0:0:1 - - [13/Apr/2017:12:30:36 +0800] "POST /login HTTP/1.1" 200 574
0:0:0:0:0:0:0:1 - - [13/Apr/2017:12:30:36 +0800] "GET /index? HTTP/1.1" 200 9764
0:0:0:0:0:0:0:1 - - [13/Apr/2017:12:30:36 +0800] "GET /img/background.jpg HTTP/1.1" 304 -
0:0:0:0:0:0:0:1 - - [13/Apr/2017:12:30:36 +0800] "GET /wk/info HTTP/1.1" 200 78
0:0:0:0:0:0:0:1 - - [13/Apr/2017:12:30:36 +0800] "GET /getUser HTTP/1.1" 200 577
0:0:0:0:0:0:0:1 - - [13/Apr/2017:12:30:36 +0800] "GET /rooms HTTP/1.1" 200 2151
0:0:0:0:0:0:0:1 - - [13/Apr/2017:12:30:36 +0800] "GET /wk/945/p9q984oy/websocket HTTP/1.1" 101 -
0:0:0:0:0:0:0:1 - - [13/Apr/2017:12:30:38 +0800] "GET /rooms/1010/join?userId=7 HTTP/1.1" 200 64
0:0:0:0:0:0:0:1 - - [13/Apr/2017:12:30:38 +0800] "GET /rooms/1010 HTTP/1.1" 200 6487
0:0:0:0:0:0:0:1 - - [13/Apr/2017:12:30:38 +0800] "GET /js/room.js HTTP/1.1" 304 -
0:0:0:0:0:0:0:1 - - [13/Apr/2017:12:30:38 +0800] "GET /rooms/1010/players HTTP/1.1" 200 3178
0:0:0:0:0:0:0:1 - - [13/Apr/2017:12:30:38 +0800] "GET /img/Tony.jpg HTTP/1.1" 200 26744
0:0:0:0:0:0:0:1 - - [13/Apr/2017:12:30:38 +0800] "GET /getUser HTTP/1.1" 200 577
0:0:0:0:0:0:0:1 - - [13/Apr/2017:12:30:38 +0800] "POST /rooms/1010 HTTP/1.1" 200 275
0:0:0:0:0:0:0:1 - - [13/Apr/2017:12:30:38 +0800] "GET /rooms/1010/players HTTP/1.1" 200 3178
0:0:0:0:0:0:0:1 - - [13/Apr/2017:12:30:38 +0800] "GET /wk/info HTTP/1.1" 200 78
0:0:0:0:0:0:0:1 - - [13/Apr/2017:12:30:38 +0800] "GET /wk/085/0nlm6kl7/websocket HTTP/1.1" 101 -
0:0:0:0:0:0:0:1 - - [13/Apr/2017:12:30:59 +0800] "GET /rooms/1010/players HTTP/1.1" 200 3178
0:0:0:0:0:0:0:1 - - [13/Apr/2017:12:30:59 +0800] "GET /rooms/1010/players HTTP/1.1" 200 3178
0:0:0:0:0:0:0:1 - - [13/Apr/2017:12:31:20 +0800] "GET /rooms/1010/players HTTP/1.1" 200 3178
0:0:0:0:0:0:0:1 - - [13/Apr/2017:12:31:20 +0800] "GET /rooms/1010/players HTTP/1.1" 200 3178
0:0:0:0:0:0:0:1 - - [13/Apr/2017:12:33:07 +0800] "GET /rooms/1010/players HTTP/1.1" 200 3178
0:0:0:0:0:0:0:1 - - [13/Apr/2017:12:33:07 +0800] "GET /rooms/1010/players HTTP/1.1" 200 3178
0:0:0:0:0:0:0:1 - - [13/Apr/2017:12:33:10 +0800] "GET /img/curry.jpg HTTP/1.1" 200 103170
0:0:0:0:0:0:0:1 - - [13/Apr/2017:12:33:10 +0800] "GET /img/Wind.jpg HTTP/1.1" 200 27327
0:0:0:0:0:0:0:1 - - [13/Apr/2017:12:33:10 +0800] "GET /img/Alice.jpg HTTP/1.1" 200 97583
0:0:0:0:0:0:0:1 - - [13/Apr/2017:12:33:10 +0800] "GET /img/Tony.jpg HTTP/1.1" 200 26744
0:0:0:0:0:0:0:1 - - [13/Apr/2017:12:33:10 +0800] "GET /img/Koby.jpg HTTP/1.1" 200 52730
0:0:0:0:0:0:0:1 - - [13/Apr/2017:12:33:10 +0800] "GET /img/Kiki.jpg HTTP/1.1" 200 29199
0:0:0:0:0:0:0:1 - - [13/Apr/2017:12:33:13 +0800] "GET /rooms/1010/leave?userId=6 HTTP/1.1" 200 65
0:0:0:0:0:0:0:1 - - [13/Apr/2017:12:33:13 +0800] "GET /index? HTTP/1.1" 200 9764
0:0:0:0:0:0:0:1 - - [13/Apr/2017:12:33:13 +0800] "GET /css/style.css HTTP/1.1" 200 930
0:0:0:0:0:0:0:1 - - [13/Apr/2017:12:33:13 +0800] "GET /css/index.css HTTP/1.1" 200 1846
0:0:0:0:0:0:0:1 - - [13/Apr/2017:12:33:13 +0800] "GET /js/lib/sockjs.min.js HTTP/1.1" 200 33887
0:0:0:0:0:0:0:1 - - [13/Apr/2017:12:33:13 +0800] "GET /js/lib/stomp.min.js HTTP/1.1" 200 7850
0:0:0:0:0:0:0:1 - - [13/Apr/2017:12:33:13 +0800] "GET /rooms/1010/players HTTP/1.1" 200 2660
0:0:0:0:0:0:0:1 - - [13/Apr/2017:12:33:13 +0800] "GET /js/lib/jquery-3.2.0.js HTTP/1.1" 200 267686
0:0:0:0:0:0:0:1 - - [13/Apr/2017:12:33:13 +0800] "GET /js/common.js HTTP/1.1" 200 278
0:0:0:0:0:0:0:1 - - [13/Apr/2017:12:33:13 +0800] "GET /img//wolf.jpg HTTP/1.1" 200 11874
0:0:0:0:0:0:0:1 - - [13/Apr/2017:12:33:13 +0800] "GET /img/head.jpg HTTP/1.1" 200 17506
0:0:0:0:0:0:0:1 - - [13/Apr/2017:12:33:13 +0800] "GET /js/index.js HTTP/1.1" 200 5539
0:0:0:0:0:0:0:1 - - [13/Apr/2017:12:33:13 +0800] "GET /js/socket.js HTTP/1.1" 200 2295
0:0:0:0:0:0:0:1 - - [13/Apr/2017:12:33:13 +0800] "GET /img/logo.png HTTP/1.1" 200 5016
0:0:0:0:0:0:0:1 - - [13/Apr/2017:12:33:13 +0800] "GET /img/villager.jpg HTTP/1.1" 200 12731
0:0:0:0:0:0:0:1 - - [13/Apr/2017:12:33:13 +0800] "GET /img/witch.jpg HTTP/1.1" 200 140397
0:0:0:0:0:0:0:1 - - [13/Apr/2017:12:33:13 +0800] "GET /img/hunter.jpg HTTP/1.1" 200 21317
0:0:0:0:0:0:0:1 - - [13/Apr/2017:12:33:13 +0800] "GET /img/idiot.jpg HTTP/1.1" 200 53295
0:0:0:0:0:0:0:1 - - [13/Apr/2017:12:33:13 +0800] "GET /img/guard.jpg HTTP/1.1" 200 17003
0:0:0:0:0:0:0:1 - - [13/Apr/2017:12:33:13 +0800] "GET /img/prophet.jpg HTTP/1.1" 200 97574
0:0:0:0:0:0:0:1 - - [13/Apr/2017:12:33:13 +0800] "GET /img/wolf.jpg HTTP/1.1" 200 11874
0:0:0:0:0:0:0:1 - - [13/Apr/2017:12:33:13 +0800] "GET /img/wolfKing.jpg HTTP/1.1" 200 13032
0:0:0:0:0:0:0:1 - - [13/Apr/2017:12:33:13 +0800] "GET /img/background.jpg HTTP/1.1" 200 117097
0:0:0:0:0:0:0:1 - - [13/Apr/2017:12:33:13 +0800] "GET /getUser HTTP/1.1" 200 577
0:0:0:0:0:0:0:1 - - [13/Apr/2017:12:33:13 +0800] "GET /rooms HTTP/1.1" 200 2151
0:0:0:0:0:0:0:1 - - [13/Apr/2017:12:33:13 +0800] "GET /wk/info HTTP/1.1" 200 79
0:0:0:0:0:0:0:1 - - [13/Apr/2017:12:33:13 +0800] "GET /img/game.jpg HTTP/1.1" 200 17363
0:0:0:0:0:0:0:1 - - [13/Apr/2017:12:33:13 +0800] "GET /img/standard.png HTTP/1.1" 200 24637
0:0:0:0:0:0:0:1 - - [13/Apr/2017:12:33:13 +0800] "GET /img/enter.jpg HTTP/1.1" 200 78316
0:0:0:0:0:0:0:1 - - [13/Apr/2017:12:33:13 +0800] "GET /wk/897/7f3tse1g/websocket HTTP/1.1" 101 -
0:0:0:0:0:0:0:1 - - [13/Apr/2017:12:33:17 +0800] "GET /rooms/1010/leave?userId=7 HTTP/1.1" 200 65
0:0:0:0:0:0:0:1 - - [13/Apr/2017:12:33:17 +0800] "GET /getUser HTTP/1.1" 200 577
0:0:0:0:0:0:0:1 - - [13/Apr/2017:12:33:17 +0800] "GET /rooms HTTP/1.1" 200 2151
0:0:0:0:0:0:0:1 - - [13/Apr/2017:12:33:17 +0800] "GET /wk/info HTTP/1.1" 200 78
0:0:0:0:0:0:0:1 - - [13/Apr/2017:12:33:17 +0800] "GET /wk/761/amzvxc97/websocket HTTP/1.1" 101 -
0:0:0:0:0:0:0:1 - - [13/Apr/2017:12:33:26 +0800] "GET / HTTP/1.1" 200 3132
0:0:0:0:0:0:0:1 - - [13/Apr/2017:12:33:26 +0800] "GET /css/reset.css HTTP/1.1" 200 1095
0:0:0:0:0:0:0:1 - - [13/Apr/2017:12:33:26 +0800] "GET /css/style.css HTTP/1.1" 200 930
0:0:0:0:0:0:0:1 - - [13/Apr/2017:12:33:26 +0800] "GET /css/supersized.css HTTP/1.1" 200 1645
0:0:0:0:0:0:0:1 - - [13/Apr/2017:12:33:26 +0800] "GET /css/style_new.css HTTP/1.1" 200 5052
0:0:0:0:0:0:0:1 - - [13/Apr/2017:12:33:26 +0800] "GET /js/supersized-init.js HTTP/1.1" 200 1537
0:0:0:0:0:0:0:1 - - [13/Apr/2017:12:33:26 +0800] "GET /js/supersized.3.2.7.min.js HTTP/1.1" 200 18618
0:0:0:0:0:0:0:1 - - [13/Apr/2017:12:33:26 +0800] "GET /js/login.js HTTP/1.1" 200 730
0:0:0:0:0:0:0:1 - - [13/Apr/2017:12:33:26 +0800] "GET /img/2.jpg HTTP/1.1" 200 34257
0:0:0:0:0:0:0:1 - - [13/Apr/2017:12:33:26 +0800] "GET /img/3.jpg HTTP/1.1" 200 129660
0:0:0:0:0:0:0:1 - - [13/Apr/2017:12:33:26 +0800] "GET /img/1.jpg HTTP/1.1" 200 215798
0:0:0:0:0:0:0:1 - - [13/Apr/2017:12:33:26 +0800] "GET /img/progress.gif HTTP/1.1" 404 131
0:0:0:0:0:0:0:1 - - [13/Apr/2017:12:33:31 +0800] "POST /login HTTP/1.1" 200 574
0:0:0:0:0:0:0:1 - - [13/Apr/2017:12:33:31 +0800] "GET /index? HTTP/1.1" 200 9764
0:0:0:0:0:0:0:1 - - [13/Apr/2017:12:33:31 +0800] "GET /css/index.css HTTP/1.1" 200 1846
0:0:0:0:0:0:0:1 - - [13/Apr/2017:12:33:31 +0800] "GET /js/lib/sockjs.min.js HTTP/1.1" 200 33887
0:0:0:0:0:0:0:1 - - [13/Apr/2017:12:33:31 +0800] "GET /js/lib/stomp.min.js HTTP/1.1" 200 7850
0:0:0:0:0:0:0:1 - - [13/Apr/2017:12:33:31 +0800] "GET /js/lib/jquery-3.2.0.js HTTP/1.1" 200 267686
0:0:0:0:0:0:0:1 - - [13/Apr/2017:12:33:31 +0800] "GET /img/head.jpg HTTP/1.1" 200 17506
0:0:0:0:0:0:0:1 - - [13/Apr/2017:12:33:31 +0800] "GET /img//wolf.jpg HTTP/1.1" 200 11874
0:0:0:0:0:0:0:1 - - [13/Apr/2017:12:33:31 +0800] "GET /js/socket.js HTTP/1.1" 200 2295
0:0:0:0:0:0:0:1 - - [13/Apr/2017:12:33:31 +0800] "GET /js/common.js HTTP/1.1" 200 278
0:0:0:0:0:0:0:1 - - [13/Apr/2017:12:33:31 +0800] "GET /img/logo.png HTTP/1.1" 200 5016
0:0:0:0:0:0:0:1 - - [13/Apr/2017:12:33:31 +0800] "GET /js/index.js HTTP/1.1" 200 5539
0:0:0:0:0:0:0:1 - - [13/Apr/2017:12:33:31 +0800] "GET /img/villager.jpg HTTP/1.1" 200 12731
0:0:0:0:0:0:0:1 - - [13/Apr/2017:12:33:31 +0800] "GET /img/prophet.jpg HTTP/1.1" 200 97574
0:0:0:0:0:0:0:1 - - [13/Apr/2017:12:33:31 +0800] "GET /img/hunter.jpg HTTP/1.1" 200 21317
0:0:0:0:0:0:0:1 - - [13/Apr/2017:12:33:31 +0800] "GET /img/witch.jpg HTTP/1.1" 200 140397
0:0:0:0:0:0:0:1 - - [13/Apr/2017:12:33:31 +0800] "GET /img/idiot.jpg HTTP/1.1" 200 53295
0:0:0:0:0:0:0:1 - - [13/Apr/2017:12:33:31 +0800] "GET /img/background.jpg HTTP/1.1" 200 117097
0:0:0:0:0:0:0:1 - - [13/Apr/2017:12:33:31 +0800] "GET /img/guard.jpg HTTP/1.1" 200 17003
0:0:0:0:0:0:0:1 - - [13/Apr/2017:12:33:31 +0800] "GET /img/wolf.jpg HTTP/1.1" 200 11874
0:0:0:0:0:0:0:1 - - [13/Apr/2017:12:33:31 +0800] "GET /img/wolfKing.jpg HTTP/1.1" 200 13032
0:0:0:0:0:0:0:1 - - [13/Apr/2017:12:33:31 +0800] "GET /getUser HTTP/1.1" 200 577
0:0:0:0:0:0:0:1 - - [13/Apr/2017:12:33:31 +0800] "GET /rooms HTTP/1.1" 200 2151
0:0:0:0:0:0:0:1 - - [13/Apr/2017:12:33:31 +0800] "GET /wk/info HTTP/1.1" 200 78
0:0:0:0:0:0:0:1 - - [13/Apr/2017:12:33:31 +0800] "GET /img/standard.png HTTP/1.1" 200 24637
0:0:0:0:0:0:0:1 - - [13/Apr/2017:12:33:31 +0800] "GET /img/enter.jpg HTTP/1.1" 200 78316
0:0:0:0:0:0:0:1 - - [13/Apr/2017:12:33:31 +0800] "GET /img/game.jpg HTTP/1.1" 200 17363
0:0:0:0:0:0:0:1 - - [13/Apr/2017:12:33:31 +0800] "GET /wk/425/km7thkjy/websocket HTTP/1.1" 101 -
0:0:0:0:0:0:0:1 - - [13/Apr/2017:12:33:32 +0800] "GET /rooms/1010/join?userId=6 HTTP/1.1" 200 64
0:0:0:0:0:0:0:1 - - [13/Apr/2017:12:33:32 +0800] "GET /rooms/1010 HTTP/1.1" 200 6487
0:0:0:0:0:0:0:1 - - [13/Apr/2017:12:33:32 +0800] "GET /css/room.css HTTP/1.1" 200 2848
0:0:0:0:0:0:0:1 - - [13/Apr/2017:12:33:32 +0800] "GET /css/global_chat.css HTTP/1.1" 200 3611
0:0:0:0:0:0:0:1 - - [13/Apr/2017:12:33:32 +0800] "GET /css/styles_chat.css HTTP/1.1" 200 1808
0:0:0:0:0:0:0:1 - - [13/Apr/2017:12:33:32 +0800] "GET /js/chat.js HTTP/1.1" 200 1995
0:0:0:0:0:0:0:1 - - [13/Apr/2017:12:33:32 +0800] "GET /js/lib/jquery-3.2.0.min.js HTTP/1.1" 200 86596
0:0:0:0:0:0:0:1 - - [13/Apr/2017:12:33:32 +0800] "GET /js/room.js HTTP/1.1" 200 1473
0:0:0:0:0:0:0:1 - - [13/Apr/2017:12:33:32 +0800] "GET /getUser HTTP/1.1" 200 577
0:0:0:0:0:0:0:1 - - [13/Apr/2017:12:33:32 +0800] "POST /rooms/1010 HTTP/1.1" 200 275
0:0:0:0:0:0:0:1 - - [13/Apr/2017:12:33:32 +0800] "GET /rooms/1010/players HTTP/1.1" 200 2660
0:0:0:0:0:0:0:1 - - [13/Apr/2017:12:33:32 +0800] "GET /img/curry.jpg HTTP/1.1" 200 103170
0:0:0:0:0:0:0:1 - - [13/Apr/2017:12:33:32 +0800] "GET /img/Wind.jpg HTTP/1.1" 200 27327
0:0:0:0:0:0:0:1 - - [13/Apr/2017:12:33:32 +0800] "GET /img/Alice.jpg HTTP/1.1" 200 97583
0:0:0:0:0:0:0:1 - - [13/Apr/2017:12:33:32 +0800] "GET /img/Kiki.jpg HTTP/1.1" 200 29199
0:0:0:0:0:0:0:1 - - [13/Apr/2017:12:33:32 +0800] "GET /wk/info HTTP/1.1" 200 77
0:0:0:0:0:0:0:1 - - [13/Apr/2017:12:33:32 +0800] "GET /img/Koby.jpg HTTP/1.1" 200 52730
0:0:0:0:0:0:0:1 - - [13/Apr/2017:12:33:32 +0800] "GET /wk/518/6e1ycd7f/websocket HTTP/1.1" 101 -
0:0:0:0:0:0:0:1 - - [13/Apr/2017:12:33:39 +0800] "GET / HTTP/1.1" 200 3132
0:0:0:0:0:0:0:1 - - [13/Apr/2017:12:33:40 +0800] "GET /img/progress.gif HTTP/1.1" 404 131
0:0:0:0:0:0:0:1 - - [13/Apr/2017:12:33:44 +0800] "POST /login HTTP/1.1" 200 574
0:0:0:0:0:0:0:1 - - [13/Apr/2017:12:33:44 +0800] "GET /index? HTTP/1.1" 200 9764
0:0:0:0:0:0:0:1 - - [13/Apr/2017:12:33:44 +0800] "GET /getUser HTTP/1.1" 200 577
0:0:0:0:0:0:0:1 - - [13/Apr/2017:12:33:44 +0800] "GET /rooms HTTP/1.1" 200 2151
0:0:0:0:0:0:0:1 - - [13/Apr/2017:12:33:44 +0800] "GET /wk/info HTTP/1.1" 200 77
0:0:0:0:0:0:0:1 - - [13/Apr/2017:12:33:44 +0800] "GET /wk/768/2kek7_pe/websocket HTTP/1.1" 101 -
0:0:0:0:0:0:0:1 - - [13/Apr/2017:12:33:46 +0800] "GET /rooms/1010/join?userId=7 HTTP/1.1" 200 64
0:0:0:0:0:0:0:1 - - [13/Apr/2017:12:33:46 +0800] "GET /rooms/1010 HTTP/1.1" 200 6487
0:0:0:0:0:0:0:1 - - [13/Apr/2017:12:33:46 +0800] "GET /js/room.js HTTP/1.1" 304 -
0:0:0:0:0:0:0:1 - - [13/Apr/2017:12:33:46 +0800] "GET /rooms/1010/players HTTP/1.1" 200 3178
0:0:0:0:0:0:0:1 - - [13/Apr/2017:12:33:46 +0800] "GET /img/Tony.jpg HTTP/1.1" 200 26744
0:0:0:0:0:0:0:1 - - [13/Apr/2017:12:33:46 +0800] "GET /getUser HTTP/1.1" 200 577
0:0:0:0:0:0:0:1 - - [13/Apr/2017:12:33:46 +0800] "POST /rooms/1010 HTTP/1.1" 200 275
0:0:0:0:0:0:0:1 - - [13/Apr/2017:12:33:46 +0800] "GET /rooms/1010/players HTTP/1.1" 200 3178
0:0:0:0:0:0:0:1 - - [13/Apr/2017:12:33:46 +0800] "GET /wk/info HTTP/1.1" 200 78
0:0:0:0:0:0:0:1 - - [13/Apr/2017:12:33:46 +0800] "GET /wk/101/rwxrgq4k/websocket HTTP/1.1" 101 -
0:0:0:0:0:0:0:1 - - [13/Apr/2017:12:33:55 +0800] "GET /rooms/1010/players HTTP/1.1" 200 3178
0:0:0:0:0:0:0:1 - - [13/Apr/2017:12:33:55 +0800] "GET /rooms/1010/players HTTP/1.1" 200 3178
0:0:0:0:0:0:0:1 - - [13/Apr/2017:12:34:15 +0800] "GET /rooms/1010/leave?userId=7 HTTP/1.1" 200 65
0:0:0:0:0:0:0:1 - - [13/Apr/2017:12:34:15 +0800] "GET /rooms/1010/players HTTP/1.1" 200 2660
0:0:0:0:0:0:0:1 - - [13/Apr/2017:12:34:15 +0800] "GET /getUser HTTP/1.1" 200 577
0:0:0:0:0:0:0:1 - - [13/Apr/2017:12:34:15 +0800] "GET /wk/info HTTP/1.1" 200 78
0:0:0:0:0:0:0:1 - - [13/Apr/2017:12:34:15 +0800] "GET /rooms HTTP/1.1" 200 2151
0:0:0:0:0:0:0:1 - - [13/Apr/2017:12:34:15 +0800] "GET /wk/164/gwkwewxy/websocket HTTP/1.1" 101 -
0:0:0:0:0:0:0:1 - - [13/Apr/2017:12:34:18 +0800] "GET /rooms/1010/join?userId=7 HTTP/1.1" 200 64
0:0:0:0:0:0:0:1 - - [13/Apr/2017:12:34:18 +0800] "GET /rooms/1010 HTTP/1.1" 200 6487
0:0:0:0:0:0:0:1 - - [13/Apr/2017:12:34:18 +0800] "GET /js/room.js HTTP/1.1" 304 -
0:0:0:0:0:0:0:1 - - [13/Apr/2017:12:34:18 +0800] "GET /rooms/1010/players HTTP/1.1" 200 3178
0:0:0:0:0:0:0:1 - - [13/Apr/2017:12:34:18 +0800] "GET /getUser HTTP/1.1" 200 577
0:0:0:0:0:0:0:1 - - [13/Apr/2017:12:34:18 +0800] "POST /rooms/1010 HTTP/1.1" 200 275
0:0:0:0:0:0:0:1 - - [13/Apr/2017:12:34:18 +0800] "GET /wk/info HTTP/1.1" 200 77
0:0:0:0:0:0:0:1 - - [13/Apr/2017:12:34:18 +0800] "GET /rooms/1010/players HTTP/1.1" 200 3178
0:0:0:0:0:0:0:1 - - [13/Apr/2017:12:34:18 +0800] "GET /wk/356/5uo5mzux/websocket HTTP/1.1" 101 -
0:0:0:0:0:0:0:1 - - [13/Apr/2017:12:34:34 +0800] "GET /rooms/1010/players HTTP/1.1" 200 3178
0:0:0:0:0:0:0:1 - - [13/Apr/2017:12:34:34 +0800] "GET /rooms/1010/players HTTP/1.1" 200 3178
0:0:0:0:0:0:0:1 - - [13/Apr/2017:12:36:42 +0800] "GET /rooms/1010/leave?userId=7 HTTP/1.1" 200 65
0:0:0:0:0:0:0:1 - - [13/Apr/2017:12:36:42 +0800] "GET /rooms/1010/players HTTP/1.1" 200 2660
0:0:0:0:0:0:0:1 - - [13/Apr/2017:12:36:42 +0800] "GET /img/standard.png HTTP/1.1" 304 -
0:0:0:0:0:0:0:1 - - [13/Apr/2017:12:36:42 +0800] "GET /img/enter.jpg HTTP/1.1" 304 -
0:0:0:0:0:0:0:1 - - [13/Apr/2017:12:36:42 +0800] "GET /img/game.jpg HTTP/1.1" 304 -
0:0:0:0:0:0:0:1 - - [13/Apr/2017:12:36:42 +0800] "GET /wk/info HTTP/1.1" 200 77
0:0:0:0:0:0:0:1 - - [13/Apr/2017:12:36:42 +0800] "GET /wk/480/x87wv26u/websocket HTTP/1.1" 101 -
0:0:0:0:0:0:0:1 - - [13/Apr/2017:12:36:44 +0800] "GET /rooms/1010/leave?userId=6 HTTP/1.1" 200 65
0:0:0:0:0:0:0:1 - - [13/Apr/2017:12:36:44 +0800] "GET /wk/info HTTP/1.1" 200 79
0:0:0:0:0:0:0:1 - - [13/Apr/2017:12:36:44 +0800] "GET /wk/155/67ki1ngz/websocket HTTP/1.1" 101 -
0:0:0:0:0:0:0:1 - - [13/Apr/2017:12:37:09 +0800] "GET / HTTP/1.1" 200 3132
0:0:0:0:0:0:0:1 - - [13/Apr/2017:12:37:09 +0800] "GET /css/style.css HTTP/1.1" 200 930
0:0:0:0:0:0:0:1 - - [13/Apr/2017:12:37:09 +0800] "GET /css/reset.css HTTP/1.1" 200 1095
0:0:0:0:0:0:0:1 - - [13/Apr/2017:12:37:09 +0800] "GET /js/supersized-init.js HTTP/1.1" 200 1537
0:0:0:0:0:0:0:1 - - [13/Apr/2017:12:37:09 +0800] "GET /css/supersized.css HTTP/1.1" 200 1645
0:0:0:0:0:0:0:1 - - [13/Apr/2017:12:37:09 +0800] "GET /js/supersized.3.2.7.min.js HTTP/1.1" 200 18618
0:0:0:0:0:0:0:1 - - [13/Apr/2017:12:37:09 +0800] "GET /css/style_new.css HTTP/1.1" 200 5052
0:0:0:0:0:0:0:1 - - [13/Apr/2017:12:37:09 +0800] "GET /js/login.js HTTP/1.1" 200 730
0:0:0:0:0:0:0:1 - - [13/Apr/2017:12:37:09 +0800] "GET /img/2.jpg HTTP/1.1" 200 34257
0:0:0:0:0:0:0:1 - - [13/Apr/2017:12:37:09 +0800] "GET /img/1.jpg HTTP/1.1" 200 215798
0:0:0:0:0:0:0:1 - - [13/Apr/2017:12:37:09 +0800] "GET /img/progress.gif HTTP/1.1" 404 131
0:0:0:0:0:0:0:1 - - [13/Apr/2017:12:37:09 +0800] "GET /img/3.jpg HTTP/1.1" 200 129660
0:0:0:0:0:0:0:1 - - [13/Apr/2017:12:37:15 +0800] "POST /login HTTP/1.1" 200 574
0:0:0:0:0:0:0:1 - - [13/Apr/2017:12:37:15 +0800] "GET /index? HTTP/1.1" 200 9764
0:0:0:0:0:0:0:1 - - [13/Apr/2017:12:37:15 +0800] "GET /css/index.css HTTP/1.1" 200 1846
0:0:0:0:0:0:0:1 - - [13/Apr/2017:12:37:15 +0800] "GET /js/lib/sockjs.min.js HTTP/1.1" 200 33887
0:0:0:0:0:0:0:1 - - [13/Apr/2017:12:37:15 +0800] "GET /js/lib/stomp.min.js HTTP/1.1" 200 7850
0:0:0:0:0:0:0:1 - - [13/Apr/2017:12:37:15 +0800] "GET /js/lib/jquery-3.2.0.js HTTP/1.1" 200 267686
0:0:0:0:0:0:0:1 - - [13/Apr/2017:12:37:15 +0800] "GET /js/index.js HTTP/1.1" 200 5539
0:0:0:0:0:0:0:1 - - [13/Apr/2017:12:37:15 +0800] "GET /js/socket.js HTTP/1.1" 200 2373
0:0:0:0:0:0:0:1 - - [13/Apr/2017:12:37:15 +0800] "GET /img/head.jpg HTTP/1.1" 200 17506
0:0:0:0:0:0:0:1 - - [13/Apr/2017:12:37:15 +0800] "GET /js/common.js HTTP/1.1" 200 278
0:0:0:0:0:0:0:1 - - [13/Apr/2017:12:37:15 +0800] "GET /img//wolf.jpg HTTP/1.1" 200 11874
0:0:0:0:0:0:0:1 - - [13/Apr/2017:12:37:15 +0800] "GET /img/logo.png HTTP/1.1" 200 5016
0:0:0:0:0:0:0:1 - - [13/Apr/2017:12:37:15 +0800] "GET /img/prophet.jpg HTTP/1.1" 200 97574
0:0:0:0:0:0:0:1 - - [13/Apr/2017:12:37:15 +0800] "GET /img/witch.jpg HTTP/1.1" 200 140397
0:0:0:0:0:0:0:1 - - [13/Apr/2017:12:37:15 +0800] "GET /img/villager.jpg HTTP/1.1" 200 12731
0:0:0:0:0:0:0:1 - - [13/Apr/2017:12:37:15 +0800] "GET /img/idiot.jpg HTTP/1.1" 200 53295
0:0:0:0:0:0:0:1 - - [13/Apr/2017:12:37:15 +0800] "GET /img/hunter.jpg HTTP/1.1" 200 21317
0:0:0:0:0:0:0:1 - - [13/Apr/2017:12:37:15 +0800] "GET /img/wolf.jpg HTTP/1.1" 200 11874
0:0:0:0:0:0:0:1 - - [13/Apr/2017:12:37:15 +0800] "GET /img/guard.jpg HTTP/1.1" 200 17003
0:0:0:0:0:0:0:1 - - [13/Apr/2017:12:37:15 +0800] "GET /img/wolfKing.jpg HTTP/1.1" 200 13032
0:0:0:0:0:0:0:1 - - [13/Apr/2017:12:37:15 +0800] "GET /img/background.jpg HTTP/1.1" 200 117097
0:0:0:0:0:0:0:1 - - [13/Apr/2017:12:37:15 +0800] "GET /getUser HTTP/1.1" 200 577
0:0:0:0:0:0:0:1 - - [13/Apr/2017:12:37:15 +0800] "GET /rooms HTTP/1.1" 200 2151
0:0:0:0:0:0:0:1 - - [13/Apr/2017:12:37:16 +0800] "GET /img/game.jpg HTTP/1.1" 200 17363
0:0:0:0:0:0:0:1 - - [13/Apr/2017:12:37:16 +0800] "GET /img/standard.png HTTP/1.1" 200 24637
0:0:0:0:0:0:0:1 - - [13/Apr/2017:12:37:16 +0800] "GET /img/enter.jpg HTTP/1.1" 200 78316
0:0:0:0:0:0:0:1 - - [13/Apr/2017:12:37:16 +0800] "GET /wk/info HTTP/1.1" 200 78
0:0:0:0:0:0:0:1 - - [13/Apr/2017:12:37:16 +0800] "GET /wk/928/7ml2qvd3/websocket HTTP/1.1" 101 -
0:0:0:0:0:0:0:1 - - [13/Apr/2017:12:37:18 +0800] "GET /rooms/1010/join?userId=6 HTTP/1.1" 200 64
0:0:0:0:0:0:0:1 - - [13/Apr/2017:12:37:18 +0800] "GET /rooms/1010 HTTP/1.1" 200 6487
0:0:0:0:0:0:0:1 - - [13/Apr/2017:12:37:18 +0800] "GET /css/room.css HTTP/1.1" 200 2848
0:0:0:0:0:0:0:1 - - [13/Apr/2017:12:37:18 +0800] "GET /js/lib/jquery-3.2.0.min.js HTTP/1.1" 200 86596
0:0:0:0:0:0:0:1 - - [13/Apr/2017:12:37:18 +0800] "GET /css/styles_chat.css HTTP/1.1" 200 1808
0:0:0:0:0:0:0:1 - - [13/Apr/2017:12:37:18 +0800] "GET /js/room.js HTTP/1.1" 200 1473
0:0:0:0:0:0:0:1 - - [13/Apr/2017:12:37:18 +0800] "GET /css/global_chat.css HTTP/1.1" 200 3611
0:0:0:0:0:0:0:1 - - [13/Apr/2017:12:37:18 +0800] "GET /js/chat.js HTTP/1.1" 200 1995
0:0:0:0:0:0:0:1 - - [13/Apr/2017:12:37:18 +0800] "GET /getUser HTTP/1.1" 200 577
0:0:0:0:0:0:0:1 - - [13/Apr/2017:12:37:18 +0800] "POST /rooms/1010 HTTP/1.1" 200 275
0:0:0:0:0:0:0:1 - - [13/Apr/2017:12:37:18 +0800] "GET /rooms/1010/players HTTP/1.1" 200 2660
0:0:0:0:0:0:0:1 - - [13/Apr/2017:12:37:18 +0800] "GET /img/curry.jpg HTTP/1.1" 200 103170
0:0:0:0:0:0:0:1 - - [13/Apr/2017:12:37:18 +0800] "GET /wk/info HTTP/1.1" 200 79
0:0:0:0:0:0:0:1 - - [13/Apr/2017:12:37:18 +0800] "GET /img/Kiki.jpg HTTP/1.1" 200 29199
0:0:0:0:0:0:0:1 - - [13/Apr/2017:12:37:18 +0800] "GET /img/Koby.jpg HTTP/1.1" 200 52730
0:0:0:0:0:0:0:1 - - [13/Apr/2017:12:37:18 +0800] "GET /img/Alice.jpg HTTP/1.1" 200 97583
0:0:0:0:0:0:0:1 - - [13/Apr/2017:12:37:18 +0800] "GET /img/Wind.jpg HTTP/1.1" 200 27327
0:0:0:0:0:0:0:1 - - [13/Apr/2017:12:37:18 +0800] "GET /wk/788/flayytik/websocket HTTP/1.1" 101 -
0:0:0:0:0:0:0:1 - - [13/Apr/2017:12:37:22 +0800] "GET / HTTP/1.1" 200 3132
0:0:0:0:0:0:0:1 - - [13/Apr/2017:12:37:22 +0800] "GET /img/progress.gif HTTP/1.1" 404 131
0:0:0:0:0:0:0:1 - - [13/Apr/2017:12:37:28 +0800] "POST /login HTTP/1.1" 200 574
0:0:0:0:0:0:0:1 - - [13/Apr/2017:12:37:28 +0800] "GET /index? HTTP/1.1" 200 9764
0:0:0:0:0:0:0:1 - - [13/Apr/2017:12:37:28 +0800] "GET /js/socket.js HTTP/1.1" 304 -
0:0:0:0:0:0:0:1 - - [13/Apr/2017:12:37:28 +0800] "GET /getUser HTTP/1.1" 200 577
0:0:0:0:0:0:0:1 - - [13/Apr/2017:12:37:28 +0800] "GET /rooms HTTP/1.1" 200 2151
0:0:0:0:0:0:0:1 - - [13/Apr/2017:12:37:28 +0800] "GET /wk/info HTTP/1.1" 200 78
0:0:0:0:0:0:0:1 - - [13/Apr/2017:12:37:28 +0800] "GET /wk/928/f3p2ypr7/websocket HTTP/1.1" 101 -
0:0:0:0:0:0:0:1 - - [13/Apr/2017:12:37:29 +0800] "GET /rooms/1010/join?userId=7 HTTP/1.1" 200 64
0:0:0:0:0:0:0:1 - - [13/Apr/2017:12:37:29 +0800] "GET /rooms/1010 HTTP/1.1" 200 6487
0:0:0:0:0:0:0:1 - - [13/Apr/2017:12:37:29 +0800] "GET /rooms/1010/players HTTP/1.1" 200 3178
0:0:0:0:0:0:0:1 - - [13/Apr/2017:12:37:29 +0800] "GET /img/Tony.jpg HTTP/1.1" 200 26744
0:0:0:0:0:0:0:1 - - [13/Apr/2017:12:37:29 +0800] "GET /getUser HTTP/1.1" 200 577
0:0:0:0:0:0:0:1 - - [13/Apr/2017:12:37:29 +0800] "POST /rooms/1010 HTTP/1.1" 200 275
0:0:0:0:0:0:0:1 - - [13/Apr/2017:12:37:29 +0800] "GET /rooms/1010/players HTTP/1.1" 200 3178
0:0:0:0:0:0:0:1 - - [13/Apr/2017:12:37:29 +0800] "GET /wk/info HTTP/1.1" 200 79
0:0:0:0:0:0:0:1 - - [13/Apr/2017:12:37:29 +0800] "GET /wk/938/eo_eiocu/websocket HTTP/1.1" 101 -
0:0:0:0:0:0:0:1 - - [13/Apr/2017:12:37:34 +0800] "GET /rooms/1010/players HTTP/1.1" 200 3178
0:0:0:0:0:0:0:1 - - [13/Apr/2017:12:37:48 +0800] "GET /rooms/1010/players HTTP/1.1" 200 3178
